c:\arc\arduino_ide\sdcc-src-20160923-9771\sdcc\support\cpp\release\vc140.pdb
c:\arc\arduino_ide\sdcc-src-20160923-9771\sdcc\support\cpp\release\options.obj
c:\arc\arduino_ide\sdcc-src-20160923-9771\sdcc\support\cpp\release\cppdefault.obj
c:\arc\arduino_ide\sdcc-src-20160923-9771\sdcc\support\cpp\release\c-ppoutput.obj
c:\arc\arduino_ide\sdcc-src-20160923-9771\sdcc\support\cpp\release\c-incpath.obj
c:\arc\arduino_ide\sdcc-src-20160923-9771\sdcc\support\cpp\release\xstrerror.obj
c:\arc\arduino_ide\sdcc-src-20160923-9771\sdcc\support\cpp\release\xstrdup.obj
c:\arc\arduino_ide\sdcc-src-20160923-9771\sdcc\support\cpp\release\xmemdup.obj
c:\arc\arduino_ide\sdcc-src-20160923-9771\sdcc\support\cpp\release\xmalloc.obj
c:\arc\arduino_ide\sdcc-src-20160923-9771\sdcc\support\cpp\release\xexit.obj
c:\arc\arduino_ide\sdcc-src-20160923-9771\sdcc\support\cpp\release\vasprintf.obj
c:\arc\arduino_ide\sdcc-src-20160923-9771\sdcc\support\cpp\release\safe-ctype.obj
c:\arc\arduino_ide\sdcc-src-20160923-9771\sdcc\support\cpp\release\obstack.obj
c:\arc\arduino_ide\sdcc-src-20160923-9771\sdcc\support\cpp\release\md5.obj
c:\arc\arduino_ide\sdcc-src-20160923-9771\sdcc\support\cpp\release\lbasename.obj
c:\arc\arduino_ide\sdcc-src-20160923-9771\sdcc\support\cpp\release\hex.obj
c:\arc\arduino_ide\sdcc-src-20160923-9771\sdcc\support\cpp\release\hashtab.obj
c:\arc\arduino_ide\sdcc-src-20160923-9771\sdcc\support\cpp\release\getpwd.obj
c:\arc\arduino_ide\sdcc-src-20160923-9771\sdcc\support\cpp\release\fopen_unlocked.obj
c:\arc\arduino_ide\sdcc-src-20160923-9771\sdcc\support\cpp\release\concat.obj
c:\arc\arduino_ide\sdcc-src-20160923-9771\sdcc\support\cpp\release\alloca.obj
c:\arc\arduino_ide\sdcc-src-20160923-9771\sdcc\support\cpp\release\traditional.obj
c:\arc\arduino_ide\sdcc-src-20160923-9771\sdcc\support\cpp\release\symtab.obj
c:\arc\arduino_ide\sdcc-src-20160923-9771\sdcc\support\cpp\release\mkdeps.obj
c:\arc\arduino_ide\sdcc-src-20160923-9771\sdcc\support\cpp\release\macro.obj
c:\arc\arduino_ide\sdcc-src-20160923-9771\sdcc\support\cpp\release\line-map.obj
c:\arc\arduino_ide\sdcc-src-20160923-9771\sdcc\support\cpp\release\lex.obj
c:\arc\arduino_ide\sdcc-src-20160923-9771\sdcc\support\cpp\release\init.obj
c:\arc\arduino_ide\sdcc-src-20160923-9771\sdcc\support\cpp\release\identifiers.obj
c:\arc\arduino_ide\sdcc-src-20160923-9771\sdcc\support\cpp\release\files.obj
c:\arc\arduino_ide\sdcc-src-20160923-9771\sdcc\support\cpp\release\expr.obj
c:\arc\arduino_ide\sdcc-src-20160923-9771\sdcc\support\cpp\release\errors.obj
c:\arc\arduino_ide\sdcc-src-20160923-9771\sdcc\support\cpp\release\directives.obj
c:\arc\arduino_ide\sdcc-src-20160923-9771\sdcc\support\cpp\release\charset.obj
c:\arc\arduino_ide\sdcc-src-20160923-9771\sdcc\support\cpp\release\version.obj
c:\arc\arduino_ide\sdcc-src-20160923-9771\sdcc\support\cpp\release\sdcpp.obj
c:\arc\arduino_ide\sdcc-src-20160923-9771\sdcc\support\cpp\release\sdcpp-opts.obj
c:\arc\arduino_ide\sdcc-src-20160923-9771\sdcc\support\cpp\release\sdcpp-diagnostic.obj
c:\arc\arduino_ide\sdcc-src-20160923-9771\sdcc\support\cpp\release\prefix.obj
c:\arc\arduino_ide\sdcc-src-20160923-9771\sdcc\support\cpp\release\opts.obj
c:\arc\arduino_ide\sdcc-src-20160923-9771\sdcc\support\cpp\release\opts-common.obj
c:\arc\arduino_ide\sdcc-src-20160923-9771\sdcc\support\cpp\release\dirent.obj
c:\arc\arduino_ide\sdcc-src-20160923-9771\sdcc\support\cpp\auto-host.h
c:\arc\arduino_ide\sdcc-src-20160923-9771\sdcc\support\cpp\options.c
c:\arc\arduino_ide\sdcc-src-20160923-9771\sdcc\support\cpp\options.h
c:\arc\arduino_ide\sdcc-src-20160923-9771\sdcc\bin_vc\sdcpp.exe
c:\arc\arduino_ide\sdcc-src-20160923-9771\sdcc\support\cpp\release\sdcpp.pdb
c:\arc\arduino_ide\sdcc-src-20160923-9771\sdcc\support\cpp\..\..\bin_vc\sdcpp.exe
c:\arc\arduino_ide\sdcc-src-20160923-9771\sdcc\support\cpp\release\sdcpp.tlog\cl.command.1.tlog
c:\arc\arduino_ide\sdcc-src-20160923-9771\sdcc\support\cpp\release\sdcpp.tlog\cl.read.1.tlog
c:\arc\arduino_ide\sdcc-src-20160923-9771\sdcc\support\cpp\release\sdcpp.tlog\cl.write.1.tlog
c:\arc\arduino_ide\sdcc-src-20160923-9771\sdcc\support\cpp\release\sdcpp.tlog\custombuild.command.1.tlog
c:\arc\arduino_ide\sdcc-src-20160923-9771\sdcc\support\cpp\release\sdcpp.tlog\custombuild.read.1.tlog
c:\arc\arduino_ide\sdcc-src-20160923-9771\sdcc\support\cpp\release\sdcpp.tlog\custombuild.write.1.tlog
c:\arc\arduino_ide\sdcc-src-20160923-9771\sdcc\support\cpp\release\sdcpp.tlog\link.command.1.tlog
c:\arc\arduino_ide\sdcc-src-20160923-9771\sdcc\support\cpp\release\sdcpp.tlog\link.read.1.tlog
c:\arc\arduino_ide\sdcc-src-20160923-9771\sdcc\support\cpp\release\sdcpp.tlog\link.write.1.tlog
