c:\arc\arduino_ide\sdcc-src-20160923-9771\sdcc\debugger\mcs51\release\vc140.pdb
c:\arc\arduino_ide\sdcc-src-20160923-9771\sdcc\debugger\mcs51\release\symtab.obj
c:\arc\arduino_ide\sdcc-src-20160923-9771\sdcc\debugger\mcs51\release\simi.obj
c:\arc\arduino_ide\sdcc-src-20160923-9771\sdcc\debugger\mcs51\release\sdcdb.obj
c:\arc\arduino_ide\sdcc-src-20160923-9771\sdcc\debugger\mcs51\release\sdccset.obj
c:\arc\arduino_ide\sdcc-src-20160923-9771\sdcc\debugger\mcs51\release\sdcchasht.obj
c:\arc\arduino_ide\sdcc-src-20160923-9771\sdcc\debugger\mcs51\release\sdccerr.obj
c:\arc\arduino_ide\sdcc-src-20160923-9771\sdcc\debugger\mcs51\release\newalloc.obj
c:\arc\arduino_ide\sdcc-src-20160923-9771\sdcc\debugger\mcs51\release\cmd.obj
c:\arc\arduino_ide\sdcc-src-20160923-9771\sdcc\debugger\mcs51\release\break.obj
c:\arc\arduino_ide\sdcc-src-20160923-9771\sdcc\bin_vc\sdcdb.exe
c:\arc\arduino_ide\sdcc-src-20160923-9771\sdcc\bin_vc\sdcdb.ipdb
c:\arc\arduino_ide\sdcc-src-20160923-9771\sdcc\bin_vc\sdcdb.iobj
c:\arc\arduino_ide\sdcc-src-20160923-9771\sdcc\bin_vc\sdcdb.pdb
c:\arc\arduino_ide\sdcc-src-20160923-9771\sdcc\debugger\mcs51\..\..\bin_vc\sdcdb.exe
c:\arc\arduino_ide\sdcc-src-20160923-9771\sdcc\debugger\mcs51\release\sdcdb.tlog\cl.command.1.tlog
c:\arc\arduino_ide\sdcc-src-20160923-9771\sdcc\debugger\mcs51\release\sdcdb.tlog\cl.read.1.tlog
c:\arc\arduino_ide\sdcc-src-20160923-9771\sdcc\debugger\mcs51\release\sdcdb.tlog\cl.write.1.tlog
c:\arc\arduino_ide\sdcc-src-20160923-9771\sdcc\debugger\mcs51\release\sdcdb.tlog\link.command.1.tlog
c:\arc\arduino_ide\sdcc-src-20160923-9771\sdcc\debugger\mcs51\release\sdcdb.tlog\link.read.1.tlog
c:\arc\arduino_ide\sdcc-src-20160923-9771\sdcc\debugger\mcs51\release\sdcdb.tlog\link.write.1.tlog
