                                      1 ;--------------------------------------------------------
                                      2 ; File Created by SDCC : free open source ANSI-C Compiler
                                      3 ; Version 3.6.3 #9771 (MSVC)
                                      4 ;--------------------------------------------------------
                                      5 	.module _autobaud
                                      6 	.optsdcc -mmcs51 --model-large --xstack
                                      7 	
                                      8 ;--------------------------------------------------------
                                      9 ; Public variables in this module
                                     10 ;--------------------------------------------------------
                                     11 	.globl _autobaud
                                     12 	.globl _CY
                                     13 	.globl _AC
                                     14 	.globl _F0
                                     15 	.globl _RS1
                                     16 	.globl _RS0
                                     17 	.globl _OV
                                     18 	.globl _F1
                                     19 	.globl _P
                                     20 	.globl _PS
                                     21 	.globl _PT1
                                     22 	.globl _PX1
                                     23 	.globl _PT0
                                     24 	.globl _PX0
                                     25 	.globl _RD
                                     26 	.globl _WR
                                     27 	.globl _T1
                                     28 	.globl _T0
                                     29 	.globl _INT1
                                     30 	.globl _INT0
                                     31 	.globl _TXD
                                     32 	.globl _RXD
                                     33 	.globl _P3_7
                                     34 	.globl _P3_6
                                     35 	.globl _P3_5
                                     36 	.globl _P3_4
                                     37 	.globl _P3_3
                                     38 	.globl _P3_2
                                     39 	.globl _P3_1
                                     40 	.globl _P3_0
                                     41 	.globl _EA
                                     42 	.globl _ES
                                     43 	.globl _ET1
                                     44 	.globl _EX1
                                     45 	.globl _ET0
                                     46 	.globl _EX0
                                     47 	.globl _P2_7
                                     48 	.globl _P2_6
                                     49 	.globl _P2_5
                                     50 	.globl _P2_4
                                     51 	.globl _P2_3
                                     52 	.globl _P2_2
                                     53 	.globl _P2_1
                                     54 	.globl _P2_0
                                     55 	.globl _SM0
                                     56 	.globl _SM1
                                     57 	.globl _SM2
                                     58 	.globl _REN
                                     59 	.globl _TB8
                                     60 	.globl _RB8
                                     61 	.globl _TI
                                     62 	.globl _RI
                                     63 	.globl _P1_7
                                     64 	.globl _P1_6
                                     65 	.globl _P1_5
                                     66 	.globl _P1_4
                                     67 	.globl _P1_3
                                     68 	.globl _P1_2
                                     69 	.globl _P1_1
                                     70 	.globl _P1_0
                                     71 	.globl _TF1
                                     72 	.globl _TR1
                                     73 	.globl _TF0
                                     74 	.globl _TR0
                                     75 	.globl _IE1
                                     76 	.globl _IT1
                                     77 	.globl _IE0
                                     78 	.globl _IT0
                                     79 	.globl _P0_7
                                     80 	.globl _P0_6
                                     81 	.globl _P0_5
                                     82 	.globl _P0_4
                                     83 	.globl _P0_3
                                     84 	.globl _P0_2
                                     85 	.globl _P0_1
                                     86 	.globl _P0_0
                                     87 	.globl __XPAGE
                                     88 	.globl _B
                                     89 	.globl _ACC
                                     90 	.globl _PSW
                                     91 	.globl _IP
                                     92 	.globl _P3
                                     93 	.globl _IE
                                     94 	.globl _P2
                                     95 	.globl _SBUF
                                     96 	.globl _SCON
                                     97 	.globl _P1
                                     98 	.globl _TH1
                                     99 	.globl _TH0
                                    100 	.globl _TL1
                                    101 	.globl _TL0
                                    102 	.globl _TMOD
                                    103 	.globl _TCON
                                    104 	.globl _PCON
                                    105 	.globl _DPH
                                    106 	.globl _DPL
                                    107 	.globl _SP
                                    108 	.globl _P0
                                    109 ;--------------------------------------------------------
                                    110 ; special function registers
                                    111 ;--------------------------------------------------------
                                    112 	.area RSEG    (ABS,DATA)
      000000                        113 	.org 0x0000
                           000080   114 _P0	=	0x0080
                           000081   115 _SP	=	0x0081
                           000082   116 _DPL	=	0x0082
                           000083   117 _DPH	=	0x0083
                           000087   118 _PCON	=	0x0087
                           000088   119 _TCON	=	0x0088
                           000089   120 _TMOD	=	0x0089
                           00008A   121 _TL0	=	0x008a
                           00008B   122 _TL1	=	0x008b
                           00008C   123 _TH0	=	0x008c
                           00008D   124 _TH1	=	0x008d
                           000090   125 _P1	=	0x0090
                           000098   126 _SCON	=	0x0098
                           000099   127 _SBUF	=	0x0099
                           0000A0   128 _P2	=	0x00a0
                           0000A8   129 _IE	=	0x00a8
                           0000B0   130 _P3	=	0x00b0
                           0000B8   131 _IP	=	0x00b8
                           0000D0   132 _PSW	=	0x00d0
                           0000E0   133 _ACC	=	0x00e0
                           0000F0   134 _B	=	0x00f0
                           0000E7   135 __XPAGE	=	0x00e7
                                    136 ;--------------------------------------------------------
                                    137 ; special function bits
                                    138 ;--------------------------------------------------------
                                    139 	.area RSEG    (ABS,DATA)
      000000                        140 	.org 0x0000
                           000080   141 _P0_0	=	0x0080
                           000081   142 _P0_1	=	0x0081
                           000082   143 _P0_2	=	0x0082
                           000083   144 _P0_3	=	0x0083
                           000084   145 _P0_4	=	0x0084
                           000085   146 _P0_5	=	0x0085
                           000086   147 _P0_6	=	0x0086
                           000087   148 _P0_7	=	0x0087
                           000088   149 _IT0	=	0x0088
                           000089   150 _IE0	=	0x0089
                           00008A   151 _IT1	=	0x008a
                           00008B   152 _IE1	=	0x008b
                           00008C   153 _TR0	=	0x008c
                           00008D   154 _TF0	=	0x008d
                           00008E   155 _TR1	=	0x008e
                           00008F   156 _TF1	=	0x008f
                           000090   157 _P1_0	=	0x0090
                           000091   158 _P1_1	=	0x0091
                           000092   159 _P1_2	=	0x0092
                           000093   160 _P1_3	=	0x0093
                           000094   161 _P1_4	=	0x0094
                           000095   162 _P1_5	=	0x0095
                           000096   163 _P1_6	=	0x0096
                           000097   164 _P1_7	=	0x0097
                           000098   165 _RI	=	0x0098
                           000099   166 _TI	=	0x0099
                           00009A   167 _RB8	=	0x009a
                           00009B   168 _TB8	=	0x009b
                           00009C   169 _REN	=	0x009c
                           00009D   170 _SM2	=	0x009d
                           00009E   171 _SM1	=	0x009e
                           00009F   172 _SM0	=	0x009f
                           0000A0   173 _P2_0	=	0x00a0
                           0000A1   174 _P2_1	=	0x00a1
                           0000A2   175 _P2_2	=	0x00a2
                           0000A3   176 _P2_3	=	0x00a3
                           0000A4   177 _P2_4	=	0x00a4
                           0000A5   178 _P2_5	=	0x00a5
                           0000A6   179 _P2_6	=	0x00a6
                           0000A7   180 _P2_7	=	0x00a7
                           0000A8   181 _EX0	=	0x00a8
                           0000A9   182 _ET0	=	0x00a9
                           0000AA   183 _EX1	=	0x00aa
                           0000AB   184 _ET1	=	0x00ab
                           0000AC   185 _ES	=	0x00ac
                           0000AF   186 _EA	=	0x00af
                           0000B0   187 _P3_0	=	0x00b0
                           0000B1   188 _P3_1	=	0x00b1
                           0000B2   189 _P3_2	=	0x00b2
                           0000B3   190 _P3_3	=	0x00b3
                           0000B4   191 _P3_4	=	0x00b4
                           0000B5   192 _P3_5	=	0x00b5
                           0000B6   193 _P3_6	=	0x00b6
                           0000B7   194 _P3_7	=	0x00b7
                           0000B0   195 _RXD	=	0x00b0
                           0000B1   196 _TXD	=	0x00b1
                           0000B2   197 _INT0	=	0x00b2
                           0000B3   198 _INT1	=	0x00b3
                           0000B4   199 _T0	=	0x00b4
                           0000B5   200 _T1	=	0x00b5
                           0000B6   201 _WR	=	0x00b6
                           0000B7   202 _RD	=	0x00b7
                           0000B8   203 _PX0	=	0x00b8
                           0000B9   204 _PT0	=	0x00b9
                           0000BA   205 _PX1	=	0x00ba
                           0000BB   206 _PT1	=	0x00bb
                           0000BC   207 _PS	=	0x00bc
                           0000D0   208 _P	=	0x00d0
                           0000D1   209 _F1	=	0x00d1
                           0000D2   210 _OV	=	0x00d2
                           0000D3   211 _RS0	=	0x00d3
                           0000D4   212 _RS1	=	0x00d4
                           0000D5   213 _F0	=	0x00d5
                           0000D6   214 _AC	=	0x00d6
                           0000D7   215 _CY	=	0x00d7
                                    216 ;--------------------------------------------------------
                                    217 ; overlayable register banks
                                    218 ;--------------------------------------------------------
                                    219 	.area REG_BANK_0	(REL,OVR,DATA)
      000000                        220 	.ds 8
                                    221 ;--------------------------------------------------------
                                    222 ; internal ram data
                                    223 ;--------------------------------------------------------
                                    224 	.area DSEG    (DATA)
                                    225 ;--------------------------------------------------------
                                    226 ; overlayable items in internal ram 
                                    227 ;--------------------------------------------------------
                                    228 ;--------------------------------------------------------
                                    229 ; indirectly addressable internal ram data
                                    230 ;--------------------------------------------------------
                                    231 	.area ISEG    (DATA)
                                    232 ;--------------------------------------------------------
                                    233 ; absolute internal ram data
                                    234 ;--------------------------------------------------------
                                    235 	.area IABS    (ABS,DATA)
                                    236 	.area IABS    (ABS,DATA)
                                    237 ;--------------------------------------------------------
                                    238 ; bit data
                                    239 ;--------------------------------------------------------
                                    240 	.area BSEG    (BIT)
                                    241 ;--------------------------------------------------------
                                    242 ; paged external ram data
                                    243 ;--------------------------------------------------------
                                    244 	.area PSEG    (PAG,XDATA)
                                    245 ;--------------------------------------------------------
                                    246 ; external ram data
                                    247 ;--------------------------------------------------------
                                    248 	.area XSEG    (XDATA)
                                    249 ;--------------------------------------------------------
                                    250 ; absolute external ram data
                                    251 ;--------------------------------------------------------
                                    252 	.area XABS    (ABS,XDATA)
                                    253 ;--------------------------------------------------------
                                    254 ; external initialized ram data
                                    255 ;--------------------------------------------------------
                                    256 	.area XISEG   (XDATA)
                                    257 	.area HOME    (CODE)
                                    258 	.area GSINIT0 (CODE)
                                    259 	.area GSINIT1 (CODE)
                                    260 	.area GSINIT2 (CODE)
                                    261 	.area GSINIT3 (CODE)
                                    262 	.area GSINIT4 (CODE)
                                    263 	.area GSINIT5 (CODE)
                                    264 	.area GSINIT  (CODE)
                                    265 	.area GSFINAL (CODE)
                                    266 	.area CSEG    (CODE)
                                    267 ;--------------------------------------------------------
                                    268 ; global & static initialisations
                                    269 ;--------------------------------------------------------
                                    270 	.area HOME    (CODE)
                                    271 	.area GSINIT  (CODE)
                                    272 	.area GSFINAL (CODE)
                                    273 	.area GSINIT  (CODE)
                                    274 ;--------------------------------------------------------
                                    275 ; Home
                                    276 ;--------------------------------------------------------
                                    277 	.area HOME    (CODE)
                                    278 	.area HOME    (CODE)
                                    279 ;--------------------------------------------------------
                                    280 ; code
                                    281 ;--------------------------------------------------------
                                    282 	.area CSEG    (CODE)
                                    283 ;------------------------------------------------------------
                                    284 ;Allocation info for local variables in function 'autobaud'
                                    285 ;------------------------------------------------------------
                                    286 ;	_autobaud.c:57: void autobaud ()
                                    287 ;	-----------------------------------------
                                    288 ;	 function autobaud
                                    289 ;	-----------------------------------------
      000000                        290 _autobaud:
                           000007   291 	ar7 = 0x07
                           000006   292 	ar6 = 0x06
                           000005   293 	ar5 = 0x05
                           000004   294 	ar4 = 0x04
                           000003   295 	ar3 = 0x03
                           000002   296 	ar2 = 0x02
                           000001   297 	ar1 = 0x01
                           000000   298 	ar0 = 0x00
                                    299 ;	_autobaud.c:61: TMOD=0x11;
      000000 75 89 11         [24]  300 	mov	_TMOD,#0x11
                                    301 ;	_autobaud.c:62: TCON = 0;
      000003 75 88 00         [24]  302 	mov	_TCON,#0x00
                                    303 ;	_autobaud.c:63: TH1 = TL1 = 0;
      000006 75 8B 00         [24]  304 	mov	_TL1,#0x00
      000009 75 8D 00         [24]  305 	mov	_TH1,#0x00
                                    306 ;	_autobaud.c:67: while(RXD) ; 
      00000C                        307 00102$:
      00000C 20 B0 FD         [24]  308 	jb	_RXD,00102$
                                    309 ;	_autobaud.c:71: if (RXD) goto autobaud2;
      00000F 20 B0 FA         [24]  310 	jb	_RXD,00102$
                                    311 ;	_autobaud.c:72: if (RXD) goto autobaud2;
      000012 20 B0 F7         [24]  312 	jb	_RXD,00102$
                                    313 ;	_autobaud.c:73: if (RXD) goto autobaud2;
      000015 20 B0 F4         [24]  314 	jb	_RXD,00102$
                                    315 ;	_autobaud.c:74: if (RXD) goto autobaud2;
      000018 20 B0 F1         [24]  316 	jb	_RXD,00102$
                                    317 ;	_autobaud.c:77: while (!RXD);
      00001B                        318 00113$:
      00001B 30 B0 FD         [24]  319 	jnb	_RXD,00113$
                                    320 ;	_autobaud.c:78: TR1 = 1; /* start the timer */
      00001E D2 8E            [12]  321 	setb	_TR1
                                    322 ;	_autobaud.c:79: while (RXD);             // wait for bit #1 to begin
      000020                        323 00116$:
      000020 20 B0 FD         [24]  324 	jb	_RXD,00116$
                                    325 ;	_autobaud.c:80: while(!RXD);             // wait for bit #2 to begin
      000023                        326 00119$:
      000023 30 B0 FD         [24]  327 	jnb	_RXD,00119$
                                    328 ;	_autobaud.c:81: while(RXD);              // wait for bit #4 to begin
      000026                        329 00122$:
      000026 20 B0 FD         [24]  330 	jb	_RXD,00122$
                                    331 ;	_autobaud.c:82: while (!RXD);            // wait for stop bit to begin
      000029                        332 00125$:
      000029 30 B0 FD         [24]  333 	jnb	_RXD,00125$
                                    334 ;	_autobaud.c:83: TR1 = 0;                 // stop timing
      00002C C2 8E            [12]  335 	clr	_TR1
                                    336 ;	_autobaud.c:86: TH1 = (TH1 << 1) | (TL1 >> 7);
      00002E E5 8D            [12]  337 	mov	a,_TH1
      000030 25 E0            [12]  338 	add	a,acc
      000032 FF               [12]  339 	mov	r7,a
      000033 E5 8B            [12]  340 	mov	a,_TL1
      000035 23               [12]  341 	rl	a
      000036 54 01            [12]  342 	anl	a,#0x01
      000038 4F               [12]  343 	orl	a,r7
      000039 F5 8D            [12]  344 	mov	_TH1,a
                                    345 ;	_autobaud.c:89: TH1 = (TH1 << 1) | ((TL1 >> 6) & 0x01);
      00003B E5 8D            [12]  346 	mov	a,_TH1
      00003D 25 E0            [12]  347 	add	a,acc
      00003F FF               [12]  348 	mov	r7,a
      000040 E5 8B            [12]  349 	mov	a,_TL1
      000042 23               [12]  350 	rl	a
      000043 23               [12]  351 	rl	a
      000044 54 01            [12]  352 	anl	a,#0x01
      000046 4F               [12]  353 	orl	a,r7
      000047 F5 8D            [12]  354 	mov	_TH1,a
                                    355 ;	_autobaud.c:92: TH1 = ~TH1;
      000049 E5 8D            [12]  356 	mov	a,_TH1
      00004B F4               [12]  357 	cpl	a
      00004C F5 8D            [12]  358 	mov	_TH1,a
                                    359 ;	_autobaud.c:95: TH1++ ;
      00004E 05 8D            [12]  360 	inc	_TH1
                                    361 ;	_autobaud.c:97: TL1 = TH1;
      000050 85 8D 8B         [24]  362 	mov	_TL1,_TH1
                                    363 ;	_autobaud.c:98: TMOD =  0x21     ;      // set timer #1 for 8 bit auto-reload
      000053 75 89 21         [24]  364 	mov	_TMOD,#0x21
                                    365 ;	_autobaud.c:99: PCON =  0x80     ;      // configure built-in uart
      000056 75 87 80         [24]  366 	mov	_PCON,#0x80
                                    367 ;	_autobaud.c:100: SCON =  0x52     ;
      000059 75 98 52         [24]  368 	mov	_SCON,#0x52
      00005C 22               [24]  369 	ret
                                    370 	.area CSEG    (CODE)
                                    371 	.area CONST   (CODE)
                                    372 	.area XINIT   (CODE)
                                    373 	.area CABS    (ABS,CODE)
