                                      1 ;--------------------------------------------------------
                                      2 ; File Created by SDCC : free open source ANSI-C Compiler
                                      3 ; Version 3.6.3 #9771 (MSVC)
                                      4 ;--------------------------------------------------------
                                      5 	.module _divuint
                                      6 	.optsdcc -mmcs51 --model-large --xstack
                                      7 	
                                      8 ;--------------------------------------------------------
                                      9 ; Public variables in this module
                                     10 ;--------------------------------------------------------
                                     11 	.globl __divuint_PARM_2
                                     12 	.globl __divuint
                                     13 ;--------------------------------------------------------
                                     14 ; special function registers
                                     15 ;--------------------------------------------------------
                                     16 	.area RSEG    (ABS,DATA)
      000000                         17 	.org 0x0000
                                     18 ;--------------------------------------------------------
                                     19 ; special function bits
                                     20 ;--------------------------------------------------------
                                     21 	.area RSEG    (ABS,DATA)
      000000                         22 	.org 0x0000
                                     23 ;--------------------------------------------------------
                                     24 ; overlayable register banks
                                     25 ;--------------------------------------------------------
                                     26 	.area REG_BANK_0	(REL,OVR,DATA)
      000000                         27 	.ds 8
                                     28 ;--------------------------------------------------------
                                     29 ; internal ram data
                                     30 ;--------------------------------------------------------
                                     31 	.area DSEG    (DATA)
                                     32 ;--------------------------------------------------------
                                     33 ; overlayable items in internal ram 
                                     34 ;--------------------------------------------------------
                                     35 ;--------------------------------------------------------
                                     36 ; indirectly addressable internal ram data
                                     37 ;--------------------------------------------------------
                                     38 	.area ISEG    (DATA)
                                     39 ;--------------------------------------------------------
                                     40 ; absolute internal ram data
                                     41 ;--------------------------------------------------------
                                     42 	.area IABS    (ABS,DATA)
                                     43 	.area IABS    (ABS,DATA)
                                     44 ;--------------------------------------------------------
                                     45 ; bit data
                                     46 ;--------------------------------------------------------
                                     47 	.area BSEG    (BIT)
                                     48 ;--------------------------------------------------------
                                     49 ; paged external ram data
                                     50 ;--------------------------------------------------------
                                     51 	.area PSEG    (PAG,XDATA)
                                     52 ;--------------------------------------------------------
                                     53 ; external ram data
                                     54 ;--------------------------------------------------------
                                     55 	.area XSEG    (XDATA)
      000000                         56 __divuint_PARM_2:
      000000                         57 	.ds 2
      000002                         58 __divuint_x_1_1:
      000002                         59 	.ds 2
      000004                         60 __divuint_reste_1_2:
      000004                         61 	.ds 2
      000006                         62 __divuint_c_1_2:
      000006                         63 	.ds 1
                                     64 ;--------------------------------------------------------
                                     65 ; absolute external ram data
                                     66 ;--------------------------------------------------------
                                     67 	.area XABS    (ABS,XDATA)
                                     68 ;--------------------------------------------------------
                                     69 ; external initialized ram data
                                     70 ;--------------------------------------------------------
                                     71 	.area XISEG   (XDATA)
                                     72 	.area HOME    (CODE)
                                     73 	.area GSINIT0 (CODE)
                                     74 	.area GSINIT1 (CODE)
                                     75 	.area GSINIT2 (CODE)
                                     76 	.area GSINIT3 (CODE)
                                     77 	.area GSINIT4 (CODE)
                                     78 	.area GSINIT5 (CODE)
                                     79 	.area GSINIT  (CODE)
                                     80 	.area GSFINAL (CODE)
                                     81 	.area CSEG    (CODE)
                                     82 ;--------------------------------------------------------
                                     83 ; global & static initialisations
                                     84 ;--------------------------------------------------------
                                     85 	.area HOME    (CODE)
                                     86 	.area GSINIT  (CODE)
                                     87 	.area GSFINAL (CODE)
                                     88 	.area GSINIT  (CODE)
                                     89 ;--------------------------------------------------------
                                     90 ; Home
                                     91 ;--------------------------------------------------------
                                     92 	.area HOME    (CODE)
                                     93 	.area HOME    (CODE)
                                     94 ;--------------------------------------------------------
                                     95 ; code
                                     96 ;--------------------------------------------------------
                                     97 	.area CSEG    (CODE)
                                     98 ;------------------------------------------------------------
                                     99 ;Allocation info for local variables in function '_divuint'
                                    100 ;------------------------------------------------------------
                                    101 ;y                         Allocated with name '__divuint_PARM_2'
                                    102 ;x                         Allocated with name '__divuint_x_1_1'
                                    103 ;reste                     Allocated with name '__divuint_reste_1_2'
                                    104 ;count                     Allocated with name '__divuint_count_1_2'
                                    105 ;c                         Allocated with name '__divuint_c_1_2'
                                    106 ;------------------------------------------------------------
                                    107 ;	_divuint.c:155: _divuint (unsigned int x, unsigned int y)
                                    108 ;	-----------------------------------------
                                    109 ;	 function _divuint
                                    110 ;	-----------------------------------------
      000000                        111 __divuint:
                           000007   112 	ar7 = 0x07
                           000006   113 	ar6 = 0x06
                           000005   114 	ar5 = 0x05
                           000004   115 	ar4 = 0x04
                           000003   116 	ar3 = 0x03
                           000002   117 	ar2 = 0x02
                           000001   118 	ar1 = 0x01
                           000000   119 	ar0 = 0x00
      000000 AF 83            [24]  120 	mov	r7,dph
      000002 E5 82            [12]  121 	mov	a,dpl
      000004 90r00r02         [24]  122 	mov	dptr,#__divuint_x_1_1
      000007 F0               [24]  123 	movx	@dptr,a
      000008 EF               [12]  124 	mov	a,r7
      000009 A3               [24]  125 	inc	dptr
      00000A F0               [24]  126 	movx	@dptr,a
                                    127 ;	_divuint.c:157: unsigned int reste = 0;
      00000B 90r00r04         [24]  128 	mov	dptr,#__divuint_reste_1_2
      00000E E4               [12]  129 	clr	a
      00000F F0               [24]  130 	movx	@dptr,a
      000010 A3               [24]  131 	inc	dptr
      000011 F0               [24]  132 	movx	@dptr,a
                                    133 ;	_divuint.c:161: do
      000012 90r00r00         [24]  134 	mov	dptr,#__divuint_PARM_2
      000015 E0               [24]  135 	movx	a,@dptr
      000016 FE               [12]  136 	mov	r6,a
      000017 A3               [24]  137 	inc	dptr
      000018 E0               [24]  138 	movx	a,@dptr
      000019 FF               [12]  139 	mov	r7,a
      00001A 7D 10            [12]  140 	mov	r5,#0x10
      00001C                        141 00105$:
                                    142 ;	_divuint.c:164: c = MSB_SET(x);
      00001C 90r00r02         [24]  143 	mov	dptr,#__divuint_x_1_1
      00001F E0               [24]  144 	movx	a,@dptr
      000020 FB               [12]  145 	mov	r3,a
      000021 A3               [24]  146 	inc	dptr
      000022 E0               [24]  147 	movx	a,@dptr
      000023 FC               [12]  148 	mov	r4,a
      000024 90r00r06         [24]  149 	mov	dptr,#__divuint_c_1_2
      000027 23               [12]  150 	rl	a
      000028 54 01            [12]  151 	anl	a,#0x01
      00002A F0               [24]  152 	movx	@dptr,a
                                    153 ;	_divuint.c:165: x <<= 1;
      00002B EC               [12]  154 	mov	a,r4
      00002C CB               [12]  155 	xch	a,r3
      00002D 25 E0            [12]  156 	add	a,acc
      00002F CB               [12]  157 	xch	a,r3
      000030 33               [12]  158 	rlc	a
      000031 FC               [12]  159 	mov	r4,a
      000032 90r00r02         [24]  160 	mov	dptr,#__divuint_x_1_1
      000035 EB               [12]  161 	mov	a,r3
      000036 F0               [24]  162 	movx	@dptr,a
      000037 EC               [12]  163 	mov	a,r4
      000038 A3               [24]  164 	inc	dptr
      000039 F0               [24]  165 	movx	@dptr,a
                                    166 ;	_divuint.c:166: reste <<= 1;
      00003A 90r00r04         [24]  167 	mov	dptr,#__divuint_reste_1_2
      00003D E0               [24]  168 	movx	a,@dptr
      00003E FB               [12]  169 	mov	r3,a
      00003F A3               [24]  170 	inc	dptr
      000040 E0               [24]  171 	movx	a,@dptr
      000041 CB               [12]  172 	xch	a,r3
      000042 25 E0            [12]  173 	add	a,acc
      000044 CB               [12]  174 	xch	a,r3
      000045 33               [12]  175 	rlc	a
      000046 FC               [12]  176 	mov	r4,a
      000047 90r00r04         [24]  177 	mov	dptr,#__divuint_reste_1_2
      00004A EB               [12]  178 	mov	a,r3
      00004B F0               [24]  179 	movx	@dptr,a
      00004C EC               [12]  180 	mov	a,r4
      00004D A3               [24]  181 	inc	dptr
      00004E F0               [24]  182 	movx	@dptr,a
                                    183 ;	_divuint.c:167: if (c)
      00004F 90r00r06         [24]  184 	mov	dptr,#__divuint_c_1_2
      000052 E0               [24]  185 	movx	a,@dptr
      000053 60 12            [24]  186 	jz	00102$
                                    187 ;	_divuint.c:168: reste |= 1;
      000055 90r00r04         [24]  188 	mov	dptr,#__divuint_reste_1_2
      000058 E0               [24]  189 	movx	a,@dptr
      000059 FB               [12]  190 	mov	r3,a
      00005A A3               [24]  191 	inc	dptr
      00005B E0               [24]  192 	movx	a,@dptr
      00005C FC               [12]  193 	mov	r4,a
      00005D 90r00r04         [24]  194 	mov	dptr,#__divuint_reste_1_2
      000060 74 01            [12]  195 	mov	a,#0x01
      000062 4B               [12]  196 	orl	a,r3
      000063 F0               [24]  197 	movx	@dptr,a
      000064 EC               [12]  198 	mov	a,r4
      000065 A3               [24]  199 	inc	dptr
      000066 F0               [24]  200 	movx	@dptr,a
      000067                        201 00102$:
                                    202 ;	_divuint.c:170: if (reste >= y)
      000067 90r00r04         [24]  203 	mov	dptr,#__divuint_reste_1_2
      00006A E0               [24]  204 	movx	a,@dptr
      00006B FB               [12]  205 	mov	r3,a
      00006C A3               [24]  206 	inc	dptr
      00006D E0               [24]  207 	movx	a,@dptr
      00006E FC               [12]  208 	mov	r4,a
      00006F C3               [12]  209 	clr	c
      000070 EB               [12]  210 	mov	a,r3
      000071 9E               [12]  211 	subb	a,r6
      000072 EC               [12]  212 	mov	a,r4
      000073 9F               [12]  213 	subb	a,r7
      000074 40 1D            [24]  214 	jc	00106$
                                    215 ;	_divuint.c:172: reste -= y;
      000076 90r00r04         [24]  216 	mov	dptr,#__divuint_reste_1_2
      000079 EB               [12]  217 	mov	a,r3
      00007A C3               [12]  218 	clr	c
      00007B 9E               [12]  219 	subb	a,r6
      00007C F0               [24]  220 	movx	@dptr,a
      00007D EC               [12]  221 	mov	a,r4
      00007E 9F               [12]  222 	subb	a,r7
      00007F A3               [24]  223 	inc	dptr
      000080 F0               [24]  224 	movx	@dptr,a
                                    225 ;	_divuint.c:174: x |= 1;
      000081 90r00r02         [24]  226 	mov	dptr,#__divuint_x_1_1
      000084 E0               [24]  227 	movx	a,@dptr
      000085 FB               [12]  228 	mov	r3,a
      000086 A3               [24]  229 	inc	dptr
      000087 E0               [24]  230 	movx	a,@dptr
      000088 FC               [12]  231 	mov	r4,a
      000089 90r00r02         [24]  232 	mov	dptr,#__divuint_x_1_1
      00008C 74 01            [12]  233 	mov	a,#0x01
      00008E 4B               [12]  234 	orl	a,r3
      00008F F0               [24]  235 	movx	@dptr,a
      000090 EC               [12]  236 	mov	a,r4
      000091 A3               [24]  237 	inc	dptr
      000092 F0               [24]  238 	movx	@dptr,a
      000093                        239 00106$:
                                    240 ;	_divuint.c:177: while (--count);
      000093 DD 87            [24]  241 	djnz	r5,00105$
                                    242 ;	_divuint.c:178: return x;
      000095 90r00r02         [24]  243 	mov	dptr,#__divuint_x_1_1
      000098 E0               [24]  244 	movx	a,@dptr
      000099 FE               [12]  245 	mov	r6,a
      00009A A3               [24]  246 	inc	dptr
      00009B E0               [24]  247 	movx	a,@dptr
      00009C 8E 82            [24]  248 	mov	dpl,r6
      00009E F5 83            [12]  249 	mov	dph,a
      0000A0 22               [24]  250 	ret
                                    251 	.area CSEG    (CODE)
                                    252 	.area CONST   (CODE)
                                    253 	.area XINIT   (CODE)
                                    254 	.area CABS    (ABS,CODE)
