                                      1 ;--------------------------------------------------------
                                      2 ; File Created by SDCC : free open source ANSI-C Compiler
                                      3 ; Version 3.6.3 #9771 (MSVC)
                                      4 ;--------------------------------------------------------
                                      5 	.module _fs2ulong
                                      6 	.optsdcc -mmcs51 --model-large --xstack
                                      7 	
                                      8 ;--------------------------------------------------------
                                      9 ; Public variables in this module
                                     10 ;--------------------------------------------------------
                                     11 	.globl ___fs2ulong
                                     12 ;--------------------------------------------------------
                                     13 ; special function registers
                                     14 ;--------------------------------------------------------
                                     15 	.area RSEG    (ABS,DATA)
      000000                         16 	.org 0x0000
                                     17 ;--------------------------------------------------------
                                     18 ; special function bits
                                     19 ;--------------------------------------------------------
                                     20 	.area RSEG    (ABS,DATA)
      000000                         21 	.org 0x0000
                                     22 ;--------------------------------------------------------
                                     23 ; overlayable register banks
                                     24 ;--------------------------------------------------------
                                     25 	.area REG_BANK_0	(REL,OVR,DATA)
      000000                         26 	.ds 8
                                     27 ;--------------------------------------------------------
                                     28 ; internal ram data
                                     29 ;--------------------------------------------------------
                                     30 	.area DSEG    (DATA)
                                     31 ;--------------------------------------------------------
                                     32 ; overlayable items in internal ram 
                                     33 ;--------------------------------------------------------
                                     34 ;--------------------------------------------------------
                                     35 ; indirectly addressable internal ram data
                                     36 ;--------------------------------------------------------
                                     37 	.area ISEG    (DATA)
                                     38 ;--------------------------------------------------------
                                     39 ; absolute internal ram data
                                     40 ;--------------------------------------------------------
                                     41 	.area IABS    (ABS,DATA)
                                     42 	.area IABS    (ABS,DATA)
                                     43 ;--------------------------------------------------------
                                     44 ; bit data
                                     45 ;--------------------------------------------------------
                                     46 	.area BSEG    (BIT)
                                     47 ;--------------------------------------------------------
                                     48 ; paged external ram data
                                     49 ;--------------------------------------------------------
                                     50 	.area PSEG    (PAG,XDATA)
                                     51 ;--------------------------------------------------------
                                     52 ; external ram data
                                     53 ;--------------------------------------------------------
                                     54 	.area XSEG    (XDATA)
      000000                         55 ___fs2ulong_a1_1_20:
      000000                         56 	.ds 4
      000004                         57 ___fs2ulong_fl1_1_21:
      000004                         58 	.ds 4
      000008                         59 ___fs2ulong_exp_1_21:
      000008                         60 	.ds 2
      00000A                         61 ___fs2ulong_l_1_21:
      00000A                         62 	.ds 4
                                     63 ;--------------------------------------------------------
                                     64 ; absolute external ram data
                                     65 ;--------------------------------------------------------
                                     66 	.area XABS    (ABS,XDATA)
                                     67 ;--------------------------------------------------------
                                     68 ; external initialized ram data
                                     69 ;--------------------------------------------------------
                                     70 	.area XISEG   (XDATA)
                                     71 	.area HOME    (CODE)
                                     72 	.area GSINIT0 (CODE)
                                     73 	.area GSINIT1 (CODE)
                                     74 	.area GSINIT2 (CODE)
                                     75 	.area GSINIT3 (CODE)
                                     76 	.area GSINIT4 (CODE)
                                     77 	.area GSINIT5 (CODE)
                                     78 	.area GSINIT  (CODE)
                                     79 	.area GSFINAL (CODE)
                                     80 	.area CSEG    (CODE)
                                     81 ;--------------------------------------------------------
                                     82 ; global & static initialisations
                                     83 ;--------------------------------------------------------
                                     84 	.area HOME    (CODE)
                                     85 	.area GSINIT  (CODE)
                                     86 	.area GSFINAL (CODE)
                                     87 	.area GSINIT  (CODE)
                                     88 ;--------------------------------------------------------
                                     89 ; Home
                                     90 ;--------------------------------------------------------
                                     91 	.area HOME    (CODE)
                                     92 	.area HOME    (CODE)
                                     93 ;--------------------------------------------------------
                                     94 ; code
                                     95 ;--------------------------------------------------------
                                     96 	.area CSEG    (CODE)
                                     97 ;------------------------------------------------------------
                                     98 ;Allocation info for local variables in function '__fs2ulong'
                                     99 ;------------------------------------------------------------
                                    100 ;a1                        Allocated with name '___fs2ulong_a1_1_20'
                                    101 ;fl1                       Allocated with name '___fs2ulong_fl1_1_21'
                                    102 ;exp                       Allocated with name '___fs2ulong_exp_1_21'
                                    103 ;l                         Allocated with name '___fs2ulong_l_1_21'
                                    104 ;------------------------------------------------------------
                                    105 ;	_fs2ulong.c:103: __fs2ulong (float a1)
                                    106 ;	-----------------------------------------
                                    107 ;	 function __fs2ulong
                                    108 ;	-----------------------------------------
      000000                        109 ___fs2ulong:
                           000007   110 	ar7 = 0x07
                           000006   111 	ar6 = 0x06
                           000005   112 	ar5 = 0x05
                           000004   113 	ar4 = 0x04
                           000003   114 	ar3 = 0x03
                           000002   115 	ar2 = 0x02
                           000001   116 	ar1 = 0x01
                           000000   117 	ar0 = 0x00
      000000 AF 82            [24]  118 	mov	r7,dpl
      000002 AE 83            [24]  119 	mov	r6,dph
      000004 AD F0            [24]  120 	mov	r5,b
      000006 FC               [12]  121 	mov	r4,a
      000007 90r00r00         [24]  122 	mov	dptr,#___fs2ulong_a1_1_20
      00000A EF               [12]  123 	mov	a,r7
      00000B F0               [24]  124 	movx	@dptr,a
      00000C EE               [12]  125 	mov	a,r6
      00000D A3               [24]  126 	inc	dptr
      00000E F0               [24]  127 	movx	@dptr,a
      00000F ED               [12]  128 	mov	a,r5
      000010 A3               [24]  129 	inc	dptr
      000011 F0               [24]  130 	movx	@dptr,a
      000012 EC               [12]  131 	mov	a,r4
      000013 A3               [24]  132 	inc	dptr
      000014 F0               [24]  133 	movx	@dptr,a
                                    134 ;	_fs2ulong.c:109: fl1.f = a1;
      000015 90r00r00         [24]  135 	mov	dptr,#___fs2ulong_a1_1_20
      000018 E0               [24]  136 	movx	a,@dptr
      000019 FC               [12]  137 	mov	r4,a
      00001A A3               [24]  138 	inc	dptr
      00001B E0               [24]  139 	movx	a,@dptr
      00001C FD               [12]  140 	mov	r5,a
      00001D A3               [24]  141 	inc	dptr
      00001E E0               [24]  142 	movx	a,@dptr
      00001F FE               [12]  143 	mov	r6,a
      000020 A3               [24]  144 	inc	dptr
      000021 E0               [24]  145 	movx	a,@dptr
      000022 FF               [12]  146 	mov	r7,a
      000023 90r00r04         [24]  147 	mov	dptr,#___fs2ulong_fl1_1_21
      000026 EC               [12]  148 	mov	a,r4
      000027 F0               [24]  149 	movx	@dptr,a
      000028 ED               [12]  150 	mov	a,r5
      000029 A3               [24]  151 	inc	dptr
      00002A F0               [24]  152 	movx	@dptr,a
      00002B EE               [12]  153 	mov	a,r6
      00002C A3               [24]  154 	inc	dptr
      00002D F0               [24]  155 	movx	@dptr,a
      00002E EF               [12]  156 	mov	a,r7
      00002F A3               [24]  157 	inc	dptr
      000030 F0               [24]  158 	movx	@dptr,a
                                    159 ;	_fs2ulong.c:111: if (!fl1.l || SIGN(fl1.l))
      000031 90r00r04         [24]  160 	mov	dptr,#___fs2ulong_fl1_1_21
      000034 E0               [24]  161 	movx	a,@dptr
      000035 FC               [12]  162 	mov	r4,a
      000036 A3               [24]  163 	inc	dptr
      000037 E0               [24]  164 	movx	a,@dptr
      000038 FD               [12]  165 	mov	r5,a
      000039 A3               [24]  166 	inc	dptr
      00003A E0               [24]  167 	movx	a,@dptr
      00003B FE               [12]  168 	mov	r6,a
      00003C A3               [24]  169 	inc	dptr
      00003D E0               [24]  170 	movx	a,@dptr
      00003E FF               [12]  171 	mov	r7,a
      00003F EC               [12]  172 	mov	a,r4
      000040 4D               [12]  173 	orl	a,r5
      000041 4E               [12]  174 	orl	a,r6
      000042 4F               [12]  175 	orl	a,r7
      000043 60 13            [24]  176 	jz	00101$
      000045 90r00r04         [24]  177 	mov	dptr,#___fs2ulong_fl1_1_21
      000048 E0               [24]  178 	movx	a,@dptr
      000049 A3               [24]  179 	inc	dptr
      00004A E0               [24]  180 	movx	a,@dptr
      00004B FD               [12]  181 	mov	r5,a
      00004C A3               [24]  182 	inc	dptr
      00004D E0               [24]  183 	movx	a,@dptr
      00004E FE               [12]  184 	mov	r6,a
      00004F A3               [24]  185 	inc	dptr
      000050 E0               [24]  186 	movx	a,@dptr
      000051 FF               [12]  187 	mov	r7,a
      000052 23               [12]  188 	rl	a
      000053 54 01            [12]  189 	anl	a,#0x01
      000055 FC               [12]  190 	mov	r4,a
      000056 60 07            [24]  191 	jz	00102$
      000058                        192 00101$:
                                    193 ;	_fs2ulong.c:112: return (0);
      000058 90 00 00         [24]  194 	mov	dptr,#(0x00&0x00ff)
      00005B E4               [12]  195 	clr	a
      00005C F5 F0            [12]  196 	mov	b,a
      00005E 22               [24]  197 	ret
      00005F                        198 00102$:
                                    199 ;	_fs2ulong.c:114: exp = EXP (fl1.l) - EXCESS - 24;
      00005F 90r00r04         [24]  200 	mov	dptr,#___fs2ulong_fl1_1_21
      000062 E0               [24]  201 	movx	a,@dptr
      000063 A3               [24]  202 	inc	dptr
      000064 E0               [24]  203 	movx	a,@dptr
      000065 A3               [24]  204 	inc	dptr
      000066 E0               [24]  205 	movx	a,@dptr
      000067 FE               [12]  206 	mov	r6,a
      000068 A3               [24]  207 	inc	dptr
      000069 E0               [24]  208 	movx	a,@dptr
      00006A 8E 04            [24]  209 	mov	ar4,r6
      00006C A2 E7            [12]  210 	mov	c,acc.7
      00006E CC               [12]  211 	xch	a,r4
      00006F 33               [12]  212 	rlc	a
      000070 CC               [12]  213 	xch	a,r4
      000071 33               [12]  214 	rlc	a
      000072 CC               [12]  215 	xch	a,r4
      000073 54 01            [12]  216 	anl	a,#0x01
      000075 E4               [12]  217 	clr	a
      000076 FD               [12]  218 	mov	r5,a
      000077 EC               [12]  219 	mov	a,r4
      000078 24 6A            [12]  220 	add	a,#0x6a
      00007A FC               [12]  221 	mov	r4,a
      00007B ED               [12]  222 	mov	a,r5
      00007C 34 FF            [12]  223 	addc	a,#0xff
      00007E FD               [12]  224 	mov	r5,a
      00007F 90r00r08         [24]  225 	mov	dptr,#___fs2ulong_exp_1_21
      000082 EC               [12]  226 	mov	a,r4
      000083 F0               [24]  227 	movx	@dptr,a
      000084 ED               [12]  228 	mov	a,r5
      000085 A3               [24]  229 	inc	dptr
      000086 F0               [24]  230 	movx	@dptr,a
                                    231 ;	_fs2ulong.c:115: l = MANT (fl1.l);
      000087 90r00r04         [24]  232 	mov	dptr,#___fs2ulong_fl1_1_21
      00008A E0               [24]  233 	movx	a,@dptr
      00008B FC               [12]  234 	mov	r4,a
      00008C A3               [24]  235 	inc	dptr
      00008D E0               [24]  236 	movx	a,@dptr
      00008E FD               [12]  237 	mov	r5,a
      00008F A3               [24]  238 	inc	dptr
      000090 E0               [24]  239 	movx	a,@dptr
      000091 FE               [12]  240 	mov	r6,a
      000092 A3               [24]  241 	inc	dptr
      000093 E0               [24]  242 	movx	a,@dptr
      000094 53 06 7F         [24]  243 	anl	ar6,#0x7f
      000097 7F 00            [12]  244 	mov	r7,#0x00
      000099 90r00r0A         [24]  245 	mov	dptr,#___fs2ulong_l_1_21
      00009C EC               [12]  246 	mov	a,r4
      00009D F0               [24]  247 	movx	@dptr,a
      00009E ED               [12]  248 	mov	a,r5
      00009F A3               [24]  249 	inc	dptr
      0000A0 F0               [24]  250 	movx	@dptr,a
      0000A1 74 80            [12]  251 	mov	a,#0x80
      0000A3 4E               [12]  252 	orl	a,r6
      0000A4 A3               [24]  253 	inc	dptr
      0000A5 F0               [24]  254 	movx	@dptr,a
      0000A6 EF               [12]  255 	mov	a,r7
      0000A7 A3               [24]  256 	inc	dptr
      0000A8 F0               [24]  257 	movx	@dptr,a
                                    258 ;	_fs2ulong.c:117: l >>= -exp;
      0000A9 90r00r08         [24]  259 	mov	dptr,#___fs2ulong_exp_1_21
      0000AC E0               [24]  260 	movx	a,@dptr
      0000AD FE               [12]  261 	mov	r6,a
      0000AE A3               [24]  262 	inc	dptr
      0000AF E0               [24]  263 	movx	a,@dptr
      0000B0 FF               [12]  264 	mov	r7,a
      0000B1 C3               [12]  265 	clr	c
      0000B2 E4               [12]  266 	clr	a
      0000B3 9E               [12]  267 	subb	a,r6
      0000B4 FE               [12]  268 	mov	r6,a
      0000B5 E4               [12]  269 	clr	a
      0000B6 9F               [12]  270 	subb	a,r7
      0000B7 FF               [12]  271 	mov	r7,a
      0000B8 90r00r0A         [24]  272 	mov	dptr,#___fs2ulong_l_1_21
      0000BB E0               [24]  273 	movx	a,@dptr
      0000BC FA               [12]  274 	mov	r2,a
      0000BD A3               [24]  275 	inc	dptr
      0000BE E0               [24]  276 	movx	a,@dptr
      0000BF FB               [12]  277 	mov	r3,a
      0000C0 A3               [24]  278 	inc	dptr
      0000C1 E0               [24]  279 	movx	a,@dptr
      0000C2 FC               [12]  280 	mov	r4,a
      0000C3 A3               [24]  281 	inc	dptr
      0000C4 E0               [24]  282 	movx	a,@dptr
      0000C5 FD               [12]  283 	mov	r5,a
      0000C6 8E F0            [24]  284 	mov	b,r6
      0000C8 05 F0            [12]  285 	inc	b
      0000CA ED               [12]  286 	mov	a,r5
      0000CB 33               [12]  287 	rlc	a
      0000CC 92 D2            [24]  288 	mov	ov,c
      0000CE 80 0E            [24]  289 	sjmp	00112$
      0000D0                        290 00111$:
      0000D0 A2 D2            [12]  291 	mov	c,ov
      0000D2 ED               [12]  292 	mov	a,r5
      0000D3 13               [12]  293 	rrc	a
      0000D4 FD               [12]  294 	mov	r5,a
      0000D5 EC               [12]  295 	mov	a,r4
      0000D6 13               [12]  296 	rrc	a
      0000D7 FC               [12]  297 	mov	r4,a
      0000D8 EB               [12]  298 	mov	a,r3
      0000D9 13               [12]  299 	rrc	a
      0000DA FB               [12]  300 	mov	r3,a
      0000DB EA               [12]  301 	mov	a,r2
      0000DC 13               [12]  302 	rrc	a
      0000DD FA               [12]  303 	mov	r2,a
      0000DE                        304 00112$:
      0000DE D5 F0 EF         [24]  305 	djnz	b,00111$
      0000E1 90r00r0A         [24]  306 	mov	dptr,#___fs2ulong_l_1_21
      0000E4 EA               [12]  307 	mov	a,r2
      0000E5 F0               [24]  308 	movx	@dptr,a
      0000E6 EB               [12]  309 	mov	a,r3
      0000E7 A3               [24]  310 	inc	dptr
      0000E8 F0               [24]  311 	movx	@dptr,a
      0000E9 EC               [12]  312 	mov	a,r4
      0000EA A3               [24]  313 	inc	dptr
      0000EB F0               [24]  314 	movx	@dptr,a
      0000EC ED               [12]  315 	mov	a,r5
      0000ED A3               [24]  316 	inc	dptr
      0000EE F0               [24]  317 	movx	@dptr,a
                                    318 ;	_fs2ulong.c:119: return l;
      0000EF 90r00r0A         [24]  319 	mov	dptr,#___fs2ulong_l_1_21
      0000F2 E0               [24]  320 	movx	a,@dptr
      0000F3 FC               [12]  321 	mov	r4,a
      0000F4 A3               [24]  322 	inc	dptr
      0000F5 E0               [24]  323 	movx	a,@dptr
      0000F6 FD               [12]  324 	mov	r5,a
      0000F7 A3               [24]  325 	inc	dptr
      0000F8 E0               [24]  326 	movx	a,@dptr
      0000F9 FE               [12]  327 	mov	r6,a
      0000FA A3               [24]  328 	inc	dptr
      0000FB E0               [24]  329 	movx	a,@dptr
      0000FC 8C 82            [24]  330 	mov	dpl,r4
      0000FE 8D 83            [24]  331 	mov	dph,r5
      000100 8E F0            [24]  332 	mov	b,r6
      000102 22               [24]  333 	ret
                                    334 	.area CSEG    (CODE)
                                    335 	.area CONST   (CODE)
                                    336 	.area XINIT   (CODE)
                                    337 	.area CABS    (ABS,CODE)
