                                      1 ;--------------------------------------------------------
                                      2 ; File Created by SDCC : free open source ANSI-C Compiler
                                      3 ; Version 3.6.3 #9771 (MSVC)
                                      4 ;--------------------------------------------------------
                                      5 	.module _fs2sint
                                      6 	.optsdcc -mmcs51 --model-large --xstack
                                      7 	
                                      8 ;--------------------------------------------------------
                                      9 ; Public variables in this module
                                     10 ;--------------------------------------------------------
                                     11 	.globl ___fs2slong
                                     12 	.globl ___fs2sint
                                     13 ;--------------------------------------------------------
                                     14 ; special function registers
                                     15 ;--------------------------------------------------------
                                     16 	.area RSEG    (ABS,DATA)
      000000                         17 	.org 0x0000
                                     18 ;--------------------------------------------------------
                                     19 ; special function bits
                                     20 ;--------------------------------------------------------
                                     21 	.area RSEG    (ABS,DATA)
      000000                         22 	.org 0x0000
                                     23 ;--------------------------------------------------------
                                     24 ; overlayable register banks
                                     25 ;--------------------------------------------------------
                                     26 	.area REG_BANK_0	(REL,OVR,DATA)
      000000                         27 	.ds 8
                                     28 ;--------------------------------------------------------
                                     29 ; internal ram data
                                     30 ;--------------------------------------------------------
                                     31 	.area DSEG    (DATA)
                                     32 ;--------------------------------------------------------
                                     33 ; overlayable items in internal ram 
                                     34 ;--------------------------------------------------------
                                     35 ;--------------------------------------------------------
                                     36 ; indirectly addressable internal ram data
                                     37 ;--------------------------------------------------------
                                     38 	.area ISEG    (DATA)
                                     39 ;--------------------------------------------------------
                                     40 ; absolute internal ram data
                                     41 ;--------------------------------------------------------
                                     42 	.area IABS    (ABS,DATA)
                                     43 	.area IABS    (ABS,DATA)
                                     44 ;--------------------------------------------------------
                                     45 ; bit data
                                     46 ;--------------------------------------------------------
                                     47 	.area BSEG    (BIT)
                                     48 ;--------------------------------------------------------
                                     49 ; paged external ram data
                                     50 ;--------------------------------------------------------
                                     51 	.area PSEG    (PAG,XDATA)
                                     52 ;--------------------------------------------------------
                                     53 ; external ram data
                                     54 ;--------------------------------------------------------
                                     55 	.area XSEG    (XDATA)
      000000                         56 ___fs2sint_f_1_20:
      000000                         57 	.ds 4
                                     58 ;--------------------------------------------------------
                                     59 ; absolute external ram data
                                     60 ;--------------------------------------------------------
                                     61 	.area XABS    (ABS,XDATA)
                                     62 ;--------------------------------------------------------
                                     63 ; external initialized ram data
                                     64 ;--------------------------------------------------------
                                     65 	.area XISEG   (XDATA)
                                     66 	.area HOME    (CODE)
                                     67 	.area GSINIT0 (CODE)
                                     68 	.area GSINIT1 (CODE)
                                     69 	.area GSINIT2 (CODE)
                                     70 	.area GSINIT3 (CODE)
                                     71 	.area GSINIT4 (CODE)
                                     72 	.area GSINIT5 (CODE)
                                     73 	.area GSINIT  (CODE)
                                     74 	.area GSFINAL (CODE)
                                     75 	.area CSEG    (CODE)
                                     76 ;--------------------------------------------------------
                                     77 ; global & static initialisations
                                     78 ;--------------------------------------------------------
                                     79 	.area HOME    (CODE)
                                     80 	.area GSINIT  (CODE)
                                     81 	.area GSFINAL (CODE)
                                     82 	.area GSINIT  (CODE)
                                     83 ;--------------------------------------------------------
                                     84 ; Home
                                     85 ;--------------------------------------------------------
                                     86 	.area HOME    (CODE)
                                     87 	.area HOME    (CODE)
                                     88 ;--------------------------------------------------------
                                     89 ; code
                                     90 ;--------------------------------------------------------
                                     91 	.area CSEG    (CODE)
                                     92 ;------------------------------------------------------------
                                     93 ;Allocation info for local variables in function '__fs2sint'
                                     94 ;------------------------------------------------------------
                                     95 ;f                         Allocated with name '___fs2sint_f_1_20'
                                     96 ;sl                        Allocated with name '___fs2sint_sl_1_21'
                                     97 ;------------------------------------------------------------
                                     98 ;	_fs2sint.c:81: signed int __fs2sint (float f)
                                     99 ;	-----------------------------------------
                                    100 ;	 function __fs2sint
                                    101 ;	-----------------------------------------
      000000                        102 ___fs2sint:
                           000007   103 	ar7 = 0x07
                           000006   104 	ar6 = 0x06
                           000005   105 	ar5 = 0x05
                           000004   106 	ar4 = 0x04
                           000003   107 	ar3 = 0x03
                           000002   108 	ar2 = 0x02
                           000001   109 	ar1 = 0x01
                           000000   110 	ar0 = 0x00
      000000 AF 82            [24]  111 	mov	r7,dpl
      000002 AE 83            [24]  112 	mov	r6,dph
      000004 AD F0            [24]  113 	mov	r5,b
      000006 FC               [12]  114 	mov	r4,a
      000007 90r00r00         [24]  115 	mov	dptr,#___fs2sint_f_1_20
      00000A EF               [12]  116 	mov	a,r7
      00000B F0               [24]  117 	movx	@dptr,a
      00000C EE               [12]  118 	mov	a,r6
      00000D A3               [24]  119 	inc	dptr
      00000E F0               [24]  120 	movx	@dptr,a
      00000F ED               [12]  121 	mov	a,r5
      000010 A3               [24]  122 	inc	dptr
      000011 F0               [24]  123 	movx	@dptr,a
      000012 EC               [12]  124 	mov	a,r4
      000013 A3               [24]  125 	inc	dptr
      000014 F0               [24]  126 	movx	@dptr,a
                                    127 ;	_fs2sint.c:83: signed long sl=__fs2slong(f);
      000015 90r00r00         [24]  128 	mov	dptr,#___fs2sint_f_1_20
      000018 E0               [24]  129 	movx	a,@dptr
      000019 FC               [12]  130 	mov	r4,a
      00001A A3               [24]  131 	inc	dptr
      00001B E0               [24]  132 	movx	a,@dptr
      00001C FD               [12]  133 	mov	r5,a
      00001D A3               [24]  134 	inc	dptr
      00001E E0               [24]  135 	movx	a,@dptr
      00001F FE               [12]  136 	mov	r6,a
      000020 A3               [24]  137 	inc	dptr
      000021 E0               [24]  138 	movx	a,@dptr
      000022 8C 82            [24]  139 	mov	dpl,r4
      000024 8D 83            [24]  140 	mov	dph,r5
      000026 8E F0            [24]  141 	mov	b,r6
      000028 12r00r00         [24]  142 	lcall	___fs2slong
      00002B AC 82            [24]  143 	mov	r4,dpl
      00002D AD 83            [24]  144 	mov	r5,dph
      00002F AE F0            [24]  145 	mov	r6,b
      000031 FF               [12]  146 	mov	r7,a
                                    147 ;	_fs2sint.c:84: if (sl>=INT_MAX)
      000032 C3               [12]  148 	clr	c
      000033 EC               [12]  149 	mov	a,r4
      000034 94 FF            [12]  150 	subb	a,#0xff
      000036 ED               [12]  151 	mov	a,r5
      000037 94 7F            [12]  152 	subb	a,#0x7f
      000039 EE               [12]  153 	mov	a,r6
      00003A 94 00            [12]  154 	subb	a,#0x00
      00003C EF               [12]  155 	mov	a,r7
      00003D 64 80            [12]  156 	xrl	a,#0x80
      00003F 94 80            [12]  157 	subb	a,#0x80
      000041 40 04            [24]  158 	jc	00102$
                                    159 ;	_fs2sint.c:85: return INT_MAX;
      000043 90 7F FF         [24]  160 	mov	dptr,#0x7fff
      000046 22               [24]  161 	ret
      000047                        162 00102$:
                                    163 ;	_fs2sint.c:86: if (sl<=INT_MIN)
      000047 C3               [12]  164 	clr	c
      000048 E4               [12]  165 	clr	a
      000049 9C               [12]  166 	subb	a,r4
      00004A 74 80            [12]  167 	mov	a,#0x80
      00004C 9D               [12]  168 	subb	a,r5
      00004D 74 FF            [12]  169 	mov	a,#0xff
      00004F 9E               [12]  170 	subb	a,r6
      000050 74 7F            [12]  171 	mov	a,#(0xff ^ 0x80)
      000052 8F F0            [24]  172 	mov	b,r7
      000054 63 F0 80         [24]  173 	xrl	b,#0x80
      000057 95 F0            [12]  174 	subb	a,b
      000059 40 04            [24]  175 	jc	00104$
                                    176 ;	_fs2sint.c:87: return -INT_MIN;
      00005B 90 80 00         [24]  177 	mov	dptr,#0x8000
      00005E 22               [24]  178 	ret
      00005F                        179 00104$:
                                    180 ;	_fs2sint.c:88: return sl;
      00005F 8C 82            [24]  181 	mov	dpl,r4
      000061 8D 83            [24]  182 	mov	dph,r5
      000063 22               [24]  183 	ret
                                    184 	.area CSEG    (CODE)
                                    185 	.area CONST   (CODE)
                                    186 	.area XINIT   (CODE)
                                    187 	.area CABS    (ABS,CODE)
