                                      1 ;--------------------------------------------------------
                                      2 ; File Created by SDCC : free open source ANSI-C Compiler
                                      3 ; Version 3.6.3 #9771 (MSVC)
                                      4 ;--------------------------------------------------------
                                      5 	.module _fs2slong
                                      6 	.optsdcc -mmcs51 --model-large --xstack
                                      7 	
                                      8 ;--------------------------------------------------------
                                      9 ; Public variables in this module
                                     10 ;--------------------------------------------------------
                                     11 	.globl ___fs2ulong
                                     12 	.globl ___fs2slong
                                     13 ;--------------------------------------------------------
                                     14 ; special function registers
                                     15 ;--------------------------------------------------------
                                     16 	.area RSEG    (ABS,DATA)
      000000                         17 	.org 0x0000
                                     18 ;--------------------------------------------------------
                                     19 ; special function bits
                                     20 ;--------------------------------------------------------
                                     21 	.area RSEG    (ABS,DATA)
      000000                         22 	.org 0x0000
                                     23 ;--------------------------------------------------------
                                     24 ; overlayable register banks
                                     25 ;--------------------------------------------------------
                                     26 	.area REG_BANK_0	(REL,OVR,DATA)
      000000                         27 	.ds 8
                                     28 ;--------------------------------------------------------
                                     29 ; internal ram data
                                     30 ;--------------------------------------------------------
                                     31 	.area DSEG    (DATA)
                                     32 ;--------------------------------------------------------
                                     33 ; overlayable items in internal ram 
                                     34 ;--------------------------------------------------------
                                     35 ;--------------------------------------------------------
                                     36 ; indirectly addressable internal ram data
                                     37 ;--------------------------------------------------------
                                     38 	.area ISEG    (DATA)
                                     39 ;--------------------------------------------------------
                                     40 ; absolute internal ram data
                                     41 ;--------------------------------------------------------
                                     42 	.area IABS    (ABS,DATA)
                                     43 	.area IABS    (ABS,DATA)
                                     44 ;--------------------------------------------------------
                                     45 ; bit data
                                     46 ;--------------------------------------------------------
                                     47 	.area BSEG    (BIT)
                                     48 ;--------------------------------------------------------
                                     49 ; paged external ram data
                                     50 ;--------------------------------------------------------
                                     51 	.area PSEG    (PAG,XDATA)
                                     52 ;--------------------------------------------------------
                                     53 ; external ram data
                                     54 ;--------------------------------------------------------
                                     55 	.area XSEG    (XDATA)
      000000                         56 ___fs2slong_f_1_20:
      000000                         57 	.ds 4
                                     58 ;--------------------------------------------------------
                                     59 ; absolute external ram data
                                     60 ;--------------------------------------------------------
                                     61 	.area XABS    (ABS,XDATA)
                                     62 ;--------------------------------------------------------
                                     63 ; external initialized ram data
                                     64 ;--------------------------------------------------------
                                     65 	.area XISEG   (XDATA)
                                     66 	.area HOME    (CODE)
                                     67 	.area GSINIT0 (CODE)
                                     68 	.area GSINIT1 (CODE)
                                     69 	.area GSINIT2 (CODE)
                                     70 	.area GSINIT3 (CODE)
                                     71 	.area GSINIT4 (CODE)
                                     72 	.area GSINIT5 (CODE)
                                     73 	.area GSINIT  (CODE)
                                     74 	.area GSFINAL (CODE)
                                     75 	.area CSEG    (CODE)
                                     76 ;--------------------------------------------------------
                                     77 ; global & static initialisations
                                     78 ;--------------------------------------------------------
                                     79 	.area HOME    (CODE)
                                     80 	.area GSINIT  (CODE)
                                     81 	.area GSFINAL (CODE)
                                     82 	.area GSINIT  (CODE)
                                     83 ;--------------------------------------------------------
                                     84 ; Home
                                     85 ;--------------------------------------------------------
                                     86 	.area HOME    (CODE)
                                     87 	.area HOME    (CODE)
                                     88 ;--------------------------------------------------------
                                     89 ; code
                                     90 ;--------------------------------------------------------
                                     91 	.area CSEG    (CODE)
                                     92 ;------------------------------------------------------------
                                     93 ;Allocation info for local variables in function '__fs2slong'
                                     94 ;------------------------------------------------------------
                                     95 ;f                         Allocated with name '___fs2slong_f_1_20'
                                     96 ;------------------------------------------------------------
                                     97 ;	_fs2slong.c:108: signed long __fs2slong (float f)
                                     98 ;	-----------------------------------------
                                     99 ;	 function __fs2slong
                                    100 ;	-----------------------------------------
      000000                        101 ___fs2slong:
                           000007   102 	ar7 = 0x07
                           000006   103 	ar6 = 0x06
                           000005   104 	ar5 = 0x05
                           000004   105 	ar4 = 0x04
                           000003   106 	ar3 = 0x03
                           000002   107 	ar2 = 0x02
                           000001   108 	ar1 = 0x01
                           000000   109 	ar0 = 0x00
      000000 AF 82            [24]  110 	mov	r7,dpl
      000002 AE 83            [24]  111 	mov	r6,dph
      000004 AD F0            [24]  112 	mov	r5,b
      000006 FC               [12]  113 	mov	r4,a
      000007 90r00r00         [24]  114 	mov	dptr,#___fs2slong_f_1_20
      00000A EF               [12]  115 	mov	a,r7
      00000B F0               [24]  116 	movx	@dptr,a
      00000C EE               [12]  117 	mov	a,r6
      00000D A3               [24]  118 	inc	dptr
      00000E F0               [24]  119 	movx	@dptr,a
      00000F ED               [12]  120 	mov	a,r5
      000010 A3               [24]  121 	inc	dptr
      000011 F0               [24]  122 	movx	@dptr,a
      000012 EC               [12]  123 	mov	a,r4
      000013 A3               [24]  124 	inc	dptr
      000014 F0               [24]  125 	movx	@dptr,a
                                    126 ;	_fs2slong.c:111: if (!f)
      000015 90r00r00         [24]  127 	mov	dptr,#___fs2slong_f_1_20
      000018 E0               [24]  128 	movx	a,@dptr
      000019 FC               [12]  129 	mov	r4,a
      00001A A3               [24]  130 	inc	dptr
      00001B E0               [24]  131 	movx	a,@dptr
      00001C FD               [12]  132 	mov	r5,a
      00001D A3               [24]  133 	inc	dptr
      00001E E0               [24]  134 	movx	a,@dptr
      00001F FE               [12]  135 	mov	r6,a
      000020 A3               [24]  136 	inc	dptr
      000021 E0               [24]  137 	movx	a,@dptr
      000022 FF               [12]  138 	mov	r7,a
      000023 8C F0            [24]  139 	mov	b,r4
      000025 ED               [12]  140 	mov	a,r5
      000026 42 F0            [12]  141 	orl	b,a
      000028 EE               [12]  142 	mov	a,r6
      000029 42 F0            [12]  143 	orl	b,a
      00002B EF               [12]  144 	mov	a,r7
      00002C 54 7F            [12]  145 	anl	a,#0x7F
      00002E 45 F0            [12]  146 	orl	a,b
      000030 70 07            [24]  147 	jnz	00102$
                                    148 ;	_fs2slong.c:112: return 0;
      000032 90 00 00         [24]  149 	mov	dptr,#(0x00&0x00ff)
      000035 E4               [12]  150 	clr	a
      000036 F5 F0            [12]  151 	mov	b,a
      000038 22               [24]  152 	ret
      000039                        153 00102$:
                                    154 ;	_fs2slong.c:114: if (f<0) {
      000039 90r00r00         [24]  155 	mov	dptr,#___fslt_PARM_2
      00003C E4               [12]  156 	clr	a
      00003D F0               [24]  157 	movx	@dptr,a
      00003E A3               [24]  158 	inc	dptr
      00003F F0               [24]  159 	movx	@dptr,a
      000040 A3               [24]  160 	inc	dptr
      000041 F0               [24]  161 	movx	@dptr,a
      000042 A3               [24]  162 	inc	dptr
      000043 F0               [24]  163 	movx	@dptr,a
      000044 C0 00            [24]  164 	push	ar0
      000046 E5*00            [12]  165 	mov	a,_spx
      000048 F8               [12]  166 	mov	r0,a
      000049 24 04            [12]  167 	add	a,#0x04
      00004B F5*00            [12]  168 	mov	_spx,a
      00004D EF               [12]  169 	mov	a,r7
      00004E F2               [24]  170 	movx	@r0,a
      00004F 08               [12]  171 	inc	r0
      000050 EE               [12]  172 	mov	a,r6
      000051 F2               [24]  173 	movx	@r0,a
      000052 08               [12]  174 	inc	r0
      000053 ED               [12]  175 	mov	a,r5
      000054 F2               [24]  176 	movx	@r0,a
      000055 08               [12]  177 	inc	r0
      000056 EC               [12]  178 	mov	a,r4
      000057 F2               [24]  179 	movx	@r0,a
      000058 D0 00            [24]  180 	pop	ar0
      00005A 8C 82            [24]  181 	mov	dpl,r4
      00005C 8D 83            [24]  182 	mov	dph,r5
      00005E 8E F0            [24]  183 	mov	b,r6
      000060 EF               [12]  184 	mov	a,r7
      000061 12r00r00         [24]  185 	lcall	___fslt
      000064 E5 82            [12]  186 	mov	a,dpl
      000066 C0 E0            [24]  187 	push	acc
      000068 A8*00            [24]  188 	mov	r0,_spx
      00006A 18               [12]  189 	dec	r0
      00006B E2               [24]  190 	movx	a,@r0
      00006C FC               [12]  191 	mov	r4,a
      00006D 18               [12]  192 	dec	r0
      00006E E2               [24]  193 	movx	a,@r0
      00006F FD               [12]  194 	mov	r5,a
      000070 18               [12]  195 	dec	r0
      000071 E2               [24]  196 	movx	a,@r0
      000072 FE               [12]  197 	mov	r6,a
      000073 18               [12]  198 	dec	r0
      000074 E2               [24]  199 	movx	a,@r0
      000075 FF               [12]  200 	mov	r7,a
      000076 88*00            [24]  201 	mov	_spx,r0
      000078 D0 E0            [24]  202 	pop	acc
      00007A 60 2C            [24]  203 	jz	00104$
                                    204 ;	_fs2slong.c:115: return -__fs2ulong(-f);
      00007C 8C 00            [24]  205 	mov	ar0,r4
      00007E 8D 01            [24]  206 	mov	ar1,r5
      000080 8E 02            [24]  207 	mov	ar2,r6
      000082 EF               [12]  208 	mov	a,r7
      000083 B2 E7            [12]  209 	cpl	acc.7
      000085 88 82            [24]  210 	mov	dpl,r0
      000087 89 83            [24]  211 	mov	dph,r1
      000089 8A F0            [24]  212 	mov	b,r2
      00008B 12r00r00         [24]  213 	lcall	___fs2ulong
      00008E A8 82            [24]  214 	mov	r0,dpl
      000090 A9 83            [24]  215 	mov	r1,dph
      000092 AA F0            [24]  216 	mov	r2,b
      000094 FB               [12]  217 	mov	r3,a
      000095 C3               [12]  218 	clr	c
      000096 E4               [12]  219 	clr	a
      000097 98               [12]  220 	subb	a,r0
      000098 F8               [12]  221 	mov	r0,a
      000099 E4               [12]  222 	clr	a
      00009A 99               [12]  223 	subb	a,r1
      00009B F9               [12]  224 	mov	r1,a
      00009C E4               [12]  225 	clr	a
      00009D 9A               [12]  226 	subb	a,r2
      00009E FA               [12]  227 	mov	r2,a
      00009F E4               [12]  228 	clr	a
      0000A0 9B               [12]  229 	subb	a,r3
      0000A1 88 82            [24]  230 	mov	dpl,r0
      0000A3 89 83            [24]  231 	mov	dph,r1
      0000A5 8A F0            [24]  232 	mov	b,r2
      0000A7 22               [24]  233 	ret
      0000A8                        234 00104$:
                                    235 ;	_fs2slong.c:117: return __fs2ulong(f);
      0000A8 8C 82            [24]  236 	mov	dpl,r4
      0000AA 8D 83            [24]  237 	mov	dph,r5
      0000AC 8E F0            [24]  238 	mov	b,r6
      0000AE EF               [12]  239 	mov	a,r7
      0000AF 02r00r00         [24]  240 	ljmp	___fs2ulong
                                    241 	.area CSEG    (CODE)
                                    242 	.area CONST   (CODE)
                                    243 	.area XINIT   (CODE)
                                    244 	.area CABS    (ABS,CODE)
