                                      1 ;--------------------------------------------------------
                                      2 ; File Created by SDCC : free open source ANSI-C Compiler
                                      3 ; Version 3.6.3 #9771 (MSVC)
                                      4 ;--------------------------------------------------------
                                      5 	.module _fsadd
                                      6 	.optsdcc -mmcs51 --model-large --xstack
                                      7 	
                                      8 ;--------------------------------------------------------
                                      9 ; Public variables in this module
                                     10 ;--------------------------------------------------------
                                     11 	.globl ___fsadd_PARM_2
                                     12 	.globl ___fsadd
                                     13 ;--------------------------------------------------------
                                     14 ; special function registers
                                     15 ;--------------------------------------------------------
                                     16 	.area RSEG    (ABS,DATA)
      000000                         17 	.org 0x0000
                                     18 ;--------------------------------------------------------
                                     19 ; special function bits
                                     20 ;--------------------------------------------------------
                                     21 	.area RSEG    (ABS,DATA)
      000000                         22 	.org 0x0000
                                     23 ;--------------------------------------------------------
                                     24 ; overlayable register banks
                                     25 ;--------------------------------------------------------
                                     26 	.area REG_BANK_0	(REL,OVR,DATA)
      000000                         27 	.ds 8
                                     28 ;--------------------------------------------------------
                                     29 ; internal ram data
                                     30 ;--------------------------------------------------------
                                     31 	.area DSEG    (DATA)
                                     32 ;--------------------------------------------------------
                                     33 ; overlayable items in internal ram 
                                     34 ;--------------------------------------------------------
                                     35 	.area	OSEG    (OVR,DATA)
      000000                         36 ___fsadd_sloc0_1_0:
      000000                         37 	.ds 4
      000004                         38 ___fsadd_sloc1_1_0:
      000004                         39 	.ds 2
      000006                         40 ___fsadd_sloc2_1_0:
      000006                         41 	.ds 4
      00000A                         42 ___fsadd_sloc3_1_0:
      00000A                         43 	.ds 4
                                     44 ;--------------------------------------------------------
                                     45 ; indirectly addressable internal ram data
                                     46 ;--------------------------------------------------------
                                     47 	.area ISEG    (DATA)
                                     48 ;--------------------------------------------------------
                                     49 ; absolute internal ram data
                                     50 ;--------------------------------------------------------
                                     51 	.area IABS    (ABS,DATA)
                                     52 	.area IABS    (ABS,DATA)
                                     53 ;--------------------------------------------------------
                                     54 ; bit data
                                     55 ;--------------------------------------------------------
                                     56 	.area BSEG    (BIT)
                                     57 ;--------------------------------------------------------
                                     58 ; paged external ram data
                                     59 ;--------------------------------------------------------
                                     60 	.area PSEG    (PAG,XDATA)
                                     61 ;--------------------------------------------------------
                                     62 ; external ram data
                                     63 ;--------------------------------------------------------
                                     64 	.area XSEG    (XDATA)
      000000                         65 ___fsadd_PARM_2:
      000000                         66 	.ds 4
      000004                         67 ___fsadd_a1_1_20:
      000004                         68 	.ds 4
      000008                         69 ___fsadd_mant1_1_21:
      000008                         70 	.ds 4
      00000C                         71 ___fsadd_mant2_1_21:
      00000C                         72 	.ds 4
      000010                         73 ___fsadd_exp1_1_21:
      000010                         74 	.ds 2
      000012                         75 ___fsadd_sign_1_21:
      000012                         76 	.ds 1
                                     77 ;--------------------------------------------------------
                                     78 ; absolute external ram data
                                     79 ;--------------------------------------------------------
                                     80 	.area XABS    (ABS,XDATA)
                                     81 ;--------------------------------------------------------
                                     82 ; external initialized ram data
                                     83 ;--------------------------------------------------------
                                     84 	.area XISEG   (XDATA)
                                     85 	.area HOME    (CODE)
                                     86 	.area GSINIT0 (CODE)
                                     87 	.area GSINIT1 (CODE)
                                     88 	.area GSINIT2 (CODE)
                                     89 	.area GSINIT3 (CODE)
                                     90 	.area GSINIT4 (CODE)
                                     91 	.area GSINIT5 (CODE)
                                     92 	.area GSINIT  (CODE)
                                     93 	.area GSFINAL (CODE)
                                     94 	.area CSEG    (CODE)
                                     95 ;--------------------------------------------------------
                                     96 ; global & static initialisations
                                     97 ;--------------------------------------------------------
                                     98 	.area HOME    (CODE)
                                     99 	.area GSINIT  (CODE)
                                    100 	.area GSFINAL (CODE)
                                    101 	.area GSINIT  (CODE)
                                    102 ;--------------------------------------------------------
                                    103 ; Home
                                    104 ;--------------------------------------------------------
                                    105 	.area HOME    (CODE)
                                    106 	.area HOME    (CODE)
                                    107 ;--------------------------------------------------------
                                    108 ; code
                                    109 ;--------------------------------------------------------
                                    110 	.area CSEG    (CODE)
                                    111 ;------------------------------------------------------------
                                    112 ;Allocation info for local variables in function '__fsadd'
                                    113 ;------------------------------------------------------------
                                    114 ;a2                        Allocated with name '___fsadd_PARM_2'
                                    115 ;a1                        Allocated with name '___fsadd_a1_1_20'
                                    116 ;mant1                     Allocated with name '___fsadd_mant1_1_21'
                                    117 ;mant2                     Allocated with name '___fsadd_mant2_1_21'
                                    118 ;pfl1                      Allocated with name '___fsadd_pfl1_1_21'
                                    119 ;pfl2                      Allocated with name '___fsadd_pfl2_1_21'
                                    120 ;exp1                      Allocated with name '___fsadd_exp1_1_21'
                                    121 ;exp2                      Allocated with name '___fsadd_exp2_1_21'
                                    122 ;expd                      Allocated with name '___fsadd_expd_1_21'
                                    123 ;sign                      Allocated with name '___fsadd_sign_1_21'
                                    124 ;sloc0                     Allocated with name '___fsadd_sloc0_1_0'
                                    125 ;sloc1                     Allocated with name '___fsadd_sloc1_1_0'
                                    126 ;sloc2                     Allocated with name '___fsadd_sloc2_1_0'
                                    127 ;sloc3                     Allocated with name '___fsadd_sloc3_1_0'
                                    128 ;------------------------------------------------------------
                                    129 ;	_fsadd.c:170: float __fsadd (float a1, float a2)
                                    130 ;	-----------------------------------------
                                    131 ;	 function __fsadd
                                    132 ;	-----------------------------------------
      000000                        133 ___fsadd:
                           000007   134 	ar7 = 0x07
                           000006   135 	ar6 = 0x06
                           000005   136 	ar5 = 0x05
                           000004   137 	ar4 = 0x04
                           000003   138 	ar3 = 0x03
                           000002   139 	ar2 = 0x02
                           000001   140 	ar1 = 0x01
                           000000   141 	ar0 = 0x00
      000000 AF 82            [24]  142 	mov	r7,dpl
      000002 AE 83            [24]  143 	mov	r6,dph
      000004 AD F0            [24]  144 	mov	r5,b
      000006 FC               [12]  145 	mov	r4,a
      000007 90r00r04         [24]  146 	mov	dptr,#___fsadd_a1_1_20
      00000A EF               [12]  147 	mov	a,r7
      00000B F0               [24]  148 	movx	@dptr,a
      00000C EE               [12]  149 	mov	a,r6
      00000D A3               [24]  150 	inc	dptr
      00000E F0               [24]  151 	movx	@dptr,a
      00000F ED               [12]  152 	mov	a,r5
      000010 A3               [24]  153 	inc	dptr
      000011 F0               [24]  154 	movx	@dptr,a
      000012 EC               [12]  155 	mov	a,r4
      000013 A3               [24]  156 	inc	dptr
      000014 F0               [24]  157 	movx	@dptr,a
                                    158 ;	_fsadd.c:178: pfl2 = (long _AUTOMEM *)&a2;
                                    159 ;	_fsadd.c:179: exp2 = EXP (*pfl2);
      000015 90r00r00         [24]  160 	mov	dptr,#___fsadd_PARM_2
      000018 E0               [24]  161 	movx	a,@dptr
      000019 FC               [12]  162 	mov	r4,a
      00001A A3               [24]  163 	inc	dptr
      00001B E0               [24]  164 	movx	a,@dptr
      00001C FD               [12]  165 	mov	r5,a
      00001D A3               [24]  166 	inc	dptr
      00001E E0               [24]  167 	movx	a,@dptr
      00001F FE               [12]  168 	mov	r6,a
      000020 A3               [24]  169 	inc	dptr
      000021 E0               [24]  170 	movx	a,@dptr
      000022 FF               [12]  171 	mov	r7,a
      000023 8C*00            [24]  172 	mov	___fsadd_sloc0_1_0,r4
      000025 8D*01            [24]  173 	mov	(___fsadd_sloc0_1_0 + 1),r5
      000027 8E*02            [24]  174 	mov	(___fsadd_sloc0_1_0 + 2),r6
      000029 8F*03            [24]  175 	mov	(___fsadd_sloc0_1_0 + 3),r7
      00002B A8*02            [24]  176 	mov	r0,(___fsadd_sloc0_1_0 + 2)
      00002D E5*03            [12]  177 	mov	a,(___fsadd_sloc0_1_0 + 3)
      00002F A2 E7            [12]  178 	mov	c,acc.7
      000031 C8               [12]  179 	xch	a,r0
      000032 33               [12]  180 	rlc	a
      000033 C8               [12]  181 	xch	a,r0
      000034 33               [12]  182 	rlc	a
      000035 C8               [12]  183 	xch	a,r0
      000036 54 01            [12]  184 	anl	a,#0x01
      000038 7B 00            [12]  185 	mov	r3,#0x00
      00003A 88*04            [24]  186 	mov	___fsadd_sloc1_1_0,r0
                                    187 ;	1-genFromRTrack replaced	mov	(___fsadd_sloc1_1_0 + 1),#0x00
      00003C 8B*05            [24]  188 	mov	(___fsadd_sloc1_1_0 + 1),r3
                                    189 ;	_fsadd.c:180: mant2 = MANT (*pfl2) << 4;
      00003E 8C 00            [24]  190 	mov	ar0,r4
      000040 8D 01            [24]  191 	mov	ar1,r5
      000042 74 7F            [12]  192 	mov	a,#0x7f
      000044 5E               [12]  193 	anl	a,r6
      000045 FA               [12]  194 	mov	r2,a
      000046 7B 00            [12]  195 	mov	r3,#0x00
      000048 43 02 80         [24]  196 	orl	ar2,#0x80
      00004B 8A*08            [24]  197 	mov	(___fsadd_sloc2_1_0 + 2),r2
      00004D EB               [12]  198 	mov	a,r3
      00004E C4               [12]  199 	swap	a
      00004F 54 F0            [12]  200 	anl	a,#0xf0
      000051 C5*08            [12]  201 	xch	a,(___fsadd_sloc2_1_0 + 2)
      000053 C4               [12]  202 	swap	a
      000054 C5*08            [12]  203 	xch	a,(___fsadd_sloc2_1_0 + 2)
      000056 65*08            [12]  204 	xrl	a,(___fsadd_sloc2_1_0 + 2)
      000058 C5*08            [12]  205 	xch	a,(___fsadd_sloc2_1_0 + 2)
      00005A 54 F0            [12]  206 	anl	a,#0xf0
      00005C C5*08            [12]  207 	xch	a,(___fsadd_sloc2_1_0 + 2)
      00005E 65*08            [12]  208 	xrl	a,(___fsadd_sloc2_1_0 + 2)
      000060 F5*09            [12]  209 	mov	(___fsadd_sloc2_1_0 + 3),a
      000062 E9               [12]  210 	mov	a,r1
      000063 C4               [12]  211 	swap	a
      000064 54 0F            [12]  212 	anl	a,#0x0f
      000066 45*08            [12]  213 	orl	a,(___fsadd_sloc2_1_0 + 2)
      000068 F5*08            [12]  214 	mov	(___fsadd_sloc2_1_0 + 2),a
      00006A 88*06            [24]  215 	mov	___fsadd_sloc2_1_0,r0
      00006C E9               [12]  216 	mov	a,r1
      00006D C4               [12]  217 	swap	a
      00006E 54 F0            [12]  218 	anl	a,#0xf0
      000070 C5*06            [12]  219 	xch	a,___fsadd_sloc2_1_0
      000072 C4               [12]  220 	swap	a
      000073 C5*06            [12]  221 	xch	a,___fsadd_sloc2_1_0
      000075 65*06            [12]  222 	xrl	a,___fsadd_sloc2_1_0
      000077 C5*06            [12]  223 	xch	a,___fsadd_sloc2_1_0
      000079 54 F0            [12]  224 	anl	a,#0xf0
      00007B C5*06            [12]  225 	xch	a,___fsadd_sloc2_1_0
      00007D 65*06            [12]  226 	xrl	a,___fsadd_sloc2_1_0
      00007F F5*07            [12]  227 	mov	(___fsadd_sloc2_1_0 + 1),a
      000081 90r00r0C         [24]  228 	mov	dptr,#___fsadd_mant2_1_21
      000084 E5*06            [12]  229 	mov	a,___fsadd_sloc2_1_0
      000086 F0               [24]  230 	movx	@dptr,a
      000087 E5*07            [12]  231 	mov	a,(___fsadd_sloc2_1_0 + 1)
      000089 A3               [24]  232 	inc	dptr
      00008A F0               [24]  233 	movx	@dptr,a
      00008B E5*08            [12]  234 	mov	a,(___fsadd_sloc2_1_0 + 2)
      00008D A3               [24]  235 	inc	dptr
      00008E F0               [24]  236 	movx	@dptr,a
      00008F E5*09            [12]  237 	mov	a,(___fsadd_sloc2_1_0 + 3)
      000091 A3               [24]  238 	inc	dptr
      000092 F0               [24]  239 	movx	@dptr,a
                                    240 ;	_fsadd.c:181: if (SIGN (*pfl2))
      000093 E5*03            [12]  241 	mov	a,(___fsadd_sloc0_1_0 + 3)
      000095 23               [12]  242 	rl	a
      000096 54 01            [12]  243 	anl	a,#0x01
      000098 FB               [12]  244 	mov	r3,a
      000099 60 17            [24]  245 	jz	00102$
                                    246 ;	_fsadd.c:182: mant2 = -mant2;
      00009B 90r00r0C         [24]  247 	mov	dptr,#___fsadd_mant2_1_21
      00009E C3               [12]  248 	clr	c
      00009F E4               [12]  249 	clr	a
      0000A0 95*06            [12]  250 	subb	a,___fsadd_sloc2_1_0
      0000A2 F0               [24]  251 	movx	@dptr,a
      0000A3 E4               [12]  252 	clr	a
      0000A4 95*07            [12]  253 	subb	a,(___fsadd_sloc2_1_0 + 1)
      0000A6 A3               [24]  254 	inc	dptr
      0000A7 F0               [24]  255 	movx	@dptr,a
      0000A8 E4               [12]  256 	clr	a
      0000A9 95*08            [12]  257 	subb	a,(___fsadd_sloc2_1_0 + 2)
      0000AB A3               [24]  258 	inc	dptr
      0000AC F0               [24]  259 	movx	@dptr,a
      0000AD E4               [12]  260 	clr	a
      0000AE 95*09            [12]  261 	subb	a,(___fsadd_sloc2_1_0 + 3)
      0000B0 A3               [24]  262 	inc	dptr
      0000B1 F0               [24]  263 	movx	@dptr,a
      0000B2                        264 00102$:
                                    265 ;	_fsadd.c:184: if (!*pfl2)
      0000B2 EC               [12]  266 	mov	a,r4
      0000B3 4D               [12]  267 	orl	a,r5
      0000B4 4E               [12]  268 	orl	a,r6
      0000B5 4F               [12]  269 	orl	a,r7
      0000B6 70 14            [24]  270 	jnz	00104$
                                    271 ;	_fsadd.c:185: return (a1);
      0000B8 90r00r04         [24]  272 	mov	dptr,#___fsadd_a1_1_20
      0000BB E0               [24]  273 	movx	a,@dptr
      0000BC FC               [12]  274 	mov	r4,a
      0000BD A3               [24]  275 	inc	dptr
      0000BE E0               [24]  276 	movx	a,@dptr
      0000BF FD               [12]  277 	mov	r5,a
      0000C0 A3               [24]  278 	inc	dptr
      0000C1 E0               [24]  279 	movx	a,@dptr
      0000C2 FE               [12]  280 	mov	r6,a
      0000C3 A3               [24]  281 	inc	dptr
      0000C4 E0               [24]  282 	movx	a,@dptr
      0000C5 8C 82            [24]  283 	mov	dpl,r4
      0000C7 8D 83            [24]  284 	mov	dph,r5
      0000C9 8E F0            [24]  285 	mov	b,r6
      0000CB 22               [24]  286 	ret
      0000CC                        287 00104$:
                                    288 ;	_fsadd.c:187: pfl1 = (long _AUTOMEM *)&a1;
                                    289 ;	_fsadd.c:188: exp1 = EXP (*pfl1);
      0000CC 90r00r04         [24]  290 	mov	dptr,#___fsadd_a1_1_20
      0000CF E0               [24]  291 	movx	a,@dptr
      0000D0 FC               [12]  292 	mov	r4,a
      0000D1 A3               [24]  293 	inc	dptr
      0000D2 E0               [24]  294 	movx	a,@dptr
      0000D3 FD               [12]  295 	mov	r5,a
      0000D4 A3               [24]  296 	inc	dptr
      0000D5 E0               [24]  297 	movx	a,@dptr
      0000D6 FE               [12]  298 	mov	r6,a
      0000D7 A3               [24]  299 	inc	dptr
      0000D8 E0               [24]  300 	movx	a,@dptr
      0000D9 FF               [12]  301 	mov	r7,a
      0000DA 8C*06            [24]  302 	mov	___fsadd_sloc2_1_0,r4
      0000DC 8D*07            [24]  303 	mov	(___fsadd_sloc2_1_0 + 1),r5
      0000DE 8E*08            [24]  304 	mov	(___fsadd_sloc2_1_0 + 2),r6
      0000E0 8F*09            [24]  305 	mov	(___fsadd_sloc2_1_0 + 3),r7
      0000E2 A8*08            [24]  306 	mov	r0,(___fsadd_sloc2_1_0 + 2)
      0000E4 E5*09            [12]  307 	mov	a,(___fsadd_sloc2_1_0 + 3)
      0000E6 A2 E7            [12]  308 	mov	c,acc.7
      0000E8 C8               [12]  309 	xch	a,r0
      0000E9 33               [12]  310 	rlc	a
      0000EA C8               [12]  311 	xch	a,r0
      0000EB 33               [12]  312 	rlc	a
      0000EC C8               [12]  313 	xch	a,r0
      0000ED 54 01            [12]  314 	anl	a,#0x01
      0000EF 7B 00            [12]  315 	mov	r3,#0x00
      0000F1 88*00            [24]  316 	mov	___fsadd_sloc0_1_0,r0
                                    317 ;	1-genFromRTrack replaced	mov	(___fsadd_sloc0_1_0 + 1),#0x00
      0000F3 8B*01            [24]  318 	mov	(___fsadd_sloc0_1_0 + 1),r3
      0000F5 90r00r10         [24]  319 	mov	dptr,#___fsadd_exp1_1_21
      0000F8 E5*00            [12]  320 	mov	a,___fsadd_sloc0_1_0
      0000FA F0               [24]  321 	movx	@dptr,a
      0000FB E5*01            [12]  322 	mov	a,(___fsadd_sloc0_1_0 + 1)
      0000FD A3               [24]  323 	inc	dptr
      0000FE F0               [24]  324 	movx	@dptr,a
                                    325 ;	_fsadd.c:189: mant1 = MANT (*pfl1) << 4;
      0000FF 8C 00            [24]  326 	mov	ar0,r4
      000101 8D 01            [24]  327 	mov	ar1,r5
      000103 74 7F            [12]  328 	mov	a,#0x7f
      000105 5E               [12]  329 	anl	a,r6
      000106 FA               [12]  330 	mov	r2,a
      000107 7B 00            [12]  331 	mov	r3,#0x00
      000109 43 02 80         [24]  332 	orl	ar2,#0x80
      00010C 8A*0C            [24]  333 	mov	(___fsadd_sloc3_1_0 + 2),r2
      00010E EB               [12]  334 	mov	a,r3
      00010F C4               [12]  335 	swap	a
      000110 54 F0            [12]  336 	anl	a,#0xf0
      000112 C5*0C            [12]  337 	xch	a,(___fsadd_sloc3_1_0 + 2)
      000114 C4               [12]  338 	swap	a
      000115 C5*0C            [12]  339 	xch	a,(___fsadd_sloc3_1_0 + 2)
      000117 65*0C            [12]  340 	xrl	a,(___fsadd_sloc3_1_0 + 2)
      000119 C5*0C            [12]  341 	xch	a,(___fsadd_sloc3_1_0 + 2)
      00011B 54 F0            [12]  342 	anl	a,#0xf0
      00011D C5*0C            [12]  343 	xch	a,(___fsadd_sloc3_1_0 + 2)
      00011F 65*0C            [12]  344 	xrl	a,(___fsadd_sloc3_1_0 + 2)
      000121 F5*0D            [12]  345 	mov	(___fsadd_sloc3_1_0 + 3),a
      000123 E9               [12]  346 	mov	a,r1
      000124 C4               [12]  347 	swap	a
      000125 54 0F            [12]  348 	anl	a,#0x0f
      000127 45*0C            [12]  349 	orl	a,(___fsadd_sloc3_1_0 + 2)
      000129 F5*0C            [12]  350 	mov	(___fsadd_sloc3_1_0 + 2),a
      00012B 88*0A            [24]  351 	mov	___fsadd_sloc3_1_0,r0
      00012D E9               [12]  352 	mov	a,r1
      00012E C4               [12]  353 	swap	a
      00012F 54 F0            [12]  354 	anl	a,#0xf0
      000131 C5*0A            [12]  355 	xch	a,___fsadd_sloc3_1_0
      000133 C4               [12]  356 	swap	a
      000134 C5*0A            [12]  357 	xch	a,___fsadd_sloc3_1_0
      000136 65*0A            [12]  358 	xrl	a,___fsadd_sloc3_1_0
      000138 C5*0A            [12]  359 	xch	a,___fsadd_sloc3_1_0
      00013A 54 F0            [12]  360 	anl	a,#0xf0
      00013C C5*0A            [12]  361 	xch	a,___fsadd_sloc3_1_0
      00013E 65*0A            [12]  362 	xrl	a,___fsadd_sloc3_1_0
      000140 F5*0B            [12]  363 	mov	(___fsadd_sloc3_1_0 + 1),a
      000142 90r00r08         [24]  364 	mov	dptr,#___fsadd_mant1_1_21
      000145 E5*0A            [12]  365 	mov	a,___fsadd_sloc3_1_0
      000147 F0               [24]  366 	movx	@dptr,a
      000148 E5*0B            [12]  367 	mov	a,(___fsadd_sloc3_1_0 + 1)
      00014A A3               [24]  368 	inc	dptr
      00014B F0               [24]  369 	movx	@dptr,a
      00014C E5*0C            [12]  370 	mov	a,(___fsadd_sloc3_1_0 + 2)
      00014E A3               [24]  371 	inc	dptr
      00014F F0               [24]  372 	movx	@dptr,a
      000150 E5*0D            [12]  373 	mov	a,(___fsadd_sloc3_1_0 + 3)
      000152 A3               [24]  374 	inc	dptr
      000153 F0               [24]  375 	movx	@dptr,a
                                    376 ;	_fsadd.c:190: if (SIGN(*pfl1))
      000154 E5*09            [12]  377 	mov	a,(___fsadd_sloc2_1_0 + 3)
      000156 23               [12]  378 	rl	a
      000157 54 01            [12]  379 	anl	a,#0x01
      000159 FB               [12]  380 	mov	r3,a
      00015A 60 1B            [24]  381 	jz	00108$
                                    382 ;	_fsadd.c:191: if (*pfl1 & 0x80000000)
      00015C EF               [12]  383 	mov	a,r7
      00015D 30 E7 17         [24]  384 	jnb	acc.7,00108$
                                    385 ;	_fsadd.c:192: mant1 = -mant1;
      000160 90r00r08         [24]  386 	mov	dptr,#___fsadd_mant1_1_21
      000163 C3               [12]  387 	clr	c
      000164 E4               [12]  388 	clr	a
      000165 95*0A            [12]  389 	subb	a,___fsadd_sloc3_1_0
      000167 F0               [24]  390 	movx	@dptr,a
      000168 E4               [12]  391 	clr	a
      000169 95*0B            [12]  392 	subb	a,(___fsadd_sloc3_1_0 + 1)
      00016B A3               [24]  393 	inc	dptr
      00016C F0               [24]  394 	movx	@dptr,a
      00016D E4               [12]  395 	clr	a
      00016E 95*0C            [12]  396 	subb	a,(___fsadd_sloc3_1_0 + 2)
      000170 A3               [24]  397 	inc	dptr
      000171 F0               [24]  398 	movx	@dptr,a
      000172 E4               [12]  399 	clr	a
      000173 95*0D            [12]  400 	subb	a,(___fsadd_sloc3_1_0 + 3)
      000175 A3               [24]  401 	inc	dptr
      000176 F0               [24]  402 	movx	@dptr,a
      000177                        403 00108$:
                                    404 ;	_fsadd.c:194: if (!*pfl1)
      000177 EC               [12]  405 	mov	a,r4
      000178 4D               [12]  406 	orl	a,r5
      000179 4E               [12]  407 	orl	a,r6
      00017A 4F               [12]  408 	orl	a,r7
      00017B 70 14            [24]  409 	jnz	00110$
                                    410 ;	_fsadd.c:195: return (a2);
      00017D 90r00r00         [24]  411 	mov	dptr,#___fsadd_PARM_2
      000180 E0               [24]  412 	movx	a,@dptr
      000181 FC               [12]  413 	mov	r4,a
      000182 A3               [24]  414 	inc	dptr
      000183 E0               [24]  415 	movx	a,@dptr
      000184 FD               [12]  416 	mov	r5,a
      000185 A3               [24]  417 	inc	dptr
      000186 E0               [24]  418 	movx	a,@dptr
      000187 FE               [12]  419 	mov	r6,a
      000188 A3               [24]  420 	inc	dptr
      000189 E0               [24]  421 	movx	a,@dptr
      00018A 8C 82            [24]  422 	mov	dpl,r4
      00018C 8D 83            [24]  423 	mov	dph,r5
      00018E 8E F0            [24]  424 	mov	b,r6
      000190 22               [24]  425 	ret
      000191                        426 00110$:
                                    427 ;	_fsadd.c:197: expd = exp1 - exp2;
      000191 E5*00            [12]  428 	mov	a,___fsadd_sloc0_1_0
      000193 C3               [12]  429 	clr	c
      000194 95*04            [12]  430 	subb	a,___fsadd_sloc1_1_0
      000196 FE               [12]  431 	mov	r6,a
      000197 E5*01            [12]  432 	mov	a,(___fsadd_sloc0_1_0 + 1)
      000199 95*05            [12]  433 	subb	a,(___fsadd_sloc1_1_0 + 1)
      00019B FF               [12]  434 	mov	r7,a
                                    435 ;	_fsadd.c:198: if (expd > 25)
      00019C C3               [12]  436 	clr	c
      00019D 74 19            [12]  437 	mov	a,#0x19
      00019F 9E               [12]  438 	subb	a,r6
      0001A0 74 80            [12]  439 	mov	a,#(0x00 ^ 0x80)
      0001A2 8F F0            [24]  440 	mov	b,r7
      0001A4 63 F0 80         [24]  441 	xrl	b,#0x80
      0001A7 95 F0            [12]  442 	subb	a,b
      0001A9 50 14            [24]  443 	jnc	00112$
                                    444 ;	_fsadd.c:199: return (a1);
      0001AB 90r00r04         [24]  445 	mov	dptr,#___fsadd_a1_1_20
      0001AE E0               [24]  446 	movx	a,@dptr
      0001AF FA               [12]  447 	mov	r2,a
      0001B0 A3               [24]  448 	inc	dptr
      0001B1 E0               [24]  449 	movx	a,@dptr
      0001B2 FB               [12]  450 	mov	r3,a
      0001B3 A3               [24]  451 	inc	dptr
      0001B4 E0               [24]  452 	movx	a,@dptr
      0001B5 FC               [12]  453 	mov	r4,a
      0001B6 A3               [24]  454 	inc	dptr
      0001B7 E0               [24]  455 	movx	a,@dptr
      0001B8 8A 82            [24]  456 	mov	dpl,r2
      0001BA 8B 83            [24]  457 	mov	dph,r3
      0001BC 8C F0            [24]  458 	mov	b,r4
      0001BE 22               [24]  459 	ret
      0001BF                        460 00112$:
                                    461 ;	_fsadd.c:200: if (expd < -25)
      0001BF C3               [12]  462 	clr	c
      0001C0 EE               [12]  463 	mov	a,r6
      0001C1 94 E7            [12]  464 	subb	a,#0xe7
      0001C3 EF               [12]  465 	mov	a,r7
      0001C4 64 80            [12]  466 	xrl	a,#0x80
      0001C6 94 7F            [12]  467 	subb	a,#0x7f
      0001C8 50 14            [24]  468 	jnc	00114$
                                    469 ;	_fsadd.c:201: return (a2);
      0001CA 90r00r00         [24]  470 	mov	dptr,#___fsadd_PARM_2
      0001CD E0               [24]  471 	movx	a,@dptr
      0001CE FA               [12]  472 	mov	r2,a
      0001CF A3               [24]  473 	inc	dptr
      0001D0 E0               [24]  474 	movx	a,@dptr
      0001D1 FB               [12]  475 	mov	r3,a
      0001D2 A3               [24]  476 	inc	dptr
      0001D3 E0               [24]  477 	movx	a,@dptr
      0001D4 FC               [12]  478 	mov	r4,a
      0001D5 A3               [24]  479 	inc	dptr
      0001D6 E0               [24]  480 	movx	a,@dptr
      0001D7 8A 82            [24]  481 	mov	dpl,r2
      0001D9 8B 83            [24]  482 	mov	dph,r3
      0001DB 8C F0            [24]  483 	mov	b,r4
      0001DD 22               [24]  484 	ret
      0001DE                        485 00114$:
                                    486 ;	_fsadd.c:203: if (expd < 0)
      0001DE EF               [12]  487 	mov	a,r7
      0001DF 30 E7 4C         [24]  488 	jnb	acc.7,00116$
                                    489 ;	_fsadd.c:205: expd = -expd;
      0001E2 C3               [12]  490 	clr	c
      0001E3 E4               [12]  491 	clr	a
      0001E4 9E               [12]  492 	subb	a,r6
      0001E5 FC               [12]  493 	mov	r4,a
      0001E6 E4               [12]  494 	clr	a
      0001E7 9F               [12]  495 	subb	a,r7
      0001E8 FD               [12]  496 	mov	r5,a
                                    497 ;	_fsadd.c:206: exp1 += expd;
      0001E9 90r00r10         [24]  498 	mov	dptr,#___fsadd_exp1_1_21
      0001EC EC               [12]  499 	mov	a,r4
      0001ED 25*00            [12]  500 	add	a,___fsadd_sloc0_1_0
      0001EF F0               [24]  501 	movx	@dptr,a
      0001F0 ED               [12]  502 	mov	a,r5
      0001F1 35*01            [12]  503 	addc	a,(___fsadd_sloc0_1_0 + 1)
      0001F3 A3               [24]  504 	inc	dptr
      0001F4 F0               [24]  505 	movx	@dptr,a
                                    506 ;	_fsadd.c:207: mant1 >>= expd;
      0001F5 90r00r08         [24]  507 	mov	dptr,#___fsadd_mant1_1_21
      0001F8 E0               [24]  508 	movx	a,@dptr
      0001F9 F8               [12]  509 	mov	r0,a
      0001FA A3               [24]  510 	inc	dptr
      0001FB E0               [24]  511 	movx	a,@dptr
      0001FC F9               [12]  512 	mov	r1,a
      0001FD A3               [24]  513 	inc	dptr
      0001FE E0               [24]  514 	movx	a,@dptr
      0001FF FA               [12]  515 	mov	r2,a
      000200 A3               [24]  516 	inc	dptr
      000201 E0               [24]  517 	movx	a,@dptr
      000202 FB               [12]  518 	mov	r3,a
      000203 8C F0            [24]  519 	mov	b,r4
      000205 05 F0            [12]  520 	inc	b
      000207 EB               [12]  521 	mov	a,r3
      000208 33               [12]  522 	rlc	a
      000209 92 D2            [24]  523 	mov	ov,c
      00020B 80 0E            [24]  524 	sjmp	00211$
      00020D                        525 00210$:
      00020D A2 D2            [12]  526 	mov	c,ov
      00020F EB               [12]  527 	mov	a,r3
      000210 13               [12]  528 	rrc	a
      000211 FB               [12]  529 	mov	r3,a
      000212 EA               [12]  530 	mov	a,r2
      000213 13               [12]  531 	rrc	a
      000214 FA               [12]  532 	mov	r2,a
      000215 E9               [12]  533 	mov	a,r1
      000216 13               [12]  534 	rrc	a
      000217 F9               [12]  535 	mov	r1,a
      000218 E8               [12]  536 	mov	a,r0
      000219 13               [12]  537 	rrc	a
      00021A F8               [12]  538 	mov	r0,a
      00021B                        539 00211$:
      00021B D5 F0 EF         [24]  540 	djnz	b,00210$
      00021E 90r00r08         [24]  541 	mov	dptr,#___fsadd_mant1_1_21
      000221 E8               [12]  542 	mov	a,r0
      000222 F0               [24]  543 	movx	@dptr,a
      000223 E9               [12]  544 	mov	a,r1
      000224 A3               [24]  545 	inc	dptr
      000225 F0               [24]  546 	movx	@dptr,a
      000226 EA               [12]  547 	mov	a,r2
      000227 A3               [24]  548 	inc	dptr
      000228 F0               [24]  549 	movx	@dptr,a
      000229 EB               [12]  550 	mov	a,r3
      00022A A3               [24]  551 	inc	dptr
      00022B F0               [24]  552 	movx	@dptr,a
      00022C 80 37            [24]  553 	sjmp	00117$
      00022E                        554 00116$:
                                    555 ;	_fsadd.c:211: mant2 >>= expd;
      00022E 90r00r0C         [24]  556 	mov	dptr,#___fsadd_mant2_1_21
      000231 E0               [24]  557 	movx	a,@dptr
      000232 FA               [12]  558 	mov	r2,a
      000233 A3               [24]  559 	inc	dptr
      000234 E0               [24]  560 	movx	a,@dptr
      000235 FB               [12]  561 	mov	r3,a
      000236 A3               [24]  562 	inc	dptr
      000237 E0               [24]  563 	movx	a,@dptr
      000238 FC               [12]  564 	mov	r4,a
      000239 A3               [24]  565 	inc	dptr
      00023A E0               [24]  566 	movx	a,@dptr
      00023B FD               [12]  567 	mov	r5,a
      00023C 8E F0            [24]  568 	mov	b,r6
      00023E 05 F0            [12]  569 	inc	b
      000240 ED               [12]  570 	mov	a,r5
      000241 33               [12]  571 	rlc	a
      000242 92 D2            [24]  572 	mov	ov,c
      000244 80 0E            [24]  573 	sjmp	00213$
      000246                        574 00212$:
      000246 A2 D2            [12]  575 	mov	c,ov
      000248 ED               [12]  576 	mov	a,r5
      000249 13               [12]  577 	rrc	a
      00024A FD               [12]  578 	mov	r5,a
      00024B EC               [12]  579 	mov	a,r4
      00024C 13               [12]  580 	rrc	a
      00024D FC               [12]  581 	mov	r4,a
      00024E EB               [12]  582 	mov	a,r3
      00024F 13               [12]  583 	rrc	a
      000250 FB               [12]  584 	mov	r3,a
      000251 EA               [12]  585 	mov	a,r2
      000252 13               [12]  586 	rrc	a
      000253 FA               [12]  587 	mov	r2,a
      000254                        588 00213$:
      000254 D5 F0 EF         [24]  589 	djnz	b,00212$
      000257 90r00r0C         [24]  590 	mov	dptr,#___fsadd_mant2_1_21
      00025A EA               [12]  591 	mov	a,r2
      00025B F0               [24]  592 	movx	@dptr,a
      00025C EB               [12]  593 	mov	a,r3
      00025D A3               [24]  594 	inc	dptr
      00025E F0               [24]  595 	movx	@dptr,a
      00025F EC               [12]  596 	mov	a,r4
      000260 A3               [24]  597 	inc	dptr
      000261 F0               [24]  598 	movx	@dptr,a
      000262 ED               [12]  599 	mov	a,r5
      000263 A3               [24]  600 	inc	dptr
      000264 F0               [24]  601 	movx	@dptr,a
      000265                        602 00117$:
                                    603 ;	_fsadd.c:213: mant1 += mant2;
      000265 90r00r0C         [24]  604 	mov	dptr,#___fsadd_mant2_1_21
      000268 E0               [24]  605 	movx	a,@dptr
      000269 FC               [12]  606 	mov	r4,a
      00026A A3               [24]  607 	inc	dptr
      00026B E0               [24]  608 	movx	a,@dptr
      00026C FD               [12]  609 	mov	r5,a
      00026D A3               [24]  610 	inc	dptr
      00026E E0               [24]  611 	movx	a,@dptr
      00026F FE               [12]  612 	mov	r6,a
      000270 A3               [24]  613 	inc	dptr
      000271 E0               [24]  614 	movx	a,@dptr
      000272 FF               [12]  615 	mov	r7,a
      000273 90r00r08         [24]  616 	mov	dptr,#___fsadd_mant1_1_21
      000276 E0               [24]  617 	movx	a,@dptr
      000277 F8               [12]  618 	mov	r0,a
      000278 A3               [24]  619 	inc	dptr
      000279 E0               [24]  620 	movx	a,@dptr
      00027A F9               [12]  621 	mov	r1,a
      00027B A3               [24]  622 	inc	dptr
      00027C E0               [24]  623 	movx	a,@dptr
      00027D FA               [12]  624 	mov	r2,a
      00027E A3               [24]  625 	inc	dptr
      00027F E0               [24]  626 	movx	a,@dptr
      000280 FB               [12]  627 	mov	r3,a
      000281 90r00r08         [24]  628 	mov	dptr,#___fsadd_mant1_1_21
      000284 EC               [12]  629 	mov	a,r4
      000285 28               [12]  630 	add	a,r0
      000286 F0               [24]  631 	movx	@dptr,a
      000287 ED               [12]  632 	mov	a,r5
      000288 39               [12]  633 	addc	a,r1
      000289 A3               [24]  634 	inc	dptr
      00028A F0               [24]  635 	movx	@dptr,a
      00028B EE               [12]  636 	mov	a,r6
      00028C 3A               [12]  637 	addc	a,r2
      00028D A3               [24]  638 	inc	dptr
      00028E F0               [24]  639 	movx	@dptr,a
      00028F EF               [12]  640 	mov	a,r7
      000290 3B               [12]  641 	addc	a,r3
      000291 A3               [24]  642 	inc	dptr
      000292 F0               [24]  643 	movx	@dptr,a
                                    644 ;	_fsadd.c:215: sign = false;
      000293 90r00r12         [24]  645 	mov	dptr,#___fsadd_sign_1_21
      000296 E4               [12]  646 	clr	a
      000297 F0               [24]  647 	movx	@dptr,a
                                    648 ;	_fsadd.c:217: if (mant1 < 0)
      000298 90r00r08         [24]  649 	mov	dptr,#___fsadd_mant1_1_21
      00029B E0               [24]  650 	movx	a,@dptr
      00029C FC               [12]  651 	mov	r4,a
      00029D A3               [24]  652 	inc	dptr
      00029E E0               [24]  653 	movx	a,@dptr
      00029F FD               [12]  654 	mov	r5,a
      0002A0 A3               [24]  655 	inc	dptr
      0002A1 E0               [24]  656 	movx	a,@dptr
      0002A2 FE               [12]  657 	mov	r6,a
      0002A3 A3               [24]  658 	inc	dptr
      0002A4 E0               [24]  659 	movx	a,@dptr
      0002A5 FF               [12]  660 	mov	r7,a
      0002A6 30 E7 1B         [24]  661 	jnb	acc.7,00121$
                                    662 ;	_fsadd.c:219: mant1 = -mant1;
      0002A9 90r00r08         [24]  663 	mov	dptr,#___fsadd_mant1_1_21
      0002AC C3               [12]  664 	clr	c
      0002AD E4               [12]  665 	clr	a
      0002AE 9C               [12]  666 	subb	a,r4
      0002AF F0               [24]  667 	movx	@dptr,a
      0002B0 E4               [12]  668 	clr	a
      0002B1 9D               [12]  669 	subb	a,r5
      0002B2 A3               [24]  670 	inc	dptr
      0002B3 F0               [24]  671 	movx	@dptr,a
      0002B4 E4               [12]  672 	clr	a
      0002B5 9E               [12]  673 	subb	a,r6
      0002B6 A3               [24]  674 	inc	dptr
      0002B7 F0               [24]  675 	movx	@dptr,a
      0002B8 E4               [12]  676 	clr	a
      0002B9 9F               [12]  677 	subb	a,r7
      0002BA A3               [24]  678 	inc	dptr
      0002BB F0               [24]  679 	movx	@dptr,a
                                    680 ;	_fsadd.c:220: sign = true;
      0002BC 90r00r12         [24]  681 	mov	dptr,#___fsadd_sign_1_21
      0002BF 74 01            [12]  682 	mov	a,#0x01
      0002C1 F0               [24]  683 	movx	@dptr,a
      0002C2 80 0D            [24]  684 	sjmp	00154$
      0002C4                        685 00121$:
                                    686 ;	_fsadd.c:222: else if (!mant1)
      0002C4 EC               [12]  687 	mov	a,r4
      0002C5 4D               [12]  688 	orl	a,r5
      0002C6 4E               [12]  689 	orl	a,r6
      0002C7 4F               [12]  690 	orl	a,r7
      0002C8 70 07            [24]  691 	jnz	00154$
                                    692 ;	_fsadd.c:223: return (0);
      0002CA 90 00 00         [24]  693 	mov	dptr,#(0x00&0x00ff)
      0002CD E4               [12]  694 	clr	a
      0002CE F5 F0            [12]  695 	mov	b,a
      0002D0 22               [24]  696 	ret
                                    697 ;	_fsadd.c:226: while (mant1 < (HIDDEN<<4)) {
      0002D1                        698 00154$:
      0002D1 90r00r10         [24]  699 	mov	dptr,#___fsadd_exp1_1_21
      0002D4 E0               [24]  700 	movx	a,@dptr
      0002D5 FE               [12]  701 	mov	r6,a
      0002D6 A3               [24]  702 	inc	dptr
      0002D7 E0               [24]  703 	movx	a,@dptr
      0002D8 FF               [12]  704 	mov	r7,a
      0002D9                        705 00123$:
      0002D9 C0 06            [24]  706 	push	ar6
      0002DB C0 07            [24]  707 	push	ar7
      0002DD 90r00r08         [24]  708 	mov	dptr,#___fsadd_mant1_1_21
      0002E0 E0               [24]  709 	movx	a,@dptr
      0002E1 FA               [12]  710 	mov	r2,a
      0002E2 A3               [24]  711 	inc	dptr
      0002E3 E0               [24]  712 	movx	a,@dptr
      0002E4 FB               [12]  713 	mov	r3,a
      0002E5 A3               [24]  714 	inc	dptr
      0002E6 E0               [24]  715 	movx	a,@dptr
      0002E7 FC               [12]  716 	mov	r4,a
      0002E8 A3               [24]  717 	inc	dptr
      0002E9 E0               [24]  718 	movx	a,@dptr
      0002EA FD               [12]  719 	mov	r5,a
      0002EB 8A 00            [24]  720 	mov	ar0,r2
      0002ED 8B 01            [24]  721 	mov	ar1,r3
      0002EF 8C 06            [24]  722 	mov	ar6,r4
      0002F1 8D 07            [24]  723 	mov	ar7,r5
      0002F3 C3               [12]  724 	clr	c
      0002F4 EF               [12]  725 	mov	a,r7
      0002F5 94 08            [12]  726 	subb	a,#0x08
      0002F7 D0 07            [24]  727 	pop	ar7
      0002F9 D0 06            [24]  728 	pop	ar6
      0002FB 50 21            [24]  729 	jnc	00157$
                                    730 ;	_fsadd.c:227: mant1 <<= 1;
      0002FD EA               [12]  731 	mov	a,r2
      0002FE 2A               [12]  732 	add	a,r2
      0002FF FA               [12]  733 	mov	r2,a
      000300 EB               [12]  734 	mov	a,r3
      000301 33               [12]  735 	rlc	a
      000302 FB               [12]  736 	mov	r3,a
      000303 EC               [12]  737 	mov	a,r4
      000304 33               [12]  738 	rlc	a
      000305 FC               [12]  739 	mov	r4,a
      000306 ED               [12]  740 	mov	a,r5
      000307 33               [12]  741 	rlc	a
      000308 FD               [12]  742 	mov	r5,a
      000309 90r00r08         [24]  743 	mov	dptr,#___fsadd_mant1_1_21
      00030C EA               [12]  744 	mov	a,r2
      00030D F0               [24]  745 	movx	@dptr,a
      00030E EB               [12]  746 	mov	a,r3
      00030F A3               [24]  747 	inc	dptr
      000310 F0               [24]  748 	movx	@dptr,a
      000311 EC               [12]  749 	mov	a,r4
      000312 A3               [24]  750 	inc	dptr
      000313 F0               [24]  751 	movx	@dptr,a
      000314 ED               [12]  752 	mov	a,r5
      000315 A3               [24]  753 	inc	dptr
      000316 F0               [24]  754 	movx	@dptr,a
                                    755 ;	_fsadd.c:228: exp1--;
      000317 1E               [12]  756 	dec	r6
      000318 BE FF 01         [24]  757 	cjne	r6,#0xff,00217$
      00031B 1F               [12]  758 	dec	r7
      00031C                        759 00217$:
                                    760 ;	_fsadd.c:232: while (mant1 & 0xf0000000) {
      00031C 80 BB            [24]  761 	sjmp	00123$
      00031E                        762 00157$:
      00031E 8E*0A            [24]  763 	mov	___fsadd_sloc3_1_0,r6
      000320 8F*0B            [24]  764 	mov	(___fsadd_sloc3_1_0 + 1),r7
      000322                        765 00128$:
      000322 90r00r08         [24]  766 	mov	dptr,#___fsadd_mant1_1_21
      000325 E0               [24]  767 	movx	a,@dptr
      000326 FA               [12]  768 	mov	r2,a
      000327 A3               [24]  769 	inc	dptr
      000328 E0               [24]  770 	movx	a,@dptr
      000329 FB               [12]  771 	mov	r3,a
      00032A A3               [24]  772 	inc	dptr
      00032B E0               [24]  773 	movx	a,@dptr
      00032C FC               [12]  774 	mov	r4,a
      00032D A3               [24]  775 	inc	dptr
      00032E E0               [24]  776 	movx	a,@dptr
      00032F FD               [12]  777 	mov	r5,a
      000330 54 F0            [12]  778 	anl	a,#0xf0
      000332 60 48            [24]  779 	jz	00130$
                                    780 ;	_fsadd.c:233: if (mant1&1)
      000334 EA               [12]  781 	mov	a,r2
      000335 30 E0 13         [24]  782 	jnb	acc.0,00127$
                                    783 ;	_fsadd.c:234: mant1 += 2;
      000338 90r00r08         [24]  784 	mov	dptr,#___fsadd_mant1_1_21
      00033B 74 02            [12]  785 	mov	a,#0x02
      00033D 2A               [12]  786 	add	a,r2
      00033E F0               [24]  787 	movx	@dptr,a
      00033F E4               [12]  788 	clr	a
      000340 3B               [12]  789 	addc	a,r3
      000341 A3               [24]  790 	inc	dptr
      000342 F0               [24]  791 	movx	@dptr,a
      000343 E4               [12]  792 	clr	a
      000344 3C               [12]  793 	addc	a,r4
      000345 A3               [24]  794 	inc	dptr
      000346 F0               [24]  795 	movx	@dptr,a
      000347 E4               [12]  796 	clr	a
      000348 3D               [12]  797 	addc	a,r5
      000349 A3               [24]  798 	inc	dptr
      00034A F0               [24]  799 	movx	@dptr,a
      00034B                        800 00127$:
                                    801 ;	_fsadd.c:235: mant1 >>= 1;
      00034B 90r00r08         [24]  802 	mov	dptr,#___fsadd_mant1_1_21
      00034E E0               [24]  803 	movx	a,@dptr
      00034F F8               [12]  804 	mov	r0,a
      000350 A3               [24]  805 	inc	dptr
      000351 E0               [24]  806 	movx	a,@dptr
      000352 F9               [12]  807 	mov	r1,a
      000353 A3               [24]  808 	inc	dptr
      000354 E0               [24]  809 	movx	a,@dptr
      000355 FE               [12]  810 	mov	r6,a
      000356 A3               [24]  811 	inc	dptr
      000357 E0               [24]  812 	movx	a,@dptr
      000358 A2 E7            [12]  813 	mov	c,acc.7
      00035A 13               [12]  814 	rrc	a
      00035B FF               [12]  815 	mov	r7,a
      00035C EE               [12]  816 	mov	a,r6
      00035D 13               [12]  817 	rrc	a
      00035E FE               [12]  818 	mov	r6,a
      00035F E9               [12]  819 	mov	a,r1
      000360 13               [12]  820 	rrc	a
      000361 F9               [12]  821 	mov	r1,a
      000362 E8               [12]  822 	mov	a,r0
      000363 13               [12]  823 	rrc	a
      000364 F8               [12]  824 	mov	r0,a
      000365 90r00r08         [24]  825 	mov	dptr,#___fsadd_mant1_1_21
      000368 F0               [24]  826 	movx	@dptr,a
      000369 E9               [12]  827 	mov	a,r1
      00036A A3               [24]  828 	inc	dptr
      00036B F0               [24]  829 	movx	@dptr,a
      00036C EE               [12]  830 	mov	a,r6
      00036D A3               [24]  831 	inc	dptr
      00036E F0               [24]  832 	movx	@dptr,a
      00036F EF               [12]  833 	mov	a,r7
      000370 A3               [24]  834 	inc	dptr
      000371 F0               [24]  835 	movx	@dptr,a
                                    836 ;	_fsadd.c:236: exp1++;
      000372 05*0A            [12]  837 	inc	___fsadd_sloc3_1_0
      000374 E4               [12]  838 	clr	a
      000375 B5*0A AA         [24]  839 	cjne	a,___fsadd_sloc3_1_0,00128$
      000378 05*0B            [12]  840 	inc	(___fsadd_sloc3_1_0 + 1)
      00037A 80 A6            [24]  841 	sjmp	00128$
      00037C                        842 00130$:
                                    843 ;	_fsadd.c:240: mant1 &= ~(HIDDEN<<4);
      00037C 90r00r08         [24]  844 	mov	dptr,#___fsadd_mant1_1_21
      00037F EA               [12]  845 	mov	a,r2
      000380 F0               [24]  846 	movx	@dptr,a
      000381 EB               [12]  847 	mov	a,r3
      000382 A3               [24]  848 	inc	dptr
      000383 F0               [24]  849 	movx	@dptr,a
      000384 EC               [12]  850 	mov	a,r4
      000385 A3               [24]  851 	inc	dptr
      000386 F0               [24]  852 	movx	@dptr,a
      000387 74 F7            [12]  853 	mov	a,#0xf7
      000389 5D               [12]  854 	anl	a,r5
      00038A A3               [24]  855 	inc	dptr
      00038B F0               [24]  856 	movx	@dptr,a
                                    857 ;	_fsadd.c:243: if (exp1 >= 0x100)
      00038C C3               [12]  858 	clr	c
      00038D E5*0B            [12]  859 	mov	a,(___fsadd_sloc3_1_0 + 1)
      00038F 64 80            [12]  860 	xrl	a,#0x80
      000391 94 81            [12]  861 	subb	a,#0x81
      000393 40 2E            [24]  862 	jc	00135$
                                    863 ;	_fsadd.c:244: *pfl1 = (sign ? (SIGNBIT | __INFINITY) : __INFINITY);
      000395 7Er04            [12]  864 	mov	r6,#___fsadd_a1_1_20
      000397 7Fs00            [12]  865 	mov	r7,#(___fsadd_a1_1_20 >> 8)
      000399 90r00r12         [24]  866 	mov	dptr,#___fsadd_sign_1_21
      00039C E0               [24]  867 	movx	a,@dptr
      00039D 60 0A            [24]  868 	jz	00139$
      00039F 7A 00            [12]  869 	mov	r2,#0x00
      0003A1 7B 00            [12]  870 	mov	r3,#0x00
      0003A3 7C 80            [12]  871 	mov	r4,#0x80
      0003A5 7D FF            [12]  872 	mov	r5,#0xff
      0003A7 80 08            [24]  873 	sjmp	00140$
      0003A9                        874 00139$:
      0003A9 7A 00            [12]  875 	mov	r2,#0x00
      0003AB 7B 00            [12]  876 	mov	r3,#0x00
      0003AD 7C 80            [12]  877 	mov	r4,#0x80
      0003AF 7D 7F            [12]  878 	mov	r5,#0x7f
      0003B1                        879 00140$:
      0003B1 8E 82            [24]  880 	mov	dpl,r6
      0003B3 8F 83            [24]  881 	mov	dph,r7
      0003B5 EA               [12]  882 	mov	a,r2
      0003B6 F0               [24]  883 	movx	@dptr,a
      0003B7 EB               [12]  884 	mov	a,r3
      0003B8 A3               [24]  885 	inc	dptr
      0003B9 F0               [24]  886 	movx	@dptr,a
      0003BA EC               [12]  887 	mov	a,r4
      0003BB A3               [24]  888 	inc	dptr
      0003BC F0               [24]  889 	movx	@dptr,a
      0003BD ED               [12]  890 	mov	a,r5
      0003BE A3               [24]  891 	inc	dptr
      0003BF F0               [24]  892 	movx	@dptr,a
      0003C0 02r04r68         [24]  893 	ljmp	00136$
      0003C3                        894 00135$:
                                    895 ;	_fsadd.c:245: else if (exp1 < 0)
      0003C3 E5*0B            [12]  896 	mov	a,(___fsadd_sloc3_1_0 + 1)
      0003C5 30 E7 0E         [24]  897 	jnb	acc.7,00132$
                                    898 ;	_fsadd.c:246: *pfl1 = 0;
      0003C8 90r00r04         [24]  899 	mov	dptr,#___fsadd_a1_1_20
      0003CB E4               [12]  900 	clr	a
      0003CC F0               [24]  901 	movx	@dptr,a
      0003CD A3               [24]  902 	inc	dptr
      0003CE F0               [24]  903 	movx	@dptr,a
      0003CF A3               [24]  904 	inc	dptr
      0003D0 F0               [24]  905 	movx	@dptr,a
      0003D1 A3               [24]  906 	inc	dptr
      0003D2 F0               [24]  907 	movx	@dptr,a
      0003D3 02r04r68         [24]  908 	ljmp	00136$
      0003D6                        909 00132$:
                                    910 ;	_fsadd.c:248: *pfl1 = PACK (sign ? SIGNBIT : 0 , exp1, mant1>>4);
      0003D6 75*06r04         [24]  911 	mov	___fsadd_sloc2_1_0,#___fsadd_a1_1_20
      0003D9 75*07s00         [24]  912 	mov	(___fsadd_sloc2_1_0 + 1),#(___fsadd_a1_1_20 >> 8)
      0003DC 90r00r12         [24]  913 	mov	dptr,#___fsadd_sign_1_21
      0003DF E0               [24]  914 	movx	a,@dptr
      0003E0 60 0A            [24]  915 	jz	00141$
      0003E2 7A 00            [12]  916 	mov	r2,#0x00
      0003E4 7B 00            [12]  917 	mov	r3,#0x00
      0003E6 7C 00            [12]  918 	mov	r4,#0x00
      0003E8 7D 80            [12]  919 	mov	r5,#0x80
      0003EA 80 08            [24]  920 	sjmp	00142$
      0003EC                        921 00141$:
      0003EC 7A 00            [12]  922 	mov	r2,#0x00
      0003EE 7B 00            [12]  923 	mov	r3,#0x00
      0003F0 7C 00            [12]  924 	mov	r4,#0x00
      0003F2 7D 00            [12]  925 	mov	r5,#0x00
      0003F4                        926 00142$:
      0003F4 A8*0A            [24]  927 	mov	r0,___fsadd_sloc3_1_0
      0003F6 E5*0B            [12]  928 	mov	a,(___fsadd_sloc3_1_0 + 1)
      0003F8 F9               [12]  929 	mov	r1,a
      0003F9 33               [12]  930 	rlc	a
      0003FA 95 E0            [12]  931 	subb	a,acc
      0003FC 88 06            [24]  932 	mov	ar6,r0
      0003FE E9               [12]  933 	mov	a,r1
      0003FF 54 01            [12]  934 	anl	a,#0x01
      000401 A2 E0            [12]  935 	mov	c,acc.0
      000403 CE               [12]  936 	xch	a,r6
      000404 13               [12]  937 	rrc	a
      000405 CE               [12]  938 	xch	a,r6
      000406 13               [12]  939 	rrc	a
      000407 CE               [12]  940 	xch	a,r6
      000408 FF               [12]  941 	mov	r7,a
      000409 E4               [12]  942 	clr	a
      00040A F9               [12]  943 	mov	r1,a
      00040B 42 02            [12]  944 	orl	ar2,a
      00040D E9               [12]  945 	mov	a,r1
      00040E 42 03            [12]  946 	orl	ar3,a
      000410 EE               [12]  947 	mov	a,r6
      000411 42 04            [12]  948 	orl	ar4,a
      000413 EF               [12]  949 	mov	a,r7
      000414 42 05            [12]  950 	orl	ar5,a
      000416 90r00r08         [24]  951 	mov	dptr,#___fsadd_mant1_1_21
      000419 E0               [24]  952 	movx	a,@dptr
      00041A F8               [12]  953 	mov	r0,a
      00041B A3               [24]  954 	inc	dptr
      00041C E0               [24]  955 	movx	a,@dptr
      00041D F9               [12]  956 	mov	r1,a
      00041E A3               [24]  957 	inc	dptr
      00041F E0               [24]  958 	movx	a,@dptr
      000420 FE               [12]  959 	mov	r6,a
      000421 A3               [24]  960 	inc	dptr
      000422 E0               [24]  961 	movx	a,@dptr
      000423 FF               [12]  962 	mov	r7,a
      000424 E9               [12]  963 	mov	a,r1
      000425 C4               [12]  964 	swap	a
      000426 C8               [12]  965 	xch	a,r0
      000427 C4               [12]  966 	swap	a
      000428 54 0F            [12]  967 	anl	a,#0x0f
      00042A 68               [12]  968 	xrl	a,r0
      00042B C8               [12]  969 	xch	a,r0
      00042C 54 0F            [12]  970 	anl	a,#0x0f
      00042E C8               [12]  971 	xch	a,r0
      00042F 68               [12]  972 	xrl	a,r0
      000430 C8               [12]  973 	xch	a,r0
      000431 F9               [12]  974 	mov	r1,a
      000432 EE               [12]  975 	mov	a,r6
      000433 C4               [12]  976 	swap	a
      000434 54 F0            [12]  977 	anl	a,#0xf0
      000436 49               [12]  978 	orl	a,r1
      000437 F9               [12]  979 	mov	r1,a
      000438 EF               [12]  980 	mov	a,r7
      000439 C4               [12]  981 	swap	a
      00043A CE               [12]  982 	xch	a,r6
      00043B C4               [12]  983 	swap	a
      00043C 54 0F            [12]  984 	anl	a,#0x0f
      00043E 6E               [12]  985 	xrl	a,r6
      00043F CE               [12]  986 	xch	a,r6
      000440 54 0F            [12]  987 	anl	a,#0x0f
      000442 CE               [12]  988 	xch	a,r6
      000443 6E               [12]  989 	xrl	a,r6
      000444 CE               [12]  990 	xch	a,r6
      000445 30 E3 02         [24]  991 	jnb	acc.3,00225$
      000448 44 F0            [12]  992 	orl	a,#0xf0
      00044A                        993 00225$:
      00044A FF               [12]  994 	mov	r7,a
      00044B E8               [12]  995 	mov	a,r0
      00044C 42 02            [12]  996 	orl	ar2,a
      00044E E9               [12]  997 	mov	a,r1
      00044F 42 03            [12]  998 	orl	ar3,a
      000451 EE               [12]  999 	mov	a,r6
      000452 42 04            [12] 1000 	orl	ar4,a
      000454 EF               [12] 1001 	mov	a,r7
      000455 42 05            [12] 1002 	orl	ar5,a
      000457 85*06 82         [24] 1003 	mov	dpl,___fsadd_sloc2_1_0
      00045A 85*07 83         [24] 1004 	mov	dph,(___fsadd_sloc2_1_0 + 1)
      00045D EA               [12] 1005 	mov	a,r2
      00045E F0               [24] 1006 	movx	@dptr,a
      00045F EB               [12] 1007 	mov	a,r3
      000460 A3               [24] 1008 	inc	dptr
      000461 F0               [24] 1009 	movx	@dptr,a
      000462 EC               [12] 1010 	mov	a,r4
      000463 A3               [24] 1011 	inc	dptr
      000464 F0               [24] 1012 	movx	@dptr,a
      000465 ED               [12] 1013 	mov	a,r5
      000466 A3               [24] 1014 	inc	dptr
      000467 F0               [24] 1015 	movx	@dptr,a
      000468                       1016 00136$:
                                   1017 ;	_fsadd.c:249: return (a1);
      000468 90r00r04         [24] 1018 	mov	dptr,#___fsadd_a1_1_20
      00046B E0               [24] 1019 	movx	a,@dptr
      00046C FC               [12] 1020 	mov	r4,a
      00046D A3               [24] 1021 	inc	dptr
      00046E E0               [24] 1022 	movx	a,@dptr
      00046F FD               [12] 1023 	mov	r5,a
      000470 A3               [24] 1024 	inc	dptr
      000471 E0               [24] 1025 	movx	a,@dptr
      000472 FE               [12] 1026 	mov	r6,a
      000473 A3               [24] 1027 	inc	dptr
      000474 E0               [24] 1028 	movx	a,@dptr
      000475 8C 82            [24] 1029 	mov	dpl,r4
      000477 8D 83            [24] 1030 	mov	dph,r5
      000479 8E F0            [24] 1031 	mov	b,r6
      00047B 22               [24] 1032 	ret
                                   1033 	.area CSEG    (CODE)
                                   1034 	.area CONST   (CODE)
                                   1035 	.area XINIT   (CODE)
                                   1036 	.area CABS    (ABS,CODE)
