                                      1 ;--------------------------------------------------------
                                      2 ; File Created by SDCC : free open source ANSI-C Compiler
                                      3 ; Version 3.6.3 #9771 (MSVC)
                                      4 ;--------------------------------------------------------
                                      5 	.module _fsdiv
                                      6 	.optsdcc -mmcs51 --model-large --xstack
                                      7 	
                                      8 ;--------------------------------------------------------
                                      9 ; Public variables in this module
                                     10 ;--------------------------------------------------------
                                     11 	.globl ___fsdiv_PARM_2
                                     12 	.globl ___fsdiv
                                     13 ;--------------------------------------------------------
                                     14 ; special function registers
                                     15 ;--------------------------------------------------------
                                     16 	.area RSEG    (ABS,DATA)
      000000                         17 	.org 0x0000
                                     18 ;--------------------------------------------------------
                                     19 ; special function bits
                                     20 ;--------------------------------------------------------
                                     21 	.area RSEG    (ABS,DATA)
      000000                         22 	.org 0x0000
                                     23 ;--------------------------------------------------------
                                     24 ; overlayable register banks
                                     25 ;--------------------------------------------------------
                                     26 	.area REG_BANK_0	(REL,OVR,DATA)
      000000                         27 	.ds 8
                                     28 ;--------------------------------------------------------
                                     29 ; internal ram data
                                     30 ;--------------------------------------------------------
                                     31 	.area DSEG    (DATA)
                                     32 ;--------------------------------------------------------
                                     33 ; overlayable items in internal ram 
                                     34 ;--------------------------------------------------------
                                     35 ;--------------------------------------------------------
                                     36 ; indirectly addressable internal ram data
                                     37 ;--------------------------------------------------------
                                     38 	.area ISEG    (DATA)
                                     39 ;--------------------------------------------------------
                                     40 ; absolute internal ram data
                                     41 ;--------------------------------------------------------
                                     42 	.area IABS    (ABS,DATA)
                                     43 	.area IABS    (ABS,DATA)
                                     44 ;--------------------------------------------------------
                                     45 ; bit data
                                     46 ;--------------------------------------------------------
                                     47 	.area BSEG    (BIT)
                                     48 ;--------------------------------------------------------
                                     49 ; paged external ram data
                                     50 ;--------------------------------------------------------
                                     51 	.area PSEG    (PAG,XDATA)
                                     52 ;--------------------------------------------------------
                                     53 ; external ram data
                                     54 ;--------------------------------------------------------
                                     55 	.area XSEG    (XDATA)
      000000                         56 ___fsdiv_org_PARM_2:
      000000                         57 	.ds 4
      000004                         58 ___fsdiv_org_a1_1_20:
      000004                         59 	.ds 4
      000008                         60 ___fsdiv_org_fl1_1_21:
      000008                         61 	.ds 4
      00000C                         62 ___fsdiv_org_fl2_1_21:
      00000C                         63 	.ds 4
      000010                         64 ___fsdiv_org_result_1_21:
      000010                         65 	.ds 4
      000014                         66 ___fsdiv_org_mask_1_21:
      000014                         67 	.ds 4
      000018                         68 ___fsdiv_org_mant1_1_21:
      000018                         69 	.ds 4
      00001C                         70 ___fsdiv_org_mant2_1_21:
      00001C                         71 	.ds 4
      000020                         72 ___fsdiv_org_exp_1_21:
      000020                         73 	.ds 2
      000022                         74 ___fsdiv_PARM_2:
      000022                         75 	.ds 4
      000026                         76 ___fsdiv_a1_1_26:
      000026                         77 	.ds 4
      00002A                         78 ___fsdiv_f_1_27:
      00002A                         79 	.ds 4
                                     80 ;--------------------------------------------------------
                                     81 ; absolute external ram data
                                     82 ;--------------------------------------------------------
                                     83 	.area XABS    (ABS,XDATA)
                                     84 ;--------------------------------------------------------
                                     85 ; external initialized ram data
                                     86 ;--------------------------------------------------------
                                     87 	.area XISEG   (XDATA)
                                     88 	.area HOME    (CODE)
                                     89 	.area GSINIT0 (CODE)
                                     90 	.area GSINIT1 (CODE)
                                     91 	.area GSINIT2 (CODE)
                                     92 	.area GSINIT3 (CODE)
                                     93 	.area GSINIT4 (CODE)
                                     94 	.area GSINIT5 (CODE)
                                     95 	.area GSINIT  (CODE)
                                     96 	.area GSFINAL (CODE)
                                     97 	.area CSEG    (CODE)
                                     98 ;--------------------------------------------------------
                                     99 ; global & static initialisations
                                    100 ;--------------------------------------------------------
                                    101 	.area HOME    (CODE)
                                    102 	.area GSINIT  (CODE)
                                    103 	.area GSFINAL (CODE)
                                    104 	.area GSINIT  (CODE)
                                    105 ;--------------------------------------------------------
                                    106 ; Home
                                    107 ;--------------------------------------------------------
                                    108 	.area HOME    (CODE)
                                    109 	.area HOME    (CODE)
                                    110 ;--------------------------------------------------------
                                    111 ; code
                                    112 ;--------------------------------------------------------
                                    113 	.area CSEG    (CODE)
                                    114 ;------------------------------------------------------------
                                    115 ;Allocation info for local variables in function '__fsdiv_org'
                                    116 ;------------------------------------------------------------
                                    117 ;a2                        Allocated with name '___fsdiv_org_PARM_2'
                                    118 ;a1                        Allocated with name '___fsdiv_org_a1_1_20'
                                    119 ;fl1                       Allocated with name '___fsdiv_org_fl1_1_21'
                                    120 ;fl2                       Allocated with name '___fsdiv_org_fl2_1_21'
                                    121 ;result                    Allocated with name '___fsdiv_org_result_1_21'
                                    122 ;mask                      Allocated with name '___fsdiv_org_mask_1_21'
                                    123 ;mant1                     Allocated with name '___fsdiv_org_mant1_1_21'
                                    124 ;mant2                     Allocated with name '___fsdiv_org_mant2_1_21'
                                    125 ;exp                       Allocated with name '___fsdiv_org_exp_1_21'
                                    126 ;sign                      Allocated with name '___fsdiv_org_sign_1_21'
                                    127 ;------------------------------------------------------------
                                    128 ;	_fsdiv.c:274: static float __fsdiv_org (float a1, float a2)
                                    129 ;	-----------------------------------------
                                    130 ;	 function __fsdiv_org
                                    131 ;	-----------------------------------------
      000000                        132 ___fsdiv_org:
                           000007   133 	ar7 = 0x07
                           000006   134 	ar6 = 0x06
                           000005   135 	ar5 = 0x05
                           000004   136 	ar4 = 0x04
                           000003   137 	ar3 = 0x03
                           000002   138 	ar2 = 0x02
                           000001   139 	ar1 = 0x01
                           000000   140 	ar0 = 0x00
      000000 AF 82            [24]  141 	mov	r7,dpl
      000002 AE 83            [24]  142 	mov	r6,dph
      000004 AD F0            [24]  143 	mov	r5,b
      000006 FC               [12]  144 	mov	r4,a
      000007 90r00r04         [24]  145 	mov	dptr,#___fsdiv_org_a1_1_20
      00000A EF               [12]  146 	mov	a,r7
      00000B F0               [24]  147 	movx	@dptr,a
      00000C EE               [12]  148 	mov	a,r6
      00000D A3               [24]  149 	inc	dptr
      00000E F0               [24]  150 	movx	@dptr,a
      00000F ED               [12]  151 	mov	a,r5
      000010 A3               [24]  152 	inc	dptr
      000011 F0               [24]  153 	movx	@dptr,a
      000012 EC               [12]  154 	mov	a,r4
      000013 A3               [24]  155 	inc	dptr
      000014 F0               [24]  156 	movx	@dptr,a
                                    157 ;	_fsdiv.c:283: fl1.f = a1;
      000015 90r00r04         [24]  158 	mov	dptr,#___fsdiv_org_a1_1_20
      000018 E0               [24]  159 	movx	a,@dptr
      000019 FC               [12]  160 	mov	r4,a
      00001A A3               [24]  161 	inc	dptr
      00001B E0               [24]  162 	movx	a,@dptr
      00001C FD               [12]  163 	mov	r5,a
      00001D A3               [24]  164 	inc	dptr
      00001E E0               [24]  165 	movx	a,@dptr
      00001F FE               [12]  166 	mov	r6,a
      000020 A3               [24]  167 	inc	dptr
      000021 E0               [24]  168 	movx	a,@dptr
      000022 FF               [12]  169 	mov	r7,a
      000023 90r00r08         [24]  170 	mov	dptr,#___fsdiv_org_fl1_1_21
      000026 EC               [12]  171 	mov	a,r4
      000027 F0               [24]  172 	movx	@dptr,a
      000028 ED               [12]  173 	mov	a,r5
      000029 A3               [24]  174 	inc	dptr
      00002A F0               [24]  175 	movx	@dptr,a
      00002B EE               [12]  176 	mov	a,r6
      00002C A3               [24]  177 	inc	dptr
      00002D F0               [24]  178 	movx	@dptr,a
      00002E EF               [12]  179 	mov	a,r7
      00002F A3               [24]  180 	inc	dptr
      000030 F0               [24]  181 	movx	@dptr,a
                                    182 ;	_fsdiv.c:284: fl2.f = a2;
      000031 90r00r00         [24]  183 	mov	dptr,#___fsdiv_org_PARM_2
      000034 E0               [24]  184 	movx	a,@dptr
      000035 FC               [12]  185 	mov	r4,a
      000036 A3               [24]  186 	inc	dptr
      000037 E0               [24]  187 	movx	a,@dptr
      000038 FD               [12]  188 	mov	r5,a
      000039 A3               [24]  189 	inc	dptr
      00003A E0               [24]  190 	movx	a,@dptr
      00003B FE               [12]  191 	mov	r6,a
      00003C A3               [24]  192 	inc	dptr
      00003D E0               [24]  193 	movx	a,@dptr
      00003E FF               [12]  194 	mov	r7,a
      00003F 90r00r0C         [24]  195 	mov	dptr,#___fsdiv_org_fl2_1_21
      000042 EC               [12]  196 	mov	a,r4
      000043 F0               [24]  197 	movx	@dptr,a
      000044 ED               [12]  198 	mov	a,r5
      000045 A3               [24]  199 	inc	dptr
      000046 F0               [24]  200 	movx	@dptr,a
      000047 EE               [12]  201 	mov	a,r6
      000048 A3               [24]  202 	inc	dptr
      000049 F0               [24]  203 	movx	@dptr,a
      00004A EF               [12]  204 	mov	a,r7
      00004B A3               [24]  205 	inc	dptr
      00004C F0               [24]  206 	movx	@dptr,a
                                    207 ;	_fsdiv.c:287: exp = EXP (fl1.l) ;
      00004D 90r00r08         [24]  208 	mov	dptr,#___fsdiv_org_fl1_1_21
      000050 E0               [24]  209 	movx	a,@dptr
      000051 A3               [24]  210 	inc	dptr
      000052 E0               [24]  211 	movx	a,@dptr
      000053 A3               [24]  212 	inc	dptr
      000054 E0               [24]  213 	movx	a,@dptr
      000055 FE               [12]  214 	mov	r6,a
      000056 A3               [24]  215 	inc	dptr
      000057 E0               [24]  216 	movx	a,@dptr
      000058 8E 04            [24]  217 	mov	ar4,r6
      00005A A2 E7            [12]  218 	mov	c,acc.7
      00005C CC               [12]  219 	xch	a,r4
      00005D 33               [12]  220 	rlc	a
      00005E CC               [12]  221 	xch	a,r4
      00005F 33               [12]  222 	rlc	a
      000060 CC               [12]  223 	xch	a,r4
      000061 54 01            [12]  224 	anl	a,#0x01
      000063 90r00r20         [24]  225 	mov	dptr,#___fsdiv_org_exp_1_21
      000066 EC               [12]  226 	mov	a,r4
      000067 F0               [24]  227 	movx	@dptr,a
      000068 E4               [12]  228 	clr	a
      000069 A3               [24]  229 	inc	dptr
      00006A F0               [24]  230 	movx	@dptr,a
                                    231 ;	_fsdiv.c:288: exp -= EXP (fl2.l);
      00006B 90r00r0C         [24]  232 	mov	dptr,#___fsdiv_org_fl2_1_21
      00006E E0               [24]  233 	movx	a,@dptr
      00006F A3               [24]  234 	inc	dptr
      000070 E0               [24]  235 	movx	a,@dptr
      000071 A3               [24]  236 	inc	dptr
      000072 E0               [24]  237 	movx	a,@dptr
      000073 FE               [12]  238 	mov	r6,a
      000074 A3               [24]  239 	inc	dptr
      000075 E0               [24]  240 	movx	a,@dptr
      000076 8E 04            [24]  241 	mov	ar4,r6
      000078 A2 E7            [12]  242 	mov	c,acc.7
      00007A CC               [12]  243 	xch	a,r4
      00007B 33               [12]  244 	rlc	a
      00007C CC               [12]  245 	xch	a,r4
      00007D 33               [12]  246 	rlc	a
      00007E CC               [12]  247 	xch	a,r4
      00007F 54 01            [12]  248 	anl	a,#0x01
      000081 7D 00            [12]  249 	mov	r5,#0x00
      000083 90r00r20         [24]  250 	mov	dptr,#___fsdiv_org_exp_1_21
      000086 E0               [24]  251 	movx	a,@dptr
      000087 FE               [12]  252 	mov	r6,a
      000088 A3               [24]  253 	inc	dptr
      000089 E0               [24]  254 	movx	a,@dptr
      00008A FF               [12]  255 	mov	r7,a
      00008B 33               [12]  256 	rlc	a
      00008C 95 E0            [12]  257 	subb	a,acc
      00008E FA               [12]  258 	mov	r2,a
      00008F 90r00r20         [24]  259 	mov	dptr,#___fsdiv_org_exp_1_21
      000092 EE               [12]  260 	mov	a,r6
      000093 C3               [12]  261 	clr	c
      000094 9C               [12]  262 	subb	a,r4
      000095 F0               [24]  263 	movx	@dptr,a
      000096 EF               [12]  264 	mov	a,r7
      000097 9D               [12]  265 	subb	a,r5
      000098 A3               [24]  266 	inc	dptr
      000099 F0               [24]  267 	movx	@dptr,a
                                    268 ;	_fsdiv.c:289: exp += EXCESS;
      00009A 90r00r20         [24]  269 	mov	dptr,#___fsdiv_org_exp_1_21
      00009D E0               [24]  270 	movx	a,@dptr
      00009E FE               [12]  271 	mov	r6,a
      00009F A3               [24]  272 	inc	dptr
      0000A0 E0               [24]  273 	movx	a,@dptr
      0000A1 FF               [12]  274 	mov	r7,a
      0000A2 90r00r20         [24]  275 	mov	dptr,#___fsdiv_org_exp_1_21
      0000A5 74 7E            [12]  276 	mov	a,#0x7e
      0000A7 2E               [12]  277 	add	a,r6
      0000A8 F0               [24]  278 	movx	@dptr,a
      0000A9 E4               [12]  279 	clr	a
      0000AA 3F               [12]  280 	addc	a,r7
      0000AB A3               [24]  281 	inc	dptr
      0000AC F0               [24]  282 	movx	@dptr,a
                                    283 ;	_fsdiv.c:292: sign = SIGN (fl1.l) ^ SIGN (fl2.l);
      0000AD 90r00r08         [24]  284 	mov	dptr,#___fsdiv_org_fl1_1_21
      0000B0 E0               [24]  285 	movx	a,@dptr
      0000B1 A3               [24]  286 	inc	dptr
      0000B2 E0               [24]  287 	movx	a,@dptr
      0000B3 A3               [24]  288 	inc	dptr
      0000B4 E0               [24]  289 	movx	a,@dptr
      0000B5 A3               [24]  290 	inc	dptr
      0000B6 E0               [24]  291 	movx	a,@dptr
      0000B7 23               [12]  292 	rl	a
      0000B8 54 01            [12]  293 	anl	a,#0x01
      0000BA FC               [12]  294 	mov	r4,a
      0000BB 90r00r0C         [24]  295 	mov	dptr,#___fsdiv_org_fl2_1_21
      0000BE E0               [24]  296 	movx	a,@dptr
      0000BF A3               [24]  297 	inc	dptr
      0000C0 E0               [24]  298 	movx	a,@dptr
      0000C1 A3               [24]  299 	inc	dptr
      0000C2 E0               [24]  300 	movx	a,@dptr
      0000C3 A3               [24]  301 	inc	dptr
      0000C4 E0               [24]  302 	movx	a,@dptr
      0000C5 23               [12]  303 	rl	a
      0000C6 54 01            [12]  304 	anl	a,#0x01
      0000C8 6C               [12]  305 	xrl	a,r4
      0000C9 FF               [12]  306 	mov	r7,a
                                    307 ;	_fsdiv.c:295: if (!fl2.l)
      0000CA 90r00r0C         [24]  308 	mov	dptr,#___fsdiv_org_fl2_1_21
      0000CD E0               [24]  309 	movx	a,@dptr
      0000CE FB               [12]  310 	mov	r3,a
      0000CF A3               [24]  311 	inc	dptr
      0000D0 E0               [24]  312 	movx	a,@dptr
      0000D1 FC               [12]  313 	mov	r4,a
      0000D2 A3               [24]  314 	inc	dptr
      0000D3 E0               [24]  315 	movx	a,@dptr
      0000D4 FD               [12]  316 	mov	r5,a
      0000D5 A3               [24]  317 	inc	dptr
      0000D6 E0               [24]  318 	movx	a,@dptr
      0000D7 FE               [12]  319 	mov	r6,a
      0000D8 EB               [12]  320 	mov	a,r3
      0000D9 4C               [12]  321 	orl	a,r4
      0000DA 4D               [12]  322 	orl	a,r5
      0000DB 4E               [12]  323 	orl	a,r6
      0000DC 70 23            [24]  324 	jnz	00102$
                                    325 ;	_fsdiv.c:297: fl2.l = 0x7FC00000;
      0000DE 90r00r0C         [24]  326 	mov	dptr,#___fsdiv_org_fl2_1_21
      0000E1 E4               [12]  327 	clr	a
      0000E2 F0               [24]  328 	movx	@dptr,a
      0000E3 A3               [24]  329 	inc	dptr
      0000E4 F0               [24]  330 	movx	@dptr,a
      0000E5 74 C0            [12]  331 	mov	a,#0xc0
      0000E7 A3               [24]  332 	inc	dptr
      0000E8 F0               [24]  333 	movx	@dptr,a
      0000E9 74 7F            [12]  334 	mov	a,#0x7f
      0000EB A3               [24]  335 	inc	dptr
      0000EC F0               [24]  336 	movx	@dptr,a
                                    337 ;	_fsdiv.c:298: return (fl2.f);
      0000ED 90r00r0C         [24]  338 	mov	dptr,#___fsdiv_org_fl2_1_21
      0000F0 E0               [24]  339 	movx	a,@dptr
      0000F1 FB               [12]  340 	mov	r3,a
      0000F2 A3               [24]  341 	inc	dptr
      0000F3 E0               [24]  342 	movx	a,@dptr
      0000F4 FC               [12]  343 	mov	r4,a
      0000F5 A3               [24]  344 	inc	dptr
      0000F6 E0               [24]  345 	movx	a,@dptr
      0000F7 FD               [12]  346 	mov	r5,a
      0000F8 A3               [24]  347 	inc	dptr
      0000F9 E0               [24]  348 	movx	a,@dptr
      0000FA 8B 82            [24]  349 	mov	dpl,r3
      0000FC 8C 83            [24]  350 	mov	dph,r4
      0000FE 8D F0            [24]  351 	mov	b,r5
      000100 22               [24]  352 	ret
      000101                        353 00102$:
                                    354 ;	_fsdiv.c:302: if (!fl1.l)
      000101 90r00r08         [24]  355 	mov	dptr,#___fsdiv_org_fl1_1_21
      000104 E0               [24]  356 	movx	a,@dptr
      000105 FB               [12]  357 	mov	r3,a
      000106 A3               [24]  358 	inc	dptr
      000107 E0               [24]  359 	movx	a,@dptr
      000108 FC               [12]  360 	mov	r4,a
      000109 A3               [24]  361 	inc	dptr
      00010A E0               [24]  362 	movx	a,@dptr
      00010B FD               [12]  363 	mov	r5,a
      00010C A3               [24]  364 	inc	dptr
      00010D E0               [24]  365 	movx	a,@dptr
      00010E FE               [12]  366 	mov	r6,a
      00010F EB               [12]  367 	mov	a,r3
      000110 4C               [12]  368 	orl	a,r4
      000111 4D               [12]  369 	orl	a,r5
      000112 4E               [12]  370 	orl	a,r6
      000113 70 07            [24]  371 	jnz	00104$
                                    372 ;	_fsdiv.c:303: return (0);
      000115 90 00 00         [24]  373 	mov	dptr,#(0x00&0x00ff)
      000118 E4               [12]  374 	clr	a
      000119 F5 F0            [12]  375 	mov	b,a
      00011B 22               [24]  376 	ret
      00011C                        377 00104$:
                                    378 ;	_fsdiv.c:306: mant1 = MANT (fl1.l);
      00011C C0 07            [24]  379 	push	ar7
      00011E 90r00r08         [24]  380 	mov	dptr,#___fsdiv_org_fl1_1_21
      000121 E0               [24]  381 	movx	a,@dptr
      000122 FB               [12]  382 	mov	r3,a
      000123 A3               [24]  383 	inc	dptr
      000124 E0               [24]  384 	movx	a,@dptr
      000125 FC               [12]  385 	mov	r4,a
      000126 A3               [24]  386 	inc	dptr
      000127 E0               [24]  387 	movx	a,@dptr
      000128 FD               [12]  388 	mov	r5,a
      000129 A3               [24]  389 	inc	dptr
      00012A E0               [24]  390 	movx	a,@dptr
      00012B 53 05 7F         [24]  391 	anl	ar5,#0x7f
      00012E 7E 00            [12]  392 	mov	r6,#0x00
      000130 90r00r18         [24]  393 	mov	dptr,#___fsdiv_org_mant1_1_21
      000133 EB               [12]  394 	mov	a,r3
      000134 F0               [24]  395 	movx	@dptr,a
      000135 EC               [12]  396 	mov	a,r4
      000136 A3               [24]  397 	inc	dptr
      000137 F0               [24]  398 	movx	@dptr,a
      000138 74 80            [12]  399 	mov	a,#0x80
      00013A 4D               [12]  400 	orl	a,r5
      00013B A3               [24]  401 	inc	dptr
      00013C F0               [24]  402 	movx	@dptr,a
      00013D EE               [12]  403 	mov	a,r6
      00013E A3               [24]  404 	inc	dptr
      00013F F0               [24]  405 	movx	@dptr,a
                                    406 ;	_fsdiv.c:307: mant2 = MANT (fl2.l);
      000140 90r00r0C         [24]  407 	mov	dptr,#___fsdiv_org_fl2_1_21
      000143 E0               [24]  408 	movx	a,@dptr
      000144 FB               [12]  409 	mov	r3,a
      000145 A3               [24]  410 	inc	dptr
      000146 E0               [24]  411 	movx	a,@dptr
      000147 FC               [12]  412 	mov	r4,a
      000148 A3               [24]  413 	inc	dptr
      000149 E0               [24]  414 	movx	a,@dptr
      00014A FD               [12]  415 	mov	r5,a
      00014B A3               [24]  416 	inc	dptr
      00014C E0               [24]  417 	movx	a,@dptr
      00014D 53 05 7F         [24]  418 	anl	ar5,#0x7f
      000150 7E 00            [12]  419 	mov	r6,#0x00
      000152 90r00r1C         [24]  420 	mov	dptr,#___fsdiv_org_mant2_1_21
      000155 EB               [12]  421 	mov	a,r3
      000156 F0               [24]  422 	movx	@dptr,a
      000157 EC               [12]  423 	mov	a,r4
      000158 A3               [24]  424 	inc	dptr
      000159 F0               [24]  425 	movx	@dptr,a
      00015A 74 80            [12]  426 	mov	a,#0x80
      00015C 4D               [12]  427 	orl	a,r5
      00015D A3               [24]  428 	inc	dptr
      00015E F0               [24]  429 	movx	@dptr,a
      00015F EE               [12]  430 	mov	a,r6
      000160 A3               [24]  431 	inc	dptr
      000161 F0               [24]  432 	movx	@dptr,a
                                    433 ;	_fsdiv.c:310: if (mant1 < mant2)
      000162 90r00r18         [24]  434 	mov	dptr,#___fsdiv_org_mant1_1_21
      000165 E0               [24]  435 	movx	a,@dptr
      000166 FB               [12]  436 	mov	r3,a
      000167 A3               [24]  437 	inc	dptr
      000168 E0               [24]  438 	movx	a,@dptr
      000169 FC               [12]  439 	mov	r4,a
      00016A A3               [24]  440 	inc	dptr
      00016B E0               [24]  441 	movx	a,@dptr
      00016C FD               [12]  442 	mov	r5,a
      00016D A3               [24]  443 	inc	dptr
      00016E E0               [24]  444 	movx	a,@dptr
      00016F FE               [12]  445 	mov	r6,a
      000170 90r00r1C         [24]  446 	mov	dptr,#___fsdiv_org_mant2_1_21
      000173 E0               [24]  447 	movx	a,@dptr
      000174 F8               [12]  448 	mov	r0,a
      000175 A3               [24]  449 	inc	dptr
      000176 E0               [24]  450 	movx	a,@dptr
      000177 F9               [12]  451 	mov	r1,a
      000178 A3               [24]  452 	inc	dptr
      000179 E0               [24]  453 	movx	a,@dptr
      00017A FA               [12]  454 	mov	r2,a
      00017B A3               [24]  455 	inc	dptr
      00017C E0               [24]  456 	movx	a,@dptr
      00017D FF               [12]  457 	mov	r7,a
      00017E C3               [12]  458 	clr	c
      00017F EB               [12]  459 	mov	a,r3
      000180 98               [12]  460 	subb	a,r0
      000181 EC               [12]  461 	mov	a,r4
      000182 99               [12]  462 	subb	a,r1
      000183 ED               [12]  463 	mov	a,r5
      000184 9A               [12]  464 	subb	a,r2
      000185 EE               [12]  465 	mov	a,r6
      000186 64 80            [12]  466 	xrl	a,#0x80
      000188 8F F0            [24]  467 	mov	b,r7
      00018A 63 F0 80         [24]  468 	xrl	b,#0x80
      00018D 95 F0            [12]  469 	subb	a,b
      00018F D0 07            [24]  470 	pop	ar7
      000191 50 3C            [24]  471 	jnc	00106$
                                    472 ;	_fsdiv.c:312: mant1 <<= 1;
      000193 90r00r18         [24]  473 	mov	dptr,#___fsdiv_org_mant1_1_21
      000196 E0               [24]  474 	movx	a,@dptr
      000197 FB               [12]  475 	mov	r3,a
      000198 A3               [24]  476 	inc	dptr
      000199 E0               [24]  477 	movx	a,@dptr
      00019A FC               [12]  478 	mov	r4,a
      00019B A3               [24]  479 	inc	dptr
      00019C E0               [24]  480 	movx	a,@dptr
      00019D FD               [12]  481 	mov	r5,a
      00019E A3               [24]  482 	inc	dptr
      00019F E0               [24]  483 	movx	a,@dptr
      0001A0 FE               [12]  484 	mov	r6,a
      0001A1 EB               [12]  485 	mov	a,r3
      0001A2 2B               [12]  486 	add	a,r3
      0001A3 FB               [12]  487 	mov	r3,a
      0001A4 EC               [12]  488 	mov	a,r4
      0001A5 33               [12]  489 	rlc	a
      0001A6 FC               [12]  490 	mov	r4,a
      0001A7 ED               [12]  491 	mov	a,r5
      0001A8 33               [12]  492 	rlc	a
      0001A9 FD               [12]  493 	mov	r5,a
      0001AA EE               [12]  494 	mov	a,r6
      0001AB 33               [12]  495 	rlc	a
      0001AC FE               [12]  496 	mov	r6,a
      0001AD 90r00r18         [24]  497 	mov	dptr,#___fsdiv_org_mant1_1_21
      0001B0 EB               [12]  498 	mov	a,r3
      0001B1 F0               [24]  499 	movx	@dptr,a
      0001B2 EC               [12]  500 	mov	a,r4
      0001B3 A3               [24]  501 	inc	dptr
      0001B4 F0               [24]  502 	movx	@dptr,a
      0001B5 ED               [12]  503 	mov	a,r5
      0001B6 A3               [24]  504 	inc	dptr
      0001B7 F0               [24]  505 	movx	@dptr,a
      0001B8 EE               [12]  506 	mov	a,r6
      0001B9 A3               [24]  507 	inc	dptr
      0001BA F0               [24]  508 	movx	@dptr,a
                                    509 ;	_fsdiv.c:313: exp--;
      0001BB 90r00r20         [24]  510 	mov	dptr,#___fsdiv_org_exp_1_21
      0001BE E0               [24]  511 	movx	a,@dptr
      0001BF 24 FF            [12]  512 	add	a,#0xff
      0001C1 FD               [12]  513 	mov	r5,a
      0001C2 A3               [24]  514 	inc	dptr
      0001C3 E0               [24]  515 	movx	a,@dptr
      0001C4 34 FF            [12]  516 	addc	a,#0xff
      0001C6 FE               [12]  517 	mov	r6,a
      0001C7 90r00r20         [24]  518 	mov	dptr,#___fsdiv_org_exp_1_21
      0001CA ED               [12]  519 	mov	a,r5
      0001CB F0               [24]  520 	movx	@dptr,a
      0001CC EE               [12]  521 	mov	a,r6
      0001CD A3               [24]  522 	inc	dptr
      0001CE F0               [24]  523 	movx	@dptr,a
      0001CF                        524 00106$:
                                    525 ;	_fsdiv.c:317: mask = 0x1000000;
      0001CF 90r00r14         [24]  526 	mov	dptr,#___fsdiv_org_mask_1_21
      0001D2 E4               [12]  527 	clr	a
      0001D3 F0               [24]  528 	movx	@dptr,a
      0001D4 A3               [24]  529 	inc	dptr
      0001D5 F0               [24]  530 	movx	@dptr,a
      0001D6 A3               [24]  531 	inc	dptr
      0001D7 F0               [24]  532 	movx	@dptr,a
      0001D8 04               [12]  533 	inc	a
      0001D9 A3               [24]  534 	inc	dptr
      0001DA F0               [24]  535 	movx	@dptr,a
                                    536 ;	_fsdiv.c:318: result = 0;
      0001DB 90r00r10         [24]  537 	mov	dptr,#___fsdiv_org_result_1_21
      0001DE E4               [12]  538 	clr	a
      0001DF F0               [24]  539 	movx	@dptr,a
      0001E0 A3               [24]  540 	inc	dptr
      0001E1 F0               [24]  541 	movx	@dptr,a
      0001E2 A3               [24]  542 	inc	dptr
      0001E3 F0               [24]  543 	movx	@dptr,a
      0001E4 A3               [24]  544 	inc	dptr
      0001E5 F0               [24]  545 	movx	@dptr,a
                                    546 ;	_fsdiv.c:319: while (mask)
      0001E6                        547 00109$:
      0001E6 90r00r14         [24]  548 	mov	dptr,#___fsdiv_org_mask_1_21
      0001E9 E0               [24]  549 	movx	a,@dptr
      0001EA FB               [12]  550 	mov	r3,a
      0001EB A3               [24]  551 	inc	dptr
      0001EC E0               [24]  552 	movx	a,@dptr
      0001ED FC               [12]  553 	mov	r4,a
      0001EE A3               [24]  554 	inc	dptr
      0001EF E0               [24]  555 	movx	a,@dptr
      0001F0 FD               [12]  556 	mov	r5,a
      0001F1 A3               [24]  557 	inc	dptr
      0001F2 E0               [24]  558 	movx	a,@dptr
      0001F3 FE               [12]  559 	mov	r6,a
      0001F4 EB               [12]  560 	mov	a,r3
      0001F5 4C               [12]  561 	orl	a,r4
      0001F6 4D               [12]  562 	orl	a,r5
      0001F7 4E               [12]  563 	orl	a,r6
      0001F8 70 03            [24]  564 	jnz	00157$
      0001FA 02r02rE2         [24]  565 	ljmp	00111$
      0001FD                        566 00157$:
                                    567 ;	_fsdiv.c:321: if (mant1 >= mant2)
      0001FD C0 07            [24]  568 	push	ar7
      0001FF 90r00r18         [24]  569 	mov	dptr,#___fsdiv_org_mant1_1_21
      000202 E0               [24]  570 	movx	a,@dptr
      000203 FB               [12]  571 	mov	r3,a
      000204 A3               [24]  572 	inc	dptr
      000205 E0               [24]  573 	movx	a,@dptr
      000206 FC               [12]  574 	mov	r4,a
      000207 A3               [24]  575 	inc	dptr
      000208 E0               [24]  576 	movx	a,@dptr
      000209 FD               [12]  577 	mov	r5,a
      00020A A3               [24]  578 	inc	dptr
      00020B E0               [24]  579 	movx	a,@dptr
      00020C FE               [12]  580 	mov	r6,a
      00020D 90r00r1C         [24]  581 	mov	dptr,#___fsdiv_org_mant2_1_21
      000210 E0               [24]  582 	movx	a,@dptr
      000211 F8               [12]  583 	mov	r0,a
      000212 A3               [24]  584 	inc	dptr
      000213 E0               [24]  585 	movx	a,@dptr
      000214 F9               [12]  586 	mov	r1,a
      000215 A3               [24]  587 	inc	dptr
      000216 E0               [24]  588 	movx	a,@dptr
      000217 FA               [12]  589 	mov	r2,a
      000218 A3               [24]  590 	inc	dptr
      000219 E0               [24]  591 	movx	a,@dptr
      00021A FF               [12]  592 	mov	r7,a
      00021B C3               [12]  593 	clr	c
      00021C EB               [12]  594 	mov	a,r3
      00021D 98               [12]  595 	subb	a,r0
      00021E EC               [12]  596 	mov	a,r4
      00021F 99               [12]  597 	subb	a,r1
      000220 ED               [12]  598 	mov	a,r5
      000221 9A               [12]  599 	subb	a,r2
      000222 EE               [12]  600 	mov	a,r6
      000223 64 80            [12]  601 	xrl	a,#0x80
      000225 8F F0            [24]  602 	mov	b,r7
      000227 63 F0 80         [24]  603 	xrl	b,#0x80
      00022A 95 F0            [12]  604 	subb	a,b
      00022C D0 07            [24]  605 	pop	ar7
      00022E 40 61            [24]  606 	jc	00108$
                                    607 ;	_fsdiv.c:323: result |= mask;
      000230 C0 07            [24]  608 	push	ar7
      000232 90r00r14         [24]  609 	mov	dptr,#___fsdiv_org_mask_1_21
      000235 E0               [24]  610 	movx	a,@dptr
      000236 FB               [12]  611 	mov	r3,a
      000237 A3               [24]  612 	inc	dptr
      000238 E0               [24]  613 	movx	a,@dptr
      000239 FC               [12]  614 	mov	r4,a
      00023A A3               [24]  615 	inc	dptr
      00023B E0               [24]  616 	movx	a,@dptr
      00023C FD               [12]  617 	mov	r5,a
      00023D A3               [24]  618 	inc	dptr
      00023E E0               [24]  619 	movx	a,@dptr
      00023F FE               [12]  620 	mov	r6,a
      000240 90r00r10         [24]  621 	mov	dptr,#___fsdiv_org_result_1_21
      000243 E0               [24]  622 	movx	a,@dptr
      000244 F8               [12]  623 	mov	r0,a
      000245 A3               [24]  624 	inc	dptr
      000246 E0               [24]  625 	movx	a,@dptr
      000247 F9               [12]  626 	mov	r1,a
      000248 A3               [24]  627 	inc	dptr
      000249 E0               [24]  628 	movx	a,@dptr
      00024A FA               [12]  629 	mov	r2,a
      00024B A3               [24]  630 	inc	dptr
      00024C E0               [24]  631 	movx	a,@dptr
      00024D FF               [12]  632 	mov	r7,a
      00024E 90r00r10         [24]  633 	mov	dptr,#___fsdiv_org_result_1_21
      000251 EB               [12]  634 	mov	a,r3
      000252 48               [12]  635 	orl	a,r0
      000253 F0               [24]  636 	movx	@dptr,a
      000254 EC               [12]  637 	mov	a,r4
      000255 49               [12]  638 	orl	a,r1
      000256 A3               [24]  639 	inc	dptr
      000257 F0               [24]  640 	movx	@dptr,a
      000258 ED               [12]  641 	mov	a,r5
      000259 4A               [12]  642 	orl	a,r2
      00025A A3               [24]  643 	inc	dptr
      00025B F0               [24]  644 	movx	@dptr,a
      00025C EE               [12]  645 	mov	a,r6
      00025D 4F               [12]  646 	orl	a,r7
      00025E A3               [24]  647 	inc	dptr
      00025F F0               [24]  648 	movx	@dptr,a
                                    649 ;	_fsdiv.c:324: mant1 -= mant2;
      000260 90r00r1C         [24]  650 	mov	dptr,#___fsdiv_org_mant2_1_21
      000263 E0               [24]  651 	movx	a,@dptr
      000264 FC               [12]  652 	mov	r4,a
      000265 A3               [24]  653 	inc	dptr
      000266 E0               [24]  654 	movx	a,@dptr
      000267 FD               [12]  655 	mov	r5,a
      000268 A3               [24]  656 	inc	dptr
      000269 E0               [24]  657 	movx	a,@dptr
      00026A FE               [12]  658 	mov	r6,a
      00026B A3               [24]  659 	inc	dptr
      00026C E0               [24]  660 	movx	a,@dptr
      00026D FF               [12]  661 	mov	r7,a
      00026E 90r00r18         [24]  662 	mov	dptr,#___fsdiv_org_mant1_1_21
      000271 E0               [24]  663 	movx	a,@dptr
      000272 F8               [12]  664 	mov	r0,a
      000273 A3               [24]  665 	inc	dptr
      000274 E0               [24]  666 	movx	a,@dptr
      000275 F9               [12]  667 	mov	r1,a
      000276 A3               [24]  668 	inc	dptr
      000277 E0               [24]  669 	movx	a,@dptr
      000278 FA               [12]  670 	mov	r2,a
      000279 A3               [24]  671 	inc	dptr
      00027A E0               [24]  672 	movx	a,@dptr
      00027B FB               [12]  673 	mov	r3,a
      00027C 90r00r18         [24]  674 	mov	dptr,#___fsdiv_org_mant1_1_21
      00027F E8               [12]  675 	mov	a,r0
      000280 C3               [12]  676 	clr	c
      000281 9C               [12]  677 	subb	a,r4
      000282 F0               [24]  678 	movx	@dptr,a
      000283 E9               [12]  679 	mov	a,r1
      000284 9D               [12]  680 	subb	a,r5
      000285 A3               [24]  681 	inc	dptr
      000286 F0               [24]  682 	movx	@dptr,a
      000287 EA               [12]  683 	mov	a,r2
      000288 9E               [12]  684 	subb	a,r6
      000289 A3               [24]  685 	inc	dptr
      00028A F0               [24]  686 	movx	@dptr,a
      00028B EB               [12]  687 	mov	a,r3
      00028C 9F               [12]  688 	subb	a,r7
      00028D A3               [24]  689 	inc	dptr
      00028E F0               [24]  690 	movx	@dptr,a
                                    691 ;	_fsdiv.c:346: return (fl1.f);
      00028F D0 07            [24]  692 	pop	ar7
                                    693 ;	_fsdiv.c:324: mant1 -= mant2;
      000291                        694 00108$:
                                    695 ;	_fsdiv.c:326: mant1 <<= 1;
      000291 90r00r18         [24]  696 	mov	dptr,#___fsdiv_org_mant1_1_21
      000294 E0               [24]  697 	movx	a,@dptr
      000295 FB               [12]  698 	mov	r3,a
      000296 A3               [24]  699 	inc	dptr
      000297 E0               [24]  700 	movx	a,@dptr
      000298 FC               [12]  701 	mov	r4,a
      000299 A3               [24]  702 	inc	dptr
      00029A E0               [24]  703 	movx	a,@dptr
      00029B FD               [12]  704 	mov	r5,a
      00029C A3               [24]  705 	inc	dptr
      00029D E0               [24]  706 	movx	a,@dptr
      00029E FE               [12]  707 	mov	r6,a
      00029F EB               [12]  708 	mov	a,r3
      0002A0 2B               [12]  709 	add	a,r3
      0002A1 FB               [12]  710 	mov	r3,a
      0002A2 EC               [12]  711 	mov	a,r4
      0002A3 33               [12]  712 	rlc	a
      0002A4 FC               [12]  713 	mov	r4,a
      0002A5 ED               [12]  714 	mov	a,r5
      0002A6 33               [12]  715 	rlc	a
      0002A7 FD               [12]  716 	mov	r5,a
      0002A8 EE               [12]  717 	mov	a,r6
      0002A9 33               [12]  718 	rlc	a
      0002AA FE               [12]  719 	mov	r6,a
      0002AB 90r00r18         [24]  720 	mov	dptr,#___fsdiv_org_mant1_1_21
      0002AE EB               [12]  721 	mov	a,r3
      0002AF F0               [24]  722 	movx	@dptr,a
      0002B0 EC               [12]  723 	mov	a,r4
      0002B1 A3               [24]  724 	inc	dptr
      0002B2 F0               [24]  725 	movx	@dptr,a
      0002B3 ED               [12]  726 	mov	a,r5
      0002B4 A3               [24]  727 	inc	dptr
      0002B5 F0               [24]  728 	movx	@dptr,a
      0002B6 EE               [12]  729 	mov	a,r6
      0002B7 A3               [24]  730 	inc	dptr
      0002B8 F0               [24]  731 	movx	@dptr,a
                                    732 ;	_fsdiv.c:327: mask >>= 1;
      0002B9 90r00r14         [24]  733 	mov	dptr,#___fsdiv_org_mask_1_21
      0002BC E0               [24]  734 	movx	a,@dptr
      0002BD FB               [12]  735 	mov	r3,a
      0002BE A3               [24]  736 	inc	dptr
      0002BF E0               [24]  737 	movx	a,@dptr
      0002C0 FC               [12]  738 	mov	r4,a
      0002C1 A3               [24]  739 	inc	dptr
      0002C2 E0               [24]  740 	movx	a,@dptr
      0002C3 FD               [12]  741 	mov	r5,a
      0002C4 A3               [24]  742 	inc	dptr
      0002C5 E0               [24]  743 	movx	a,@dptr
      0002C6 C3               [12]  744 	clr	c
      0002C7 13               [12]  745 	rrc	a
      0002C8 FE               [12]  746 	mov	r6,a
      0002C9 ED               [12]  747 	mov	a,r5
      0002CA 13               [12]  748 	rrc	a
      0002CB FD               [12]  749 	mov	r5,a
      0002CC EC               [12]  750 	mov	a,r4
      0002CD 13               [12]  751 	rrc	a
      0002CE FC               [12]  752 	mov	r4,a
      0002CF EB               [12]  753 	mov	a,r3
      0002D0 13               [12]  754 	rrc	a
      0002D1 FB               [12]  755 	mov	r3,a
      0002D2 90r00r14         [24]  756 	mov	dptr,#___fsdiv_org_mask_1_21
      0002D5 F0               [24]  757 	movx	@dptr,a
      0002D6 EC               [12]  758 	mov	a,r4
      0002D7 A3               [24]  759 	inc	dptr
      0002D8 F0               [24]  760 	movx	@dptr,a
      0002D9 ED               [12]  761 	mov	a,r5
      0002DA A3               [24]  762 	inc	dptr
      0002DB F0               [24]  763 	movx	@dptr,a
      0002DC EE               [12]  764 	mov	a,r6
      0002DD A3               [24]  765 	inc	dptr
      0002DE F0               [24]  766 	movx	@dptr,a
      0002DF 02r01rE6         [24]  767 	ljmp	00109$
      0002E2                        768 00111$:
                                    769 ;	_fsdiv.c:331: result += 1;
      0002E2 90r00r10         [24]  770 	mov	dptr,#___fsdiv_org_result_1_21
      0002E5 E0               [24]  771 	movx	a,@dptr
      0002E6 FB               [12]  772 	mov	r3,a
      0002E7 A3               [24]  773 	inc	dptr
      0002E8 E0               [24]  774 	movx	a,@dptr
      0002E9 FC               [12]  775 	mov	r4,a
      0002EA A3               [24]  776 	inc	dptr
      0002EB E0               [24]  777 	movx	a,@dptr
      0002EC FD               [12]  778 	mov	r5,a
      0002ED A3               [24]  779 	inc	dptr
      0002EE E0               [24]  780 	movx	a,@dptr
      0002EF FE               [12]  781 	mov	r6,a
      0002F0 90r00r10         [24]  782 	mov	dptr,#___fsdiv_org_result_1_21
      0002F3 74 01            [12]  783 	mov	a,#0x01
      0002F5 2B               [12]  784 	add	a,r3
      0002F6 F0               [24]  785 	movx	@dptr,a
      0002F7 E4               [12]  786 	clr	a
      0002F8 3C               [12]  787 	addc	a,r4
      0002F9 A3               [24]  788 	inc	dptr
      0002FA F0               [24]  789 	movx	@dptr,a
      0002FB E4               [12]  790 	clr	a
      0002FC 3D               [12]  791 	addc	a,r5
      0002FD A3               [24]  792 	inc	dptr
      0002FE F0               [24]  793 	movx	@dptr,a
      0002FF E4               [12]  794 	clr	a
      000300 3E               [12]  795 	addc	a,r6
      000301 A3               [24]  796 	inc	dptr
      000302 F0               [24]  797 	movx	@dptr,a
                                    798 ;	_fsdiv.c:334: exp++;
      000303 90r00r20         [24]  799 	mov	dptr,#___fsdiv_org_exp_1_21
      000306 E0               [24]  800 	movx	a,@dptr
      000307 24 01            [12]  801 	add	a,#0x01
      000309 F0               [24]  802 	movx	@dptr,a
      00030A A3               [24]  803 	inc	dptr
      00030B E0               [24]  804 	movx	a,@dptr
      00030C 34 00            [12]  805 	addc	a,#0x00
      00030E F0               [24]  806 	movx	@dptr,a
                                    807 ;	_fsdiv.c:335: result >>= 1;
      00030F 90r00r10         [24]  808 	mov	dptr,#___fsdiv_org_result_1_21
      000312 E0               [24]  809 	movx	a,@dptr
      000313 FB               [12]  810 	mov	r3,a
      000314 A3               [24]  811 	inc	dptr
      000315 E0               [24]  812 	movx	a,@dptr
      000316 FC               [12]  813 	mov	r4,a
      000317 A3               [24]  814 	inc	dptr
      000318 E0               [24]  815 	movx	a,@dptr
      000319 FD               [12]  816 	mov	r5,a
      00031A A3               [24]  817 	inc	dptr
      00031B E0               [24]  818 	movx	a,@dptr
      00031C A2 E7            [12]  819 	mov	c,acc.7
      00031E 13               [12]  820 	rrc	a
      00031F FE               [12]  821 	mov	r6,a
      000320 ED               [12]  822 	mov	a,r5
      000321 13               [12]  823 	rrc	a
      000322 FD               [12]  824 	mov	r5,a
      000323 EC               [12]  825 	mov	a,r4
      000324 13               [12]  826 	rrc	a
      000325 FC               [12]  827 	mov	r4,a
      000326 EB               [12]  828 	mov	a,r3
      000327 13               [12]  829 	rrc	a
      000328 90r00r10         [24]  830 	mov	dptr,#___fsdiv_org_result_1_21
      00032B F0               [24]  831 	movx	@dptr,a
      00032C EC               [12]  832 	mov	a,r4
      00032D A3               [24]  833 	inc	dptr
      00032E F0               [24]  834 	movx	@dptr,a
      00032F ED               [12]  835 	mov	a,r5
      000330 A3               [24]  836 	inc	dptr
      000331 F0               [24]  837 	movx	@dptr,a
      000332 EE               [12]  838 	mov	a,r6
      000333 A3               [24]  839 	inc	dptr
      000334 F0               [24]  840 	movx	@dptr,a
                                    841 ;	_fsdiv.c:337: result &= ~HIDDEN;
      000335 90r00r10         [24]  842 	mov	dptr,#___fsdiv_org_result_1_21
      000338 E0               [24]  843 	movx	a,@dptr
      000339 FB               [12]  844 	mov	r3,a
      00033A A3               [24]  845 	inc	dptr
      00033B E0               [24]  846 	movx	a,@dptr
      00033C FC               [12]  847 	mov	r4,a
      00033D A3               [24]  848 	inc	dptr
      00033E E0               [24]  849 	movx	a,@dptr
      00033F FD               [12]  850 	mov	r5,a
      000340 A3               [24]  851 	inc	dptr
      000341 E0               [24]  852 	movx	a,@dptr
      000342 FE               [12]  853 	mov	r6,a
      000343 90r00r10         [24]  854 	mov	dptr,#___fsdiv_org_result_1_21
      000346 EB               [12]  855 	mov	a,r3
      000347 F0               [24]  856 	movx	@dptr,a
      000348 EC               [12]  857 	mov	a,r4
      000349 A3               [24]  858 	inc	dptr
      00034A F0               [24]  859 	movx	@dptr,a
      00034B 74 7F            [12]  860 	mov	a,#0x7f
      00034D 5D               [12]  861 	anl	a,r5
      00034E A3               [24]  862 	inc	dptr
      00034F F0               [24]  863 	movx	@dptr,a
      000350 EE               [12]  864 	mov	a,r6
      000351 A3               [24]  865 	inc	dptr
      000352 F0               [24]  866 	movx	@dptr,a
                                    867 ;	_fsdiv.c:340: if (exp >= 0x100)
      000353 90r00r20         [24]  868 	mov	dptr,#___fsdiv_org_exp_1_21
      000356 E0               [24]  869 	movx	a,@dptr
      000357 FD               [12]  870 	mov	r5,a
      000358 A3               [24]  871 	inc	dptr
      000359 E0               [24]  872 	movx	a,@dptr
      00035A FE               [12]  873 	mov	r6,a
      00035B C3               [12]  874 	clr	c
      00035C 64 80            [12]  875 	xrl	a,#0x80
      00035E 94 81            [12]  876 	subb	a,#0x81
      000360 40 2B            [24]  877 	jc	00116$
                                    878 ;	_fsdiv.c:341: fl1.l = (sign ? SIGNBIT : 0) | __INFINITY;
      000362 EF               [12]  879 	mov	a,r7
      000363 60 0A            [24]  880 	jz	00120$
      000365 7B 00            [12]  881 	mov	r3,#0x00
      000367 7C 00            [12]  882 	mov	r4,#0x00
      000369 7D 00            [12]  883 	mov	r5,#0x00
      00036B 7E 80            [12]  884 	mov	r6,#0x80
      00036D 80 08            [24]  885 	sjmp	00121$
      00036F                        886 00120$:
      00036F 7B 00            [12]  887 	mov	r3,#0x00
      000371 7C 00            [12]  888 	mov	r4,#0x00
      000373 7D 00            [12]  889 	mov	r5,#0x00
      000375 7E 00            [12]  890 	mov	r6,#0x00
      000377                        891 00121$:
      000377 43 05 80         [24]  892 	orl	ar5,#0x80
      00037A 43 06 7F         [24]  893 	orl	ar6,#0x7f
      00037D 90r00r08         [24]  894 	mov	dptr,#___fsdiv_org_fl1_1_21
      000380 EB               [12]  895 	mov	a,r3
      000381 F0               [24]  896 	movx	@dptr,a
      000382 EC               [12]  897 	mov	a,r4
      000383 A3               [24]  898 	inc	dptr
      000384 F0               [24]  899 	movx	@dptr,a
      000385 ED               [12]  900 	mov	a,r5
      000386 A3               [24]  901 	inc	dptr
      000387 F0               [24]  902 	movx	@dptr,a
      000388 EE               [12]  903 	mov	a,r6
      000389 A3               [24]  904 	inc	dptr
      00038A F0               [24]  905 	movx	@dptr,a
      00038B 80 7C            [24]  906 	sjmp	00117$
      00038D                        907 00116$:
                                    908 ;	_fsdiv.c:342: else if (exp < 0)
      00038D 90r00r20         [24]  909 	mov	dptr,#___fsdiv_org_exp_1_21
      000390 E0               [24]  910 	movx	a,@dptr
      000391 FD               [12]  911 	mov	r5,a
      000392 A3               [24]  912 	inc	dptr
      000393 E0               [24]  913 	movx	a,@dptr
      000394 FE               [12]  914 	mov	r6,a
      000395 30 E7 0D         [24]  915 	jnb	acc.7,00113$
                                    916 ;	_fsdiv.c:343: fl1.l = 0;
      000398 90r00r08         [24]  917 	mov	dptr,#___fsdiv_org_fl1_1_21
      00039B E4               [12]  918 	clr	a
      00039C F0               [24]  919 	movx	@dptr,a
      00039D A3               [24]  920 	inc	dptr
      00039E F0               [24]  921 	movx	@dptr,a
      00039F A3               [24]  922 	inc	dptr
      0003A0 F0               [24]  923 	movx	@dptr,a
      0003A1 A3               [24]  924 	inc	dptr
      0003A2 F0               [24]  925 	movx	@dptr,a
      0003A3 80 64            [24]  926 	sjmp	00117$
      0003A5                        927 00113$:
                                    928 ;	_fsdiv.c:345: fl1.l = PACK (sign ? SIGNBIT : 0 , exp, result);
      0003A5 EF               [12]  929 	mov	a,r7
      0003A6 60 0A            [24]  930 	jz	00122$
      0003A8 7C 00            [12]  931 	mov	r4,#0x00
      0003AA 7D 00            [12]  932 	mov	r5,#0x00
      0003AC 7E 00            [12]  933 	mov	r6,#0x00
      0003AE 7F 80            [12]  934 	mov	r7,#0x80
      0003B0 80 08            [24]  935 	sjmp	00123$
      0003B2                        936 00122$:
      0003B2 7C 00            [12]  937 	mov	r4,#0x00
      0003B4 7D 00            [12]  938 	mov	r5,#0x00
      0003B6 7E 00            [12]  939 	mov	r6,#0x00
      0003B8 7F 00            [12]  940 	mov	r7,#0x00
      0003BA                        941 00123$:
      0003BA 90r00r20         [24]  942 	mov	dptr,#___fsdiv_org_exp_1_21
      0003BD E0               [24]  943 	movx	a,@dptr
      0003BE FA               [12]  944 	mov	r2,a
      0003BF A3               [24]  945 	inc	dptr
      0003C0 E0               [24]  946 	movx	a,@dptr
      0003C1 8A 00            [24]  947 	mov	ar0,r2
      0003C3 F9               [12]  948 	mov	r1,a
      0003C4 33               [12]  949 	rlc	a
      0003C5 95 E0            [12]  950 	subb	a,acc
      0003C7 88 02            [24]  951 	mov	ar2,r0
      0003C9 E9               [12]  952 	mov	a,r1
      0003CA 54 01            [12]  953 	anl	a,#0x01
      0003CC A2 E0            [12]  954 	mov	c,acc.0
      0003CE CA               [12]  955 	xch	a,r2
      0003CF 13               [12]  956 	rrc	a
      0003D0 CA               [12]  957 	xch	a,r2
      0003D1 13               [12]  958 	rrc	a
      0003D2 CA               [12]  959 	xch	a,r2
      0003D3 FB               [12]  960 	mov	r3,a
      0003D4 E4               [12]  961 	clr	a
      0003D5 F9               [12]  962 	mov	r1,a
      0003D6 42 04            [12]  963 	orl	ar4,a
      0003D8 E9               [12]  964 	mov	a,r1
      0003D9 42 05            [12]  965 	orl	ar5,a
      0003DB EA               [12]  966 	mov	a,r2
      0003DC 42 06            [12]  967 	orl	ar6,a
      0003DE EB               [12]  968 	mov	a,r3
      0003DF 42 07            [12]  969 	orl	ar7,a
      0003E1 90r00r10         [24]  970 	mov	dptr,#___fsdiv_org_result_1_21
      0003E4 E0               [24]  971 	movx	a,@dptr
      0003E5 F8               [12]  972 	mov	r0,a
      0003E6 A3               [24]  973 	inc	dptr
      0003E7 E0               [24]  974 	movx	a,@dptr
      0003E8 F9               [12]  975 	mov	r1,a
      0003E9 A3               [24]  976 	inc	dptr
      0003EA E0               [24]  977 	movx	a,@dptr
      0003EB FA               [12]  978 	mov	r2,a
      0003EC A3               [24]  979 	inc	dptr
      0003ED E0               [24]  980 	movx	a,@dptr
      0003EE FB               [12]  981 	mov	r3,a
      0003EF E8               [12]  982 	mov	a,r0
      0003F0 42 04            [12]  983 	orl	ar4,a
      0003F2 E9               [12]  984 	mov	a,r1
      0003F3 42 05            [12]  985 	orl	ar5,a
      0003F5 EA               [12]  986 	mov	a,r2
      0003F6 42 06            [12]  987 	orl	ar6,a
      0003F8 EB               [12]  988 	mov	a,r3
      0003F9 42 07            [12]  989 	orl	ar7,a
      0003FB 90r00r08         [24]  990 	mov	dptr,#___fsdiv_org_fl1_1_21
      0003FE EC               [12]  991 	mov	a,r4
      0003FF F0               [24]  992 	movx	@dptr,a
      000400 ED               [12]  993 	mov	a,r5
      000401 A3               [24]  994 	inc	dptr
      000402 F0               [24]  995 	movx	@dptr,a
      000403 EE               [12]  996 	mov	a,r6
      000404 A3               [24]  997 	inc	dptr
      000405 F0               [24]  998 	movx	@dptr,a
      000406 EF               [12]  999 	mov	a,r7
      000407 A3               [24] 1000 	inc	dptr
      000408 F0               [24] 1001 	movx	@dptr,a
      000409                       1002 00117$:
                                   1003 ;	_fsdiv.c:346: return (fl1.f);
      000409 90r00r08         [24] 1004 	mov	dptr,#___fsdiv_org_fl1_1_21
      00040C E0               [24] 1005 	movx	a,@dptr
      00040D FC               [12] 1006 	mov	r4,a
      00040E A3               [24] 1007 	inc	dptr
      00040F E0               [24] 1008 	movx	a,@dptr
      000410 FD               [12] 1009 	mov	r5,a
      000411 A3               [24] 1010 	inc	dptr
      000412 E0               [24] 1011 	movx	a,@dptr
      000413 FE               [12] 1012 	mov	r6,a
      000414 A3               [24] 1013 	inc	dptr
      000415 E0               [24] 1014 	movx	a,@dptr
      000416 8C 82            [24] 1015 	mov	dpl,r4
      000418 8D 83            [24] 1016 	mov	dph,r5
      00041A 8E F0            [24] 1017 	mov	b,r6
      00041C 22               [24] 1018 	ret
                                   1019 ;------------------------------------------------------------
                                   1020 ;Allocation info for local variables in function '__fsdiv'
                                   1021 ;------------------------------------------------------------
                                   1022 ;a2                        Allocated with name '___fsdiv_PARM_2'
                                   1023 ;a1                        Allocated with name '___fsdiv_a1_1_26'
                                   1024 ;f                         Allocated with name '___fsdiv_f_1_27'
                                   1025 ;p                         Allocated with name '___fsdiv_p_1_27'
                                   1026 ;------------------------------------------------------------
                                   1027 ;	_fsdiv.c:349: float __fsdiv (float a1, float a2)
                                   1028 ;	-----------------------------------------
                                   1029 ;	 function __fsdiv
                                   1030 ;	-----------------------------------------
      00041D                       1031 ___fsdiv:
      00041D AF 82            [24] 1032 	mov	r7,dpl
      00041F AE 83            [24] 1033 	mov	r6,dph
      000421 AD F0            [24] 1034 	mov	r5,b
      000423 FC               [12] 1035 	mov	r4,a
      000424 90r00r26         [24] 1036 	mov	dptr,#___fsdiv_a1_1_26
      000427 EF               [12] 1037 	mov	a,r7
      000428 F0               [24] 1038 	movx	@dptr,a
      000429 EE               [12] 1039 	mov	a,r6
      00042A A3               [24] 1040 	inc	dptr
      00042B F0               [24] 1041 	movx	@dptr,a
      00042C ED               [12] 1042 	mov	a,r5
      00042D A3               [24] 1043 	inc	dptr
      00042E F0               [24] 1044 	movx	@dptr,a
      00042F EC               [12] 1045 	mov	a,r4
      000430 A3               [24] 1046 	inc	dptr
      000431 F0               [24] 1047 	movx	@dptr,a
                                   1048 ;	_fsdiv.c:352: unsigned long *p = (unsigned long *) &f;
                                   1049 ;	_fsdiv.c:354: if (a2 == 0.0f && a1 > 0.0f)
      000432 90r00r22         [24] 1050 	mov	dptr,#___fsdiv_PARM_2
      000435 E0               [24] 1051 	movx	a,@dptr
      000436 FC               [12] 1052 	mov	r4,a
      000437 A3               [24] 1053 	inc	dptr
      000438 E0               [24] 1054 	movx	a,@dptr
      000439 FD               [12] 1055 	mov	r5,a
      00043A A3               [24] 1056 	inc	dptr
      00043B E0               [24] 1057 	movx	a,@dptr
      00043C FE               [12] 1058 	mov	r6,a
      00043D A3               [24] 1059 	inc	dptr
      00043E E0               [24] 1060 	movx	a,@dptr
      00043F FF               [12] 1061 	mov	r7,a
      000440 8C F0            [24] 1062 	mov	b,r4
      000442 ED               [12] 1063 	mov	a,r5
      000443 42 F0            [12] 1064 	orl	b,a
      000445 EE               [12] 1065 	mov	a,r6
      000446 42 F0            [12] 1066 	orl	b,a
      000448 EF               [12] 1067 	mov	a,r7
      000449 54 7F            [12] 1068 	anl	a,#0x7F
      00044B 45 F0            [12] 1069 	orl	a,b
      00044D 70 62            [24] 1070 	jnz	00110$
      00044F 90r00r26         [24] 1071 	mov	dptr,#___fsdiv_a1_1_26
      000452 E0               [24] 1072 	movx	a,@dptr
      000453 F8               [12] 1073 	mov	r0,a
      000454 A3               [24] 1074 	inc	dptr
      000455 E0               [24] 1075 	movx	a,@dptr
      000456 F9               [12] 1076 	mov	r1,a
      000457 A3               [24] 1077 	inc	dptr
      000458 E0               [24] 1078 	movx	a,@dptr
      000459 FA               [12] 1079 	mov	r2,a
      00045A A3               [24] 1080 	inc	dptr
      00045B E0               [24] 1081 	movx	a,@dptr
      00045C FB               [12] 1082 	mov	r3,a
      00045D 90r00r00         [24] 1083 	mov	dptr,#___fsgt_PARM_2
      000460 E4               [12] 1084 	clr	a
      000461 F0               [24] 1085 	movx	@dptr,a
      000462 A3               [24] 1086 	inc	dptr
      000463 F0               [24] 1087 	movx	@dptr,a
      000464 A3               [24] 1088 	inc	dptr
      000465 F0               [24] 1089 	movx	@dptr,a
      000466 A3               [24] 1090 	inc	dptr
      000467 F0               [24] 1091 	movx	@dptr,a
      000468 C0 00            [24] 1092 	push	ar0
      00046A E5*00            [12] 1093 	mov	a,_spx
      00046C F8               [12] 1094 	mov	r0,a
      00046D 24 04            [12] 1095 	add	a,#0x04
      00046F F5*00            [12] 1096 	mov	_spx,a
      000471 EF               [12] 1097 	mov	a,r7
      000472 F2               [24] 1098 	movx	@r0,a
      000473 08               [12] 1099 	inc	r0
      000474 EE               [12] 1100 	mov	a,r6
      000475 F2               [24] 1101 	movx	@r0,a
      000476 08               [12] 1102 	inc	r0
      000477 ED               [12] 1103 	mov	a,r5
      000478 F2               [24] 1104 	movx	@r0,a
      000479 08               [12] 1105 	inc	r0
      00047A EC               [12] 1106 	mov	a,r4
      00047B F2               [24] 1107 	movx	@r0,a
      00047C D0 00            [24] 1108 	pop	ar0
      00047E 88 82            [24] 1109 	mov	dpl,r0
      000480 89 83            [24] 1110 	mov	dph,r1
      000482 8A F0            [24] 1111 	mov	b,r2
      000484 EB               [12] 1112 	mov	a,r3
      000485 12r00r00         [24] 1113 	lcall	___fsgt
      000488 E5 82            [12] 1114 	mov	a,dpl
      00048A C0 E0            [24] 1115 	push	acc
      00048C A8*00            [24] 1116 	mov	r0,_spx
      00048E 18               [12] 1117 	dec	r0
      00048F E2               [24] 1118 	movx	a,@r0
      000490 FC               [12] 1119 	mov	r4,a
      000491 18               [12] 1120 	dec	r0
      000492 E2               [24] 1121 	movx	a,@r0
      000493 FD               [12] 1122 	mov	r5,a
      000494 18               [12] 1123 	dec	r0
      000495 E2               [24] 1124 	movx	a,@r0
      000496 FE               [12] 1125 	mov	r6,a
      000497 18               [12] 1126 	dec	r0
      000498 E2               [24] 1127 	movx	a,@r0
      000499 FF               [12] 1128 	mov	r7,a
      00049A 88*00            [24] 1129 	mov	_spx,r0
      00049C D0 E0            [24] 1130 	pop	acc
      00049E 60 11            [24] 1131 	jz	00110$
                                   1132 ;	_fsdiv.c:355: *p = 0x7f800000; // inf
      0004A0 90r00r2A         [24] 1133 	mov	dptr,#___fsdiv_f_1_27
      0004A3 E4               [12] 1134 	clr	a
      0004A4 F0               [24] 1135 	movx	@dptr,a
      0004A5 A3               [24] 1136 	inc	dptr
      0004A6 F0               [24] 1137 	movx	@dptr,a
      0004A7 74 80            [12] 1138 	mov	a,#0x80
      0004A9 A3               [24] 1139 	inc	dptr
      0004AA F0               [24] 1140 	movx	@dptr,a
      0004AB 14               [12] 1141 	dec	a
      0004AC A3               [24] 1142 	inc	dptr
      0004AD F0               [24] 1143 	movx	@dptr,a
      0004AE 02r05r93         [24] 1144 	ljmp	00111$
      0004B1                       1145 00110$:
                                   1146 ;	_fsdiv.c:356: else if (a2 == 0.0f && a1 < 0.0f)
      0004B1 8C F0            [24] 1147 	mov	b,r4
      0004B3 ED               [12] 1148 	mov	a,r5
      0004B4 42 F0            [12] 1149 	orl	b,a
      0004B6 EE               [12] 1150 	mov	a,r6
      0004B7 42 F0            [12] 1151 	orl	b,a
      0004B9 EF               [12] 1152 	mov	a,r7
      0004BA 54 7F            [12] 1153 	anl	a,#0x7F
      0004BC 45 F0            [12] 1154 	orl	a,b
      0004BE 70 62            [24] 1155 	jnz	00106$
      0004C0 90r00r26         [24] 1156 	mov	dptr,#___fsdiv_a1_1_26
      0004C3 E0               [24] 1157 	movx	a,@dptr
      0004C4 F8               [12] 1158 	mov	r0,a
      0004C5 A3               [24] 1159 	inc	dptr
      0004C6 E0               [24] 1160 	movx	a,@dptr
      0004C7 F9               [12] 1161 	mov	r1,a
      0004C8 A3               [24] 1162 	inc	dptr
      0004C9 E0               [24] 1163 	movx	a,@dptr
      0004CA FA               [12] 1164 	mov	r2,a
      0004CB A3               [24] 1165 	inc	dptr
      0004CC E0               [24] 1166 	movx	a,@dptr
      0004CD FB               [12] 1167 	mov	r3,a
      0004CE 90r00r00         [24] 1168 	mov	dptr,#___fslt_PARM_2
      0004D1 E4               [12] 1169 	clr	a
      0004D2 F0               [24] 1170 	movx	@dptr,a
      0004D3 A3               [24] 1171 	inc	dptr
      0004D4 F0               [24] 1172 	movx	@dptr,a
      0004D5 A3               [24] 1173 	inc	dptr
      0004D6 F0               [24] 1174 	movx	@dptr,a
      0004D7 A3               [24] 1175 	inc	dptr
      0004D8 F0               [24] 1176 	movx	@dptr,a
      0004D9 C0 00            [24] 1177 	push	ar0
      0004DB E5*00            [12] 1178 	mov	a,_spx
      0004DD F8               [12] 1179 	mov	r0,a
      0004DE 24 04            [12] 1180 	add	a,#0x04
      0004E0 F5*00            [12] 1181 	mov	_spx,a
      0004E2 EF               [12] 1182 	mov	a,r7
      0004E3 F2               [24] 1183 	movx	@r0,a
      0004E4 08               [12] 1184 	inc	r0
      0004E5 EE               [12] 1185 	mov	a,r6
      0004E6 F2               [24] 1186 	movx	@r0,a
      0004E7 08               [12] 1187 	inc	r0
      0004E8 ED               [12] 1188 	mov	a,r5
      0004E9 F2               [24] 1189 	movx	@r0,a
      0004EA 08               [12] 1190 	inc	r0
      0004EB EC               [12] 1191 	mov	a,r4
      0004EC F2               [24] 1192 	movx	@r0,a
      0004ED D0 00            [24] 1193 	pop	ar0
      0004EF 88 82            [24] 1194 	mov	dpl,r0
      0004F1 89 83            [24] 1195 	mov	dph,r1
      0004F3 8A F0            [24] 1196 	mov	b,r2
      0004F5 EB               [12] 1197 	mov	a,r3
      0004F6 12r00r00         [24] 1198 	lcall	___fslt
      0004F9 E5 82            [12] 1199 	mov	a,dpl
      0004FB C0 E0            [24] 1200 	push	acc
      0004FD A8*00            [24] 1201 	mov	r0,_spx
      0004FF 18               [12] 1202 	dec	r0
      000500 E2               [24] 1203 	movx	a,@r0
      000501 FC               [12] 1204 	mov	r4,a
      000502 18               [12] 1205 	dec	r0
      000503 E2               [24] 1206 	movx	a,@r0
      000504 FD               [12] 1207 	mov	r5,a
      000505 18               [12] 1208 	dec	r0
      000506 E2               [24] 1209 	movx	a,@r0
      000507 FE               [12] 1210 	mov	r6,a
      000508 18               [12] 1211 	dec	r0
      000509 E2               [24] 1212 	movx	a,@r0
      00050A FF               [12] 1213 	mov	r7,a
      00050B 88*00            [24] 1214 	mov	_spx,r0
      00050D D0 E0            [24] 1215 	pop	acc
      00050F 60 11            [24] 1216 	jz	00106$
                                   1217 ;	_fsdiv.c:357: *p = 0xff800000; // -inf
      000511 90r00r2A         [24] 1218 	mov	dptr,#___fsdiv_f_1_27
      000514 E4               [12] 1219 	clr	a
      000515 F0               [24] 1220 	movx	@dptr,a
      000516 A3               [24] 1221 	inc	dptr
      000517 F0               [24] 1222 	movx	@dptr,a
      000518 74 80            [12] 1223 	mov	a,#0x80
      00051A A3               [24] 1224 	inc	dptr
      00051B F0               [24] 1225 	movx	@dptr,a
      00051C 74 FF            [12] 1226 	mov	a,#0xff
      00051E A3               [24] 1227 	inc	dptr
      00051F F0               [24] 1228 	movx	@dptr,a
      000520 80 71            [24] 1229 	sjmp	00111$
      000522                       1230 00106$:
                                   1231 ;	_fsdiv.c:358: else if (a2 == 0.0f && a1 == 0.0f)
      000522 8C F0            [24] 1232 	mov	b,r4
      000524 ED               [12] 1233 	mov	a,r5
      000525 42 F0            [12] 1234 	orl	b,a
      000527 EE               [12] 1235 	mov	a,r6
      000528 42 F0            [12] 1236 	orl	b,a
      00052A EF               [12] 1237 	mov	a,r7
      00052B 54 7F            [12] 1238 	anl	a,#0x7F
      00052D 45 F0            [12] 1239 	orl	a,b
      00052F 70 27            [24] 1240 	jnz	00102$
      000531 90r00r26         [24] 1241 	mov	dptr,#___fsdiv_a1_1_26
      000534 E0               [24] 1242 	movx	a,@dptr
      000535 F5 F0            [12] 1243 	mov	b,a
      000537 A3               [24] 1244 	inc	dptr
      000538 E0               [24] 1245 	movx	a,@dptr
      000539 42 F0            [12] 1246 	orl	b,a
      00053B A3               [24] 1247 	inc	dptr
      00053C E0               [24] 1248 	movx	a,@dptr
      00053D 42 F0            [12] 1249 	orl	b,a
      00053F A3               [24] 1250 	inc	dptr
      000540 E0               [24] 1251 	movx	a,@dptr
      000541 54 7F            [12] 1252 	anl	a,#0x7F
      000543 45 F0            [12] 1253 	orl	a,b
      000545 70 11            [24] 1254 	jnz	00102$
                                   1255 ;	_fsdiv.c:359: *p = 0xffc00000; // nan
      000547 90r00r2A         [24] 1256 	mov	dptr,#___fsdiv_f_1_27
      00054A E4               [12] 1257 	clr	a
      00054B F0               [24] 1258 	movx	@dptr,a
      00054C A3               [24] 1259 	inc	dptr
      00054D F0               [24] 1260 	movx	@dptr,a
      00054E 74 C0            [12] 1261 	mov	a,#0xc0
      000550 A3               [24] 1262 	inc	dptr
      000551 F0               [24] 1263 	movx	@dptr,a
      000552 74 FF            [12] 1264 	mov	a,#0xff
      000554 A3               [24] 1265 	inc	dptr
      000555 F0               [24] 1266 	movx	@dptr,a
      000556 80 3B            [24] 1267 	sjmp	00111$
      000558                       1268 00102$:
                                   1269 ;	_fsdiv.c:361: f = __fsdiv_org (a1, a2);
      000558 90r00r26         [24] 1270 	mov	dptr,#___fsdiv_a1_1_26
      00055B E0               [24] 1271 	movx	a,@dptr
      00055C F8               [12] 1272 	mov	r0,a
      00055D A3               [24] 1273 	inc	dptr
      00055E E0               [24] 1274 	movx	a,@dptr
      00055F F9               [12] 1275 	mov	r1,a
      000560 A3               [24] 1276 	inc	dptr
      000561 E0               [24] 1277 	movx	a,@dptr
      000562 FA               [12] 1278 	mov	r2,a
      000563 A3               [24] 1279 	inc	dptr
      000564 E0               [24] 1280 	movx	a,@dptr
      000565 FB               [12] 1281 	mov	r3,a
      000566 90r00r00         [24] 1282 	mov	dptr,#___fsdiv_org_PARM_2
      000569 EC               [12] 1283 	mov	a,r4
      00056A F0               [24] 1284 	movx	@dptr,a
      00056B ED               [12] 1285 	mov	a,r5
      00056C A3               [24] 1286 	inc	dptr
      00056D F0               [24] 1287 	movx	@dptr,a
      00056E EE               [12] 1288 	mov	a,r6
      00056F A3               [24] 1289 	inc	dptr
      000570 F0               [24] 1290 	movx	@dptr,a
      000571 EF               [12] 1291 	mov	a,r7
      000572 A3               [24] 1292 	inc	dptr
      000573 F0               [24] 1293 	movx	@dptr,a
      000574 88 82            [24] 1294 	mov	dpl,r0
      000576 89 83            [24] 1295 	mov	dph,r1
      000578 8A F0            [24] 1296 	mov	b,r2
      00057A EB               [12] 1297 	mov	a,r3
      00057B 12r00r00         [24] 1298 	lcall	___fsdiv_org
      00057E AC 82            [24] 1299 	mov	r4,dpl
      000580 AD 83            [24] 1300 	mov	r5,dph
      000582 AE F0            [24] 1301 	mov	r6,b
      000584 FF               [12] 1302 	mov	r7,a
      000585 90r00r2A         [24] 1303 	mov	dptr,#___fsdiv_f_1_27
      000588 EC               [12] 1304 	mov	a,r4
      000589 F0               [24] 1305 	movx	@dptr,a
      00058A ED               [12] 1306 	mov	a,r5
      00058B A3               [24] 1307 	inc	dptr
      00058C F0               [24] 1308 	movx	@dptr,a
      00058D EE               [12] 1309 	mov	a,r6
      00058E A3               [24] 1310 	inc	dptr
      00058F F0               [24] 1311 	movx	@dptr,a
      000590 EF               [12] 1312 	mov	a,r7
      000591 A3               [24] 1313 	inc	dptr
      000592 F0               [24] 1314 	movx	@dptr,a
      000593                       1315 00111$:
                                   1316 ;	_fsdiv.c:363: return f; 
      000593 90r00r2A         [24] 1317 	mov	dptr,#___fsdiv_f_1_27
      000596 E0               [24] 1318 	movx	a,@dptr
      000597 FC               [12] 1319 	mov	r4,a
      000598 A3               [24] 1320 	inc	dptr
      000599 E0               [24] 1321 	movx	a,@dptr
      00059A FD               [12] 1322 	mov	r5,a
      00059B A3               [24] 1323 	inc	dptr
      00059C E0               [24] 1324 	movx	a,@dptr
      00059D FE               [12] 1325 	mov	r6,a
      00059E A3               [24] 1326 	inc	dptr
      00059F E0               [24] 1327 	movx	a,@dptr
      0005A0 8C 82            [24] 1328 	mov	dpl,r4
      0005A2 8D 83            [24] 1329 	mov	dph,r5
      0005A4 8E F0            [24] 1330 	mov	b,r6
      0005A6 22               [24] 1331 	ret
                                   1332 	.area CSEG    (CODE)
                                   1333 	.area CONST   (CODE)
                                   1334 	.area XINIT   (CODE)
                                   1335 	.area CABS    (ABS,CODE)
