                                      1 ;--------------------------------------------------------
                                      2 ; File Created by SDCC : free open source ANSI-C Compiler
                                      3 ; Version 3.6.3 #9771 (MSVC)
                                      4 ;--------------------------------------------------------
                                      5 	.module _fseq
                                      6 	.optsdcc -mmcs51 --model-large --xstack
                                      7 	
                                      8 ;--------------------------------------------------------
                                      9 ; Public variables in this module
                                     10 ;--------------------------------------------------------
                                     11 	.globl ___fseq_PARM_2
                                     12 	.globl ___fseq
                                     13 ;--------------------------------------------------------
                                     14 ; special function registers
                                     15 ;--------------------------------------------------------
                                     16 	.area RSEG    (ABS,DATA)
      000000                         17 	.org 0x0000
                                     18 ;--------------------------------------------------------
                                     19 ; special function bits
                                     20 ;--------------------------------------------------------
                                     21 	.area RSEG    (ABS,DATA)
      000000                         22 	.org 0x0000
                                     23 ;--------------------------------------------------------
                                     24 ; overlayable register banks
                                     25 ;--------------------------------------------------------
                                     26 	.area REG_BANK_0	(REL,OVR,DATA)
      000000                         27 	.ds 8
                                     28 ;--------------------------------------------------------
                                     29 ; internal ram data
                                     30 ;--------------------------------------------------------
                                     31 	.area DSEG    (DATA)
                                     32 ;--------------------------------------------------------
                                     33 ; overlayable items in internal ram 
                                     34 ;--------------------------------------------------------
                                     35 ;--------------------------------------------------------
                                     36 ; indirectly addressable internal ram data
                                     37 ;--------------------------------------------------------
                                     38 	.area ISEG    (DATA)
                                     39 ;--------------------------------------------------------
                                     40 ; absolute internal ram data
                                     41 ;--------------------------------------------------------
                                     42 	.area IABS    (ABS,DATA)
                                     43 	.area IABS    (ABS,DATA)
                                     44 ;--------------------------------------------------------
                                     45 ; bit data
                                     46 ;--------------------------------------------------------
                                     47 	.area BSEG    (BIT)
                                     48 ;--------------------------------------------------------
                                     49 ; paged external ram data
                                     50 ;--------------------------------------------------------
                                     51 	.area PSEG    (PAG,XDATA)
                                     52 ;--------------------------------------------------------
                                     53 ; external ram data
                                     54 ;--------------------------------------------------------
                                     55 	.area XSEG    (XDATA)
      000000                         56 ___fseq_PARM_2:
      000000                         57 	.ds 4
      000004                         58 ___fseq_a1_1_20:
      000004                         59 	.ds 4
      000008                         60 ___fseq_fl1_1_21:
      000008                         61 	.ds 4
      00000C                         62 ___fseq_fl2_1_21:
      00000C                         63 	.ds 4
                                     64 ;--------------------------------------------------------
                                     65 ; absolute external ram data
                                     66 ;--------------------------------------------------------
                                     67 	.area XABS    (ABS,XDATA)
                                     68 ;--------------------------------------------------------
                                     69 ; external initialized ram data
                                     70 ;--------------------------------------------------------
                                     71 	.area XISEG   (XDATA)
                                     72 	.area HOME    (CODE)
                                     73 	.area GSINIT0 (CODE)
                                     74 	.area GSINIT1 (CODE)
                                     75 	.area GSINIT2 (CODE)
                                     76 	.area GSINIT3 (CODE)
                                     77 	.area GSINIT4 (CODE)
                                     78 	.area GSINIT5 (CODE)
                                     79 	.area GSINIT  (CODE)
                                     80 	.area GSFINAL (CODE)
                                     81 	.area CSEG    (CODE)
                                     82 ;--------------------------------------------------------
                                     83 ; global & static initialisations
                                     84 ;--------------------------------------------------------
                                     85 	.area HOME    (CODE)
                                     86 	.area GSINIT  (CODE)
                                     87 	.area GSFINAL (CODE)
                                     88 	.area GSINIT  (CODE)
                                     89 ;--------------------------------------------------------
                                     90 ; Home
                                     91 ;--------------------------------------------------------
                                     92 	.area HOME    (CODE)
                                     93 	.area HOME    (CODE)
                                     94 ;--------------------------------------------------------
                                     95 ; code
                                     96 ;--------------------------------------------------------
                                     97 	.area CSEG    (CODE)
                                     98 ;------------------------------------------------------------
                                     99 ;Allocation info for local variables in function '__fseq'
                                    100 ;------------------------------------------------------------
                                    101 ;a2                        Allocated with name '___fseq_PARM_2'
                                    102 ;a1                        Allocated with name '___fseq_a1_1_20'
                                    103 ;fl1                       Allocated with name '___fseq_fl1_1_21'
                                    104 ;fl2                       Allocated with name '___fseq_fl2_1_21'
                                    105 ;------------------------------------------------------------
                                    106 ;	_fseq.c:83: __fseq (float a1, float a2)
                                    107 ;	-----------------------------------------
                                    108 ;	 function __fseq
                                    109 ;	-----------------------------------------
      000000                        110 ___fseq:
                           000007   111 	ar7 = 0x07
                           000006   112 	ar6 = 0x06
                           000005   113 	ar5 = 0x05
                           000004   114 	ar4 = 0x04
                           000003   115 	ar3 = 0x03
                           000002   116 	ar2 = 0x02
                           000001   117 	ar1 = 0x01
                           000000   118 	ar0 = 0x00
      000000 AF 82            [24]  119 	mov	r7,dpl
      000002 AE 83            [24]  120 	mov	r6,dph
      000004 AD F0            [24]  121 	mov	r5,b
      000006 FC               [12]  122 	mov	r4,a
      000007 90r00r04         [24]  123 	mov	dptr,#___fseq_a1_1_20
      00000A EF               [12]  124 	mov	a,r7
      00000B F0               [24]  125 	movx	@dptr,a
      00000C EE               [12]  126 	mov	a,r6
      00000D A3               [24]  127 	inc	dptr
      00000E F0               [24]  128 	movx	@dptr,a
      00000F ED               [12]  129 	mov	a,r5
      000010 A3               [24]  130 	inc	dptr
      000011 F0               [24]  131 	movx	@dptr,a
      000012 EC               [12]  132 	mov	a,r4
      000013 A3               [24]  133 	inc	dptr
      000014 F0               [24]  134 	movx	@dptr,a
                                    135 ;	_fseq.c:87: fl1.f = a1;
      000015 90r00r04         [24]  136 	mov	dptr,#___fseq_a1_1_20
      000018 E0               [24]  137 	movx	a,@dptr
      000019 FC               [12]  138 	mov	r4,a
      00001A A3               [24]  139 	inc	dptr
      00001B E0               [24]  140 	movx	a,@dptr
      00001C FD               [12]  141 	mov	r5,a
      00001D A3               [24]  142 	inc	dptr
      00001E E0               [24]  143 	movx	a,@dptr
      00001F FE               [12]  144 	mov	r6,a
      000020 A3               [24]  145 	inc	dptr
      000021 E0               [24]  146 	movx	a,@dptr
      000022 FF               [12]  147 	mov	r7,a
      000023 90r00r08         [24]  148 	mov	dptr,#___fseq_fl1_1_21
      000026 EC               [12]  149 	mov	a,r4
      000027 F0               [24]  150 	movx	@dptr,a
      000028 ED               [12]  151 	mov	a,r5
      000029 A3               [24]  152 	inc	dptr
      00002A F0               [24]  153 	movx	@dptr,a
      00002B EE               [12]  154 	mov	a,r6
      00002C A3               [24]  155 	inc	dptr
      00002D F0               [24]  156 	movx	@dptr,a
      00002E EF               [12]  157 	mov	a,r7
      00002F A3               [24]  158 	inc	dptr
      000030 F0               [24]  159 	movx	@dptr,a
                                    160 ;	_fseq.c:88: fl2.f = a2;
      000031 90r00r00         [24]  161 	mov	dptr,#___fseq_PARM_2
      000034 E0               [24]  162 	movx	a,@dptr
      000035 FC               [12]  163 	mov	r4,a
      000036 A3               [24]  164 	inc	dptr
      000037 E0               [24]  165 	movx	a,@dptr
      000038 FD               [12]  166 	mov	r5,a
      000039 A3               [24]  167 	inc	dptr
      00003A E0               [24]  168 	movx	a,@dptr
      00003B FE               [12]  169 	mov	r6,a
      00003C A3               [24]  170 	inc	dptr
      00003D E0               [24]  171 	movx	a,@dptr
      00003E FF               [12]  172 	mov	r7,a
      00003F 90r00r0C         [24]  173 	mov	dptr,#___fseq_fl2_1_21
      000042 EC               [12]  174 	mov	a,r4
      000043 F0               [24]  175 	movx	@dptr,a
      000044 ED               [12]  176 	mov	a,r5
      000045 A3               [24]  177 	inc	dptr
      000046 F0               [24]  178 	movx	@dptr,a
      000047 EE               [12]  179 	mov	a,r6
      000048 A3               [24]  180 	inc	dptr
      000049 F0               [24]  181 	movx	@dptr,a
      00004A EF               [12]  182 	mov	a,r7
      00004B A3               [24]  183 	inc	dptr
      00004C F0               [24]  184 	movx	@dptr,a
                                    185 ;	_fseq.c:90: if (fl1.l == fl2.l)
      00004D 90r00r08         [24]  186 	mov	dptr,#___fseq_fl1_1_21
      000050 E0               [24]  187 	movx	a,@dptr
      000051 FC               [12]  188 	mov	r4,a
      000052 A3               [24]  189 	inc	dptr
      000053 E0               [24]  190 	movx	a,@dptr
      000054 FD               [12]  191 	mov	r5,a
      000055 A3               [24]  192 	inc	dptr
      000056 E0               [24]  193 	movx	a,@dptr
      000057 FE               [12]  194 	mov	r6,a
      000058 A3               [24]  195 	inc	dptr
      000059 E0               [24]  196 	movx	a,@dptr
      00005A FF               [12]  197 	mov	r7,a
      00005B 90r00r0C         [24]  198 	mov	dptr,#___fseq_fl2_1_21
      00005E E0               [24]  199 	movx	a,@dptr
      00005F F8               [12]  200 	mov	r0,a
      000060 A3               [24]  201 	inc	dptr
      000061 E0               [24]  202 	movx	a,@dptr
      000062 F9               [12]  203 	mov	r1,a
      000063 A3               [24]  204 	inc	dptr
      000064 E0               [24]  205 	movx	a,@dptr
      000065 FA               [12]  206 	mov	r2,a
      000066 A3               [24]  207 	inc	dptr
      000067 E0               [24]  208 	movx	a,@dptr
      000068 FB               [12]  209 	mov	r3,a
      000069 EC               [12]  210 	mov	a,r4
      00006A B5 00 10         [24]  211 	cjne	a,ar0,00102$
      00006D ED               [12]  212 	mov	a,r5
      00006E B5 01 0C         [24]  213 	cjne	a,ar1,00102$
      000071 EE               [12]  214 	mov	a,r6
      000072 B5 02 08         [24]  215 	cjne	a,ar2,00102$
      000075 EF               [12]  216 	mov	a,r7
      000076 B5 03 04         [24]  217 	cjne	a,ar3,00102$
                                    218 ;	_fseq.c:91: return (1);
      000079 75 82 01         [24]  219 	mov	dpl,#0x01
      00007C 22               [24]  220 	ret
      00007D                        221 00102$:
                                    222 ;	_fseq.c:92: if (((fl1.l | fl2.l) & 0x7FFFFFFF) == 0)
      00007D 90r00r08         [24]  223 	mov	dptr,#___fseq_fl1_1_21
      000080 E0               [24]  224 	movx	a,@dptr
      000081 FC               [12]  225 	mov	r4,a
      000082 A3               [24]  226 	inc	dptr
      000083 E0               [24]  227 	movx	a,@dptr
      000084 FD               [12]  228 	mov	r5,a
      000085 A3               [24]  229 	inc	dptr
      000086 E0               [24]  230 	movx	a,@dptr
      000087 FE               [12]  231 	mov	r6,a
      000088 A3               [24]  232 	inc	dptr
      000089 E0               [24]  233 	movx	a,@dptr
      00008A FF               [12]  234 	mov	r7,a
      00008B 90r00r0C         [24]  235 	mov	dptr,#___fseq_fl2_1_21
      00008E E0               [24]  236 	movx	a,@dptr
      00008F F8               [12]  237 	mov	r0,a
      000090 A3               [24]  238 	inc	dptr
      000091 E0               [24]  239 	movx	a,@dptr
      000092 F9               [12]  240 	mov	r1,a
      000093 A3               [24]  241 	inc	dptr
      000094 E0               [24]  242 	movx	a,@dptr
      000095 FA               [12]  243 	mov	r2,a
      000096 A3               [24]  244 	inc	dptr
      000097 E0               [24]  245 	movx	a,@dptr
      000098 FB               [12]  246 	mov	r3,a
      000099 E8               [12]  247 	mov	a,r0
      00009A 42 04            [12]  248 	orl	ar4,a
      00009C E9               [12]  249 	mov	a,r1
      00009D 42 05            [12]  250 	orl	ar5,a
      00009F EA               [12]  251 	mov	a,r2
      0000A0 42 06            [12]  252 	orl	ar6,a
      0000A2 EB               [12]  253 	mov	a,r3
      0000A3 42 07            [12]  254 	orl	ar7,a
      0000A5 EC               [12]  255 	mov	a,r4
      0000A6 70 0F            [24]  256 	jnz	00104$
      0000A8 ED               [12]  257 	mov	a,r5
      0000A9 70 0C            [24]  258 	jnz	00104$
      0000AB EE               [12]  259 	mov	a,r6
      0000AC 70 09            [24]  260 	jnz	00104$
      0000AE EF               [12]  261 	mov	a,r7
      0000AF 54 7F            [12]  262 	anl	a,#0x7f
      0000B1 70 04            [24]  263 	jnz	00104$
                                    264 ;	_fseq.c:93: return (1);
      0000B3 75 82 01         [24]  265 	mov	dpl,#0x01
      0000B6 22               [24]  266 	ret
      0000B7                        267 00104$:
                                    268 ;	_fseq.c:94: return (0);
      0000B7 75 82 00         [24]  269 	mov	dpl,#0x00
      0000BA 22               [24]  270 	ret
                                    271 	.area CSEG    (CODE)
                                    272 	.area CONST   (CODE)
                                    273 	.area XINIT   (CODE)
                                    274 	.area CABS    (ABS,CODE)
