                                      1 ;--------------------------------------------------------
                                      2 ; File Created by SDCC : free open source ANSI-C Compiler
                                      3 ; Version 3.6.3 #9771 (MSVC)
                                      4 ;--------------------------------------------------------
                                      5 	.module _fsgt
                                      6 	.optsdcc -mmcs51 --model-large --xstack
                                      7 	
                                      8 ;--------------------------------------------------------
                                      9 ; Public variables in this module
                                     10 ;--------------------------------------------------------
                                     11 	.globl ___fsgt_PARM_2
                                     12 	.globl ___fsgt
                                     13 ;--------------------------------------------------------
                                     14 ; special function registers
                                     15 ;--------------------------------------------------------
                                     16 	.area RSEG    (ABS,DATA)
      000000                         17 	.org 0x0000
                                     18 ;--------------------------------------------------------
                                     19 ; special function bits
                                     20 ;--------------------------------------------------------
                                     21 	.area RSEG    (ABS,DATA)
      000000                         22 	.org 0x0000
                                     23 ;--------------------------------------------------------
                                     24 ; overlayable register banks
                                     25 ;--------------------------------------------------------
                                     26 	.area REG_BANK_0	(REL,OVR,DATA)
      000000                         27 	.ds 8
                                     28 ;--------------------------------------------------------
                                     29 ; internal ram data
                                     30 ;--------------------------------------------------------
                                     31 	.area DSEG    (DATA)
                                     32 ;--------------------------------------------------------
                                     33 ; overlayable items in internal ram 
                                     34 ;--------------------------------------------------------
                                     35 ;--------------------------------------------------------
                                     36 ; indirectly addressable internal ram data
                                     37 ;--------------------------------------------------------
                                     38 	.area ISEG    (DATA)
                                     39 ;--------------------------------------------------------
                                     40 ; absolute internal ram data
                                     41 ;--------------------------------------------------------
                                     42 	.area IABS    (ABS,DATA)
                                     43 	.area IABS    (ABS,DATA)
                                     44 ;--------------------------------------------------------
                                     45 ; bit data
                                     46 ;--------------------------------------------------------
                                     47 	.area BSEG    (BIT)
                                     48 ;--------------------------------------------------------
                                     49 ; paged external ram data
                                     50 ;--------------------------------------------------------
                                     51 	.area PSEG    (PAG,XDATA)
                                     52 ;--------------------------------------------------------
                                     53 ; external ram data
                                     54 ;--------------------------------------------------------
                                     55 	.area XSEG    (XDATA)
      000000                         56 ___fsgt_PARM_2:
      000000                         57 	.ds 4
      000004                         58 ___fsgt_a1_1_20:
      000004                         59 	.ds 4
      000008                         60 ___fsgt_fl1_1_21:
      000008                         61 	.ds 4
      00000C                         62 ___fsgt_fl2_1_21:
      00000C                         63 	.ds 4
                                     64 ;--------------------------------------------------------
                                     65 ; absolute external ram data
                                     66 ;--------------------------------------------------------
                                     67 	.area XABS    (ABS,XDATA)
                                     68 ;--------------------------------------------------------
                                     69 ; external initialized ram data
                                     70 ;--------------------------------------------------------
                                     71 	.area XISEG   (XDATA)
                                     72 	.area HOME    (CODE)
                                     73 	.area GSINIT0 (CODE)
                                     74 	.area GSINIT1 (CODE)
                                     75 	.area GSINIT2 (CODE)
                                     76 	.area GSINIT3 (CODE)
                                     77 	.area GSINIT4 (CODE)
                                     78 	.area GSINIT5 (CODE)
                                     79 	.area GSINIT  (CODE)
                                     80 	.area GSFINAL (CODE)
                                     81 	.area CSEG    (CODE)
                                     82 ;--------------------------------------------------------
                                     83 ; global & static initialisations
                                     84 ;--------------------------------------------------------
                                     85 	.area HOME    (CODE)
                                     86 	.area GSINIT  (CODE)
                                     87 	.area GSFINAL (CODE)
                                     88 	.area GSINIT  (CODE)
                                     89 ;--------------------------------------------------------
                                     90 ; Home
                                     91 ;--------------------------------------------------------
                                     92 	.area HOME    (CODE)
                                     93 	.area HOME    (CODE)
                                     94 ;--------------------------------------------------------
                                     95 ; code
                                     96 ;--------------------------------------------------------
                                     97 	.area CSEG    (CODE)
                                     98 ;------------------------------------------------------------
                                     99 ;Allocation info for local variables in function '__fsgt'
                                    100 ;------------------------------------------------------------
                                    101 ;a2                        Allocated with name '___fsgt_PARM_2'
                                    102 ;a1                        Allocated with name '___fsgt_a1_1_20'
                                    103 ;fl1                       Allocated with name '___fsgt_fl1_1_21'
                                    104 ;fl2                       Allocated with name '___fsgt_fl2_1_21'
                                    105 ;------------------------------------------------------------
                                    106 ;	_fsgt.c:108: char __fsgt (float a1, float a2)
                                    107 ;	-----------------------------------------
                                    108 ;	 function __fsgt
                                    109 ;	-----------------------------------------
      000000                        110 ___fsgt:
                           000007   111 	ar7 = 0x07
                           000006   112 	ar6 = 0x06
                           000005   113 	ar5 = 0x05
                           000004   114 	ar4 = 0x04
                           000003   115 	ar3 = 0x03
                           000002   116 	ar2 = 0x02
                           000001   117 	ar1 = 0x01
                           000000   118 	ar0 = 0x00
      000000 AF 82            [24]  119 	mov	r7,dpl
      000002 AE 83            [24]  120 	mov	r6,dph
      000004 AD F0            [24]  121 	mov	r5,b
      000006 FC               [12]  122 	mov	r4,a
      000007 90r00r04         [24]  123 	mov	dptr,#___fsgt_a1_1_20
      00000A EF               [12]  124 	mov	a,r7
      00000B F0               [24]  125 	movx	@dptr,a
      00000C EE               [12]  126 	mov	a,r6
      00000D A3               [24]  127 	inc	dptr
      00000E F0               [24]  128 	movx	@dptr,a
      00000F ED               [12]  129 	mov	a,r5
      000010 A3               [24]  130 	inc	dptr
      000011 F0               [24]  131 	movx	@dptr,a
      000012 EC               [12]  132 	mov	a,r4
      000013 A3               [24]  133 	inc	dptr
      000014 F0               [24]  134 	movx	@dptr,a
                                    135 ;	_fsgt.c:112: fl1.f = a1;
      000015 90r00r04         [24]  136 	mov	dptr,#___fsgt_a1_1_20
      000018 E0               [24]  137 	movx	a,@dptr
      000019 FC               [12]  138 	mov	r4,a
      00001A A3               [24]  139 	inc	dptr
      00001B E0               [24]  140 	movx	a,@dptr
      00001C FD               [12]  141 	mov	r5,a
      00001D A3               [24]  142 	inc	dptr
      00001E E0               [24]  143 	movx	a,@dptr
      00001F FE               [12]  144 	mov	r6,a
      000020 A3               [24]  145 	inc	dptr
      000021 E0               [24]  146 	movx	a,@dptr
      000022 FF               [12]  147 	mov	r7,a
      000023 90r00r08         [24]  148 	mov	dptr,#___fsgt_fl1_1_21
      000026 EC               [12]  149 	mov	a,r4
      000027 F0               [24]  150 	movx	@dptr,a
      000028 ED               [12]  151 	mov	a,r5
      000029 A3               [24]  152 	inc	dptr
      00002A F0               [24]  153 	movx	@dptr,a
      00002B EE               [12]  154 	mov	a,r6
      00002C A3               [24]  155 	inc	dptr
      00002D F0               [24]  156 	movx	@dptr,a
      00002E EF               [12]  157 	mov	a,r7
      00002F A3               [24]  158 	inc	dptr
      000030 F0               [24]  159 	movx	@dptr,a
                                    160 ;	_fsgt.c:113: fl2.f = a2;
      000031 90r00r00         [24]  161 	mov	dptr,#___fsgt_PARM_2
      000034 E0               [24]  162 	movx	a,@dptr
      000035 FC               [12]  163 	mov	r4,a
      000036 A3               [24]  164 	inc	dptr
      000037 E0               [24]  165 	movx	a,@dptr
      000038 FD               [12]  166 	mov	r5,a
      000039 A3               [24]  167 	inc	dptr
      00003A E0               [24]  168 	movx	a,@dptr
      00003B FE               [12]  169 	mov	r6,a
      00003C A3               [24]  170 	inc	dptr
      00003D E0               [24]  171 	movx	a,@dptr
      00003E FF               [12]  172 	mov	r7,a
      00003F 90r00r0C         [24]  173 	mov	dptr,#___fsgt_fl2_1_21
      000042 EC               [12]  174 	mov	a,r4
      000043 F0               [24]  175 	movx	@dptr,a
      000044 ED               [12]  176 	mov	a,r5
      000045 A3               [24]  177 	inc	dptr
      000046 F0               [24]  178 	movx	@dptr,a
      000047 EE               [12]  179 	mov	a,r6
      000048 A3               [24]  180 	inc	dptr
      000049 F0               [24]  181 	movx	@dptr,a
      00004A EF               [12]  182 	mov	a,r7
      00004B A3               [24]  183 	inc	dptr
      00004C F0               [24]  184 	movx	@dptr,a
                                    185 ;	_fsgt.c:115: if (((fl1.l | fl2.l) & 0x7FFFFFFF) == 0)
      00004D 90r00r08         [24]  186 	mov	dptr,#___fsgt_fl1_1_21
      000050 E0               [24]  187 	movx	a,@dptr
      000051 FC               [12]  188 	mov	r4,a
      000052 A3               [24]  189 	inc	dptr
      000053 E0               [24]  190 	movx	a,@dptr
      000054 FD               [12]  191 	mov	r5,a
      000055 A3               [24]  192 	inc	dptr
      000056 E0               [24]  193 	movx	a,@dptr
      000057 FE               [12]  194 	mov	r6,a
      000058 A3               [24]  195 	inc	dptr
      000059 E0               [24]  196 	movx	a,@dptr
      00005A FF               [12]  197 	mov	r7,a
      00005B 90r00r0C         [24]  198 	mov	dptr,#___fsgt_fl2_1_21
      00005E E0               [24]  199 	movx	a,@dptr
      00005F F8               [12]  200 	mov	r0,a
      000060 A3               [24]  201 	inc	dptr
      000061 E0               [24]  202 	movx	a,@dptr
      000062 F9               [12]  203 	mov	r1,a
      000063 A3               [24]  204 	inc	dptr
      000064 E0               [24]  205 	movx	a,@dptr
      000065 FA               [12]  206 	mov	r2,a
      000066 A3               [24]  207 	inc	dptr
      000067 E0               [24]  208 	movx	a,@dptr
      000068 FB               [12]  209 	mov	r3,a
      000069 E8               [12]  210 	mov	a,r0
      00006A 42 04            [12]  211 	orl	ar4,a
      00006C E9               [12]  212 	mov	a,r1
      00006D 42 05            [12]  213 	orl	ar5,a
      00006F EA               [12]  214 	mov	a,r2
      000070 42 06            [12]  215 	orl	ar6,a
      000072 EB               [12]  216 	mov	a,r3
      000073 42 07            [12]  217 	orl	ar7,a
      000075 EC               [12]  218 	mov	a,r4
      000076 70 0E            [24]  219 	jnz	00102$
      000078 ED               [12]  220 	mov	a,r5
      000079 70 0B            [24]  221 	jnz	00102$
      00007B EE               [12]  222 	mov	a,r6
      00007C 70 08            [24]  223 	jnz	00102$
      00007E EF               [12]  224 	mov	a,r7
      00007F 54 7F            [12]  225 	anl	a,#0x7f
                                    226 ;	_fsgt.c:116: return (0);
      000081 70 03            [24]  227 	jnz	00102$
      000083 F5 82            [12]  228 	mov	dpl,a
      000085 22               [24]  229 	ret
      000086                        230 00102$:
                                    231 ;	_fsgt.c:118: if (fl1.l<0 && fl2.l<0) {
      000086 90r00r08         [24]  232 	mov	dptr,#___fsgt_fl1_1_21
      000089 E0               [24]  233 	movx	a,@dptr
      00008A FC               [12]  234 	mov	r4,a
      00008B A3               [24]  235 	inc	dptr
      00008C E0               [24]  236 	movx	a,@dptr
      00008D FD               [12]  237 	mov	r5,a
      00008E A3               [24]  238 	inc	dptr
      00008F E0               [24]  239 	movx	a,@dptr
      000090 FE               [12]  240 	mov	r6,a
      000091 A3               [24]  241 	inc	dptr
      000092 E0               [24]  242 	movx	a,@dptr
      000093 FF               [12]  243 	mov	r7,a
      000094 30 E7 48         [24]  244 	jnb	acc.7,00106$
      000097 90r00r0C         [24]  245 	mov	dptr,#___fsgt_fl2_1_21
      00009A E0               [24]  246 	movx	a,@dptr
      00009B FC               [12]  247 	mov	r4,a
      00009C A3               [24]  248 	inc	dptr
      00009D E0               [24]  249 	movx	a,@dptr
      00009E FD               [12]  250 	mov	r5,a
      00009F A3               [24]  251 	inc	dptr
      0000A0 E0               [24]  252 	movx	a,@dptr
      0000A1 FE               [12]  253 	mov	r6,a
      0000A2 A3               [24]  254 	inc	dptr
      0000A3 E0               [24]  255 	movx	a,@dptr
      0000A4 FF               [12]  256 	mov	r7,a
      0000A5 30 E7 37         [24]  257 	jnb	acc.7,00106$
                                    258 ;	_fsgt.c:119: if (fl2.l > fl1.l)
      0000A8 90r00r0C         [24]  259 	mov	dptr,#___fsgt_fl2_1_21
      0000AB E0               [24]  260 	movx	a,@dptr
      0000AC FC               [12]  261 	mov	r4,a
      0000AD A3               [24]  262 	inc	dptr
      0000AE E0               [24]  263 	movx	a,@dptr
      0000AF FD               [12]  264 	mov	r5,a
      0000B0 A3               [24]  265 	inc	dptr
      0000B1 E0               [24]  266 	movx	a,@dptr
      0000B2 FE               [12]  267 	mov	r6,a
      0000B3 A3               [24]  268 	inc	dptr
      0000B4 E0               [24]  269 	movx	a,@dptr
      0000B5 FF               [12]  270 	mov	r7,a
      0000B6 90r00r08         [24]  271 	mov	dptr,#___fsgt_fl1_1_21
      0000B9 E0               [24]  272 	movx	a,@dptr
      0000BA F8               [12]  273 	mov	r0,a
      0000BB A3               [24]  274 	inc	dptr
      0000BC E0               [24]  275 	movx	a,@dptr
      0000BD F9               [12]  276 	mov	r1,a
      0000BE A3               [24]  277 	inc	dptr
      0000BF E0               [24]  278 	movx	a,@dptr
      0000C0 FA               [12]  279 	mov	r2,a
      0000C1 A3               [24]  280 	inc	dptr
      0000C2 E0               [24]  281 	movx	a,@dptr
      0000C3 FB               [12]  282 	mov	r3,a
      0000C4 C3               [12]  283 	clr	c
      0000C5 E8               [12]  284 	mov	a,r0
      0000C6 9C               [12]  285 	subb	a,r4
      0000C7 E9               [12]  286 	mov	a,r1
      0000C8 9D               [12]  287 	subb	a,r5
      0000C9 EA               [12]  288 	mov	a,r2
      0000CA 9E               [12]  289 	subb	a,r6
      0000CB EB               [12]  290 	mov	a,r3
      0000CC 64 80            [12]  291 	xrl	a,#0x80
      0000CE 8F F0            [24]  292 	mov	b,r7
      0000D0 63 F0 80         [24]  293 	xrl	b,#0x80
      0000D3 95 F0            [12]  294 	subb	a,b
      0000D5 50 04            [24]  295 	jnc	00104$
                                    296 ;	_fsgt.c:120: return (1);
      0000D7 75 82 01         [24]  297 	mov	dpl,#0x01
      0000DA 22               [24]  298 	ret
      0000DB                        299 00104$:
                                    300 ;	_fsgt.c:121: return (0);
      0000DB 75 82 00         [24]  301 	mov	dpl,#0x00
      0000DE 22               [24]  302 	ret
      0000DF                        303 00106$:
                                    304 ;	_fsgt.c:124: if (fl1.l > fl2.l)
      0000DF 90r00r08         [24]  305 	mov	dptr,#___fsgt_fl1_1_21
      0000E2 E0               [24]  306 	movx	a,@dptr
      0000E3 FC               [12]  307 	mov	r4,a
      0000E4 A3               [24]  308 	inc	dptr
      0000E5 E0               [24]  309 	movx	a,@dptr
      0000E6 FD               [12]  310 	mov	r5,a
      0000E7 A3               [24]  311 	inc	dptr
      0000E8 E0               [24]  312 	movx	a,@dptr
      0000E9 FE               [12]  313 	mov	r6,a
      0000EA A3               [24]  314 	inc	dptr
      0000EB E0               [24]  315 	movx	a,@dptr
      0000EC FF               [12]  316 	mov	r7,a
      0000ED 90r00r0C         [24]  317 	mov	dptr,#___fsgt_fl2_1_21
      0000F0 E0               [24]  318 	movx	a,@dptr
      0000F1 F8               [12]  319 	mov	r0,a
      0000F2 A3               [24]  320 	inc	dptr
      0000F3 E0               [24]  321 	movx	a,@dptr
      0000F4 F9               [12]  322 	mov	r1,a
      0000F5 A3               [24]  323 	inc	dptr
      0000F6 E0               [24]  324 	movx	a,@dptr
      0000F7 FA               [12]  325 	mov	r2,a
      0000F8 A3               [24]  326 	inc	dptr
      0000F9 E0               [24]  327 	movx	a,@dptr
      0000FA FB               [12]  328 	mov	r3,a
      0000FB C3               [12]  329 	clr	c
      0000FC E8               [12]  330 	mov	a,r0
      0000FD 9C               [12]  331 	subb	a,r4
      0000FE E9               [12]  332 	mov	a,r1
      0000FF 9D               [12]  333 	subb	a,r5
      000100 EA               [12]  334 	mov	a,r2
      000101 9E               [12]  335 	subb	a,r6
      000102 EB               [12]  336 	mov	a,r3
      000103 64 80            [12]  337 	xrl	a,#0x80
      000105 8F F0            [24]  338 	mov	b,r7
      000107 63 F0 80         [24]  339 	xrl	b,#0x80
      00010A 95 F0            [12]  340 	subb	a,b
      00010C 50 04            [24]  341 	jnc	00109$
                                    342 ;	_fsgt.c:125: return (1);
      00010E 75 82 01         [24]  343 	mov	dpl,#0x01
      000111 22               [24]  344 	ret
      000112                        345 00109$:
                                    346 ;	_fsgt.c:126: return (0);
      000112 75 82 00         [24]  347 	mov	dpl,#0x00
      000115 22               [24]  348 	ret
                                    349 	.area CSEG    (CODE)
                                    350 	.area CONST   (CODE)
                                    351 	.area XINIT   (CODE)
                                    352 	.area CABS    (ABS,CODE)
