                                      1 ;--------------------------------------------------------
                                      2 ; File Created by SDCC : free open source ANSI-C Compiler
                                      3 ; Version 3.6.3 #9771 (MSVC)
                                      4 ;--------------------------------------------------------
                                      5 	.module _fsmul
                                      6 	.optsdcc -mmcs51 --model-large --xstack
                                      7 	
                                      8 ;--------------------------------------------------------
                                      9 ; Public variables in this module
                                     10 ;--------------------------------------------------------
                                     11 	.globl ___fsmul_PARM_2
                                     12 	.globl ___fsmul
                                     13 ;--------------------------------------------------------
                                     14 ; special function registers
                                     15 ;--------------------------------------------------------
                                     16 	.area RSEG    (ABS,DATA)
      000000                         17 	.org 0x0000
                                     18 ;--------------------------------------------------------
                                     19 ; special function bits
                                     20 ;--------------------------------------------------------
                                     21 	.area RSEG    (ABS,DATA)
      000000                         22 	.org 0x0000
                                     23 ;--------------------------------------------------------
                                     24 ; overlayable register banks
                                     25 ;--------------------------------------------------------
                                     26 	.area REG_BANK_0	(REL,OVR,DATA)
      000000                         27 	.ds 8
                                     28 ;--------------------------------------------------------
                                     29 ; internal ram data
                                     30 ;--------------------------------------------------------
                                     31 	.area DSEG    (DATA)
      000000                         32 ___fsmul_sloc0_1_0:
      000000                         33 	.ds 4
                                     34 ;--------------------------------------------------------
                                     35 ; overlayable items in internal ram 
                                     36 ;--------------------------------------------------------
                                     37 ;--------------------------------------------------------
                                     38 ; indirectly addressable internal ram data
                                     39 ;--------------------------------------------------------
                                     40 	.area ISEG    (DATA)
                                     41 ;--------------------------------------------------------
                                     42 ; absolute internal ram data
                                     43 ;--------------------------------------------------------
                                     44 	.area IABS    (ABS,DATA)
                                     45 	.area IABS    (ABS,DATA)
                                     46 ;--------------------------------------------------------
                                     47 ; bit data
                                     48 ;--------------------------------------------------------
                                     49 	.area BSEG    (BIT)
                                     50 ;--------------------------------------------------------
                                     51 ; paged external ram data
                                     52 ;--------------------------------------------------------
                                     53 	.area PSEG    (PAG,XDATA)
                                     54 ;--------------------------------------------------------
                                     55 ; external ram data
                                     56 ;--------------------------------------------------------
                                     57 	.area XSEG    (XDATA)
      000000                         58 ___fsmul_PARM_2:
      000000                         59 	.ds 4
      000004                         60 ___fsmul_a1_1_20:
      000004                         61 	.ds 4
      000008                         62 ___fsmul_fl1_1_21:
      000008                         63 	.ds 4
      00000C                         64 ___fsmul_fl2_1_21:
      00000C                         65 	.ds 4
      000010                         66 ___fsmul_result_1_21:
      000010                         67 	.ds 4
      000014                         68 ___fsmul_exp_1_21:
      000014                         69 	.ds 2
                                     70 ;--------------------------------------------------------
                                     71 ; absolute external ram data
                                     72 ;--------------------------------------------------------
                                     73 	.area XABS    (ABS,XDATA)
                                     74 ;--------------------------------------------------------
                                     75 ; external initialized ram data
                                     76 ;--------------------------------------------------------
                                     77 	.area XISEG   (XDATA)
                                     78 	.area HOME    (CODE)
                                     79 	.area GSINIT0 (CODE)
                                     80 	.area GSINIT1 (CODE)
                                     81 	.area GSINIT2 (CODE)
                                     82 	.area GSINIT3 (CODE)
                                     83 	.area GSINIT4 (CODE)
                                     84 	.area GSINIT5 (CODE)
                                     85 	.area GSINIT  (CODE)
                                     86 	.area GSFINAL (CODE)
                                     87 	.area CSEG    (CODE)
                                     88 ;--------------------------------------------------------
                                     89 ; global & static initialisations
                                     90 ;--------------------------------------------------------
                                     91 	.area HOME    (CODE)
                                     92 	.area GSINIT  (CODE)
                                     93 	.area GSFINAL (CODE)
                                     94 	.area GSINIT  (CODE)
                                     95 ;--------------------------------------------------------
                                     96 ; Home
                                     97 ;--------------------------------------------------------
                                     98 	.area HOME    (CODE)
                                     99 	.area HOME    (CODE)
                                    100 ;--------------------------------------------------------
                                    101 ; code
                                    102 ;--------------------------------------------------------
                                    103 	.area CSEG    (CODE)
                                    104 ;------------------------------------------------------------
                                    105 ;Allocation info for local variables in function '__fsmul'
                                    106 ;------------------------------------------------------------
                                    107 ;sloc0                     Allocated with name '___fsmul_sloc0_1_0'
                                    108 ;a2                        Allocated with name '___fsmul_PARM_2'
                                    109 ;a1                        Allocated with name '___fsmul_a1_1_20'
                                    110 ;fl1                       Allocated with name '___fsmul_fl1_1_21'
                                    111 ;fl2                       Allocated with name '___fsmul_fl2_1_21'
                                    112 ;result                    Allocated with name '___fsmul_result_1_21'
                                    113 ;exp                       Allocated with name '___fsmul_exp_1_21'
                                    114 ;sign                      Allocated with name '___fsmul_sign_1_21'
                                    115 ;------------------------------------------------------------
                                    116 ;	_fsmul.c:241: float __fsmul (float a1, float a2) {
                                    117 ;	-----------------------------------------
                                    118 ;	 function __fsmul
                                    119 ;	-----------------------------------------
      000000                        120 ___fsmul:
                           000007   121 	ar7 = 0x07
                           000006   122 	ar6 = 0x06
                           000005   123 	ar5 = 0x05
                           000004   124 	ar4 = 0x04
                           000003   125 	ar3 = 0x03
                           000002   126 	ar2 = 0x02
                           000001   127 	ar1 = 0x01
                           000000   128 	ar0 = 0x00
      000000 AF 82            [24]  129 	mov	r7,dpl
      000002 AE 83            [24]  130 	mov	r6,dph
      000004 AD F0            [24]  131 	mov	r5,b
      000006 FC               [12]  132 	mov	r4,a
      000007 90r00r04         [24]  133 	mov	dptr,#___fsmul_a1_1_20
      00000A EF               [12]  134 	mov	a,r7
      00000B F0               [24]  135 	movx	@dptr,a
      00000C EE               [12]  136 	mov	a,r6
      00000D A3               [24]  137 	inc	dptr
      00000E F0               [24]  138 	movx	@dptr,a
      00000F ED               [12]  139 	mov	a,r5
      000010 A3               [24]  140 	inc	dptr
      000011 F0               [24]  141 	movx	@dptr,a
      000012 EC               [12]  142 	mov	a,r4
      000013 A3               [24]  143 	inc	dptr
      000014 F0               [24]  144 	movx	@dptr,a
                                    145 ;	_fsmul.c:247: fl1.f = a1;
      000015 90r00r04         [24]  146 	mov	dptr,#___fsmul_a1_1_20
      000018 E0               [24]  147 	movx	a,@dptr
      000019 FC               [12]  148 	mov	r4,a
      00001A A3               [24]  149 	inc	dptr
      00001B E0               [24]  150 	movx	a,@dptr
      00001C FD               [12]  151 	mov	r5,a
      00001D A3               [24]  152 	inc	dptr
      00001E E0               [24]  153 	movx	a,@dptr
      00001F FE               [12]  154 	mov	r6,a
      000020 A3               [24]  155 	inc	dptr
      000021 E0               [24]  156 	movx	a,@dptr
      000022 FF               [12]  157 	mov	r7,a
      000023 90r00r08         [24]  158 	mov	dptr,#___fsmul_fl1_1_21
      000026 EC               [12]  159 	mov	a,r4
      000027 F0               [24]  160 	movx	@dptr,a
      000028 ED               [12]  161 	mov	a,r5
      000029 A3               [24]  162 	inc	dptr
      00002A F0               [24]  163 	movx	@dptr,a
      00002B EE               [12]  164 	mov	a,r6
      00002C A3               [24]  165 	inc	dptr
      00002D F0               [24]  166 	movx	@dptr,a
      00002E EF               [12]  167 	mov	a,r7
      00002F A3               [24]  168 	inc	dptr
      000030 F0               [24]  169 	movx	@dptr,a
                                    170 ;	_fsmul.c:248: fl2.f = a2;
      000031 90r00r00         [24]  171 	mov	dptr,#___fsmul_PARM_2
      000034 E0               [24]  172 	movx	a,@dptr
      000035 FC               [12]  173 	mov	r4,a
      000036 A3               [24]  174 	inc	dptr
      000037 E0               [24]  175 	movx	a,@dptr
      000038 FD               [12]  176 	mov	r5,a
      000039 A3               [24]  177 	inc	dptr
      00003A E0               [24]  178 	movx	a,@dptr
      00003B FE               [12]  179 	mov	r6,a
      00003C A3               [24]  180 	inc	dptr
      00003D E0               [24]  181 	movx	a,@dptr
      00003E FF               [12]  182 	mov	r7,a
      00003F 90r00r0C         [24]  183 	mov	dptr,#___fsmul_fl2_1_21
      000042 EC               [12]  184 	mov	a,r4
      000043 F0               [24]  185 	movx	@dptr,a
      000044 ED               [12]  186 	mov	a,r5
      000045 A3               [24]  187 	inc	dptr
      000046 F0               [24]  188 	movx	@dptr,a
      000047 EE               [12]  189 	mov	a,r6
      000048 A3               [24]  190 	inc	dptr
      000049 F0               [24]  191 	movx	@dptr,a
      00004A EF               [12]  192 	mov	a,r7
      00004B A3               [24]  193 	inc	dptr
      00004C F0               [24]  194 	movx	@dptr,a
                                    195 ;	_fsmul.c:250: if (!fl1.l || !fl2.l)
      00004D 90r00r08         [24]  196 	mov	dptr,#___fsmul_fl1_1_21
      000050 E0               [24]  197 	movx	a,@dptr
      000051 FC               [12]  198 	mov	r4,a
      000052 A3               [24]  199 	inc	dptr
      000053 E0               [24]  200 	movx	a,@dptr
      000054 FD               [12]  201 	mov	r5,a
      000055 A3               [24]  202 	inc	dptr
      000056 E0               [24]  203 	movx	a,@dptr
      000057 FE               [12]  204 	mov	r6,a
      000058 A3               [24]  205 	inc	dptr
      000059 E0               [24]  206 	movx	a,@dptr
      00005A FF               [12]  207 	mov	r7,a
      00005B EC               [12]  208 	mov	a,r4
      00005C 4D               [12]  209 	orl	a,r5
      00005D 4E               [12]  210 	orl	a,r6
      00005E 4F               [12]  211 	orl	a,r7
      00005F 60 14            [24]  212 	jz	00101$
      000061 90r00r0C         [24]  213 	mov	dptr,#___fsmul_fl2_1_21
      000064 E0               [24]  214 	movx	a,@dptr
      000065 FC               [12]  215 	mov	r4,a
      000066 A3               [24]  216 	inc	dptr
      000067 E0               [24]  217 	movx	a,@dptr
      000068 FD               [12]  218 	mov	r5,a
      000069 A3               [24]  219 	inc	dptr
      00006A E0               [24]  220 	movx	a,@dptr
      00006B FE               [12]  221 	mov	r6,a
      00006C A3               [24]  222 	inc	dptr
      00006D E0               [24]  223 	movx	a,@dptr
      00006E FF               [12]  224 	mov	r7,a
      00006F EC               [12]  225 	mov	a,r4
      000070 4D               [12]  226 	orl	a,r5
      000071 4E               [12]  227 	orl	a,r6
      000072 4F               [12]  228 	orl	a,r7
      000073 70 07            [24]  229 	jnz	00102$
      000075                        230 00101$:
                                    231 ;	_fsmul.c:251: return (0);
      000075 90 00 00         [24]  232 	mov	dptr,#(0x00&0x00ff)
      000078 E4               [12]  233 	clr	a
      000079 F5 F0            [12]  234 	mov	b,a
      00007B 22               [24]  235 	ret
      00007C                        236 00102$:
                                    237 ;	_fsmul.c:254: sign = SIGN (fl1.l) ^ SIGN (fl2.l);
      00007C 90r00r08         [24]  238 	mov	dptr,#___fsmul_fl1_1_21
      00007F E0               [24]  239 	movx	a,@dptr
      000080 A3               [24]  240 	inc	dptr
      000081 E0               [24]  241 	movx	a,@dptr
      000082 A3               [24]  242 	inc	dptr
      000083 E0               [24]  243 	movx	a,@dptr
      000084 A3               [24]  244 	inc	dptr
      000085 E0               [24]  245 	movx	a,@dptr
      000086 23               [12]  246 	rl	a
      000087 54 01            [12]  247 	anl	a,#0x01
      000089 FC               [12]  248 	mov	r4,a
      00008A 90r00r0C         [24]  249 	mov	dptr,#___fsmul_fl2_1_21
      00008D E0               [24]  250 	movx	a,@dptr
      00008E A3               [24]  251 	inc	dptr
      00008F E0               [24]  252 	movx	a,@dptr
      000090 A3               [24]  253 	inc	dptr
      000091 E0               [24]  254 	movx	a,@dptr
      000092 A3               [24]  255 	inc	dptr
      000093 E0               [24]  256 	movx	a,@dptr
      000094 23               [12]  257 	rl	a
      000095 54 01            [12]  258 	anl	a,#0x01
      000097 6C               [12]  259 	xrl	a,r4
      000098 FF               [12]  260 	mov	r7,a
                                    261 ;	_fsmul.c:255: exp = EXP (fl1.l) - EXCESS;
      000099 90r00r08         [24]  262 	mov	dptr,#___fsmul_fl1_1_21
      00009C E0               [24]  263 	movx	a,@dptr
      00009D A3               [24]  264 	inc	dptr
      00009E E0               [24]  265 	movx	a,@dptr
      00009F A3               [24]  266 	inc	dptr
      0000A0 E0               [24]  267 	movx	a,@dptr
      0000A1 FD               [12]  268 	mov	r5,a
      0000A2 A3               [24]  269 	inc	dptr
      0000A3 E0               [24]  270 	movx	a,@dptr
      0000A4 8D 03            [24]  271 	mov	ar3,r5
      0000A6 A2 E7            [12]  272 	mov	c,acc.7
      0000A8 CB               [12]  273 	xch	a,r3
      0000A9 33               [12]  274 	rlc	a
      0000AA CB               [12]  275 	xch	a,r3
      0000AB 33               [12]  276 	rlc	a
      0000AC CB               [12]  277 	xch	a,r3
      0000AD 54 01            [12]  278 	anl	a,#0x01
      0000AF E4               [12]  279 	clr	a
      0000B0 FC               [12]  280 	mov	r4,a
      0000B1 EB               [12]  281 	mov	a,r3
      0000B2 24 82            [12]  282 	add	a,#0x82
      0000B4 FB               [12]  283 	mov	r3,a
      0000B5 EC               [12]  284 	mov	a,r4
      0000B6 34 FF            [12]  285 	addc	a,#0xff
      0000B8 FC               [12]  286 	mov	r4,a
      0000B9 90r00r14         [24]  287 	mov	dptr,#___fsmul_exp_1_21
      0000BC EB               [12]  288 	mov	a,r3
      0000BD F0               [24]  289 	movx	@dptr,a
      0000BE EC               [12]  290 	mov	a,r4
      0000BF A3               [24]  291 	inc	dptr
      0000C0 F0               [24]  292 	movx	@dptr,a
                                    293 ;	_fsmul.c:256: exp += EXP (fl2.l);
      0000C1 90r00r0C         [24]  294 	mov	dptr,#___fsmul_fl2_1_21
      0000C4 E0               [24]  295 	movx	a,@dptr
      0000C5 A3               [24]  296 	inc	dptr
      0000C6 E0               [24]  297 	movx	a,@dptr
      0000C7 A3               [24]  298 	inc	dptr
      0000C8 E0               [24]  299 	movx	a,@dptr
      0000C9 FD               [12]  300 	mov	r5,a
      0000CA A3               [24]  301 	inc	dptr
      0000CB E0               [24]  302 	movx	a,@dptr
      0000CC 8D 03            [24]  303 	mov	ar3,r5
      0000CE A2 E7            [12]  304 	mov	c,acc.7
      0000D0 CB               [12]  305 	xch	a,r3
      0000D1 33               [12]  306 	rlc	a
      0000D2 CB               [12]  307 	xch	a,r3
      0000D3 33               [12]  308 	rlc	a
      0000D4 CB               [12]  309 	xch	a,r3
      0000D5 54 01            [12]  310 	anl	a,#0x01
      0000D7 7C 00            [12]  311 	mov	r4,#0x00
      0000D9 90r00r14         [24]  312 	mov	dptr,#___fsmul_exp_1_21
      0000DC E0               [24]  313 	movx	a,@dptr
      0000DD FD               [12]  314 	mov	r5,a
      0000DE A3               [24]  315 	inc	dptr
      0000DF E0               [24]  316 	movx	a,@dptr
      0000E0 8D 01            [24]  317 	mov	ar1,r5
      0000E2 FA               [12]  318 	mov	r2,a
      0000E3 33               [12]  319 	rlc	a
      0000E4 95 E0            [12]  320 	subb	a,acc
      0000E6 90r00r14         [24]  321 	mov	dptr,#___fsmul_exp_1_21
      0000E9 EB               [12]  322 	mov	a,r3
      0000EA 29               [12]  323 	add	a,r1
      0000EB F0               [24]  324 	movx	@dptr,a
      0000EC EC               [12]  325 	mov	a,r4
      0000ED 3A               [12]  326 	addc	a,r2
      0000EE A3               [24]  327 	inc	dptr
      0000EF F0               [24]  328 	movx	@dptr,a
                                    329 ;	_fsmul.c:258: fl1.l = MANT (fl1.l);
      0000F0 90r00r08         [24]  330 	mov	dptr,#___fsmul_fl1_1_21
      0000F3 E0               [24]  331 	movx	a,@dptr
      0000F4 FB               [12]  332 	mov	r3,a
      0000F5 A3               [24]  333 	inc	dptr
      0000F6 E0               [24]  334 	movx	a,@dptr
      0000F7 FC               [12]  335 	mov	r4,a
      0000F8 A3               [24]  336 	inc	dptr
      0000F9 E0               [24]  337 	movx	a,@dptr
      0000FA FD               [12]  338 	mov	r5,a
      0000FB A3               [24]  339 	inc	dptr
      0000FC E0               [24]  340 	movx	a,@dptr
      0000FD 53 05 7F         [24]  341 	anl	ar5,#0x7f
      000100 7E 00            [12]  342 	mov	r6,#0x00
      000102 43 05 80         [24]  343 	orl	ar5,#0x80
      000105 90r00r08         [24]  344 	mov	dptr,#___fsmul_fl1_1_21
      000108 EB               [12]  345 	mov	a,r3
      000109 F0               [24]  346 	movx	@dptr,a
      00010A EC               [12]  347 	mov	a,r4
      00010B A3               [24]  348 	inc	dptr
      00010C F0               [24]  349 	movx	@dptr,a
      00010D ED               [12]  350 	mov	a,r5
      00010E A3               [24]  351 	inc	dptr
      00010F F0               [24]  352 	movx	@dptr,a
      000110 EE               [12]  353 	mov	a,r6
      000111 A3               [24]  354 	inc	dptr
      000112 F0               [24]  355 	movx	@dptr,a
                                    356 ;	_fsmul.c:259: fl2.l = MANT (fl2.l);
      000113 90r00r0C         [24]  357 	mov	dptr,#___fsmul_fl2_1_21
      000116 E0               [24]  358 	movx	a,@dptr
      000117 FB               [12]  359 	mov	r3,a
      000118 A3               [24]  360 	inc	dptr
      000119 E0               [24]  361 	movx	a,@dptr
      00011A FC               [12]  362 	mov	r4,a
      00011B A3               [24]  363 	inc	dptr
      00011C E0               [24]  364 	movx	a,@dptr
      00011D FD               [12]  365 	mov	r5,a
      00011E A3               [24]  366 	inc	dptr
      00011F E0               [24]  367 	movx	a,@dptr
      000120 53 05 7F         [24]  368 	anl	ar5,#0x7f
      000123 7E 00            [12]  369 	mov	r6,#0x00
      000125 43 05 80         [24]  370 	orl	ar5,#0x80
      000128 90r00r0C         [24]  371 	mov	dptr,#___fsmul_fl2_1_21
      00012B EB               [12]  372 	mov	a,r3
      00012C F0               [24]  373 	movx	@dptr,a
      00012D EC               [12]  374 	mov	a,r4
      00012E A3               [24]  375 	inc	dptr
      00012F F0               [24]  376 	movx	@dptr,a
      000130 ED               [12]  377 	mov	a,r5
      000131 A3               [24]  378 	inc	dptr
      000132 F0               [24]  379 	movx	@dptr,a
      000133 EE               [12]  380 	mov	a,r6
      000134 A3               [24]  381 	inc	dptr
      000135 F0               [24]  382 	movx	@dptr,a
                                    383 ;	_fsmul.c:262: result = (fl1.l >> 8) * (fl2.l >> 8);
      000136 90r00r08         [24]  384 	mov	dptr,#___fsmul_fl1_1_21
      000139 E0               [24]  385 	movx	a,@dptr
      00013A A3               [24]  386 	inc	dptr
      00013B E0               [24]  387 	movx	a,@dptr
      00013C FC               [12]  388 	mov	r4,a
      00013D A3               [24]  389 	inc	dptr
      00013E E0               [24]  390 	movx	a,@dptr
      00013F FD               [12]  391 	mov	r5,a
      000140 A3               [24]  392 	inc	dptr
      000141 E0               [24]  393 	movx	a,@dptr
      000142 FE               [12]  394 	mov	r6,a
      000143 8C*00            [24]  395 	mov	___fsmul_sloc0_1_0,r4
      000145 8D*01            [24]  396 	mov	(___fsmul_sloc0_1_0 + 1),r5
      000147 8E*02            [24]  397 	mov	(___fsmul_sloc0_1_0 + 2),r6
      000149 75*03 00         [24]  398 	mov	(___fsmul_sloc0_1_0 + 3),#0x00
      00014C 90r00r0C         [24]  399 	mov	dptr,#___fsmul_fl2_1_21
      00014F E0               [24]  400 	movx	a,@dptr
      000150 A3               [24]  401 	inc	dptr
      000151 E0               [24]  402 	movx	a,@dptr
      000152 F9               [12]  403 	mov	r1,a
      000153 A3               [24]  404 	inc	dptr
      000154 E0               [24]  405 	movx	a,@dptr
      000155 FA               [12]  406 	mov	r2,a
      000156 A3               [24]  407 	inc	dptr
      000157 E0               [24]  408 	movx	a,@dptr
      000158 FE               [12]  409 	mov	r6,a
      000159 89 00            [24]  410 	mov	ar0,r1
      00015B 8A 01            [24]  411 	mov	ar1,r2
      00015D 8E 02            [24]  412 	mov	ar2,r6
      00015F 7E 00            [12]  413 	mov	r6,#0x00
      000161 90r00r00         [24]  414 	mov	dptr,#__mullong_PARM_2
      000164 E8               [12]  415 	mov	a,r0
      000165 F0               [24]  416 	movx	@dptr,a
      000166 E9               [12]  417 	mov	a,r1
      000167 A3               [24]  418 	inc	dptr
      000168 F0               [24]  419 	movx	@dptr,a
      000169 EA               [12]  420 	mov	a,r2
      00016A A3               [24]  421 	inc	dptr
      00016B F0               [24]  422 	movx	@dptr,a
      00016C EE               [12]  423 	mov	a,r6
      00016D A3               [24]  424 	inc	dptr
      00016E F0               [24]  425 	movx	@dptr,a
      00016F C0 00            [24]  426 	push	ar0
      000171 EF               [12]  427 	mov	a,r7
      000172 A8*00            [24]  428 	mov	r0,_spx
      000174 05*00            [12]  429 	inc	_spx
      000176 F2               [24]  430 	movx	@r0,a
      000177 D0 00            [24]  431 	pop	ar0
      000179 85*00 82         [24]  432 	mov	dpl,___fsmul_sloc0_1_0
      00017C 85*01 83         [24]  433 	mov	dph,(___fsmul_sloc0_1_0 + 1)
      00017F 85*02 F0         [24]  434 	mov	b,(___fsmul_sloc0_1_0 + 2)
      000182 E5*03            [12]  435 	mov	a,(___fsmul_sloc0_1_0 + 3)
      000184 12r00r00         [24]  436 	lcall	__mullong
      000187 AB 82            [24]  437 	mov	r3,dpl
      000189 AC 83            [24]  438 	mov	r4,dph
      00018B AD F0            [24]  439 	mov	r5,b
      00018D FE               [12]  440 	mov	r6,a
      00018E A8*00            [24]  441 	mov	r0,_spx
      000190 18               [12]  442 	dec	r0
      000191 E2               [24]  443 	movx	a,@r0
      000192 FF               [12]  444 	mov	r7,a
      000193 15*00            [12]  445 	dec	_spx
      000195 90r00r10         [24]  446 	mov	dptr,#___fsmul_result_1_21
      000198 EB               [12]  447 	mov	a,r3
      000199 F0               [24]  448 	movx	@dptr,a
      00019A EC               [12]  449 	mov	a,r4
      00019B A3               [24]  450 	inc	dptr
      00019C F0               [24]  451 	movx	@dptr,a
      00019D ED               [12]  452 	mov	a,r5
      00019E A3               [24]  453 	inc	dptr
      00019F F0               [24]  454 	movx	@dptr,a
      0001A0 EE               [12]  455 	mov	a,r6
      0001A1 A3               [24]  456 	inc	dptr
      0001A2 F0               [24]  457 	movx	@dptr,a
                                    458 ;	_fsmul.c:263: result += ((fl1.l & (unsigned long) 0xFF) * (fl2.l >> 8)) >> 8;
      0001A3 90r00r08         [24]  459 	mov	dptr,#___fsmul_fl1_1_21
      0001A6 E0               [24]  460 	movx	a,@dptr
      0001A7 FB               [12]  461 	mov	r3,a
      0001A8 A3               [24]  462 	inc	dptr
      0001A9 E0               [24]  463 	movx	a,@dptr
      0001AA A3               [24]  464 	inc	dptr
      0001AB E0               [24]  465 	movx	a,@dptr
      0001AC A3               [24]  466 	inc	dptr
      0001AD E0               [24]  467 	movx	a,@dptr
      0001AE 8B*00            [24]  468 	mov	___fsmul_sloc0_1_0,r3
      0001B0 75*01 00         [24]  469 	mov	(___fsmul_sloc0_1_0 + 1),#0x00
      0001B3 75*02 00         [24]  470 	mov	(___fsmul_sloc0_1_0 + 2),#0x00
      0001B6 75*03 00         [24]  471 	mov	(___fsmul_sloc0_1_0 + 3),#0x00
      0001B9 90r00r0C         [24]  472 	mov	dptr,#___fsmul_fl2_1_21
      0001BC E0               [24]  473 	movx	a,@dptr
      0001BD A3               [24]  474 	inc	dptr
      0001BE E0               [24]  475 	movx	a,@dptr
      0001BF F9               [12]  476 	mov	r1,a
      0001C0 A3               [24]  477 	inc	dptr
      0001C1 E0               [24]  478 	movx	a,@dptr
      0001C2 FA               [12]  479 	mov	r2,a
      0001C3 A3               [24]  480 	inc	dptr
      0001C4 E0               [24]  481 	movx	a,@dptr
      0001C5 FE               [12]  482 	mov	r6,a
      0001C6 89 00            [24]  483 	mov	ar0,r1
      0001C8 8A 01            [24]  484 	mov	ar1,r2
      0001CA 8E 02            [24]  485 	mov	ar2,r6
      0001CC 7E 00            [12]  486 	mov	r6,#0x00
      0001CE 90r00r00         [24]  487 	mov	dptr,#__mullong_PARM_2
      0001D1 E8               [12]  488 	mov	a,r0
      0001D2 F0               [24]  489 	movx	@dptr,a
      0001D3 E9               [12]  490 	mov	a,r1
      0001D4 A3               [24]  491 	inc	dptr
      0001D5 F0               [24]  492 	movx	@dptr,a
      0001D6 EA               [12]  493 	mov	a,r2
      0001D7 A3               [24]  494 	inc	dptr
      0001D8 F0               [24]  495 	movx	@dptr,a
      0001D9 EE               [12]  496 	mov	a,r6
      0001DA A3               [24]  497 	inc	dptr
      0001DB F0               [24]  498 	movx	@dptr,a
      0001DC C0 00            [24]  499 	push	ar0
      0001DE EF               [12]  500 	mov	a,r7
      0001DF A8*00            [24]  501 	mov	r0,_spx
      0001E1 05*00            [12]  502 	inc	_spx
      0001E3 F2               [24]  503 	movx	@r0,a
      0001E4 D0 00            [24]  504 	pop	ar0
      0001E6 85*00 82         [24]  505 	mov	dpl,___fsmul_sloc0_1_0
      0001E9 85*01 83         [24]  506 	mov	dph,(___fsmul_sloc0_1_0 + 1)
      0001EC 85*02 F0         [24]  507 	mov	b,(___fsmul_sloc0_1_0 + 2)
      0001EF E5*03            [12]  508 	mov	a,(___fsmul_sloc0_1_0 + 3)
      0001F1 12r00r00         [24]  509 	lcall	__mullong
      0001F4 AC 83            [24]  510 	mov	r4,dph
      0001F6 AD F0            [24]  511 	mov	r5,b
      0001F8 FE               [12]  512 	mov	r6,a
      0001F9 A8*00            [24]  513 	mov	r0,_spx
      0001FB 18               [12]  514 	dec	r0
      0001FC E2               [24]  515 	movx	a,@r0
      0001FD FF               [12]  516 	mov	r7,a
      0001FE 15*00            [12]  517 	dec	_spx
      000200 8C*00            [24]  518 	mov	___fsmul_sloc0_1_0,r4
      000202 8D*01            [24]  519 	mov	(___fsmul_sloc0_1_0 + 1),r5
      000204 8E*02            [24]  520 	mov	(___fsmul_sloc0_1_0 + 2),r6
      000206 75*03 00         [24]  521 	mov	(___fsmul_sloc0_1_0 + 3),#0x00
      000209 90r00r10         [24]  522 	mov	dptr,#___fsmul_result_1_21
      00020C E0               [24]  523 	movx	a,@dptr
      00020D F8               [12]  524 	mov	r0,a
      00020E A3               [24]  525 	inc	dptr
      00020F E0               [24]  526 	movx	a,@dptr
      000210 F9               [12]  527 	mov	r1,a
      000211 A3               [24]  528 	inc	dptr
      000212 E0               [24]  529 	movx	a,@dptr
      000213 FA               [12]  530 	mov	r2,a
      000214 A3               [24]  531 	inc	dptr
      000215 E0               [24]  532 	movx	a,@dptr
      000216 FE               [12]  533 	mov	r6,a
      000217 90r00r10         [24]  534 	mov	dptr,#___fsmul_result_1_21
      00021A E5*00            [12]  535 	mov	a,___fsmul_sloc0_1_0
      00021C 28               [12]  536 	add	a,r0
      00021D F0               [24]  537 	movx	@dptr,a
      00021E E5*01            [12]  538 	mov	a,(___fsmul_sloc0_1_0 + 1)
      000220 39               [12]  539 	addc	a,r1
      000221 A3               [24]  540 	inc	dptr
      000222 F0               [24]  541 	movx	@dptr,a
      000223 E5*02            [12]  542 	mov	a,(___fsmul_sloc0_1_0 + 2)
      000225 3A               [12]  543 	addc	a,r2
      000226 A3               [24]  544 	inc	dptr
      000227 F0               [24]  545 	movx	@dptr,a
      000228 E5*03            [12]  546 	mov	a,(___fsmul_sloc0_1_0 + 3)
      00022A 3E               [12]  547 	addc	a,r6
      00022B A3               [24]  548 	inc	dptr
      00022C F0               [24]  549 	movx	@dptr,a
                                    550 ;	_fsmul.c:264: result += ((fl2.l & (unsigned long) 0xFF) * (fl1.l >> 8)) >> 8;
      00022D 90r00r0C         [24]  551 	mov	dptr,#___fsmul_fl2_1_21
      000230 E0               [24]  552 	movx	a,@dptr
      000231 FB               [12]  553 	mov	r3,a
      000232 A3               [24]  554 	inc	dptr
      000233 E0               [24]  555 	movx	a,@dptr
      000234 A3               [24]  556 	inc	dptr
      000235 E0               [24]  557 	movx	a,@dptr
      000236 A3               [24]  558 	inc	dptr
      000237 E0               [24]  559 	movx	a,@dptr
      000238 8B*00            [24]  560 	mov	___fsmul_sloc0_1_0,r3
      00023A 75*01 00         [24]  561 	mov	(___fsmul_sloc0_1_0 + 1),#0x00
      00023D 75*02 00         [24]  562 	mov	(___fsmul_sloc0_1_0 + 2),#0x00
      000240 75*03 00         [24]  563 	mov	(___fsmul_sloc0_1_0 + 3),#0x00
      000243 90r00r08         [24]  564 	mov	dptr,#___fsmul_fl1_1_21
      000246 E0               [24]  565 	movx	a,@dptr
      000247 A3               [24]  566 	inc	dptr
      000248 E0               [24]  567 	movx	a,@dptr
      000249 F9               [12]  568 	mov	r1,a
      00024A A3               [24]  569 	inc	dptr
      00024B E0               [24]  570 	movx	a,@dptr
      00024C FA               [12]  571 	mov	r2,a
      00024D A3               [24]  572 	inc	dptr
      00024E E0               [24]  573 	movx	a,@dptr
      00024F FE               [12]  574 	mov	r6,a
      000250 89 00            [24]  575 	mov	ar0,r1
      000252 8A 01            [24]  576 	mov	ar1,r2
      000254 8E 02            [24]  577 	mov	ar2,r6
      000256 7E 00            [12]  578 	mov	r6,#0x00
      000258 90r00r00         [24]  579 	mov	dptr,#__mullong_PARM_2
      00025B E8               [12]  580 	mov	a,r0
      00025C F0               [24]  581 	movx	@dptr,a
      00025D E9               [12]  582 	mov	a,r1
      00025E A3               [24]  583 	inc	dptr
      00025F F0               [24]  584 	movx	@dptr,a
      000260 EA               [12]  585 	mov	a,r2
      000261 A3               [24]  586 	inc	dptr
      000262 F0               [24]  587 	movx	@dptr,a
      000263 EE               [12]  588 	mov	a,r6
      000264 A3               [24]  589 	inc	dptr
      000265 F0               [24]  590 	movx	@dptr,a
      000266 C0 00            [24]  591 	push	ar0
      000268 EF               [12]  592 	mov	a,r7
      000269 A8*00            [24]  593 	mov	r0,_spx
      00026B 05*00            [12]  594 	inc	_spx
      00026D F2               [24]  595 	movx	@r0,a
      00026E D0 00            [24]  596 	pop	ar0
      000270 85*00 82         [24]  597 	mov	dpl,___fsmul_sloc0_1_0
      000273 85*01 83         [24]  598 	mov	dph,(___fsmul_sloc0_1_0 + 1)
      000276 85*02 F0         [24]  599 	mov	b,(___fsmul_sloc0_1_0 + 2)
      000279 E5*03            [12]  600 	mov	a,(___fsmul_sloc0_1_0 + 3)
      00027B 12r00r00         [24]  601 	lcall	__mullong
      00027E AC 83            [24]  602 	mov	r4,dph
      000280 AD F0            [24]  603 	mov	r5,b
      000282 FE               [12]  604 	mov	r6,a
      000283 A8*00            [24]  605 	mov	r0,_spx
      000285 18               [12]  606 	dec	r0
      000286 E2               [24]  607 	movx	a,@r0
      000287 FF               [12]  608 	mov	r7,a
      000288 15*00            [12]  609 	dec	_spx
      00028A 8C*00            [24]  610 	mov	___fsmul_sloc0_1_0,r4
      00028C 8D*01            [24]  611 	mov	(___fsmul_sloc0_1_0 + 1),r5
      00028E 8E*02            [24]  612 	mov	(___fsmul_sloc0_1_0 + 2),r6
      000290 75*03 00         [24]  613 	mov	(___fsmul_sloc0_1_0 + 3),#0x00
      000293 90r00r10         [24]  614 	mov	dptr,#___fsmul_result_1_21
      000296 E0               [24]  615 	movx	a,@dptr
      000297 F8               [12]  616 	mov	r0,a
      000298 A3               [24]  617 	inc	dptr
      000299 E0               [24]  618 	movx	a,@dptr
      00029A F9               [12]  619 	mov	r1,a
      00029B A3               [24]  620 	inc	dptr
      00029C E0               [24]  621 	movx	a,@dptr
      00029D FA               [12]  622 	mov	r2,a
      00029E A3               [24]  623 	inc	dptr
      00029F E0               [24]  624 	movx	a,@dptr
      0002A0 FE               [12]  625 	mov	r6,a
      0002A1 90r00r10         [24]  626 	mov	dptr,#___fsmul_result_1_21
      0002A4 E5*00            [12]  627 	mov	a,___fsmul_sloc0_1_0
      0002A6 28               [12]  628 	add	a,r0
      0002A7 F0               [24]  629 	movx	@dptr,a
      0002A8 E5*01            [12]  630 	mov	a,(___fsmul_sloc0_1_0 + 1)
      0002AA 39               [12]  631 	addc	a,r1
      0002AB A3               [24]  632 	inc	dptr
      0002AC F0               [24]  633 	movx	@dptr,a
      0002AD E5*02            [12]  634 	mov	a,(___fsmul_sloc0_1_0 + 2)
      0002AF 3A               [12]  635 	addc	a,r2
      0002B0 A3               [24]  636 	inc	dptr
      0002B1 F0               [24]  637 	movx	@dptr,a
      0002B2 E5*03            [12]  638 	mov	a,(___fsmul_sloc0_1_0 + 3)
      0002B4 3E               [12]  639 	addc	a,r6
      0002B5 A3               [24]  640 	inc	dptr
      0002B6 F0               [24]  641 	movx	@dptr,a
                                    642 ;	_fsmul.c:267: result += 0x40;
      0002B7 90r00r10         [24]  643 	mov	dptr,#___fsmul_result_1_21
      0002BA E0               [24]  644 	movx	a,@dptr
      0002BB FB               [12]  645 	mov	r3,a
      0002BC A3               [24]  646 	inc	dptr
      0002BD E0               [24]  647 	movx	a,@dptr
      0002BE FC               [12]  648 	mov	r4,a
      0002BF A3               [24]  649 	inc	dptr
      0002C0 E0               [24]  650 	movx	a,@dptr
      0002C1 FD               [12]  651 	mov	r5,a
      0002C2 A3               [24]  652 	inc	dptr
      0002C3 E0               [24]  653 	movx	a,@dptr
      0002C4 FE               [12]  654 	mov	r6,a
      0002C5 90r00r10         [24]  655 	mov	dptr,#___fsmul_result_1_21
      0002C8 74 40            [12]  656 	mov	a,#0x40
      0002CA 2B               [12]  657 	add	a,r3
      0002CB F0               [24]  658 	movx	@dptr,a
      0002CC E4               [12]  659 	clr	a
      0002CD 3C               [12]  660 	addc	a,r4
      0002CE A3               [24]  661 	inc	dptr
      0002CF F0               [24]  662 	movx	@dptr,a
      0002D0 E4               [12]  663 	clr	a
      0002D1 3D               [12]  664 	addc	a,r5
      0002D2 A3               [24]  665 	inc	dptr
      0002D3 F0               [24]  666 	movx	@dptr,a
      0002D4 E4               [12]  667 	clr	a
      0002D5 3E               [12]  668 	addc	a,r6
      0002D6 A3               [24]  669 	inc	dptr
      0002D7 F0               [24]  670 	movx	@dptr,a
                                    671 ;	_fsmul.c:269: if (result & SIGNBIT)
      0002D8 90r00r10         [24]  672 	mov	dptr,#___fsmul_result_1_21
      0002DB E0               [24]  673 	movx	a,@dptr
      0002DC FB               [12]  674 	mov	r3,a
      0002DD A3               [24]  675 	inc	dptr
      0002DE E0               [24]  676 	movx	a,@dptr
      0002DF FC               [12]  677 	mov	r4,a
      0002E0 A3               [24]  678 	inc	dptr
      0002E1 E0               [24]  679 	movx	a,@dptr
      0002E2 FD               [12]  680 	mov	r5,a
      0002E3 A3               [24]  681 	inc	dptr
      0002E4 E0               [24]  682 	movx	a,@dptr
      0002E5 FE               [12]  683 	mov	r6,a
      0002E6 30 E7 46         [24]  684 	jnb	acc.7,00105$
                                    685 ;	_fsmul.c:272: result += 0x40;
      0002E9 90r00r10         [24]  686 	mov	dptr,#___fsmul_result_1_21
      0002EC E0               [24]  687 	movx	a,@dptr
      0002ED FB               [12]  688 	mov	r3,a
      0002EE A3               [24]  689 	inc	dptr
      0002EF E0               [24]  690 	movx	a,@dptr
      0002F0 FC               [12]  691 	mov	r4,a
      0002F1 A3               [24]  692 	inc	dptr
      0002F2 E0               [24]  693 	movx	a,@dptr
      0002F3 FD               [12]  694 	mov	r5,a
      0002F4 A3               [24]  695 	inc	dptr
      0002F5 E0               [24]  696 	movx	a,@dptr
      0002F6 FE               [12]  697 	mov	r6,a
      0002F7 90r00r10         [24]  698 	mov	dptr,#___fsmul_result_1_21
      0002FA 74 40            [12]  699 	mov	a,#0x40
      0002FC 2B               [12]  700 	add	a,r3
      0002FD F0               [24]  701 	movx	@dptr,a
      0002FE E4               [12]  702 	clr	a
      0002FF 3C               [12]  703 	addc	a,r4
      000300 A3               [24]  704 	inc	dptr
      000301 F0               [24]  705 	movx	@dptr,a
      000302 E4               [12]  706 	clr	a
      000303 3D               [12]  707 	addc	a,r5
      000304 A3               [24]  708 	inc	dptr
      000305 F0               [24]  709 	movx	@dptr,a
      000306 E4               [12]  710 	clr	a
      000307 3E               [12]  711 	addc	a,r6
      000308 A3               [24]  712 	inc	dptr
      000309 F0               [24]  713 	movx	@dptr,a
                                    714 ;	_fsmul.c:273: result >>= 8;
      00030A 90r00r10         [24]  715 	mov	dptr,#___fsmul_result_1_21
      00030D E0               [24]  716 	movx	a,@dptr
      00030E A3               [24]  717 	inc	dptr
      00030F E0               [24]  718 	movx	a,@dptr
      000310 FC               [12]  719 	mov	r4,a
      000311 A3               [24]  720 	inc	dptr
      000312 E0               [24]  721 	movx	a,@dptr
      000313 FD               [12]  722 	mov	r5,a
      000314 A3               [24]  723 	inc	dptr
      000315 E0               [24]  724 	movx	a,@dptr
      000316 FE               [12]  725 	mov	r6,a
      000317 8C 03            [24]  726 	mov	ar3,r4
      000319 8D 04            [24]  727 	mov	ar4,r5
      00031B 8E 05            [24]  728 	mov	ar5,r6
      00031D 7E 00            [12]  729 	mov	r6,#0x00
      00031F 90r00r10         [24]  730 	mov	dptr,#___fsmul_result_1_21
      000322 EB               [12]  731 	mov	a,r3
      000323 F0               [24]  732 	movx	@dptr,a
      000324 EC               [12]  733 	mov	a,r4
      000325 A3               [24]  734 	inc	dptr
      000326 F0               [24]  735 	movx	@dptr,a
      000327 ED               [12]  736 	mov	a,r5
      000328 A3               [24]  737 	inc	dptr
      000329 F0               [24]  738 	movx	@dptr,a
      00032A EE               [12]  739 	mov	a,r6
      00032B A3               [24]  740 	inc	dptr
      00032C F0               [24]  741 	movx	@dptr,a
      00032D 80 4A            [24]  742 	sjmp	00106$
      00032F                        743 00105$:
                                    744 ;	_fsmul.c:277: result >>= 7;
      00032F 90r00r10         [24]  745 	mov	dptr,#___fsmul_result_1_21
      000332 E0               [24]  746 	movx	a,@dptr
      000333 FB               [12]  747 	mov	r3,a
      000334 A3               [24]  748 	inc	dptr
      000335 E0               [24]  749 	movx	a,@dptr
      000336 FC               [12]  750 	mov	r4,a
      000337 A3               [24]  751 	inc	dptr
      000338 E0               [24]  752 	movx	a,@dptr
      000339 FD               [12]  753 	mov	r5,a
      00033A A3               [24]  754 	inc	dptr
      00033B E0               [24]  755 	movx	a,@dptr
      00033C FE               [12]  756 	mov	r6,a
      00033D EC               [12]  757 	mov	a,r4
      00033E A2 E7            [12]  758 	mov	c,acc.7
      000340 CB               [12]  759 	xch	a,r3
      000341 33               [12]  760 	rlc	a
      000342 CB               [12]  761 	xch	a,r3
      000343 33               [12]  762 	rlc	a
      000344 CB               [12]  763 	xch	a,r3
      000345 54 01            [12]  764 	anl	a,#0x01
      000347 FC               [12]  765 	mov	r4,a
      000348 ED               [12]  766 	mov	a,r5
      000349 2D               [12]  767 	add	a,r5
      00034A 4C               [12]  768 	orl	a,r4
      00034B FC               [12]  769 	mov	r4,a
      00034C EE               [12]  770 	mov	a,r6
      00034D A2 E7            [12]  771 	mov	c,acc.7
      00034F CD               [12]  772 	xch	a,r5
      000350 33               [12]  773 	rlc	a
      000351 CD               [12]  774 	xch	a,r5
      000352 33               [12]  775 	rlc	a
      000353 CD               [12]  776 	xch	a,r5
      000354 54 01            [12]  777 	anl	a,#0x01
      000356 FE               [12]  778 	mov	r6,a
      000357 90r00r10         [24]  779 	mov	dptr,#___fsmul_result_1_21
      00035A EB               [12]  780 	mov	a,r3
      00035B F0               [24]  781 	movx	@dptr,a
      00035C EC               [12]  782 	mov	a,r4
      00035D A3               [24]  783 	inc	dptr
      00035E F0               [24]  784 	movx	@dptr,a
      00035F ED               [12]  785 	mov	a,r5
      000360 A3               [24]  786 	inc	dptr
      000361 F0               [24]  787 	movx	@dptr,a
      000362 EE               [12]  788 	mov	a,r6
      000363 A3               [24]  789 	inc	dptr
      000364 F0               [24]  790 	movx	@dptr,a
                                    791 ;	_fsmul.c:278: exp--;
      000365 90r00r14         [24]  792 	mov	dptr,#___fsmul_exp_1_21
      000368 E0               [24]  793 	movx	a,@dptr
      000369 24 FF            [12]  794 	add	a,#0xff
      00036B FD               [12]  795 	mov	r5,a
      00036C A3               [24]  796 	inc	dptr
      00036D E0               [24]  797 	movx	a,@dptr
      00036E 34 FF            [12]  798 	addc	a,#0xff
      000370 FE               [12]  799 	mov	r6,a
      000371 90r00r14         [24]  800 	mov	dptr,#___fsmul_exp_1_21
      000374 ED               [12]  801 	mov	a,r5
      000375 F0               [24]  802 	movx	@dptr,a
      000376 EE               [12]  803 	mov	a,r6
      000377 A3               [24]  804 	inc	dptr
      000378 F0               [24]  805 	movx	@dptr,a
      000379                        806 00106$:
                                    807 ;	_fsmul.c:281: result &= ~HIDDEN;
      000379 90r00r10         [24]  808 	mov	dptr,#___fsmul_result_1_21
      00037C E0               [24]  809 	movx	a,@dptr
      00037D FB               [12]  810 	mov	r3,a
      00037E A3               [24]  811 	inc	dptr
      00037F E0               [24]  812 	movx	a,@dptr
      000380 FC               [12]  813 	mov	r4,a
      000381 A3               [24]  814 	inc	dptr
      000382 E0               [24]  815 	movx	a,@dptr
      000383 FD               [12]  816 	mov	r5,a
      000384 A3               [24]  817 	inc	dptr
      000385 E0               [24]  818 	movx	a,@dptr
      000386 FE               [12]  819 	mov	r6,a
      000387 90r00r10         [24]  820 	mov	dptr,#___fsmul_result_1_21
      00038A EB               [12]  821 	mov	a,r3
      00038B F0               [24]  822 	movx	@dptr,a
      00038C EC               [12]  823 	mov	a,r4
      00038D A3               [24]  824 	inc	dptr
      00038E F0               [24]  825 	movx	@dptr,a
      00038F 74 7F            [12]  826 	mov	a,#0x7f
      000391 5D               [12]  827 	anl	a,r5
      000392 A3               [24]  828 	inc	dptr
      000393 F0               [24]  829 	movx	@dptr,a
      000394 EE               [12]  830 	mov	a,r6
      000395 A3               [24]  831 	inc	dptr
      000396 F0               [24]  832 	movx	@dptr,a
                                    833 ;	_fsmul.c:284: if (exp >= 0x100)
      000397 90r00r14         [24]  834 	mov	dptr,#___fsmul_exp_1_21
      00039A E0               [24]  835 	movx	a,@dptr
      00039B FD               [12]  836 	mov	r5,a
      00039C A3               [24]  837 	inc	dptr
      00039D E0               [24]  838 	movx	a,@dptr
      00039E FE               [12]  839 	mov	r6,a
      00039F C3               [12]  840 	clr	c
      0003A0 64 80            [12]  841 	xrl	a,#0x80
      0003A2 94 81            [12]  842 	subb	a,#0x81
      0003A4 40 2B            [24]  843 	jc	00111$
                                    844 ;	_fsmul.c:285: fl1.l = (sign ? SIGNBIT : 0) | __INFINITY;
      0003A6 EF               [12]  845 	mov	a,r7
      0003A7 60 0A            [24]  846 	jz	00115$
      0003A9 7B 00            [12]  847 	mov	r3,#0x00
      0003AB 7C 00            [12]  848 	mov	r4,#0x00
      0003AD 7D 00            [12]  849 	mov	r5,#0x00
      0003AF 7E 80            [12]  850 	mov	r6,#0x80
      0003B1 80 08            [24]  851 	sjmp	00116$
      0003B3                        852 00115$:
      0003B3 7B 00            [12]  853 	mov	r3,#0x00
      0003B5 7C 00            [12]  854 	mov	r4,#0x00
      0003B7 7D 00            [12]  855 	mov	r5,#0x00
      0003B9 7E 00            [12]  856 	mov	r6,#0x00
      0003BB                        857 00116$:
      0003BB 43 05 80         [24]  858 	orl	ar5,#0x80
      0003BE 43 06 7F         [24]  859 	orl	ar6,#0x7f
      0003C1 90r00r08         [24]  860 	mov	dptr,#___fsmul_fl1_1_21
      0003C4 EB               [12]  861 	mov	a,r3
      0003C5 F0               [24]  862 	movx	@dptr,a
      0003C6 EC               [12]  863 	mov	a,r4
      0003C7 A3               [24]  864 	inc	dptr
      0003C8 F0               [24]  865 	movx	@dptr,a
      0003C9 ED               [12]  866 	mov	a,r5
      0003CA A3               [24]  867 	inc	dptr
      0003CB F0               [24]  868 	movx	@dptr,a
      0003CC EE               [12]  869 	mov	a,r6
      0003CD A3               [24]  870 	inc	dptr
      0003CE F0               [24]  871 	movx	@dptr,a
      0003CF 80 7C            [24]  872 	sjmp	00112$
      0003D1                        873 00111$:
                                    874 ;	_fsmul.c:286: else if (exp < 0)
      0003D1 90r00r14         [24]  875 	mov	dptr,#___fsmul_exp_1_21
      0003D4 E0               [24]  876 	movx	a,@dptr
      0003D5 FD               [12]  877 	mov	r5,a
      0003D6 A3               [24]  878 	inc	dptr
      0003D7 E0               [24]  879 	movx	a,@dptr
      0003D8 FE               [12]  880 	mov	r6,a
      0003D9 30 E7 0D         [24]  881 	jnb	acc.7,00108$
                                    882 ;	_fsmul.c:287: fl1.l = 0;
      0003DC 90r00r08         [24]  883 	mov	dptr,#___fsmul_fl1_1_21
      0003DF E4               [12]  884 	clr	a
      0003E0 F0               [24]  885 	movx	@dptr,a
      0003E1 A3               [24]  886 	inc	dptr
      0003E2 F0               [24]  887 	movx	@dptr,a
      0003E3 A3               [24]  888 	inc	dptr
      0003E4 F0               [24]  889 	movx	@dptr,a
      0003E5 A3               [24]  890 	inc	dptr
      0003E6 F0               [24]  891 	movx	@dptr,a
      0003E7 80 64            [24]  892 	sjmp	00112$
      0003E9                        893 00108$:
                                    894 ;	_fsmul.c:289: fl1.l = PACK (sign ? SIGNBIT : 0 , exp, result);
      0003E9 EF               [12]  895 	mov	a,r7
      0003EA 60 0A            [24]  896 	jz	00117$
      0003EC 7C 00            [12]  897 	mov	r4,#0x00
      0003EE 7D 00            [12]  898 	mov	r5,#0x00
      0003F0 7E 00            [12]  899 	mov	r6,#0x00
      0003F2 7F 80            [12]  900 	mov	r7,#0x80
      0003F4 80 08            [24]  901 	sjmp	00118$
      0003F6                        902 00117$:
      0003F6 7C 00            [12]  903 	mov	r4,#0x00
      0003F8 7D 00            [12]  904 	mov	r5,#0x00
      0003FA 7E 00            [12]  905 	mov	r6,#0x00
      0003FC 7F 00            [12]  906 	mov	r7,#0x00
      0003FE                        907 00118$:
      0003FE 90r00r14         [24]  908 	mov	dptr,#___fsmul_exp_1_21
      000401 E0               [24]  909 	movx	a,@dptr
      000402 FA               [12]  910 	mov	r2,a
      000403 A3               [24]  911 	inc	dptr
      000404 E0               [24]  912 	movx	a,@dptr
      000405 8A 00            [24]  913 	mov	ar0,r2
      000407 F9               [12]  914 	mov	r1,a
      000408 33               [12]  915 	rlc	a
      000409 95 E0            [12]  916 	subb	a,acc
      00040B 88 02            [24]  917 	mov	ar2,r0
      00040D E9               [12]  918 	mov	a,r1
      00040E 54 01            [12]  919 	anl	a,#0x01
      000410 A2 E0            [12]  920 	mov	c,acc.0
      000412 CA               [12]  921 	xch	a,r2
      000413 13               [12]  922 	rrc	a
      000414 CA               [12]  923 	xch	a,r2
      000415 13               [12]  924 	rrc	a
      000416 CA               [12]  925 	xch	a,r2
      000417 FB               [12]  926 	mov	r3,a
      000418 E4               [12]  927 	clr	a
      000419 F9               [12]  928 	mov	r1,a
      00041A 42 04            [12]  929 	orl	ar4,a
      00041C E9               [12]  930 	mov	a,r1
      00041D 42 05            [12]  931 	orl	ar5,a
      00041F EA               [12]  932 	mov	a,r2
      000420 42 06            [12]  933 	orl	ar6,a
      000422 EB               [12]  934 	mov	a,r3
      000423 42 07            [12]  935 	orl	ar7,a
      000425 90r00r10         [24]  936 	mov	dptr,#___fsmul_result_1_21
      000428 E0               [24]  937 	movx	a,@dptr
      000429 F8               [12]  938 	mov	r0,a
      00042A A3               [24]  939 	inc	dptr
      00042B E0               [24]  940 	movx	a,@dptr
      00042C F9               [12]  941 	mov	r1,a
      00042D A3               [24]  942 	inc	dptr
      00042E E0               [24]  943 	movx	a,@dptr
      00042F FA               [12]  944 	mov	r2,a
      000430 A3               [24]  945 	inc	dptr
      000431 E0               [24]  946 	movx	a,@dptr
      000432 FB               [12]  947 	mov	r3,a
      000433 E8               [12]  948 	mov	a,r0
      000434 42 04            [12]  949 	orl	ar4,a
      000436 E9               [12]  950 	mov	a,r1
      000437 42 05            [12]  951 	orl	ar5,a
      000439 EA               [12]  952 	mov	a,r2
      00043A 42 06            [12]  953 	orl	ar6,a
      00043C EB               [12]  954 	mov	a,r3
      00043D 42 07            [12]  955 	orl	ar7,a
      00043F 90r00r08         [24]  956 	mov	dptr,#___fsmul_fl1_1_21
      000442 EC               [12]  957 	mov	a,r4
      000443 F0               [24]  958 	movx	@dptr,a
      000444 ED               [12]  959 	mov	a,r5
      000445 A3               [24]  960 	inc	dptr
      000446 F0               [24]  961 	movx	@dptr,a
      000447 EE               [12]  962 	mov	a,r6
      000448 A3               [24]  963 	inc	dptr
      000449 F0               [24]  964 	movx	@dptr,a
      00044A EF               [12]  965 	mov	a,r7
      00044B A3               [24]  966 	inc	dptr
      00044C F0               [24]  967 	movx	@dptr,a
      00044D                        968 00112$:
                                    969 ;	_fsmul.c:290: return (fl1.f);
      00044D 90r00r08         [24]  970 	mov	dptr,#___fsmul_fl1_1_21
      000450 E0               [24]  971 	movx	a,@dptr
      000451 FC               [12]  972 	mov	r4,a
      000452 A3               [24]  973 	inc	dptr
      000453 E0               [24]  974 	movx	a,@dptr
      000454 FD               [12]  975 	mov	r5,a
      000455 A3               [24]  976 	inc	dptr
      000456 E0               [24]  977 	movx	a,@dptr
      000457 FE               [12]  978 	mov	r6,a
      000458 A3               [24]  979 	inc	dptr
      000459 E0               [24]  980 	movx	a,@dptr
      00045A 8C 82            [24]  981 	mov	dpl,r4
      00045C 8D 83            [24]  982 	mov	dph,r5
      00045E 8E F0            [24]  983 	mov	b,r6
      000460 22               [24]  984 	ret
                                    985 	.area CSEG    (CODE)
                                    986 	.area CONST   (CODE)
                                    987 	.area XINIT   (CODE)
                                    988 	.area CABS    (ABS,CODE)
