                                      1 ;--------------------------------------------------------
                                      2 ; File Created by SDCC : free open source ANSI-C Compiler
                                      3 ; Version 3.6.3 #9771 (MSVC)
                                      4 ;--------------------------------------------------------
                                      5 	.module _fssub
                                      6 	.optsdcc -mmcs51 --model-large --xstack
                                      7 	
                                      8 ;--------------------------------------------------------
                                      9 ; Public variables in this module
                                     10 ;--------------------------------------------------------
                                     11 	.globl ___fssub_PARM_2
                                     12 	.globl ___fssub
                                     13 ;--------------------------------------------------------
                                     14 ; special function registers
                                     15 ;--------------------------------------------------------
                                     16 	.area RSEG    (ABS,DATA)
      000000                         17 	.org 0x0000
                                     18 ;--------------------------------------------------------
                                     19 ; special function bits
                                     20 ;--------------------------------------------------------
                                     21 	.area RSEG    (ABS,DATA)
      000000                         22 	.org 0x0000
                                     23 ;--------------------------------------------------------
                                     24 ; overlayable register banks
                                     25 ;--------------------------------------------------------
                                     26 	.area REG_BANK_0	(REL,OVR,DATA)
      000000                         27 	.ds 8
                                     28 ;--------------------------------------------------------
                                     29 ; internal ram data
                                     30 ;--------------------------------------------------------
                                     31 	.area DSEG    (DATA)
                                     32 ;--------------------------------------------------------
                                     33 ; overlayable items in internal ram 
                                     34 ;--------------------------------------------------------
                                     35 ;--------------------------------------------------------
                                     36 ; indirectly addressable internal ram data
                                     37 ;--------------------------------------------------------
                                     38 	.area ISEG    (DATA)
                                     39 ;--------------------------------------------------------
                                     40 ; absolute internal ram data
                                     41 ;--------------------------------------------------------
                                     42 	.area IABS    (ABS,DATA)
                                     43 	.area IABS    (ABS,DATA)
                                     44 ;--------------------------------------------------------
                                     45 ; bit data
                                     46 ;--------------------------------------------------------
                                     47 	.area BSEG    (BIT)
                                     48 ;--------------------------------------------------------
                                     49 ; paged external ram data
                                     50 ;--------------------------------------------------------
                                     51 	.area PSEG    (PAG,XDATA)
                                     52 ;--------------------------------------------------------
                                     53 ; external ram data
                                     54 ;--------------------------------------------------------
                                     55 	.area XSEG    (XDATA)
      000000                         56 ___fssub_PARM_2:
      000000                         57 	.ds 4
      000004                         58 ___fssub_a1_1_20:
      000004                         59 	.ds 4
                                     60 ;--------------------------------------------------------
                                     61 ; absolute external ram data
                                     62 ;--------------------------------------------------------
                                     63 	.area XABS    (ABS,XDATA)
                                     64 ;--------------------------------------------------------
                                     65 ; external initialized ram data
                                     66 ;--------------------------------------------------------
                                     67 	.area XISEG   (XDATA)
                                     68 	.area HOME    (CODE)
                                     69 	.area GSINIT0 (CODE)
                                     70 	.area GSINIT1 (CODE)
                                     71 	.area GSINIT2 (CODE)
                                     72 	.area GSINIT3 (CODE)
                                     73 	.area GSINIT4 (CODE)
                                     74 	.area GSINIT5 (CODE)
                                     75 	.area GSINIT  (CODE)
                                     76 	.area GSFINAL (CODE)
                                     77 	.area CSEG    (CODE)
                                     78 ;--------------------------------------------------------
                                     79 ; global & static initialisations
                                     80 ;--------------------------------------------------------
                                     81 	.area HOME    (CODE)
                                     82 	.area GSINIT  (CODE)
                                     83 	.area GSFINAL (CODE)
                                     84 	.area GSINIT  (CODE)
                                     85 ;--------------------------------------------------------
                                     86 ; Home
                                     87 ;--------------------------------------------------------
                                     88 	.area HOME    (CODE)
                                     89 	.area HOME    (CODE)
                                     90 ;--------------------------------------------------------
                                     91 ; code
                                     92 ;--------------------------------------------------------
                                     93 	.area CSEG    (CODE)
                                     94 ;------------------------------------------------------------
                                     95 ;Allocation info for local variables in function '__fssub'
                                     96 ;------------------------------------------------------------
                                     97 ;a2                        Allocated with name '___fssub_PARM_2'
                                     98 ;a1                        Allocated with name '___fssub_a1_1_20'
                                     99 ;neg                       Allocated with name '___fssub_neg_1_21'
                                    100 ;------------------------------------------------------------
                                    101 ;	_fssub.c:73: float __fssub (float a1, float a2)
                                    102 ;	-----------------------------------------
                                    103 ;	 function __fssub
                                    104 ;	-----------------------------------------
      000000                        105 ___fssub:
                           000007   106 	ar7 = 0x07
                           000006   107 	ar6 = 0x06
                           000005   108 	ar5 = 0x05
                           000004   109 	ar4 = 0x04
                           000003   110 	ar3 = 0x03
                           000002   111 	ar2 = 0x02
                           000001   112 	ar1 = 0x01
                           000000   113 	ar0 = 0x00
      000000 AF 82            [24]  114 	mov	r7,dpl
      000002 AE 83            [24]  115 	mov	r6,dph
      000004 AD F0            [24]  116 	mov	r5,b
      000006 FC               [12]  117 	mov	r4,a
      000007 90r00r04         [24]  118 	mov	dptr,#___fssub_a1_1_20
      00000A EF               [12]  119 	mov	a,r7
      00000B F0               [24]  120 	movx	@dptr,a
      00000C EE               [12]  121 	mov	a,r6
      00000D A3               [24]  122 	inc	dptr
      00000E F0               [24]  123 	movx	@dptr,a
      00000F ED               [12]  124 	mov	a,r5
      000010 A3               [24]  125 	inc	dptr
      000011 F0               [24]  126 	movx	@dptr,a
      000012 EC               [12]  127 	mov	a,r4
      000013 A3               [24]  128 	inc	dptr
      000014 F0               [24]  129 	movx	@dptr,a
                                    130 ;	_fssub.c:75: float neg = -a1;
      000015 90r00r04         [24]  131 	mov	dptr,#___fssub_a1_1_20
      000018 E0               [24]  132 	movx	a,@dptr
      000019 FC               [12]  133 	mov	r4,a
      00001A A3               [24]  134 	inc	dptr
      00001B E0               [24]  135 	movx	a,@dptr
      00001C FD               [12]  136 	mov	r5,a
      00001D A3               [24]  137 	inc	dptr
      00001E E0               [24]  138 	movx	a,@dptr
      00001F FE               [12]  139 	mov	r6,a
      000020 A3               [24]  140 	inc	dptr
      000021 E0               [24]  141 	movx	a,@dptr
      000022 B2 E7            [12]  142 	cpl	acc.7
      000024 FF               [12]  143 	mov	r7,a
                                    144 ;	_fssub.c:76: return -(neg + a2);
      000025 90r00r00         [24]  145 	mov	dptr,#___fssub_PARM_2
      000028 E0               [24]  146 	movx	a,@dptr
      000029 F8               [12]  147 	mov	r0,a
      00002A A3               [24]  148 	inc	dptr
      00002B E0               [24]  149 	movx	a,@dptr
      00002C F9               [12]  150 	mov	r1,a
      00002D A3               [24]  151 	inc	dptr
      00002E E0               [24]  152 	movx	a,@dptr
      00002F FA               [12]  153 	mov	r2,a
      000030 A3               [24]  154 	inc	dptr
      000031 E0               [24]  155 	movx	a,@dptr
      000032 FB               [12]  156 	mov	r3,a
      000033 90r00r00         [24]  157 	mov	dptr,#___fsadd_PARM_2
      000036 E8               [12]  158 	mov	a,r0
      000037 F0               [24]  159 	movx	@dptr,a
      000038 E9               [12]  160 	mov	a,r1
      000039 A3               [24]  161 	inc	dptr
      00003A F0               [24]  162 	movx	@dptr,a
      00003B EA               [12]  163 	mov	a,r2
      00003C A3               [24]  164 	inc	dptr
      00003D F0               [24]  165 	movx	@dptr,a
      00003E EB               [12]  166 	mov	a,r3
      00003F A3               [24]  167 	inc	dptr
      000040 F0               [24]  168 	movx	@dptr,a
      000041 8C 82            [24]  169 	mov	dpl,r4
      000043 8D 83            [24]  170 	mov	dph,r5
      000045 8E F0            [24]  171 	mov	b,r6
      000047 EF               [12]  172 	mov	a,r7
      000048 12r00r00         [24]  173 	lcall	___fsadd
      00004B AC 82            [24]  174 	mov	r4,dpl
      00004D AD 83            [24]  175 	mov	r5,dph
      00004F AE F0            [24]  176 	mov	r6,b
      000051 B2 E7            [12]  177 	cpl	acc.7
      000053 8C 82            [24]  178 	mov	dpl,r4
      000055 8D 83            [24]  179 	mov	dph,r5
      000057 8E F0            [24]  180 	mov	b,r6
      000059 22               [24]  181 	ret
                                    182 	.area CSEG    (CODE)
                                    183 	.area CONST   (CODE)
                                    184 	.area XINIT   (CODE)
                                    185 	.area CABS    (ABS,CODE)
