                                      1 ;--------------------------------------------------------
                                      2 ; File Created by SDCC : free open source ANSI-C Compiler
                                      3 ; Version 3.6.3 #9771 (MSVC)
                                      4 ;--------------------------------------------------------
                                      5 	.module _ltoa
                                      6 	.optsdcc -mmcs51 --model-large --xstack
                                      7 	
                                      8 ;--------------------------------------------------------
                                      9 ; Public variables in this module
                                     10 ;--------------------------------------------------------
                                     11 	.globl __ltoa
                                     12 	.globl __ultoa
                                     13 	.globl __ltoa_PARM_3
                                     14 	.globl __ltoa_PARM_2
                                     15 	.globl __ultoa_PARM_3
                                     16 	.globl __ultoa_PARM_2
                                     17 ;--------------------------------------------------------
                                     18 ; special function registers
                                     19 ;--------------------------------------------------------
                                     20 	.area RSEG    (ABS,DATA)
      000000                         21 	.org 0x0000
                                     22 ;--------------------------------------------------------
                                     23 ; special function bits
                                     24 ;--------------------------------------------------------
                                     25 	.area RSEG    (ABS,DATA)
      000000                         26 	.org 0x0000
                                     27 ;--------------------------------------------------------
                                     28 ; overlayable register banks
                                     29 ;--------------------------------------------------------
                                     30 	.area REG_BANK_0	(REL,OVR,DATA)
      000000                         31 	.ds 8
                                     32 ;--------------------------------------------------------
                                     33 ; internal ram data
                                     34 ;--------------------------------------------------------
                                     35 	.area DSEG    (DATA)
      000000                         36 __ultoa_sloc0_1_0:
      000000                         37 	.ds 4
                                     38 ;--------------------------------------------------------
                                     39 ; overlayable items in internal ram 
                                     40 ;--------------------------------------------------------
                                     41 ;--------------------------------------------------------
                                     42 ; indirectly addressable internal ram data
                                     43 ;--------------------------------------------------------
                                     44 	.area ISEG    (DATA)
                                     45 ;--------------------------------------------------------
                                     46 ; absolute internal ram data
                                     47 ;--------------------------------------------------------
                                     48 	.area IABS    (ABS,DATA)
                                     49 	.area IABS    (ABS,DATA)
                                     50 ;--------------------------------------------------------
                                     51 ; bit data
                                     52 ;--------------------------------------------------------
                                     53 	.area BSEG    (BIT)
                                     54 ;--------------------------------------------------------
                                     55 ; paged external ram data
                                     56 ;--------------------------------------------------------
                                     57 	.area PSEG    (PAG,XDATA)
                                     58 ;--------------------------------------------------------
                                     59 ; external ram data
                                     60 ;--------------------------------------------------------
                                     61 	.area XSEG    (XDATA)
      000000                         62 __ultoa_PARM_2:
      000000                         63 	.ds 3
      000003                         64 __ultoa_PARM_3:
      000003                         65 	.ds 1
      000004                         66 __ultoa_value_1_1:
      000004                         67 	.ds 4
      000008                         68 __ultoa_buffer_1_2:
      000008                         69 	.ds 32
      000028                         70 __ultoa_c_2_3:
      000028                         71 	.ds 1
      000029                         72 __ltoa_PARM_2:
      000029                         73 	.ds 3
      00002C                         74 __ltoa_PARM_3:
      00002C                         75 	.ds 1
      00002D                         76 __ltoa_value_1_5:
      00002D                         77 	.ds 4
                                     78 ;--------------------------------------------------------
                                     79 ; absolute external ram data
                                     80 ;--------------------------------------------------------
                                     81 	.area XABS    (ABS,XDATA)
                                     82 ;--------------------------------------------------------
                                     83 ; external initialized ram data
                                     84 ;--------------------------------------------------------
                                     85 	.area XISEG   (XDATA)
                                     86 	.area HOME    (CODE)
                                     87 	.area GSINIT0 (CODE)
                                     88 	.area GSINIT1 (CODE)
                                     89 	.area GSINIT2 (CODE)
                                     90 	.area GSINIT3 (CODE)
                                     91 	.area GSINIT4 (CODE)
                                     92 	.area GSINIT5 (CODE)
                                     93 	.area GSINIT  (CODE)
                                     94 	.area GSFINAL (CODE)
                                     95 	.area CSEG    (CODE)
                                     96 ;--------------------------------------------------------
                                     97 ; global & static initialisations
                                     98 ;--------------------------------------------------------
                                     99 	.area HOME    (CODE)
                                    100 	.area GSINIT  (CODE)
                                    101 	.area GSFINAL (CODE)
                                    102 	.area GSINIT  (CODE)
                                    103 ;--------------------------------------------------------
                                    104 ; Home
                                    105 ;--------------------------------------------------------
                                    106 	.area HOME    (CODE)
                                    107 	.area HOME    (CODE)
                                    108 ;--------------------------------------------------------
                                    109 ; code
                                    110 ;--------------------------------------------------------
                                    111 	.area CSEG    (CODE)
                                    112 ;------------------------------------------------------------
                                    113 ;Allocation info for local variables in function '_ultoa'
                                    114 ;------------------------------------------------------------
                                    115 ;sloc0                     Allocated with name '__ultoa_sloc0_1_0'
                                    116 ;string                    Allocated with name '__ultoa_PARM_2'
                                    117 ;radix                     Allocated with name '__ultoa_PARM_3'
                                    118 ;value                     Allocated with name '__ultoa_value_1_1'
                                    119 ;buffer                    Allocated with name '__ultoa_buffer_1_2'
                                    120 ;index                     Allocated with name '__ultoa_index_1_2'
                                    121 ;c                         Allocated with name '__ultoa_c_2_3'
                                    122 ;------------------------------------------------------------
                                    123 ;	_ltoa.c:56: void _ultoa(unsigned long value, char* string, unsigned char radix)
                                    124 ;	-----------------------------------------
                                    125 ;	 function _ultoa
                                    126 ;	-----------------------------------------
      000000                        127 __ultoa:
                           000007   128 	ar7 = 0x07
                           000006   129 	ar6 = 0x06
                           000005   130 	ar5 = 0x05
                           000004   131 	ar4 = 0x04
                           000003   132 	ar3 = 0x03
                           000002   133 	ar2 = 0x02
                           000001   134 	ar1 = 0x01
                           000000   135 	ar0 = 0x00
      000000 AF 82            [24]  136 	mov	r7,dpl
      000002 AE 83            [24]  137 	mov	r6,dph
      000004 AD F0            [24]  138 	mov	r5,b
      000006 FC               [12]  139 	mov	r4,a
      000007 90r00r04         [24]  140 	mov	dptr,#__ultoa_value_1_1
      00000A EF               [12]  141 	mov	a,r7
      00000B F0               [24]  142 	movx	@dptr,a
      00000C EE               [12]  143 	mov	a,r6
      00000D A3               [24]  144 	inc	dptr
      00000E F0               [24]  145 	movx	@dptr,a
      00000F ED               [12]  146 	mov	a,r5
      000010 A3               [24]  147 	inc	dptr
      000011 F0               [24]  148 	movx	@dptr,a
      000012 EC               [12]  149 	mov	a,r4
      000013 A3               [24]  150 	inc	dptr
      000014 F0               [24]  151 	movx	@dptr,a
                                    152 ;	_ltoa.c:61: do {
      000015 90r00r03         [24]  153 	mov	dptr,#__ultoa_PARM_3
      000018 E0               [24]  154 	movx	a,@dptr
      000019 FF               [12]  155 	mov	r7,a
      00001A 7E 20            [12]  156 	mov	r6,#0x20
      00001C                        157 00103$:
                                    158 ;	_ltoa.c:62: unsigned char c = '0' + (value % radix);
      00001C 90r00r04         [24]  159 	mov	dptr,#__ultoa_value_1_1
      00001F E0               [24]  160 	movx	a,@dptr
      000020 FA               [12]  161 	mov	r2,a
      000021 A3               [24]  162 	inc	dptr
      000022 E0               [24]  163 	movx	a,@dptr
      000023 FB               [12]  164 	mov	r3,a
      000024 A3               [24]  165 	inc	dptr
      000025 E0               [24]  166 	movx	a,@dptr
      000026 FC               [12]  167 	mov	r4,a
      000027 A3               [24]  168 	inc	dptr
      000028 E0               [24]  169 	movx	a,@dptr
      000029 FD               [12]  170 	mov	r5,a
      00002A 8F*00            [24]  171 	mov	__ultoa_sloc0_1_0,r7
      00002C 75*01 00         [24]  172 	mov	(__ultoa_sloc0_1_0 + 1),#0x00
      00002F 75*02 00         [24]  173 	mov	(__ultoa_sloc0_1_0 + 2),#0x00
      000032 75*03 00         [24]  174 	mov	(__ultoa_sloc0_1_0 + 3),#0x00
      000035 90r00r00         [24]  175 	mov	dptr,#__modulong_PARM_2
      000038 E5*00            [12]  176 	mov	a,__ultoa_sloc0_1_0
      00003A F0               [24]  177 	movx	@dptr,a
      00003B E5*01            [12]  178 	mov	a,(__ultoa_sloc0_1_0 + 1)
      00003D A3               [24]  179 	inc	dptr
      00003E F0               [24]  180 	movx	@dptr,a
      00003F E5*02            [12]  181 	mov	a,(__ultoa_sloc0_1_0 + 2)
      000041 A3               [24]  182 	inc	dptr
      000042 F0               [24]  183 	movx	@dptr,a
      000043 E5*03            [12]  184 	mov	a,(__ultoa_sloc0_1_0 + 3)
      000045 A3               [24]  185 	inc	dptr
      000046 F0               [24]  186 	movx	@dptr,a
      000047 C0 00            [24]  187 	push	ar0
      000049 A8*00            [24]  188 	mov	r0,_spx
      00004B 05*00            [12]  189 	inc	_spx
      00004D 05*00            [12]  190 	inc	_spx
      00004F EF               [12]  191 	mov	a,r7
      000050 F2               [24]  192 	movx	@r0,a
      000051 08               [12]  193 	inc	r0
      000052 EE               [12]  194 	mov	a,r6
      000053 F2               [24]  195 	movx	@r0,a
      000054 D0 00            [24]  196 	pop	ar0
      000056 8A 82            [24]  197 	mov	dpl,r2
      000058 8B 83            [24]  198 	mov	dph,r3
      00005A 8C F0            [24]  199 	mov	b,r4
      00005C ED               [12]  200 	mov	a,r5
      00005D 12r00r00         [24]  201 	lcall	__modulong
      000060 AA 82            [24]  202 	mov	r2,dpl
      000062 AB 83            [24]  203 	mov	r3,dph
      000064 A8*00            [24]  204 	mov	r0,_spx
      000066 18               [12]  205 	dec	r0
      000067 E2               [24]  206 	movx	a,@r0
      000068 FE               [12]  207 	mov	r6,a
      000069 18               [12]  208 	dec	r0
      00006A E2               [24]  209 	movx	a,@r0
      00006B FF               [12]  210 	mov	r7,a
      00006C 88*00            [24]  211 	mov	_spx,r0
      00006E 74 30            [12]  212 	mov	a,#0x30
      000070 2A               [12]  213 	add	a,r2
      000071 FD               [12]  214 	mov	r5,a
      000072 90r00r28         [24]  215 	mov	dptr,#__ultoa_c_2_3
      000075 F0               [24]  216 	movx	@dptr,a
                                    217 ;	_ltoa.c:63: if (c > (unsigned char)'9')
      000076 8D 04            [24]  218 	mov	ar4,r5
      000078 EC               [12]  219 	mov	a,r4
      000079 24 C6            [12]  220 	add	a,#0xff - 0x39
      00007B 50 07            [24]  221 	jnc	00102$
                                    222 ;	_ltoa.c:64: c += 'A' - '9' - 1;
      00007D 90r00r28         [24]  223 	mov	dptr,#__ultoa_c_2_3
      000080 74 07            [12]  224 	mov	a,#0x07
      000082 2D               [12]  225 	add	a,r5
      000083 F0               [24]  226 	movx	@dptr,a
      000084                        227 00102$:
                                    228 ;	_ltoa.c:65: buffer[--index] = c;
      000084 1E               [12]  229 	dec	r6
      000085 EE               [12]  230 	mov	a,r6
      000086 24r08            [12]  231 	add	a,#__ultoa_buffer_1_2
      000088 FC               [12]  232 	mov	r4,a
      000089 E4               [12]  233 	clr	a
      00008A 34s00            [12]  234 	addc	a,#(__ultoa_buffer_1_2 >> 8)
      00008C FD               [12]  235 	mov	r5,a
      00008D 90r00r28         [24]  236 	mov	dptr,#__ultoa_c_2_3
      000090 E0               [24]  237 	movx	a,@dptr
      000091 8C 82            [24]  238 	mov	dpl,r4
      000093 8D 83            [24]  239 	mov	dph,r5
      000095 F0               [24]  240 	movx	@dptr,a
                                    241 ;	_ltoa.c:66: value /= radix;
      000096 90r00r04         [24]  242 	mov	dptr,#__ultoa_value_1_1
      000099 E0               [24]  243 	movx	a,@dptr
      00009A FA               [12]  244 	mov	r2,a
      00009B A3               [24]  245 	inc	dptr
      00009C E0               [24]  246 	movx	a,@dptr
      00009D FB               [12]  247 	mov	r3,a
      00009E A3               [24]  248 	inc	dptr
      00009F E0               [24]  249 	movx	a,@dptr
      0000A0 FC               [12]  250 	mov	r4,a
      0000A1 A3               [24]  251 	inc	dptr
      0000A2 E0               [24]  252 	movx	a,@dptr
      0000A3 FD               [12]  253 	mov	r5,a
      0000A4 90r00r00         [24]  254 	mov	dptr,#__divulong_PARM_2
      0000A7 E5*00            [12]  255 	mov	a,__ultoa_sloc0_1_0
      0000A9 F0               [24]  256 	movx	@dptr,a
      0000AA E5*01            [12]  257 	mov	a,(__ultoa_sloc0_1_0 + 1)
      0000AC A3               [24]  258 	inc	dptr
      0000AD F0               [24]  259 	movx	@dptr,a
      0000AE E5*02            [12]  260 	mov	a,(__ultoa_sloc0_1_0 + 2)
      0000B0 A3               [24]  261 	inc	dptr
      0000B1 F0               [24]  262 	movx	@dptr,a
      0000B2 E5*03            [12]  263 	mov	a,(__ultoa_sloc0_1_0 + 3)
      0000B4 A3               [24]  264 	inc	dptr
      0000B5 F0               [24]  265 	movx	@dptr,a
      0000B6 C0 00            [24]  266 	push	ar0
      0000B8 A8*00            [24]  267 	mov	r0,_spx
      0000BA 05*00            [12]  268 	inc	_spx
      0000BC 05*00            [12]  269 	inc	_spx
      0000BE EF               [12]  270 	mov	a,r7
      0000BF F2               [24]  271 	movx	@r0,a
      0000C0 08               [12]  272 	inc	r0
      0000C1 EE               [12]  273 	mov	a,r6
      0000C2 F2               [24]  274 	movx	@r0,a
      0000C3 D0 00            [24]  275 	pop	ar0
      0000C5 8A 82            [24]  276 	mov	dpl,r2
      0000C7 8B 83            [24]  277 	mov	dph,r3
      0000C9 8C F0            [24]  278 	mov	b,r4
      0000CB ED               [12]  279 	mov	a,r5
      0000CC 12r00r00         [24]  280 	lcall	__divulong
      0000CF AA 82            [24]  281 	mov	r2,dpl
      0000D1 AB 83            [24]  282 	mov	r3,dph
      0000D3 AC F0            [24]  283 	mov	r4,b
      0000D5 FD               [12]  284 	mov	r5,a
      0000D6 A8*00            [24]  285 	mov	r0,_spx
      0000D8 18               [12]  286 	dec	r0
      0000D9 E2               [24]  287 	movx	a,@r0
      0000DA FE               [12]  288 	mov	r6,a
      0000DB 18               [12]  289 	dec	r0
      0000DC E2               [24]  290 	movx	a,@r0
      0000DD FF               [12]  291 	mov	r7,a
      0000DE 88*00            [24]  292 	mov	_spx,r0
      0000E0 90r00r04         [24]  293 	mov	dptr,#__ultoa_value_1_1
      0000E3 EA               [12]  294 	mov	a,r2
      0000E4 F0               [24]  295 	movx	@dptr,a
      0000E5 EB               [12]  296 	mov	a,r3
      0000E6 A3               [24]  297 	inc	dptr
      0000E7 F0               [24]  298 	movx	@dptr,a
      0000E8 EC               [12]  299 	mov	a,r4
      0000E9 A3               [24]  300 	inc	dptr
      0000EA F0               [24]  301 	movx	@dptr,a
      0000EB ED               [12]  302 	mov	a,r5
      0000EC A3               [24]  303 	inc	dptr
      0000ED F0               [24]  304 	movx	@dptr,a
                                    305 ;	_ltoa.c:67: } while (value);
      0000EE 90r00r04         [24]  306 	mov	dptr,#__ultoa_value_1_1
      0000F1 E0               [24]  307 	movx	a,@dptr
      0000F2 F5 F0            [12]  308 	mov	b,a
      0000F4 A3               [24]  309 	inc	dptr
      0000F5 E0               [24]  310 	movx	a,@dptr
      0000F6 42 F0            [12]  311 	orl	b,a
      0000F8 A3               [24]  312 	inc	dptr
      0000F9 E0               [24]  313 	movx	a,@dptr
      0000FA 42 F0            [12]  314 	orl	b,a
      0000FC A3               [24]  315 	inc	dptr
      0000FD E0               [24]  316 	movx	a,@dptr
      0000FE 45 F0            [12]  317 	orl	a,b
      000100 60 03            [24]  318 	jz	00128$
      000102 02r00r1C         [24]  319 	ljmp	00103$
      000105                        320 00128$:
                                    321 ;	_ltoa.c:69: do {
      000105 90r00r00         [24]  322 	mov	dptr,#__ultoa_PARM_2
      000108 E0               [24]  323 	movx	a,@dptr
      000109 FC               [12]  324 	mov	r4,a
      00010A A3               [24]  325 	inc	dptr
      00010B E0               [24]  326 	movx	a,@dptr
      00010C FD               [12]  327 	mov	r5,a
      00010D A3               [24]  328 	inc	dptr
      00010E E0               [24]  329 	movx	a,@dptr
      00010F FF               [12]  330 	mov	r7,a
      000110                        331 00106$:
                                    332 ;	_ltoa.c:70: *string++ = buffer[index];
      000110 EE               [12]  333 	mov	a,r6
      000111 24r08            [12]  334 	add	a,#__ultoa_buffer_1_2
      000113 F5 82            [12]  335 	mov	dpl,a
      000115 E4               [12]  336 	clr	a
      000116 34s00            [12]  337 	addc	a,#(__ultoa_buffer_1_2 >> 8)
      000118 F5 83            [12]  338 	mov	dph,a
      00011A E0               [24]  339 	movx	a,@dptr
      00011B FB               [12]  340 	mov	r3,a
      00011C 8C 82            [24]  341 	mov	dpl,r4
      00011E 8D 83            [24]  342 	mov	dph,r5
      000120 8F F0            [24]  343 	mov	b,r7
      000122 12r00r00         [24]  344 	lcall	__gptrput
      000125 A3               [24]  345 	inc	dptr
      000126 AC 82            [24]  346 	mov	r4,dpl
      000128 AD 83            [24]  347 	mov	r5,dph
                                    348 ;	_ltoa.c:71: } while ( ++index != NUMBER_OF_DIGITS );
      00012A 0E               [12]  349 	inc	r6
      00012B BE 20 E2         [24]  350 	cjne	r6,#0x20,00106$
                                    351 ;	_ltoa.c:73: *string = 0;  /* string terminator */
      00012E 8C 82            [24]  352 	mov	dpl,r4
      000130 8D 83            [24]  353 	mov	dph,r5
      000132 8F F0            [24]  354 	mov	b,r7
      000134 E4               [12]  355 	clr	a
      000135 02r00r00         [24]  356 	ljmp	__gptrput
                                    357 ;------------------------------------------------------------
                                    358 ;Allocation info for local variables in function '_ltoa'
                                    359 ;------------------------------------------------------------
                                    360 ;string                    Allocated with name '__ltoa_PARM_2'
                                    361 ;radix                     Allocated with name '__ltoa_PARM_3'
                                    362 ;value                     Allocated with name '__ltoa_value_1_5'
                                    363 ;------------------------------------------------------------
                                    364 ;	_ltoa.c:76: void _ltoa(long value, char* string, unsigned char radix)
                                    365 ;	-----------------------------------------
                                    366 ;	 function _ltoa
                                    367 ;	-----------------------------------------
      000138                        368 __ltoa:
      000138 AF 82            [24]  369 	mov	r7,dpl
      00013A AE 83            [24]  370 	mov	r6,dph
      00013C AD F0            [24]  371 	mov	r5,b
      00013E FC               [12]  372 	mov	r4,a
      00013F 90r00r2D         [24]  373 	mov	dptr,#__ltoa_value_1_5
      000142 EF               [12]  374 	mov	a,r7
      000143 F0               [24]  375 	movx	@dptr,a
      000144 EE               [12]  376 	mov	a,r6
      000145 A3               [24]  377 	inc	dptr
      000146 F0               [24]  378 	movx	@dptr,a
      000147 ED               [12]  379 	mov	a,r5
      000148 A3               [24]  380 	inc	dptr
      000149 F0               [24]  381 	movx	@dptr,a
      00014A EC               [12]  382 	mov	a,r4
      00014B A3               [24]  383 	inc	dptr
      00014C F0               [24]  384 	movx	@dptr,a
                                    385 ;	_ltoa.c:78: if (value < 0 && radix == 10) {
      00014D 90r00r2D         [24]  386 	mov	dptr,#__ltoa_value_1_5
      000150 E0               [24]  387 	movx	a,@dptr
      000151 FC               [12]  388 	mov	r4,a
      000152 A3               [24]  389 	inc	dptr
      000153 E0               [24]  390 	movx	a,@dptr
      000154 FD               [12]  391 	mov	r5,a
      000155 A3               [24]  392 	inc	dptr
      000156 E0               [24]  393 	movx	a,@dptr
      000157 FE               [12]  394 	mov	r6,a
      000158 A3               [24]  395 	inc	dptr
      000159 E0               [24]  396 	movx	a,@dptr
      00015A FF               [12]  397 	mov	r7,a
      00015B 30 E7 3F         [24]  398 	jnb	acc.7,00102$
      00015E 90r00r2C         [24]  399 	mov	dptr,#__ltoa_PARM_3
      000161 E0               [24]  400 	movx	a,@dptr
      000162 FB               [12]  401 	mov	r3,a
      000163 BB 0A 37         [24]  402 	cjne	r3,#0x0a,00102$
                                    403 ;	_ltoa.c:79: *string++ = '-';
      000166 90r00r29         [24]  404 	mov	dptr,#__ltoa_PARM_2
      000169 E0               [24]  405 	movx	a,@dptr
      00016A F9               [12]  406 	mov	r1,a
      00016B A3               [24]  407 	inc	dptr
      00016C E0               [24]  408 	movx	a,@dptr
      00016D FA               [12]  409 	mov	r2,a
      00016E A3               [24]  410 	inc	dptr
      00016F E0               [24]  411 	movx	a,@dptr
      000170 FB               [12]  412 	mov	r3,a
      000171 89 82            [24]  413 	mov	dpl,r1
      000173 8A 83            [24]  414 	mov	dph,r2
      000175 8B F0            [24]  415 	mov	b,r3
      000177 74 2D            [12]  416 	mov	a,#0x2d
      000179 12r00r00         [24]  417 	lcall	__gptrput
      00017C 90r00r29         [24]  418 	mov	dptr,#__ltoa_PARM_2
      00017F 74 01            [12]  419 	mov	a,#0x01
      000181 29               [12]  420 	add	a,r1
      000182 F0               [24]  421 	movx	@dptr,a
      000183 E4               [12]  422 	clr	a
      000184 3A               [12]  423 	addc	a,r2
      000185 A3               [24]  424 	inc	dptr
      000186 F0               [24]  425 	movx	@dptr,a
      000187 EB               [12]  426 	mov	a,r3
      000188 A3               [24]  427 	inc	dptr
      000189 F0               [24]  428 	movx	@dptr,a
                                    429 ;	_ltoa.c:80: value = -value;
      00018A 90r00r2D         [24]  430 	mov	dptr,#__ltoa_value_1_5
      00018D C3               [12]  431 	clr	c
      00018E E4               [12]  432 	clr	a
      00018F 9C               [12]  433 	subb	a,r4
      000190 F0               [24]  434 	movx	@dptr,a
      000191 E4               [12]  435 	clr	a
      000192 9D               [12]  436 	subb	a,r5
      000193 A3               [24]  437 	inc	dptr
      000194 F0               [24]  438 	movx	@dptr,a
      000195 E4               [12]  439 	clr	a
      000196 9E               [12]  440 	subb	a,r6
      000197 A3               [24]  441 	inc	dptr
      000198 F0               [24]  442 	movx	@dptr,a
      000199 E4               [12]  443 	clr	a
      00019A 9F               [12]  444 	subb	a,r7
      00019B A3               [24]  445 	inc	dptr
      00019C F0               [24]  446 	movx	@dptr,a
      00019D                        447 00102$:
                                    448 ;	_ltoa.c:82: _ultoa(value, string, radix);
      00019D 90r00r2D         [24]  449 	mov	dptr,#__ltoa_value_1_5
      0001A0 E0               [24]  450 	movx	a,@dptr
      0001A1 FC               [12]  451 	mov	r4,a
      0001A2 A3               [24]  452 	inc	dptr
      0001A3 E0               [24]  453 	movx	a,@dptr
      0001A4 FD               [12]  454 	mov	r5,a
      0001A5 A3               [24]  455 	inc	dptr
      0001A6 E0               [24]  456 	movx	a,@dptr
      0001A7 FE               [12]  457 	mov	r6,a
      0001A8 A3               [24]  458 	inc	dptr
      0001A9 E0               [24]  459 	movx	a,@dptr
      0001AA FF               [12]  460 	mov	r7,a
      0001AB 90r00r29         [24]  461 	mov	dptr,#__ltoa_PARM_2
      0001AE E0               [24]  462 	movx	a,@dptr
      0001AF F9               [12]  463 	mov	r1,a
      0001B0 A3               [24]  464 	inc	dptr
      0001B1 E0               [24]  465 	movx	a,@dptr
      0001B2 FA               [12]  466 	mov	r2,a
      0001B3 A3               [24]  467 	inc	dptr
      0001B4 E0               [24]  468 	movx	a,@dptr
      0001B5 FB               [12]  469 	mov	r3,a
      0001B6 90r00r2C         [24]  470 	mov	dptr,#__ltoa_PARM_3
      0001B9 E0               [24]  471 	movx	a,@dptr
      0001BA F8               [12]  472 	mov	r0,a
      0001BB 90r00r00         [24]  473 	mov	dptr,#__ultoa_PARM_2
      0001BE E9               [12]  474 	mov	a,r1
      0001BF F0               [24]  475 	movx	@dptr,a
      0001C0 EA               [12]  476 	mov	a,r2
      0001C1 A3               [24]  477 	inc	dptr
      0001C2 F0               [24]  478 	movx	@dptr,a
      0001C3 EB               [12]  479 	mov	a,r3
      0001C4 A3               [24]  480 	inc	dptr
      0001C5 F0               [24]  481 	movx	@dptr,a
      0001C6 90r00r03         [24]  482 	mov	dptr,#__ultoa_PARM_3
      0001C9 E8               [12]  483 	mov	a,r0
      0001CA F0               [24]  484 	movx	@dptr,a
      0001CB 8C 82            [24]  485 	mov	dpl,r4
      0001CD 8D 83            [24]  486 	mov	dph,r5
      0001CF 8E F0            [24]  487 	mov	b,r6
      0001D1 EF               [12]  488 	mov	a,r7
      0001D2 02r00r00         [24]  489 	ljmp	__ultoa
                                    490 	.area CSEG    (CODE)
                                    491 	.area CONST   (CODE)
                                    492 	.area XINIT   (CODE)
                                    493 	.area CABS    (ABS,CODE)
