                                      1 ;--------------------------------------------------------
                                      2 ; File Created by SDCC : free open source ANSI-C Compiler
                                      3 ; Version 3.6.3 #9771 (MSVC)
                                      4 ;--------------------------------------------------------
                                      5 	.module _modsint
                                      6 	.optsdcc -mmcs51 --model-large --xstack
                                      7 	
                                      8 ;--------------------------------------------------------
                                      9 ; Public variables in this module
                                     10 ;--------------------------------------------------------
                                     11 	.globl __modsint_PARM_2
                                     12 	.globl __modsint
                                     13 ;--------------------------------------------------------
                                     14 ; special function registers
                                     15 ;--------------------------------------------------------
                                     16 	.area RSEG    (ABS,DATA)
      000000                         17 	.org 0x0000
                                     18 ;--------------------------------------------------------
                                     19 ; special function bits
                                     20 ;--------------------------------------------------------
                                     21 	.area RSEG    (ABS,DATA)
      000000                         22 	.org 0x0000
                                     23 ;--------------------------------------------------------
                                     24 ; overlayable register banks
                                     25 ;--------------------------------------------------------
                                     26 	.area REG_BANK_0	(REL,OVR,DATA)
      000000                         27 	.ds 8
                                     28 ;--------------------------------------------------------
                                     29 ; internal ram data
                                     30 ;--------------------------------------------------------
                                     31 	.area DSEG    (DATA)
                                     32 ;--------------------------------------------------------
                                     33 ; overlayable items in internal ram 
                                     34 ;--------------------------------------------------------
                                     35 ;--------------------------------------------------------
                                     36 ; indirectly addressable internal ram data
                                     37 ;--------------------------------------------------------
                                     38 	.area ISEG    (DATA)
                                     39 ;--------------------------------------------------------
                                     40 ; absolute internal ram data
                                     41 ;--------------------------------------------------------
                                     42 	.area IABS    (ABS,DATA)
                                     43 	.area IABS    (ABS,DATA)
                                     44 ;--------------------------------------------------------
                                     45 ; bit data
                                     46 ;--------------------------------------------------------
                                     47 	.area BSEG    (BIT)
                                     48 ;--------------------------------------------------------
                                     49 ; paged external ram data
                                     50 ;--------------------------------------------------------
                                     51 	.area PSEG    (PAG,XDATA)
                                     52 ;--------------------------------------------------------
                                     53 ; external ram data
                                     54 ;--------------------------------------------------------
                                     55 	.area XSEG    (XDATA)
      000000                         56 __modsint_PARM_2:
      000000                         57 	.ds 2
      000002                         58 __modsint_a_1_1:
      000002                         59 	.ds 2
                                     60 ;--------------------------------------------------------
                                     61 ; absolute external ram data
                                     62 ;--------------------------------------------------------
                                     63 	.area XABS    (ABS,XDATA)
                                     64 ;--------------------------------------------------------
                                     65 ; external initialized ram data
                                     66 ;--------------------------------------------------------
                                     67 	.area XISEG   (XDATA)
                                     68 	.area HOME    (CODE)
                                     69 	.area GSINIT0 (CODE)
                                     70 	.area GSINIT1 (CODE)
                                     71 	.area GSINIT2 (CODE)
                                     72 	.area GSINIT3 (CODE)
                                     73 	.area GSINIT4 (CODE)
                                     74 	.area GSINIT5 (CODE)
                                     75 	.area GSINIT  (CODE)
                                     76 	.area GSFINAL (CODE)
                                     77 	.area CSEG    (CODE)
                                     78 ;--------------------------------------------------------
                                     79 ; global & static initialisations
                                     80 ;--------------------------------------------------------
                                     81 	.area HOME    (CODE)
                                     82 	.area GSINIT  (CODE)
                                     83 	.area GSFINAL (CODE)
                                     84 	.area GSINIT  (CODE)
                                     85 ;--------------------------------------------------------
                                     86 ; Home
                                     87 ;--------------------------------------------------------
                                     88 	.area HOME    (CODE)
                                     89 	.area HOME    (CODE)
                                     90 ;--------------------------------------------------------
                                     91 ; code
                                     92 ;--------------------------------------------------------
                                     93 	.area CSEG    (CODE)
                                     94 ;------------------------------------------------------------
                                     95 ;Allocation info for local variables in function '_modsint'
                                     96 ;------------------------------------------------------------
                                     97 ;r                         Allocated to registers r6 r7 
                                     98 ;b                         Allocated with name '__modsint_PARM_2'
                                     99 ;a                         Allocated with name '__modsint_a_1_1'
                                    100 ;------------------------------------------------------------
                                    101 ;	_modsint.c:203: int _modsint (int a, int b)
                                    102 ;	-----------------------------------------
                                    103 ;	 function _modsint
                                    104 ;	-----------------------------------------
      000000                        105 __modsint:
                           000007   106 	ar7 = 0x07
                           000006   107 	ar6 = 0x06
                           000005   108 	ar5 = 0x05
                           000004   109 	ar4 = 0x04
                           000003   110 	ar3 = 0x03
                           000002   111 	ar2 = 0x02
                           000001   112 	ar1 = 0x01
                           000000   113 	ar0 = 0x00
      000000 AF 83            [24]  114 	mov	r7,dph
      000002 E5 82            [12]  115 	mov	a,dpl
      000004 90r00r02         [24]  116 	mov	dptr,#__modsint_a_1_1
      000007 F0               [24]  117 	movx	@dptr,a
      000008 EF               [12]  118 	mov	a,r7
      000009 A3               [24]  119 	inc	dptr
      00000A F0               [24]  120 	movx	@dptr,a
                                    121 ;	_modsint.c:207: r = (unsigned)(a < 0 ? -a : a) % (unsigned)(b < 0 ? -b : b);
      00000B 90r00r02         [24]  122 	mov	dptr,#__modsint_a_1_1
      00000E E0               [24]  123 	movx	a,@dptr
      00000F FE               [12]  124 	mov	r6,a
      000010 A3               [24]  125 	inc	dptr
      000011 E0               [24]  126 	movx	a,@dptr
      000012 FF               [12]  127 	mov	r7,a
      000013 30 E7 09         [24]  128 	jnb	acc.7,00106$
      000016 C3               [12]  129 	clr	c
      000017 E4               [12]  130 	clr	a
      000018 9E               [12]  131 	subb	a,r6
      000019 FC               [12]  132 	mov	r4,a
      00001A E4               [12]  133 	clr	a
      00001B 9F               [12]  134 	subb	a,r7
      00001C FD               [12]  135 	mov	r5,a
      00001D 80 04            [24]  136 	sjmp	00107$
      00001F                        137 00106$:
      00001F 8E 04            [24]  138 	mov	ar4,r6
      000021 8F 05            [24]  139 	mov	ar5,r7
      000023                        140 00107$:
      000023 90r00r00         [24]  141 	mov	dptr,#__modsint_PARM_2
      000026 E0               [24]  142 	movx	a,@dptr
      000027 FE               [12]  143 	mov	r6,a
      000028 A3               [24]  144 	inc	dptr
      000029 E0               [24]  145 	movx	a,@dptr
      00002A FF               [12]  146 	mov	r7,a
      00002B 30 E7 09         [24]  147 	jnb	acc.7,00108$
      00002E C3               [12]  148 	clr	c
      00002F E4               [12]  149 	clr	a
      000030 9E               [12]  150 	subb	a,r6
      000031 FA               [12]  151 	mov	r2,a
      000032 E4               [12]  152 	clr	a
      000033 9F               [12]  153 	subb	a,r7
      000034 FB               [12]  154 	mov	r3,a
      000035 80 04            [24]  155 	sjmp	00109$
      000037                        156 00108$:
      000037 8E 02            [24]  157 	mov	ar2,r6
      000039 8F 03            [24]  158 	mov	ar3,r7
      00003B                        159 00109$:
      00003B 90r00r00         [24]  160 	mov	dptr,#__moduint_PARM_2
      00003E EA               [12]  161 	mov	a,r2
      00003F F0               [24]  162 	movx	@dptr,a
      000040 EB               [12]  163 	mov	a,r3
      000041 A3               [24]  164 	inc	dptr
      000042 F0               [24]  165 	movx	@dptr,a
      000043 8C 82            [24]  166 	mov	dpl,r4
      000045 8D 83            [24]  167 	mov	dph,r5
      000047 12r00r00         [24]  168 	lcall	__moduint
      00004A AE 82            [24]  169 	mov	r6,dpl
      00004C AF 83            [24]  170 	mov	r7,dph
                                    171 ;	_modsint.c:209: if (a < 0)
      00004E 90r00r02         [24]  172 	mov	dptr,#__modsint_a_1_1
      000051 E0               [24]  173 	movx	a,@dptr
      000052 FC               [12]  174 	mov	r4,a
      000053 A3               [24]  175 	inc	dptr
      000054 E0               [24]  176 	movx	a,@dptr
      000055 FD               [12]  177 	mov	r5,a
      000056 30 E7 0C         [24]  178 	jnb	acc.7,00102$
                                    179 ;	_modsint.c:210: return -r;
      000059 C3               [12]  180 	clr	c
      00005A E4               [12]  181 	clr	a
      00005B 9E               [12]  182 	subb	a,r6
      00005C FC               [12]  183 	mov	r4,a
      00005D E4               [12]  184 	clr	a
      00005E 9F               [12]  185 	subb	a,r7
      00005F FD               [12]  186 	mov	r5,a
      000060 8C 82            [24]  187 	mov	dpl,r4
      000062 8D 83            [24]  188 	mov	dph,r5
      000064 22               [24]  189 	ret
      000065                        190 00102$:
                                    191 ;	_modsint.c:212: return r;
      000065 8E 82            [24]  192 	mov	dpl,r6
      000067 8F 83            [24]  193 	mov	dph,r7
      000069 22               [24]  194 	ret
                                    195 	.area CSEG    (CODE)
                                    196 	.area CONST   (CODE)
                                    197 	.area XINIT   (CODE)
                                    198 	.area CABS    (ABS,CODE)
