                                      1 ;--------------------------------------------------------
                                      2 ; File Created by SDCC : free open source ANSI-C Compiler
                                      3 ; Version 3.6.3 #9771 (MSVC)
                                      4 ;--------------------------------------------------------
                                      5 	.module _sint2fs
                                      6 	.optsdcc -mmcs51 --model-large --xstack
                                      7 	
                                      8 ;--------------------------------------------------------
                                      9 ; Public variables in this module
                                     10 ;--------------------------------------------------------
                                     11 	.globl ___slong2fs
                                     12 	.globl ___sint2fs
                                     13 ;--------------------------------------------------------
                                     14 ; special function registers
                                     15 ;--------------------------------------------------------
                                     16 	.area RSEG    (ABS,DATA)
      000000                         17 	.org 0x0000
                                     18 ;--------------------------------------------------------
                                     19 ; special function bits
                                     20 ;--------------------------------------------------------
                                     21 	.area RSEG    (ABS,DATA)
      000000                         22 	.org 0x0000
                                     23 ;--------------------------------------------------------
                                     24 ; overlayable register banks
                                     25 ;--------------------------------------------------------
                                     26 	.area REG_BANK_0	(REL,OVR,DATA)
      000000                         27 	.ds 8
                                     28 ;--------------------------------------------------------
                                     29 ; internal ram data
                                     30 ;--------------------------------------------------------
                                     31 	.area DSEG    (DATA)
                                     32 ;--------------------------------------------------------
                                     33 ; overlayable items in internal ram 
                                     34 ;--------------------------------------------------------
                                     35 ;--------------------------------------------------------
                                     36 ; indirectly addressable internal ram data
                                     37 ;--------------------------------------------------------
                                     38 	.area ISEG    (DATA)
                                     39 ;--------------------------------------------------------
                                     40 ; absolute internal ram data
                                     41 ;--------------------------------------------------------
                                     42 	.area IABS    (ABS,DATA)
                                     43 	.area IABS    (ABS,DATA)
                                     44 ;--------------------------------------------------------
                                     45 ; bit data
                                     46 ;--------------------------------------------------------
                                     47 	.area BSEG    (BIT)
                                     48 ;--------------------------------------------------------
                                     49 ; paged external ram data
                                     50 ;--------------------------------------------------------
                                     51 	.area PSEG    (PAG,XDATA)
                                     52 ;--------------------------------------------------------
                                     53 ; external ram data
                                     54 ;--------------------------------------------------------
                                     55 	.area XSEG    (XDATA)
      000000                         56 ___sint2fs_si_1_20:
      000000                         57 	.ds 2
                                     58 ;--------------------------------------------------------
                                     59 ; absolute external ram data
                                     60 ;--------------------------------------------------------
                                     61 	.area XABS    (ABS,XDATA)
                                     62 ;--------------------------------------------------------
                                     63 ; external initialized ram data
                                     64 ;--------------------------------------------------------
                                     65 	.area XISEG   (XDATA)
                                     66 	.area HOME    (CODE)
                                     67 	.area GSINIT0 (CODE)
                                     68 	.area GSINIT1 (CODE)
                                     69 	.area GSINIT2 (CODE)
                                     70 	.area GSINIT3 (CODE)
                                     71 	.area GSINIT4 (CODE)
                                     72 	.area GSINIT5 (CODE)
                                     73 	.area GSINIT  (CODE)
                                     74 	.area GSFINAL (CODE)
                                     75 	.area CSEG    (CODE)
                                     76 ;--------------------------------------------------------
                                     77 ; global & static initialisations
                                     78 ;--------------------------------------------------------
                                     79 	.area HOME    (CODE)
                                     80 	.area GSINIT  (CODE)
                                     81 	.area GSFINAL (CODE)
                                     82 	.area GSINIT  (CODE)
                                     83 ;--------------------------------------------------------
                                     84 ; Home
                                     85 ;--------------------------------------------------------
                                     86 	.area HOME    (CODE)
                                     87 	.area HOME    (CODE)
                                     88 ;--------------------------------------------------------
                                     89 ; code
                                     90 ;--------------------------------------------------------
                                     91 	.area CSEG    (CODE)
                                     92 ;------------------------------------------------------------
                                     93 ;Allocation info for local variables in function '__sint2fs'
                                     94 ;------------------------------------------------------------
                                     95 ;si                        Allocated with name '___sint2fs_si_1_20'
                                     96 ;------------------------------------------------------------
                                     97 ;	_sint2fs.c:54: float __sint2fs (signed int si) {
                                     98 ;	-----------------------------------------
                                     99 ;	 function __sint2fs
                                    100 ;	-----------------------------------------
      000000                        101 ___sint2fs:
                           000007   102 	ar7 = 0x07
                           000006   103 	ar6 = 0x06
                           000005   104 	ar5 = 0x05
                           000004   105 	ar4 = 0x04
                           000003   106 	ar3 = 0x03
                           000002   107 	ar2 = 0x02
                           000001   108 	ar1 = 0x01
                           000000   109 	ar0 = 0x00
      000000 AF 83            [24]  110 	mov	r7,dph
      000002 E5 82            [12]  111 	mov	a,dpl
      000004 90r00r00         [24]  112 	mov	dptr,#___sint2fs_si_1_20
      000007 F0               [24]  113 	movx	@dptr,a
      000008 EF               [12]  114 	mov	a,r7
      000009 A3               [24]  115 	inc	dptr
      00000A F0               [24]  116 	movx	@dptr,a
                                    117 ;	_sint2fs.c:55: return __slong2fs(si);
      00000B 90r00r00         [24]  118 	mov	dptr,#___sint2fs_si_1_20
      00000E E0               [24]  119 	movx	a,@dptr
      00000F FE               [12]  120 	mov	r6,a
      000010 A3               [24]  121 	inc	dptr
      000011 E0               [24]  122 	movx	a,@dptr
      000012 FF               [12]  123 	mov	r7,a
      000013 33               [12]  124 	rlc	a
      000014 95 E0            [12]  125 	subb	a,acc
      000016 FD               [12]  126 	mov	r5,a
      000017 8E 82            [24]  127 	mov	dpl,r6
      000019 8F 83            [24]  128 	mov	dph,r7
      00001B 8D F0            [24]  129 	mov	b,r5
      00001D 02r00r00         [24]  130 	ljmp	___slong2fs
                                    131 	.area CSEG    (CODE)
                                    132 	.area CONST   (CODE)
                                    133 	.area XINIT   (CODE)
                                    134 	.area CABS    (ABS,CODE)
