                                      1 ;--------------------------------------------------------
                                      2 ; File Created by SDCC : free open source ANSI-C Compiler
                                      3 ; Version 3.6.3 #9771 (MSVC)
                                      4 ;--------------------------------------------------------
                                      5 	.module _uchar2fs
                                      6 	.optsdcc -mmcs51 --model-large --xstack
                                      7 	
                                      8 ;--------------------------------------------------------
                                      9 ; Public variables in this module
                                     10 ;--------------------------------------------------------
                                     11 	.globl ___ulong2fs
                                     12 	.globl ___uchar2fs
                                     13 ;--------------------------------------------------------
                                     14 ; special function registers
                                     15 ;--------------------------------------------------------
                                     16 	.area RSEG    (ABS,DATA)
      000000                         17 	.org 0x0000
                                     18 ;--------------------------------------------------------
                                     19 ; special function bits
                                     20 ;--------------------------------------------------------
                                     21 	.area RSEG    (ABS,DATA)
      000000                         22 	.org 0x0000
                                     23 ;--------------------------------------------------------
                                     24 ; overlayable register banks
                                     25 ;--------------------------------------------------------
                                     26 	.area REG_BANK_0	(REL,OVR,DATA)
      000000                         27 	.ds 8
                                     28 ;--------------------------------------------------------
                                     29 ; internal ram data
                                     30 ;--------------------------------------------------------
                                     31 	.area DSEG    (DATA)
                                     32 ;--------------------------------------------------------
                                     33 ; overlayable items in internal ram 
                                     34 ;--------------------------------------------------------
                                     35 ;--------------------------------------------------------
                                     36 ; indirectly addressable internal ram data
                                     37 ;--------------------------------------------------------
                                     38 	.area ISEG    (DATA)
                                     39 ;--------------------------------------------------------
                                     40 ; absolute internal ram data
                                     41 ;--------------------------------------------------------
                                     42 	.area IABS    (ABS,DATA)
                                     43 	.area IABS    (ABS,DATA)
                                     44 ;--------------------------------------------------------
                                     45 ; bit data
                                     46 ;--------------------------------------------------------
                                     47 	.area BSEG    (BIT)
                                     48 ;--------------------------------------------------------
                                     49 ; paged external ram data
                                     50 ;--------------------------------------------------------
                                     51 	.area PSEG    (PAG,XDATA)
                                     52 ;--------------------------------------------------------
                                     53 ; external ram data
                                     54 ;--------------------------------------------------------
                                     55 	.area XSEG    (XDATA)
      000000                         56 ___uchar2fs_uc_1_20:
      000000                         57 	.ds 1
                                     58 ;--------------------------------------------------------
                                     59 ; absolute external ram data
                                     60 ;--------------------------------------------------------
                                     61 	.area XABS    (ABS,XDATA)
                                     62 ;--------------------------------------------------------
                                     63 ; external initialized ram data
                                     64 ;--------------------------------------------------------
                                     65 	.area XISEG   (XDATA)
                                     66 	.area HOME    (CODE)
                                     67 	.area GSINIT0 (CODE)
                                     68 	.area GSINIT1 (CODE)
                                     69 	.area GSINIT2 (CODE)
                                     70 	.area GSINIT3 (CODE)
                                     71 	.area GSINIT4 (CODE)
                                     72 	.area GSINIT5 (CODE)
                                     73 	.area GSINIT  (CODE)
                                     74 	.area GSFINAL (CODE)
                                     75 	.area CSEG    (CODE)
                                     76 ;--------------------------------------------------------
                                     77 ; global & static initialisations
                                     78 ;--------------------------------------------------------
                                     79 	.area HOME    (CODE)
                                     80 	.area GSINIT  (CODE)
                                     81 	.area GSFINAL (CODE)
                                     82 	.area GSINIT  (CODE)
                                     83 ;--------------------------------------------------------
                                     84 ; Home
                                     85 ;--------------------------------------------------------
                                     86 	.area HOME    (CODE)
                                     87 	.area HOME    (CODE)
                                     88 ;--------------------------------------------------------
                                     89 ; code
                                     90 ;--------------------------------------------------------
                                     91 	.area CSEG    (CODE)
                                     92 ;------------------------------------------------------------
                                     93 ;Allocation info for local variables in function '__uchar2fs'
                                     94 ;------------------------------------------------------------
                                     95 ;uc                        Allocated with name '___uchar2fs_uc_1_20'
                                     96 ;------------------------------------------------------------
                                     97 ;	_uchar2fs.c:55: float __uchar2fs (unsigned char uc) {
                                     98 ;	-----------------------------------------
                                     99 ;	 function __uchar2fs
                                    100 ;	-----------------------------------------
      000000                        101 ___uchar2fs:
                           000007   102 	ar7 = 0x07
                           000006   103 	ar6 = 0x06
                           000005   104 	ar5 = 0x05
                           000004   105 	ar4 = 0x04
                           000003   106 	ar3 = 0x03
                           000002   107 	ar2 = 0x02
                           000001   108 	ar1 = 0x01
                           000000   109 	ar0 = 0x00
      000000 E5 82            [12]  110 	mov	a,dpl
      000002 90r00r00         [24]  111 	mov	dptr,#___uchar2fs_uc_1_20
      000005 F0               [24]  112 	movx	@dptr,a
                                    113 ;	_uchar2fs.c:56: return __ulong2fs(uc);
      000006 E0               [24]  114 	movx	a,@dptr
      000007 FF               [12]  115 	mov	r7,a
      000008 7E 00            [12]  116 	mov	r6,#0x00
      00000A 7D 00            [12]  117 	mov	r5,#0x00
      00000C 7C 00            [12]  118 	mov	r4,#0x00
      00000E 8F 82            [24]  119 	mov	dpl,r7
      000010 8E 83            [24]  120 	mov	dph,r6
      000012 8D F0            [24]  121 	mov	b,r5
      000014 EC               [12]  122 	mov	a,r4
      000015 02r00r00         [24]  123 	ljmp	___ulong2fs
                                    124 	.area CSEG    (CODE)
                                    125 	.area CONST   (CODE)
                                    126 	.area XINIT   (CODE)
                                    127 	.area CABS    (ABS,CODE)
