                                      1 ;--------------------------------------------------------
                                      2 ; File Created by SDCC : free open source ANSI-C Compiler
                                      3 ; Version 3.6.3 #9771 (MSVC)
                                      4 ;--------------------------------------------------------
                                      5 	.module asincosf
                                      6 	.optsdcc -mmcs51 --model-large --xstack
                                      7 	
                                      8 ;--------------------------------------------------------
                                      9 ; Public variables in this module
                                     10 ;--------------------------------------------------------
                                     11 	.globl _asincosf
                                     12 	.globl _ldexpf
                                     13 	.globl _fabsf
                                     14 	.globl _sqrtf
                                     15 	.globl _asincosf_PARM_2
                                     16 ;--------------------------------------------------------
                                     17 ; special function registers
                                     18 ;--------------------------------------------------------
                                     19 	.area RSEG    (ABS,DATA)
      000000                         20 	.org 0x0000
                                     21 ;--------------------------------------------------------
                                     22 ; special function bits
                                     23 ;--------------------------------------------------------
                                     24 	.area RSEG    (ABS,DATA)
      000000                         25 	.org 0x0000
                                     26 ;--------------------------------------------------------
                                     27 ; overlayable register banks
                                     28 ;--------------------------------------------------------
                                     29 	.area REG_BANK_0	(REL,OVR,DATA)
      000000                         30 	.ds 8
                                     31 ;--------------------------------------------------------
                                     32 ; internal ram data
                                     33 ;--------------------------------------------------------
                                     34 	.area DSEG    (DATA)
      000000                         35 _asincosf_sloc0_1_0:
      000000                         36 	.ds 4
                                     37 ;--------------------------------------------------------
                                     38 ; overlayable items in internal ram 
                                     39 ;--------------------------------------------------------
                                     40 ;--------------------------------------------------------
                                     41 ; indirectly addressable internal ram data
                                     42 ;--------------------------------------------------------
                                     43 	.area ISEG    (DATA)
                                     44 ;--------------------------------------------------------
                                     45 ; absolute internal ram data
                                     46 ;--------------------------------------------------------
                                     47 	.area IABS    (ABS,DATA)
                                     48 	.area IABS    (ABS,DATA)
                                     49 ;--------------------------------------------------------
                                     50 ; bit data
                                     51 ;--------------------------------------------------------
                                     52 	.area BSEG    (BIT)
                                     53 ;--------------------------------------------------------
                                     54 ; paged external ram data
                                     55 ;--------------------------------------------------------
                                     56 	.area PSEG    (PAG,XDATA)
                                     57 ;--------------------------------------------------------
                                     58 ; external ram data
                                     59 ;--------------------------------------------------------
                                     60 	.area XSEG    (XDATA)
      000000                         61 _asincosf_PARM_2:
      000000                         62 	.ds 1
      000001                         63 _asincosf_x_1_25:
      000001                         64 	.ds 4
      000005                         65 _asincosf_y_1_26:
      000005                         66 	.ds 4
      000009                         67 _asincosf_g_1_26:
      000009                         68 	.ds 4
      00000D                         69 _asincosf_r_1_26:
      00000D                         70 	.ds 4
      000011                         71 _asincosf_quartPI_1_26:
      000011                         72 	.ds 1
                                     73 ;--------------------------------------------------------
                                     74 ; absolute external ram data
                                     75 ;--------------------------------------------------------
                                     76 	.area XABS    (ABS,XDATA)
                                     77 ;--------------------------------------------------------
                                     78 ; external initialized ram data
                                     79 ;--------------------------------------------------------
                                     80 	.area XISEG   (XDATA)
                                     81 	.area HOME    (CODE)
                                     82 	.area GSINIT0 (CODE)
                                     83 	.area GSINIT1 (CODE)
                                     84 	.area GSINIT2 (CODE)
                                     85 	.area GSINIT3 (CODE)
                                     86 	.area GSINIT4 (CODE)
                                     87 	.area GSINIT5 (CODE)
                                     88 	.area GSINIT  (CODE)
                                     89 	.area GSFINAL (CODE)
                                     90 	.area CSEG    (CODE)
                                     91 ;--------------------------------------------------------
                                     92 ; global & static initialisations
                                     93 ;--------------------------------------------------------
                                     94 	.area HOME    (CODE)
                                     95 	.area GSINIT  (CODE)
                                     96 	.area GSFINAL (CODE)
                                     97 	.area GSINIT  (CODE)
                                     98 ;--------------------------------------------------------
                                     99 ; Home
                                    100 ;--------------------------------------------------------
                                    101 	.area HOME    (CODE)
                                    102 	.area HOME    (CODE)
                                    103 ;--------------------------------------------------------
                                    104 ; code
                                    105 ;--------------------------------------------------------
                                    106 	.area CSEG    (CODE)
                                    107 ;------------------------------------------------------------
                                    108 ;Allocation info for local variables in function 'asincosf'
                                    109 ;------------------------------------------------------------
                                    110 ;sloc0                     Allocated with name '_asincosf_sloc0_1_0'
                                    111 ;isacos                    Allocated with name '_asincosf_PARM_2'
                                    112 ;x                         Allocated with name '_asincosf_x_1_25'
                                    113 ;y                         Allocated with name '_asincosf_y_1_26'
                                    114 ;g                         Allocated with name '_asincosf_g_1_26'
                                    115 ;r                         Allocated with name '_asincosf_r_1_26'
                                    116 ;i                         Allocated with name '_asincosf_i_1_26'
                                    117 ;quartPI                   Allocated with name '_asincosf_quartPI_1_26'
                                    118 ;------------------------------------------------------------
                                    119 ;	asincosf.c:47: float asincosf(float x, bool isacos)
                                    120 ;	-----------------------------------------
                                    121 ;	 function asincosf
                                    122 ;	-----------------------------------------
      000000                        123 _asincosf:
                           000007   124 	ar7 = 0x07
                           000006   125 	ar6 = 0x06
                           000005   126 	ar5 = 0x05
                           000004   127 	ar4 = 0x04
                           000003   128 	ar3 = 0x03
                           000002   129 	ar2 = 0x02
                           000001   130 	ar1 = 0x01
                           000000   131 	ar0 = 0x00
      000000 AF 82            [24]  132 	mov	r7,dpl
      000002 AE 83            [24]  133 	mov	r6,dph
      000004 AD F0            [24]  134 	mov	r5,b
      000006 FC               [12]  135 	mov	r4,a
      000007 90r00r01         [24]  136 	mov	dptr,#_asincosf_x_1_25
      00000A EF               [12]  137 	mov	a,r7
      00000B F0               [24]  138 	movx	@dptr,a
      00000C EE               [12]  139 	mov	a,r6
      00000D A3               [24]  140 	inc	dptr
      00000E F0               [24]  141 	movx	@dptr,a
      00000F ED               [12]  142 	mov	a,r5
      000010 A3               [24]  143 	inc	dptr
      000011 F0               [24]  144 	movx	@dptr,a
      000012 EC               [12]  145 	mov	a,r4
      000013 A3               [24]  146 	inc	dptr
      000014 F0               [24]  147 	movx	@dptr,a
                                    148 ;	asincosf.c:51: bool quartPI = isacos;
      000015 90r00r00         [24]  149 	mov	dptr,#_asincosf_PARM_2
      000018 E0               [24]  150 	movx	a,@dptr
      000019 FF               [12]  151 	mov	r7,a
      00001A 90r00r11         [24]  152 	mov	dptr,#_asincosf_quartPI_1_26
      00001D F0               [24]  153 	movx	@dptr,a
                                    154 ;	asincosf.c:56: y = fabsf(x);
      00001E 90r00r01         [24]  155 	mov	dptr,#_asincosf_x_1_25
      000021 E0               [24]  156 	movx	a,@dptr
      000022 FB               [12]  157 	mov	r3,a
      000023 A3               [24]  158 	inc	dptr
      000024 E0               [24]  159 	movx	a,@dptr
      000025 FC               [12]  160 	mov	r4,a
      000026 A3               [24]  161 	inc	dptr
      000027 E0               [24]  162 	movx	a,@dptr
      000028 FD               [12]  163 	mov	r5,a
      000029 A3               [24]  164 	inc	dptr
      00002A E0               [24]  165 	movx	a,@dptr
      00002B FE               [12]  166 	mov	r6,a
      00002C C0 00            [24]  167 	push	ar0
      00002E EF               [12]  168 	mov	a,r7
      00002F A8*00            [24]  169 	mov	r0,_spx
      000031 05*00            [12]  170 	inc	_spx
      000033 F2               [24]  171 	movx	@r0,a
      000034 D0 00            [24]  172 	pop	ar0
      000036 8B 82            [24]  173 	mov	dpl,r3
      000038 8C 83            [24]  174 	mov	dph,r4
      00003A 8D F0            [24]  175 	mov	b,r5
      00003C EE               [12]  176 	mov	a,r6
      00003D 12r00r00         [24]  177 	lcall	_fabsf
      000040 AB 82            [24]  178 	mov	r3,dpl
      000042 AC 83            [24]  179 	mov	r4,dph
      000044 AD F0            [24]  180 	mov	r5,b
      000046 FE               [12]  181 	mov	r6,a
      000047 A8*00            [24]  182 	mov	r0,_spx
      000049 18               [12]  183 	dec	r0
      00004A E2               [24]  184 	movx	a,@r0
      00004B FF               [12]  185 	mov	r7,a
      00004C 15*00            [12]  186 	dec	_spx
      00004E 90r00r05         [24]  187 	mov	dptr,#_asincosf_y_1_26
      000051 EB               [12]  188 	mov	a,r3
      000052 F0               [24]  189 	movx	@dptr,a
      000053 EC               [12]  190 	mov	a,r4
      000054 A3               [24]  191 	inc	dptr
      000055 F0               [24]  192 	movx	@dptr,a
      000056 ED               [12]  193 	mov	a,r5
      000057 A3               [24]  194 	inc	dptr
      000058 F0               [24]  195 	movx	@dptr,a
      000059 EE               [12]  196 	mov	a,r6
      00005A A3               [24]  197 	inc	dptr
      00005B F0               [24]  198 	movx	@dptr,a
                                    199 ;	asincosf.c:57: if (y < EPS)
      00005C 90r00r00         [24]  200 	mov	dptr,#___fslt_PARM_2
      00005F E4               [12]  201 	clr	a
      000060 F0               [24]  202 	movx	@dptr,a
      000061 A3               [24]  203 	inc	dptr
      000062 F0               [24]  204 	movx	@dptr,a
      000063 74 80            [12]  205 	mov	a,#0x80
      000065 A3               [24]  206 	inc	dptr
      000066 F0               [24]  207 	movx	@dptr,a
      000067 74 39            [12]  208 	mov	a,#0x39
      000069 A3               [24]  209 	inc	dptr
      00006A F0               [24]  210 	movx	@dptr,a
      00006B C0 00            [24]  211 	push	ar0
      00006D E5*00            [12]  212 	mov	a,_spx
      00006F F8               [12]  213 	mov	r0,a
      000070 24 05            [12]  214 	add	a,#0x05
      000072 F5*00            [12]  215 	mov	_spx,a
      000074 EF               [12]  216 	mov	a,r7
      000075 F2               [24]  217 	movx	@r0,a
      000076 08               [12]  218 	inc	r0
      000077 EE               [12]  219 	mov	a,r6
      000078 F2               [24]  220 	movx	@r0,a
      000079 08               [12]  221 	inc	r0
      00007A ED               [12]  222 	mov	a,r5
      00007B F2               [24]  223 	movx	@r0,a
      00007C 08               [12]  224 	inc	r0
      00007D EC               [12]  225 	mov	a,r4
      00007E F2               [24]  226 	movx	@r0,a
      00007F 08               [12]  227 	inc	r0
      000080 EB               [12]  228 	mov	a,r3
      000081 F2               [24]  229 	movx	@r0,a
      000082 D0 00            [24]  230 	pop	ar0
      000084 8B 82            [24]  231 	mov	dpl,r3
      000086 8C 83            [24]  232 	mov	dph,r4
      000088 8D F0            [24]  233 	mov	b,r5
      00008A EE               [12]  234 	mov	a,r6
      00008B 12r00r00         [24]  235 	lcall	___fslt
      00008E E5 82            [12]  236 	mov	a,dpl
      000090 C0 E0            [24]  237 	push	acc
      000092 A8*00            [24]  238 	mov	r0,_spx
      000094 18               [12]  239 	dec	r0
      000095 E2               [24]  240 	movx	a,@r0
      000096 FB               [12]  241 	mov	r3,a
      000097 18               [12]  242 	dec	r0
      000098 E2               [24]  243 	movx	a,@r0
      000099 FC               [12]  244 	mov	r4,a
      00009A 18               [12]  245 	dec	r0
      00009B E2               [24]  246 	movx	a,@r0
      00009C FD               [12]  247 	mov	r5,a
      00009D 18               [12]  248 	dec	r0
      00009E E2               [24]  249 	movx	a,@r0
      00009F FE               [12]  250 	mov	r6,a
      0000A0 18               [12]  251 	dec	r0
      0000A1 E2               [24]  252 	movx	a,@r0
      0000A2 FF               [12]  253 	mov	r7,a
      0000A3 88*00            [24]  254 	mov	_spx,r0
      0000A5 D0 E0            [24]  255 	pop	acc
      0000A7 60 11            [24]  256 	jz	00107$
                                    257 ;	asincosf.c:59: r = y;
      0000A9 90r00r0D         [24]  258 	mov	dptr,#_asincosf_r_1_26
      0000AC EB               [12]  259 	mov	a,r3
      0000AD F0               [24]  260 	movx	@dptr,a
      0000AE EC               [12]  261 	mov	a,r4
      0000AF A3               [24]  262 	inc	dptr
      0000B0 F0               [24]  263 	movx	@dptr,a
      0000B1 ED               [12]  264 	mov	a,r5
      0000B2 A3               [24]  265 	inc	dptr
      0000B3 F0               [24]  266 	movx	@dptr,a
      0000B4 EE               [12]  267 	mov	a,r6
      0000B5 A3               [24]  268 	inc	dptr
      0000B6 F0               [24]  269 	movx	@dptr,a
      0000B7 02r04r61         [24]  270 	ljmp	00108$
      0000BA                        271 00107$:
                                    272 ;	asincosf.c:63: if (y > 0.5)
      0000BA 90r00r00         [24]  273 	mov	dptr,#___fsgt_PARM_2
      0000BD E4               [12]  274 	clr	a
      0000BE F0               [24]  275 	movx	@dptr,a
      0000BF A3               [24]  276 	inc	dptr
      0000C0 F0               [24]  277 	movx	@dptr,a
      0000C1 A3               [24]  278 	inc	dptr
      0000C2 F0               [24]  279 	movx	@dptr,a
      0000C3 74 3F            [12]  280 	mov	a,#0x3f
      0000C5 A3               [24]  281 	inc	dptr
      0000C6 F0               [24]  282 	movx	@dptr,a
      0000C7 C0 00            [24]  283 	push	ar0
      0000C9 E5*00            [12]  284 	mov	a,_spx
      0000CB F8               [12]  285 	mov	r0,a
      0000CC 24 05            [12]  286 	add	a,#0x05
      0000CE F5*00            [12]  287 	mov	_spx,a
      0000D0 EF               [12]  288 	mov	a,r7
      0000D1 F2               [24]  289 	movx	@r0,a
      0000D2 08               [12]  290 	inc	r0
      0000D3 EE               [12]  291 	mov	a,r6
      0000D4 F2               [24]  292 	movx	@r0,a
      0000D5 08               [12]  293 	inc	r0
      0000D6 ED               [12]  294 	mov	a,r5
      0000D7 F2               [24]  295 	movx	@r0,a
      0000D8 08               [12]  296 	inc	r0
      0000D9 EC               [12]  297 	mov	a,r4
      0000DA F2               [24]  298 	movx	@r0,a
      0000DB 08               [12]  299 	inc	r0
      0000DC EB               [12]  300 	mov	a,r3
      0000DD F2               [24]  301 	movx	@r0,a
      0000DE D0 00            [24]  302 	pop	ar0
      0000E0 8B 82            [24]  303 	mov	dpl,r3
      0000E2 8C 83            [24]  304 	mov	dph,r4
      0000E4 8D F0            [24]  305 	mov	b,r5
      0000E6 EE               [12]  306 	mov	a,r6
      0000E7 12r00r00         [24]  307 	lcall	___fsgt
      0000EA E5 82            [12]  308 	mov	a,dpl
      0000EC C0 E0            [24]  309 	push	acc
      0000EE A8*00            [24]  310 	mov	r0,_spx
      0000F0 18               [12]  311 	dec	r0
      0000F1 E2               [24]  312 	movx	a,@r0
      0000F2 FB               [12]  313 	mov	r3,a
      0000F3 18               [12]  314 	dec	r0
      0000F4 E2               [24]  315 	movx	a,@r0
      0000F5 FC               [12]  316 	mov	r4,a
      0000F6 18               [12]  317 	dec	r0
      0000F7 E2               [24]  318 	movx	a,@r0
      0000F8 FD               [12]  319 	mov	r5,a
      0000F9 18               [12]  320 	dec	r0
      0000FA E2               [24]  321 	movx	a,@r0
      0000FB FE               [12]  322 	mov	r6,a
      0000FC 18               [12]  323 	dec	r0
      0000FD E2               [24]  324 	movx	a,@r0
      0000FE FF               [12]  325 	mov	r7,a
      0000FF 88*00            [24]  326 	mov	_spx,r0
      000101 D0 E0            [24]  327 	pop	acc
      000103 70 03            [24]  328 	jnz	00138$
      000105 02r01rFC         [24]  329 	ljmp	00104$
      000108                        330 00138$:
                                    331 ;	asincosf.c:65: quartPI = !isacos;
      000108 90r00r11         [24]  332 	mov	dptr,#_asincosf_quartPI_1_26
      00010B EF               [12]  333 	mov	a,r7
      00010C B4 01 00         [24]  334 	cjne	a,#0x01,00139$
      00010F                        335 00139$:
      00010F E4               [12]  336 	clr	a
      000110 33               [12]  337 	rlc	a
      000111 F0               [24]  338 	movx	@dptr,a
                                    339 ;	asincosf.c:66: if (y > 1.0)
      000112 90r00r00         [24]  340 	mov	dptr,#___fsgt_PARM_2
      000115 E4               [12]  341 	clr	a
      000116 F0               [24]  342 	movx	@dptr,a
      000117 A3               [24]  343 	inc	dptr
      000118 F0               [24]  344 	movx	@dptr,a
      000119 74 80            [12]  345 	mov	a,#0x80
      00011B A3               [24]  346 	inc	dptr
      00011C F0               [24]  347 	movx	@dptr,a
      00011D 74 3F            [12]  348 	mov	a,#0x3f
      00011F A3               [24]  349 	inc	dptr
      000120 F0               [24]  350 	movx	@dptr,a
      000121 C0 00            [24]  351 	push	ar0
      000123 E5*00            [12]  352 	mov	a,_spx
      000125 F8               [12]  353 	mov	r0,a
      000126 24 05            [12]  354 	add	a,#0x05
      000128 F5*00            [12]  355 	mov	_spx,a
      00012A EF               [12]  356 	mov	a,r7
      00012B F2               [24]  357 	movx	@r0,a
      00012C 08               [12]  358 	inc	r0
      00012D EE               [12]  359 	mov	a,r6
      00012E F2               [24]  360 	movx	@r0,a
      00012F 08               [12]  361 	inc	r0
      000130 ED               [12]  362 	mov	a,r5
      000131 F2               [24]  363 	movx	@r0,a
      000132 08               [12]  364 	inc	r0
      000133 EC               [12]  365 	mov	a,r4
      000134 F2               [24]  366 	movx	@r0,a
      000135 08               [12]  367 	inc	r0
      000136 EB               [12]  368 	mov	a,r3
      000137 F2               [24]  369 	movx	@r0,a
      000138 D0 00            [24]  370 	pop	ar0
      00013A 8B 82            [24]  371 	mov	dpl,r3
      00013C 8C 83            [24]  372 	mov	dph,r4
      00013E 8D F0            [24]  373 	mov	b,r5
      000140 EE               [12]  374 	mov	a,r6
      000141 12r00r00         [24]  375 	lcall	___fsgt
      000144 E5 82            [12]  376 	mov	a,dpl
      000146 C0 E0            [24]  377 	push	acc
      000148 A8*00            [24]  378 	mov	r0,_spx
      00014A 18               [12]  379 	dec	r0
      00014B E2               [24]  380 	movx	a,@r0
      00014C FB               [12]  381 	mov	r3,a
      00014D 18               [12]  382 	dec	r0
      00014E E2               [24]  383 	movx	a,@r0
      00014F FC               [12]  384 	mov	r4,a
      000150 18               [12]  385 	dec	r0
      000151 E2               [24]  386 	movx	a,@r0
      000152 FD               [12]  387 	mov	r5,a
      000153 18               [12]  388 	dec	r0
      000154 E2               [24]  389 	movx	a,@r0
      000155 FE               [12]  390 	mov	r6,a
      000156 18               [12]  391 	dec	r0
      000157 E2               [24]  392 	movx	a,@r0
      000158 FF               [12]  393 	mov	r7,a
      000159 88*00            [24]  394 	mov	_spx,r0
      00015B D0 E0            [24]  395 	pop	acc
      00015D 60 10            [24]  396 	jz	00102$
                                    397 ;	asincosf.c:68: errno = EDOM;
      00015F 90r00r00         [24]  398 	mov	dptr,#_errno
      000162 74 21            [12]  399 	mov	a,#0x21
      000164 F0               [24]  400 	movx	@dptr,a
      000165 E4               [12]  401 	clr	a
      000166 A3               [24]  402 	inc	dptr
      000167 F0               [24]  403 	movx	@dptr,a
                                    404 ;	asincosf.c:69: return 0.0;
      000168 90 00 00         [24]  405 	mov	dptr,#(0x00&0x00ff)
      00016B E4               [12]  406 	clr	a
      00016C F5 F0            [12]  407 	mov	b,a
      00016E 22               [24]  408 	ret
      00016F                        409 00102$:
                                    410 ;	asincosf.c:71: g = (0.5 - y) + 0.5;
      00016F C0 07            [24]  411 	push	ar7
      000171 90r00r00         [24]  412 	mov	dptr,#___fssub_PARM_2
      000174 EB               [12]  413 	mov	a,r3
      000175 F0               [24]  414 	movx	@dptr,a
      000176 EC               [12]  415 	mov	a,r4
      000177 A3               [24]  416 	inc	dptr
      000178 F0               [24]  417 	movx	@dptr,a
      000179 ED               [12]  418 	mov	a,r5
      00017A A3               [24]  419 	inc	dptr
      00017B F0               [24]  420 	movx	@dptr,a
      00017C EE               [12]  421 	mov	a,r6
      00017D A3               [24]  422 	inc	dptr
      00017E F0               [24]  423 	movx	@dptr,a
                                    424 ;	asincosf.c:72: g = ldexpf(g, -1);
      00017F 90 00 00         [24]  425 	mov	dptr,#0x0000
      000182 75 F0 80         [24]  426 	mov	b,#0x80
      000185 74 3F            [12]  427 	mov	a,#0x3f
      000187 12r00r00         [24]  428 	lcall	___fssub
      00018A A8 82            [24]  429 	mov	r0,dpl
      00018C A9 83            [24]  430 	mov	r1,dph
      00018E AA F0            [24]  431 	mov	r2,b
      000190 FF               [12]  432 	mov	r7,a
      000191 90r00r00         [24]  433 	mov	dptr,#_ldexpf_PARM_2
      000194 74 FF            [12]  434 	mov	a,#0xff
      000196 F0               [24]  435 	movx	@dptr,a
      000197 A3               [24]  436 	inc	dptr
      000198 F0               [24]  437 	movx	@dptr,a
      000199 88 82            [24]  438 	mov	dpl,r0
      00019B 89 83            [24]  439 	mov	dph,r1
      00019D 8A F0            [24]  440 	mov	b,r2
      00019F EF               [12]  441 	mov	a,r7
      0001A0 12r00r00         [24]  442 	lcall	_ldexpf
      0001A3 A8 82            [24]  443 	mov	r0,dpl
      0001A5 A9 83            [24]  444 	mov	r1,dph
      0001A7 AA F0            [24]  445 	mov	r2,b
      0001A9 FF               [12]  446 	mov	r7,a
      0001AA 90r00r09         [24]  447 	mov	dptr,#_asincosf_g_1_26
      0001AD E8               [12]  448 	mov	a,r0
      0001AE F0               [24]  449 	movx	@dptr,a
      0001AF E9               [12]  450 	mov	a,r1
      0001B0 A3               [24]  451 	inc	dptr
      0001B1 F0               [24]  452 	movx	@dptr,a
      0001B2 EA               [12]  453 	mov	a,r2
      0001B3 A3               [24]  454 	inc	dptr
      0001B4 F0               [24]  455 	movx	@dptr,a
      0001B5 EF               [12]  456 	mov	a,r7
      0001B6 A3               [24]  457 	inc	dptr
      0001B7 F0               [24]  458 	movx	@dptr,a
                                    459 ;	asincosf.c:73: y = sqrtf(g);
      0001B8 88 82            [24]  460 	mov	dpl,r0
      0001BA 89 83            [24]  461 	mov	dph,r1
      0001BC 8A F0            [24]  462 	mov	b,r2
      0001BE EF               [12]  463 	mov	a,r7
      0001BF 12r00r00         [24]  464 	lcall	_sqrtf
      0001C2 A8 82            [24]  465 	mov	r0,dpl
      0001C4 A9 83            [24]  466 	mov	r1,dph
      0001C6 AA F0            [24]  467 	mov	r2,b
      0001C8 FF               [12]  468 	mov	r7,a
                                    469 ;	asincosf.c:74: y = -(y + y);
      0001C9 90r00r00         [24]  470 	mov	dptr,#___fsadd_PARM_2
      0001CC E8               [12]  471 	mov	a,r0
      0001CD F0               [24]  472 	movx	@dptr,a
      0001CE E9               [12]  473 	mov	a,r1
      0001CF A3               [24]  474 	inc	dptr
      0001D0 F0               [24]  475 	movx	@dptr,a
      0001D1 EA               [12]  476 	mov	a,r2
      0001D2 A3               [24]  477 	inc	dptr
      0001D3 F0               [24]  478 	movx	@dptr,a
      0001D4 EF               [12]  479 	mov	a,r7
      0001D5 A3               [24]  480 	inc	dptr
      0001D6 F0               [24]  481 	movx	@dptr,a
      0001D7 88 82            [24]  482 	mov	dpl,r0
      0001D9 89 83            [24]  483 	mov	dph,r1
      0001DB 8A F0            [24]  484 	mov	b,r2
      0001DD EF               [12]  485 	mov	a,r7
      0001DE 12r00r00         [24]  486 	lcall	___fsadd
      0001E1 A8 82            [24]  487 	mov	r0,dpl
      0001E3 A9 83            [24]  488 	mov	r1,dph
      0001E5 AA F0            [24]  489 	mov	r2,b
      0001E7 FF               [12]  490 	mov	r7,a
      0001E8 90r00r05         [24]  491 	mov	dptr,#_asincosf_y_1_26
      0001EB E8               [12]  492 	mov	a,r0
      0001EC F0               [24]  493 	movx	@dptr,a
      0001ED E9               [12]  494 	mov	a,r1
      0001EE A3               [24]  495 	inc	dptr
      0001EF F0               [24]  496 	movx	@dptr,a
      0001F0 EA               [12]  497 	mov	a,r2
      0001F1 A3               [24]  498 	inc	dptr
      0001F2 F0               [24]  499 	movx	@dptr,a
      0001F3 EF               [12]  500 	mov	a,r7
      0001F4 B2 E7            [12]  501 	cpl	acc.7
      0001F6 A3               [24]  502 	inc	dptr
      0001F7 F0               [24]  503 	movx	@dptr,a
      0001F8 D0 07            [24]  504 	pop	ar7
      0001FA 80 3E            [24]  505 	sjmp	00105$
      0001FC                        506 00104$:
                                    507 ;	asincosf.c:78: g = y * y;
      0001FC 90r00r00         [24]  508 	mov	dptr,#___fsmul_PARM_2
      0001FF EB               [12]  509 	mov	a,r3
      000200 F0               [24]  510 	movx	@dptr,a
      000201 EC               [12]  511 	mov	a,r4
      000202 A3               [24]  512 	inc	dptr
      000203 F0               [24]  513 	movx	@dptr,a
      000204 ED               [12]  514 	mov	a,r5
      000205 A3               [24]  515 	inc	dptr
      000206 F0               [24]  516 	movx	@dptr,a
      000207 EE               [12]  517 	mov	a,r6
      000208 A3               [24]  518 	inc	dptr
      000209 F0               [24]  519 	movx	@dptr,a
      00020A C0 00            [24]  520 	push	ar0
      00020C EF               [12]  521 	mov	a,r7
      00020D A8*00            [24]  522 	mov	r0,_spx
      00020F 05*00            [12]  523 	inc	_spx
      000211 F2               [24]  524 	movx	@r0,a
      000212 D0 00            [24]  525 	pop	ar0
      000214 8B 82            [24]  526 	mov	dpl,r3
      000216 8C 83            [24]  527 	mov	dph,r4
      000218 8D F0            [24]  528 	mov	b,r5
      00021A EE               [12]  529 	mov	a,r6
      00021B 12r00r00         [24]  530 	lcall	___fsmul
      00021E AB 82            [24]  531 	mov	r3,dpl
      000220 AC 83            [24]  532 	mov	r4,dph
      000222 AD F0            [24]  533 	mov	r5,b
      000224 FE               [12]  534 	mov	r6,a
      000225 A8*00            [24]  535 	mov	r0,_spx
      000227 18               [12]  536 	dec	r0
      000228 E2               [24]  537 	movx	a,@r0
      000229 FF               [12]  538 	mov	r7,a
      00022A 15*00            [12]  539 	dec	_spx
      00022C 90r00r09         [24]  540 	mov	dptr,#_asincosf_g_1_26
      00022F EB               [12]  541 	mov	a,r3
      000230 F0               [24]  542 	movx	@dptr,a
      000231 EC               [12]  543 	mov	a,r4
      000232 A3               [24]  544 	inc	dptr
      000233 F0               [24]  545 	movx	@dptr,a
      000234 ED               [12]  546 	mov	a,r5
      000235 A3               [24]  547 	inc	dptr
      000236 F0               [24]  548 	movx	@dptr,a
      000237 EE               [12]  549 	mov	a,r6
      000238 A3               [24]  550 	inc	dptr
      000239 F0               [24]  551 	movx	@dptr,a
      00023A                        552 00105$:
                                    553 ;	asincosf.c:80: r = y + y * ((P(g) * g) / Q(g));
      00023A C0 07            [24]  554 	push	ar7
      00023C 90r00r09         [24]  555 	mov	dptr,#_asincosf_g_1_26
      00023F E0               [24]  556 	movx	a,@dptr
      000240 FB               [12]  557 	mov	r3,a
      000241 A3               [24]  558 	inc	dptr
      000242 E0               [24]  559 	movx	a,@dptr
      000243 FC               [12]  560 	mov	r4,a
      000244 A3               [24]  561 	inc	dptr
      000245 E0               [24]  562 	movx	a,@dptr
      000246 FD               [12]  563 	mov	r5,a
      000247 A3               [24]  564 	inc	dptr
      000248 E0               [24]  565 	movx	a,@dptr
      000249 FE               [12]  566 	mov	r6,a
      00024A 90r00r00         [24]  567 	mov	dptr,#___fsmul_PARM_2
      00024D EB               [12]  568 	mov	a,r3
      00024E F0               [24]  569 	movx	@dptr,a
      00024F EC               [12]  570 	mov	a,r4
      000250 A3               [24]  571 	inc	dptr
      000251 F0               [24]  572 	movx	@dptr,a
      000252 ED               [12]  573 	mov	a,r5
      000253 A3               [24]  574 	inc	dptr
      000254 F0               [24]  575 	movx	@dptr,a
      000255 EE               [12]  576 	mov	a,r6
      000256 A3               [24]  577 	inc	dptr
      000257 F0               [24]  578 	movx	@dptr,a
      000258 C0 00            [24]  579 	push	ar0
      00025A E5*00            [12]  580 	mov	a,_spx
      00025C F8               [12]  581 	mov	r0,a
      00025D 24 04            [12]  582 	add	a,#0x04
      00025F F5*00            [12]  583 	mov	_spx,a
      000261 EE               [12]  584 	mov	a,r6
      000262 F2               [24]  585 	movx	@r0,a
      000263 08               [12]  586 	inc	r0
      000264 ED               [12]  587 	mov	a,r5
      000265 F2               [24]  588 	movx	@r0,a
      000266 08               [12]  589 	inc	r0
      000267 EC               [12]  590 	mov	a,r4
      000268 F2               [24]  591 	movx	@r0,a
      000269 08               [12]  592 	inc	r0
      00026A EB               [12]  593 	mov	a,r3
      00026B F2               [24]  594 	movx	@r0,a
      00026C D0 00            [24]  595 	pop	ar0
      00026E 90 20 65         [24]  596 	mov	dptr,#0x2065
      000271 75 F0 01         [24]  597 	mov	b,#0x01
      000274 74 BF            [12]  598 	mov	a,#0xbf
      000276 12r00r00         [24]  599 	lcall	___fsmul
      000279 A8 82            [24]  600 	mov	r0,dpl
      00027B A9 83            [24]  601 	mov	r1,dph
      00027D AA F0            [24]  602 	mov	r2,b
      00027F FF               [12]  603 	mov	r7,a
      000280 C0 00            [24]  604 	push	ar0
      000282 A8*00            [24]  605 	mov	r0,_spx
      000284 18               [12]  606 	dec	r0
      000285 E2               [24]  607 	movx	a,@r0
      000286 FB               [12]  608 	mov	r3,a
      000287 18               [12]  609 	dec	r0
      000288 E2               [24]  610 	movx	a,@r0
      000289 FC               [12]  611 	mov	r4,a
      00028A 18               [12]  612 	dec	r0
      00028B E2               [24]  613 	movx	a,@r0
      00028C FD               [12]  614 	mov	r5,a
      00028D 18               [12]  615 	dec	r0
      00028E E2               [24]  616 	movx	a,@r0
      00028F FE               [12]  617 	mov	r6,a
      000290 88*00            [24]  618 	mov	_spx,r0
      000292 90r00r00         [24]  619 	mov	dptr,#___fsadd_PARM_2
      000295 74 6B            [12]  620 	mov	a,#0x6b
      000297 F0               [24]  621 	movx	@dptr,a
      000298 74 16            [12]  622 	mov	a,#0x16
      00029A A3               [24]  623 	inc	dptr
      00029B F0               [24]  624 	movx	@dptr,a
      00029C 74 6F            [12]  625 	mov	a,#0x6f
      00029E A3               [24]  626 	inc	dptr
      00029F F0               [24]  627 	movx	@dptr,a
      0002A0 74 3F            [12]  628 	mov	a,#0x3f
      0002A2 A3               [24]  629 	inc	dptr
      0002A3 F0               [24]  630 	movx	@dptr,a
      0002A4 E5*00            [12]  631 	mov	a,_spx
      0002A6 F8               [12]  632 	mov	r0,a
      0002A7 24 04            [12]  633 	add	a,#0x04
      0002A9 F5*00            [12]  634 	mov	_spx,a
      0002AB EE               [12]  635 	mov	a,r6
      0002AC F2               [24]  636 	movx	@r0,a
      0002AD 08               [12]  637 	inc	r0
      0002AE ED               [12]  638 	mov	a,r5
      0002AF F2               [24]  639 	movx	@r0,a
      0002B0 08               [12]  640 	inc	r0
      0002B1 EC               [12]  641 	mov	a,r4
      0002B2 F2               [24]  642 	movx	@r0,a
      0002B3 08               [12]  643 	inc	r0
      0002B4 EB               [12]  644 	mov	a,r3
      0002B5 F2               [24]  645 	movx	@r0,a
      0002B6 D0 00            [24]  646 	pop	ar0
      0002B8 88 82            [24]  647 	mov	dpl,r0
      0002BA 89 83            [24]  648 	mov	dph,r1
      0002BC 8A F0            [24]  649 	mov	b,r2
      0002BE EF               [12]  650 	mov	a,r7
      0002BF 12r00r00         [24]  651 	lcall	___fsadd
      0002C2 A8 82            [24]  652 	mov	r0,dpl
      0002C4 A9 83            [24]  653 	mov	r1,dph
      0002C6 AA F0            [24]  654 	mov	r2,b
      0002C8 FF               [12]  655 	mov	r7,a
      0002C9 C0 00            [24]  656 	push	ar0
      0002CB A8*00            [24]  657 	mov	r0,_spx
      0002CD 18               [12]  658 	dec	r0
      0002CE E2               [24]  659 	movx	a,@r0
      0002CF FB               [12]  660 	mov	r3,a
      0002D0 18               [12]  661 	dec	r0
      0002D1 E2               [24]  662 	movx	a,@r0
      0002D2 FC               [12]  663 	mov	r4,a
      0002D3 18               [12]  664 	dec	r0
      0002D4 E2               [24]  665 	movx	a,@r0
      0002D5 FD               [12]  666 	mov	r5,a
      0002D6 18               [12]  667 	dec	r0
      0002D7 E2               [24]  668 	movx	a,@r0
      0002D8 FE               [12]  669 	mov	r6,a
      0002D9 88*00            [24]  670 	mov	_spx,r0
      0002DB 90r00r00         [24]  671 	mov	dptr,#___fsmul_PARM_2
      0002DE EB               [12]  672 	mov	a,r3
      0002DF F0               [24]  673 	movx	@dptr,a
      0002E0 EC               [12]  674 	mov	a,r4
      0002E1 A3               [24]  675 	inc	dptr
      0002E2 F0               [24]  676 	movx	@dptr,a
      0002E3 ED               [12]  677 	mov	a,r5
      0002E4 A3               [24]  678 	inc	dptr
      0002E5 F0               [24]  679 	movx	@dptr,a
      0002E6 EE               [12]  680 	mov	a,r6
      0002E7 A3               [24]  681 	inc	dptr
      0002E8 F0               [24]  682 	movx	@dptr,a
      0002E9 E5*00            [12]  683 	mov	a,_spx
      0002EB F8               [12]  684 	mov	r0,a
      0002EC 24 05            [12]  685 	add	a,#0x05
      0002EE F5*00            [12]  686 	mov	_spx,a
      0002F0 EF               [12]  687 	mov	a,r7
      0002F1 F2               [24]  688 	movx	@r0,a
      0002F2 08               [12]  689 	inc	r0
      0002F3 EE               [12]  690 	mov	a,r6
      0002F4 F2               [24]  691 	movx	@r0,a
      0002F5 08               [12]  692 	inc	r0
      0002F6 ED               [12]  693 	mov	a,r5
      0002F7 F2               [24]  694 	movx	@r0,a
      0002F8 08               [12]  695 	inc	r0
      0002F9 EC               [12]  696 	mov	a,r4
      0002FA F2               [24]  697 	movx	@r0,a
      0002FB 08               [12]  698 	inc	r0
      0002FC EB               [12]  699 	mov	a,r3
      0002FD F2               [24]  700 	movx	@r0,a
      0002FE D0 00            [24]  701 	pop	ar0
      000300 88 82            [24]  702 	mov	dpl,r0
      000302 89 83            [24]  703 	mov	dph,r1
      000304 8A F0            [24]  704 	mov	b,r2
      000306 EF               [12]  705 	mov	a,r7
      000307 12r00r00         [24]  706 	lcall	___fsmul
      00030A 85 82*00         [24]  707 	mov	_asincosf_sloc0_1_0,dpl
      00030D 85 83*01         [24]  708 	mov	(_asincosf_sloc0_1_0 + 1),dph
      000310 85 F0*02         [24]  709 	mov	(_asincosf_sloc0_1_0 + 2),b
      000313 F5*03            [12]  710 	mov	(_asincosf_sloc0_1_0 + 3),a
      000315 A8*00            [24]  711 	mov	r0,_spx
      000317 18               [12]  712 	dec	r0
      000318 E2               [24]  713 	movx	a,@r0
      000319 FB               [12]  714 	mov	r3,a
      00031A 18               [12]  715 	dec	r0
      00031B E2               [24]  716 	movx	a,@r0
      00031C FC               [12]  717 	mov	r4,a
      00031D 18               [12]  718 	dec	r0
      00031E E2               [24]  719 	movx	a,@r0
      00031F FD               [12]  720 	mov	r5,a
      000320 18               [12]  721 	dec	r0
      000321 E2               [24]  722 	movx	a,@r0
      000322 FE               [12]  723 	mov	r6,a
      000323 18               [12]  724 	dec	r0
      000324 E2               [24]  725 	movx	a,@r0
      000325 88*00            [24]  726 	mov	_spx,r0
      000327 90r00r00         [24]  727 	mov	dptr,#___fsadd_PARM_2
      00032A 74 0B            [12]  728 	mov	a,#0x0b
      00032C F0               [24]  729 	movx	@dptr,a
      00032D 74 8D            [12]  730 	mov	a,#0x8d
      00032F A3               [24]  731 	inc	dptr
      000330 F0               [24]  732 	movx	@dptr,a
      000331 74 B1            [12]  733 	mov	a,#0xb1
      000333 A3               [24]  734 	inc	dptr
      000334 F0               [24]  735 	movx	@dptr,a
      000335 74 C0            [12]  736 	mov	a,#0xc0
      000337 A3               [24]  737 	inc	dptr
      000338 F0               [24]  738 	movx	@dptr,a
      000339 C0 00            [24]  739 	push	ar0
      00033B E5*00            [12]  740 	mov	a,_spx
      00033D F8               [12]  741 	mov	r0,a
      00033E 24 04            [12]  742 	add	a,#0x04
      000340 F5*00            [12]  743 	mov	_spx,a
      000342 EE               [12]  744 	mov	a,r6
      000343 F2               [24]  745 	movx	@r0,a
      000344 08               [12]  746 	inc	r0
      000345 ED               [12]  747 	mov	a,r5
      000346 F2               [24]  748 	movx	@r0,a
      000347 08               [12]  749 	inc	r0
      000348 EC               [12]  750 	mov	a,r4
      000349 F2               [24]  751 	movx	@r0,a
      00034A 08               [12]  752 	inc	r0
      00034B EB               [12]  753 	mov	a,r3
      00034C F2               [24]  754 	movx	@r0,a
      00034D D0 00            [24]  755 	pop	ar0
      00034F 8B 82            [24]  756 	mov	dpl,r3
      000351 8C 83            [24]  757 	mov	dph,r4
      000353 8D F0            [24]  758 	mov	b,r5
      000355 EE               [12]  759 	mov	a,r6
      000356 12r00r00         [24]  760 	lcall	___fsadd
      000359 A8 82            [24]  761 	mov	r0,dpl
      00035B A9 83            [24]  762 	mov	r1,dph
      00035D AA F0            [24]  763 	mov	r2,b
      00035F FF               [12]  764 	mov	r7,a
      000360 C0 00            [24]  765 	push	ar0
      000362 A8*00            [24]  766 	mov	r0,_spx
      000364 18               [12]  767 	dec	r0
      000365 E2               [24]  768 	movx	a,@r0
      000366 FB               [12]  769 	mov	r3,a
      000367 18               [12]  770 	dec	r0
      000368 E2               [24]  771 	movx	a,@r0
      000369 FC               [12]  772 	mov	r4,a
      00036A 18               [12]  773 	dec	r0
      00036B E2               [24]  774 	movx	a,@r0
      00036C FD               [12]  775 	mov	r5,a
      00036D 18               [12]  776 	dec	r0
      00036E E2               [24]  777 	movx	a,@r0
      00036F FE               [12]  778 	mov	r6,a
      000370 88*00            [24]  779 	mov	_spx,r0
      000372 D0 00            [24]  780 	pop	ar0
      000374 90r00r00         [24]  781 	mov	dptr,#___fsmul_PARM_2
      000377 EB               [12]  782 	mov	a,r3
      000378 F0               [24]  783 	movx	@dptr,a
      000379 EC               [12]  784 	mov	a,r4
      00037A A3               [24]  785 	inc	dptr
      00037B F0               [24]  786 	movx	@dptr,a
      00037C ED               [12]  787 	mov	a,r5
      00037D A3               [24]  788 	inc	dptr
      00037E F0               [24]  789 	movx	@dptr,a
      00037F EE               [12]  790 	mov	a,r6
      000380 A3               [24]  791 	inc	dptr
      000381 F0               [24]  792 	movx	@dptr,a
      000382 88 82            [24]  793 	mov	dpl,r0
      000384 89 83            [24]  794 	mov	dph,r1
      000386 8A F0            [24]  795 	mov	b,r2
      000388 EF               [12]  796 	mov	a,r7
      000389 12r00r00         [24]  797 	lcall	___fsmul
      00038C AC 82            [24]  798 	mov	r4,dpl
      00038E AD 83            [24]  799 	mov	r5,dph
      000390 AE F0            [24]  800 	mov	r6,b
      000392 FF               [12]  801 	mov	r7,a
      000393 90r00r00         [24]  802 	mov	dptr,#___fsadd_PARM_2
      000396 74 F0            [12]  803 	mov	a,#0xf0
      000398 F0               [24]  804 	movx	@dptr,a
      000399 74 50            [12]  805 	mov	a,#0x50
      00039B A3               [24]  806 	inc	dptr
      00039C F0               [24]  807 	movx	@dptr,a
      00039D 74 B3            [12]  808 	mov	a,#0xb3
      00039F A3               [24]  809 	inc	dptr
      0003A0 F0               [24]  810 	movx	@dptr,a
      0003A1 74 40            [12]  811 	mov	a,#0x40
      0003A3 A3               [24]  812 	inc	dptr
      0003A4 F0               [24]  813 	movx	@dptr,a
      0003A5 8C 82            [24]  814 	mov	dpl,r4
      0003A7 8D 83            [24]  815 	mov	dph,r5
      0003A9 8E F0            [24]  816 	mov	b,r6
      0003AB EF               [12]  817 	mov	a,r7
      0003AC 12r00r00         [24]  818 	lcall	___fsadd
      0003AF AC 82            [24]  819 	mov	r4,dpl
      0003B1 AD 83            [24]  820 	mov	r5,dph
      0003B3 AE F0            [24]  821 	mov	r6,b
      0003B5 FF               [12]  822 	mov	r7,a
      0003B6 90r00r00         [24]  823 	mov	dptr,#___fsdiv_PARM_2
      0003B9 EC               [12]  824 	mov	a,r4
      0003BA F0               [24]  825 	movx	@dptr,a
      0003BB ED               [12]  826 	mov	a,r5
      0003BC A3               [24]  827 	inc	dptr
      0003BD F0               [24]  828 	movx	@dptr,a
      0003BE EE               [12]  829 	mov	a,r6
      0003BF A3               [24]  830 	inc	dptr
      0003C0 F0               [24]  831 	movx	@dptr,a
      0003C1 EF               [12]  832 	mov	a,r7
      0003C2 A3               [24]  833 	inc	dptr
      0003C3 F0               [24]  834 	movx	@dptr,a
      0003C4 85*00 82         [24]  835 	mov	dpl,_asincosf_sloc0_1_0
      0003C7 85*01 83         [24]  836 	mov	dph,(_asincosf_sloc0_1_0 + 1)
      0003CA 85*02 F0         [24]  837 	mov	b,(_asincosf_sloc0_1_0 + 2)
      0003CD E5*03            [12]  838 	mov	a,(_asincosf_sloc0_1_0 + 3)
      0003CF 12r00r00         [24]  839 	lcall	___fsdiv
      0003D2 AC 82            [24]  840 	mov	r4,dpl
      0003D4 AD 83            [24]  841 	mov	r5,dph
      0003D6 AE F0            [24]  842 	mov	r6,b
      0003D8 FF               [12]  843 	mov	r7,a
      0003D9 90r00r05         [24]  844 	mov	dptr,#_asincosf_y_1_26
      0003DC E0               [24]  845 	movx	a,@dptr
      0003DD F8               [12]  846 	mov	r0,a
      0003DE A3               [24]  847 	inc	dptr
      0003DF E0               [24]  848 	movx	a,@dptr
      0003E0 F9               [12]  849 	mov	r1,a
      0003E1 A3               [24]  850 	inc	dptr
      0003E2 E0               [24]  851 	movx	a,@dptr
      0003E3 FA               [12]  852 	mov	r2,a
      0003E4 A3               [24]  853 	inc	dptr
      0003E5 E0               [24]  854 	movx	a,@dptr
      0003E6 FB               [12]  855 	mov	r3,a
      0003E7 90r00r00         [24]  856 	mov	dptr,#___fsmul_PARM_2
      0003EA EC               [12]  857 	mov	a,r4
      0003EB F0               [24]  858 	movx	@dptr,a
      0003EC ED               [12]  859 	mov	a,r5
      0003ED A3               [24]  860 	inc	dptr
      0003EE F0               [24]  861 	movx	@dptr,a
      0003EF EE               [12]  862 	mov	a,r6
      0003F0 A3               [24]  863 	inc	dptr
      0003F1 F0               [24]  864 	movx	@dptr,a
      0003F2 EF               [12]  865 	mov	a,r7
      0003F3 A3               [24]  866 	inc	dptr
      0003F4 F0               [24]  867 	movx	@dptr,a
      0003F5 C0 00            [24]  868 	push	ar0
      0003F7 E5*00            [12]  869 	mov	a,_spx
      0003F9 F8               [12]  870 	mov	r0,a
      0003FA 24 04            [12]  871 	add	a,#0x04
      0003FC F5*00            [12]  872 	mov	_spx,a
      0003FE EB               [12]  873 	mov	a,r3
      0003FF F2               [24]  874 	movx	@r0,a
      000400 08               [12]  875 	inc	r0
      000401 EA               [12]  876 	mov	a,r2
      000402 F2               [24]  877 	movx	@r0,a
      000403 08               [12]  878 	inc	r0
      000404 E9               [12]  879 	mov	a,r1
      000405 F2               [24]  880 	movx	@r0,a
      000406 08               [12]  881 	inc	r0
      000407 D0 E0            [24]  882 	pop	acc
      000409 C0 E0            [24]  883 	push	acc
      00040B F2               [24]  884 	movx	@r0,a
      00040C D0 00            [24]  885 	pop	ar0
      00040E 88 82            [24]  886 	mov	dpl,r0
      000410 89 83            [24]  887 	mov	dph,r1
      000412 8A F0            [24]  888 	mov	b,r2
      000414 EB               [12]  889 	mov	a,r3
      000415 12r00r00         [24]  890 	lcall	___fsmul
      000418 AC 82            [24]  891 	mov	r4,dpl
      00041A AD 83            [24]  892 	mov	r5,dph
      00041C AE F0            [24]  893 	mov	r6,b
      00041E FF               [12]  894 	mov	r7,a
      00041F A8*00            [24]  895 	mov	r0,_spx
      000421 18               [12]  896 	dec	r0
      000422 E2               [24]  897 	movx	a,@r0
      000423 C0 E0            [24]  898 	push	acc
      000425 18               [12]  899 	dec	r0
      000426 E2               [24]  900 	movx	a,@r0
      000427 F9               [12]  901 	mov	r1,a
      000428 18               [12]  902 	dec	r0
      000429 E2               [24]  903 	movx	a,@r0
      00042A FA               [12]  904 	mov	r2,a
      00042B 18               [12]  905 	dec	r0
      00042C E2               [24]  906 	movx	a,@r0
      00042D FB               [12]  907 	mov	r3,a
      00042E 88*00            [24]  908 	mov	_spx,r0
      000430 D0 00            [24]  909 	pop	ar0
      000432 90r00r00         [24]  910 	mov	dptr,#___fsadd_PARM_2
      000435 EC               [12]  911 	mov	a,r4
      000436 F0               [24]  912 	movx	@dptr,a
      000437 ED               [12]  913 	mov	a,r5
      000438 A3               [24]  914 	inc	dptr
      000439 F0               [24]  915 	movx	@dptr,a
      00043A EE               [12]  916 	mov	a,r6
      00043B A3               [24]  917 	inc	dptr
      00043C F0               [24]  918 	movx	@dptr,a
      00043D EF               [12]  919 	mov	a,r7
      00043E A3               [24]  920 	inc	dptr
      00043F F0               [24]  921 	movx	@dptr,a
      000440 88 82            [24]  922 	mov	dpl,r0
      000442 89 83            [24]  923 	mov	dph,r1
      000444 8A F0            [24]  924 	mov	b,r2
      000446 EB               [12]  925 	mov	a,r3
      000447 12r00r00         [24]  926 	lcall	___fsadd
      00044A AC 82            [24]  927 	mov	r4,dpl
      00044C AD 83            [24]  928 	mov	r5,dph
      00044E AE F0            [24]  929 	mov	r6,b
      000450 FF               [12]  930 	mov	r7,a
      000451 90r00r0D         [24]  931 	mov	dptr,#_asincosf_r_1_26
      000454 EC               [12]  932 	mov	a,r4
      000455 F0               [24]  933 	movx	@dptr,a
      000456 ED               [12]  934 	mov	a,r5
      000457 A3               [24]  935 	inc	dptr
      000458 F0               [24]  936 	movx	@dptr,a
      000459 EE               [12]  937 	mov	a,r6
      00045A A3               [24]  938 	inc	dptr
      00045B F0               [24]  939 	movx	@dptr,a
      00045C EF               [12]  940 	mov	a,r7
      00045D A3               [24]  941 	inc	dptr
      00045E F0               [24]  942 	movx	@dptr,a
                                    943 ;	asincosf.c:96: return r;
      00045F D0 07            [24]  944 	pop	ar7
                                    945 ;	asincosf.c:80: r = y + y * ((P(g) * g) / Q(g));
      000461                        946 00108$:
                                    947 ;	asincosf.c:82: i = quartPI;
      000461 90r00r11         [24]  948 	mov	dptr,#_asincosf_quartPI_1_26
      000464 E0               [24]  949 	movx	a,@dptr
      000465 FE               [12]  950 	mov	r6,a
                                    951 ;	asincosf.c:83: if (isacos)
      000466 EF               [12]  952 	mov	a,r7
      000467 70 03            [24]  953 	jnz	00141$
      000469 02r05rB9         [24]  954 	ljmp	00115$
      00046C                        955 00141$:
                                    956 ;	asincosf.c:85: if (x < 0.0)
      00046C 90r00r01         [24]  957 	mov	dptr,#_asincosf_x_1_25
      00046F E0               [24]  958 	movx	a,@dptr
      000470 FB               [12]  959 	mov	r3,a
      000471 A3               [24]  960 	inc	dptr
      000472 E0               [24]  961 	movx	a,@dptr
      000473 FC               [12]  962 	mov	r4,a
      000474 A3               [24]  963 	inc	dptr
      000475 E0               [24]  964 	movx	a,@dptr
      000476 FD               [12]  965 	mov	r5,a
      000477 A3               [24]  966 	inc	dptr
      000478 E0               [24]  967 	movx	a,@dptr
      000479 FF               [12]  968 	mov	r7,a
      00047A 90r00r00         [24]  969 	mov	dptr,#___fslt_PARM_2
      00047D E4               [12]  970 	clr	a
      00047E F0               [24]  971 	movx	@dptr,a
      00047F A3               [24]  972 	inc	dptr
      000480 F0               [24]  973 	movx	@dptr,a
      000481 A3               [24]  974 	inc	dptr
      000482 F0               [24]  975 	movx	@dptr,a
      000483 A3               [24]  976 	inc	dptr
      000484 F0               [24]  977 	movx	@dptr,a
      000485 C0 00            [24]  978 	push	ar0
      000487 EE               [12]  979 	mov	a,r6
      000488 A8*00            [24]  980 	mov	r0,_spx
      00048A 05*00            [12]  981 	inc	_spx
      00048C F2               [24]  982 	movx	@r0,a
      00048D D0 00            [24]  983 	pop	ar0
      00048F 8B 82            [24]  984 	mov	dpl,r3
      000491 8C 83            [24]  985 	mov	dph,r4
      000493 8D F0            [24]  986 	mov	b,r5
      000495 EF               [12]  987 	mov	a,r7
      000496 12r00r00         [24]  988 	lcall	___fslt
      000499 E5 82            [12]  989 	mov	a,dpl
      00049B C0 E0            [24]  990 	push	acc
      00049D A8*00            [24]  991 	mov	r0,_spx
      00049F 18               [12]  992 	dec	r0
      0004A0 E2               [24]  993 	movx	a,@r0
      0004A1 FE               [12]  994 	mov	r6,a
      0004A2 15*00            [12]  995 	dec	_spx
      0004A4 D0 E0            [24]  996 	pop	acc
      0004A6 70 03            [24]  997 	jnz	00142$
      0004A8 02r05r32         [24]  998 	ljmp	00110$
      0004AB                        999 00142$:
                                   1000 ;	asincosf.c:86: r = (b[i] + r) + b[i];
      0004AB EE               [12] 1001 	mov	a,r6
      0004AC 75 F0 04         [24] 1002 	mov	b,#0x04
      0004AF A4               [48] 1003 	mul	ab
      0004B0 24r08            [12] 1004 	add	a,#_asincosf_b_1_26
      0004B2 F5 82            [12] 1005 	mov	dpl,a
      0004B4 74s00            [12] 1006 	mov	a,#(_asincosf_b_1_26 >> 8)
      0004B6 35 F0            [12] 1007 	addc	a,b
      0004B8 F5 83            [12] 1008 	mov	dph,a
      0004BA E4               [12] 1009 	clr	a
      0004BB 93               [24] 1010 	movc	a,@a+dptr
      0004BC F5*00            [12] 1011 	mov	_asincosf_sloc0_1_0,a
      0004BE A3               [24] 1012 	inc	dptr
      0004BF E4               [12] 1013 	clr	a
      0004C0 93               [24] 1014 	movc	a,@a+dptr
      0004C1 F5*01            [12] 1015 	mov	(_asincosf_sloc0_1_0 + 1),a
      0004C3 A3               [24] 1016 	inc	dptr
      0004C4 E4               [12] 1017 	clr	a
      0004C5 93               [24] 1018 	movc	a,@a+dptr
      0004C6 F5*02            [12] 1019 	mov	(_asincosf_sloc0_1_0 + 2),a
      0004C8 A3               [24] 1020 	inc	dptr
      0004C9 E4               [12] 1021 	clr	a
      0004CA 93               [24] 1022 	movc	a,@a+dptr
      0004CB F5*03            [12] 1023 	mov	(_asincosf_sloc0_1_0 + 3),a
      0004CD 90r00r0D         [24] 1024 	mov	dptr,#_asincosf_r_1_26
      0004D0 E0               [24] 1025 	movx	a,@dptr
      0004D1 F8               [12] 1026 	mov	r0,a
      0004D2 A3               [24] 1027 	inc	dptr
      0004D3 E0               [24] 1028 	movx	a,@dptr
      0004D4 F9               [12] 1029 	mov	r1,a
      0004D5 A3               [24] 1030 	inc	dptr
      0004D6 E0               [24] 1031 	movx	a,@dptr
      0004D7 FA               [12] 1032 	mov	r2,a
      0004D8 A3               [24] 1033 	inc	dptr
      0004D9 E0               [24] 1034 	movx	a,@dptr
      0004DA FF               [12] 1035 	mov	r7,a
      0004DB 90r00r00         [24] 1036 	mov	dptr,#___fsadd_PARM_2
      0004DE E8               [12] 1037 	mov	a,r0
      0004DF F0               [24] 1038 	movx	@dptr,a
      0004E0 E9               [12] 1039 	mov	a,r1
      0004E1 A3               [24] 1040 	inc	dptr
      0004E2 F0               [24] 1041 	movx	@dptr,a
      0004E3 EA               [12] 1042 	mov	a,r2
      0004E4 A3               [24] 1043 	inc	dptr
      0004E5 F0               [24] 1044 	movx	@dptr,a
      0004E6 EF               [12] 1045 	mov	a,r7
      0004E7 A3               [24] 1046 	inc	dptr
      0004E8 F0               [24] 1047 	movx	@dptr,a
      0004E9 85*00 82         [24] 1048 	mov	dpl,_asincosf_sloc0_1_0
      0004EC 85*01 83         [24] 1049 	mov	dph,(_asincosf_sloc0_1_0 + 1)
      0004EF 85*02 F0         [24] 1050 	mov	b,(_asincosf_sloc0_1_0 + 2)
      0004F2 E5*03            [12] 1051 	mov	a,(_asincosf_sloc0_1_0 + 3)
      0004F4 12r00r00         [24] 1052 	lcall	___fsadd
      0004F7 AB 82            [24] 1053 	mov	r3,dpl
      0004F9 AC 83            [24] 1054 	mov	r4,dph
      0004FB AD F0            [24] 1055 	mov	r5,b
      0004FD FF               [12] 1056 	mov	r7,a
      0004FE 90r00r00         [24] 1057 	mov	dptr,#___fsadd_PARM_2
      000501 E5*00            [12] 1058 	mov	a,_asincosf_sloc0_1_0
      000503 F0               [24] 1059 	movx	@dptr,a
      000504 E5*01            [12] 1060 	mov	a,(_asincosf_sloc0_1_0 + 1)
      000506 A3               [24] 1061 	inc	dptr
      000507 F0               [24] 1062 	movx	@dptr,a
      000508 E5*02            [12] 1063 	mov	a,(_asincosf_sloc0_1_0 + 2)
      00050A A3               [24] 1064 	inc	dptr
      00050B F0               [24] 1065 	movx	@dptr,a
      00050C E5*03            [12] 1066 	mov	a,(_asincosf_sloc0_1_0 + 3)
      00050E A3               [24] 1067 	inc	dptr
      00050F F0               [24] 1068 	movx	@dptr,a
      000510 8B 82            [24] 1069 	mov	dpl,r3
      000512 8C 83            [24] 1070 	mov	dph,r4
      000514 8D F0            [24] 1071 	mov	b,r5
      000516 EF               [12] 1072 	mov	a,r7
      000517 12r00r00         [24] 1073 	lcall	___fsadd
      00051A AB 82            [24] 1074 	mov	r3,dpl
      00051C AC 83            [24] 1075 	mov	r4,dph
      00051E AD F0            [24] 1076 	mov	r5,b
      000520 FF               [12] 1077 	mov	r7,a
      000521 90r00r0D         [24] 1078 	mov	dptr,#_asincosf_r_1_26
      000524 EB               [12] 1079 	mov	a,r3
      000525 F0               [24] 1080 	movx	@dptr,a
      000526 EC               [12] 1081 	mov	a,r4
      000527 A3               [24] 1082 	inc	dptr
      000528 F0               [24] 1083 	movx	@dptr,a
      000529 ED               [12] 1084 	mov	a,r5
      00052A A3               [24] 1085 	inc	dptr
      00052B F0               [24] 1086 	movx	@dptr,a
      00052C EF               [12] 1087 	mov	a,r7
      00052D A3               [24] 1088 	inc	dptr
      00052E F0               [24] 1089 	movx	@dptr,a
      00052F 02r06rA0         [24] 1090 	ljmp	00116$
      000532                       1091 00110$:
                                   1092 ;	asincosf.c:88: r = (a[i] - r) + a[i];
      000532 EE               [12] 1093 	mov	a,r6
      000533 75 F0 04         [24] 1094 	mov	b,#0x04
      000536 A4               [48] 1095 	mul	ab
      000537 24r00            [12] 1096 	add	a,#_asincosf_a_1_26
      000539 F5 82            [12] 1097 	mov	dpl,a
      00053B 74s00            [12] 1098 	mov	a,#(_asincosf_a_1_26 >> 8)
      00053D 35 F0            [12] 1099 	addc	a,b
      00053F F5 83            [12] 1100 	mov	dph,a
      000541 E4               [12] 1101 	clr	a
      000542 93               [24] 1102 	movc	a,@a+dptr
      000543 F5*00            [12] 1103 	mov	_asincosf_sloc0_1_0,a
      000545 A3               [24] 1104 	inc	dptr
      000546 E4               [12] 1105 	clr	a
      000547 93               [24] 1106 	movc	a,@a+dptr
      000548 F5*01            [12] 1107 	mov	(_asincosf_sloc0_1_0 + 1),a
      00054A A3               [24] 1108 	inc	dptr
      00054B E4               [12] 1109 	clr	a
      00054C 93               [24] 1110 	movc	a,@a+dptr
      00054D F5*02            [12] 1111 	mov	(_asincosf_sloc0_1_0 + 2),a
      00054F A3               [24] 1112 	inc	dptr
      000550 E4               [12] 1113 	clr	a
      000551 93               [24] 1114 	movc	a,@a+dptr
      000552 F5*03            [12] 1115 	mov	(_asincosf_sloc0_1_0 + 3),a
      000554 90r00r0D         [24] 1116 	mov	dptr,#_asincosf_r_1_26
      000557 E0               [24] 1117 	movx	a,@dptr
      000558 F8               [12] 1118 	mov	r0,a
      000559 A3               [24] 1119 	inc	dptr
      00055A E0               [24] 1120 	movx	a,@dptr
      00055B F9               [12] 1121 	mov	r1,a
      00055C A3               [24] 1122 	inc	dptr
      00055D E0               [24] 1123 	movx	a,@dptr
      00055E FA               [12] 1124 	mov	r2,a
      00055F A3               [24] 1125 	inc	dptr
      000560 E0               [24] 1126 	movx	a,@dptr
      000561 FF               [12] 1127 	mov	r7,a
      000562 90r00r00         [24] 1128 	mov	dptr,#___fssub_PARM_2
      000565 E8               [12] 1129 	mov	a,r0
      000566 F0               [24] 1130 	movx	@dptr,a
      000567 E9               [12] 1131 	mov	a,r1
      000568 A3               [24] 1132 	inc	dptr
      000569 F0               [24] 1133 	movx	@dptr,a
      00056A EA               [12] 1134 	mov	a,r2
      00056B A3               [24] 1135 	inc	dptr
      00056C F0               [24] 1136 	movx	@dptr,a
      00056D EF               [12] 1137 	mov	a,r7
      00056E A3               [24] 1138 	inc	dptr
      00056F F0               [24] 1139 	movx	@dptr,a
      000570 85*00 82         [24] 1140 	mov	dpl,_asincosf_sloc0_1_0
      000573 85*01 83         [24] 1141 	mov	dph,(_asincosf_sloc0_1_0 + 1)
      000576 85*02 F0         [24] 1142 	mov	b,(_asincosf_sloc0_1_0 + 2)
      000579 E5*03            [12] 1143 	mov	a,(_asincosf_sloc0_1_0 + 3)
      00057B 12r00r00         [24] 1144 	lcall	___fssub
      00057E AB 82            [24] 1145 	mov	r3,dpl
      000580 AC 83            [24] 1146 	mov	r4,dph
      000582 AD F0            [24] 1147 	mov	r5,b
      000584 FF               [12] 1148 	mov	r7,a
      000585 90r00r00         [24] 1149 	mov	dptr,#___fsadd_PARM_2
      000588 E5*00            [12] 1150 	mov	a,_asincosf_sloc0_1_0
      00058A F0               [24] 1151 	movx	@dptr,a
      00058B E5*01            [12] 1152 	mov	a,(_asincosf_sloc0_1_0 + 1)
      00058D A3               [24] 1153 	inc	dptr
      00058E F0               [24] 1154 	movx	@dptr,a
      00058F E5*02            [12] 1155 	mov	a,(_asincosf_sloc0_1_0 + 2)
      000591 A3               [24] 1156 	inc	dptr
      000592 F0               [24] 1157 	movx	@dptr,a
      000593 E5*03            [12] 1158 	mov	a,(_asincosf_sloc0_1_0 + 3)
      000595 A3               [24] 1159 	inc	dptr
      000596 F0               [24] 1160 	movx	@dptr,a
      000597 8B 82            [24] 1161 	mov	dpl,r3
      000599 8C 83            [24] 1162 	mov	dph,r4
      00059B 8D F0            [24] 1163 	mov	b,r5
      00059D EF               [12] 1164 	mov	a,r7
      00059E 12r00r00         [24] 1165 	lcall	___fsadd
      0005A1 AB 82            [24] 1166 	mov	r3,dpl
      0005A3 AC 83            [24] 1167 	mov	r4,dph
      0005A5 AD F0            [24] 1168 	mov	r5,b
      0005A7 FF               [12] 1169 	mov	r7,a
      0005A8 90r00r0D         [24] 1170 	mov	dptr,#_asincosf_r_1_26
      0005AB EB               [12] 1171 	mov	a,r3
      0005AC F0               [24] 1172 	movx	@dptr,a
      0005AD EC               [12] 1173 	mov	a,r4
      0005AE A3               [24] 1174 	inc	dptr
      0005AF F0               [24] 1175 	movx	@dptr,a
      0005B0 ED               [12] 1176 	mov	a,r5
      0005B1 A3               [24] 1177 	inc	dptr
      0005B2 F0               [24] 1178 	movx	@dptr,a
      0005B3 EF               [12] 1179 	mov	a,r7
      0005B4 A3               [24] 1180 	inc	dptr
      0005B5 F0               [24] 1181 	movx	@dptr,a
      0005B6 02r06rA0         [24] 1182 	ljmp	00116$
      0005B9                       1183 00115$:
                                   1184 ;	asincosf.c:92: r = (a[i] + r) + a[i];
      0005B9 EE               [12] 1185 	mov	a,r6
      0005BA 75 F0 04         [24] 1186 	mov	b,#0x04
      0005BD A4               [48] 1187 	mul	ab
      0005BE 24r00            [12] 1188 	add	a,#_asincosf_a_1_26
      0005C0 F5 82            [12] 1189 	mov	dpl,a
      0005C2 74s00            [12] 1190 	mov	a,#(_asincosf_a_1_26 >> 8)
      0005C4 35 F0            [12] 1191 	addc	a,b
      0005C6 F5 83            [12] 1192 	mov	dph,a
      0005C8 E4               [12] 1193 	clr	a
      0005C9 93               [24] 1194 	movc	a,@a+dptr
      0005CA FC               [12] 1195 	mov	r4,a
      0005CB A3               [24] 1196 	inc	dptr
      0005CC E4               [12] 1197 	clr	a
      0005CD 93               [24] 1198 	movc	a,@a+dptr
      0005CE FD               [12] 1199 	mov	r5,a
      0005CF A3               [24] 1200 	inc	dptr
      0005D0 E4               [12] 1201 	clr	a
      0005D1 93               [24] 1202 	movc	a,@a+dptr
      0005D2 FE               [12] 1203 	mov	r6,a
      0005D3 A3               [24] 1204 	inc	dptr
      0005D4 E4               [12] 1205 	clr	a
      0005D5 93               [24] 1206 	movc	a,@a+dptr
      0005D6 FF               [12] 1207 	mov	r7,a
      0005D7 90r00r0D         [24] 1208 	mov	dptr,#_asincosf_r_1_26
      0005DA E0               [24] 1209 	movx	a,@dptr
      0005DB F8               [12] 1210 	mov	r0,a
      0005DC A3               [24] 1211 	inc	dptr
      0005DD E0               [24] 1212 	movx	a,@dptr
      0005DE F9               [12] 1213 	mov	r1,a
      0005DF A3               [24] 1214 	inc	dptr
      0005E0 E0               [24] 1215 	movx	a,@dptr
      0005E1 FA               [12] 1216 	mov	r2,a
      0005E2 A3               [24] 1217 	inc	dptr
      0005E3 E0               [24] 1218 	movx	a,@dptr
      0005E4 FB               [12] 1219 	mov	r3,a
      0005E5 90r00r00         [24] 1220 	mov	dptr,#___fsadd_PARM_2
      0005E8 E8               [12] 1221 	mov	a,r0
      0005E9 F0               [24] 1222 	movx	@dptr,a
      0005EA E9               [12] 1223 	mov	a,r1
      0005EB A3               [24] 1224 	inc	dptr
      0005EC F0               [24] 1225 	movx	@dptr,a
      0005ED EA               [12] 1226 	mov	a,r2
      0005EE A3               [24] 1227 	inc	dptr
      0005EF F0               [24] 1228 	movx	@dptr,a
      0005F0 EB               [12] 1229 	mov	a,r3
      0005F1 A3               [24] 1230 	inc	dptr
      0005F2 F0               [24] 1231 	movx	@dptr,a
      0005F3 C0 00            [24] 1232 	push	ar0
      0005F5 E5*00            [12] 1233 	mov	a,_spx
      0005F7 F8               [12] 1234 	mov	r0,a
      0005F8 24 04            [12] 1235 	add	a,#0x04
      0005FA F5*00            [12] 1236 	mov	_spx,a
      0005FC EF               [12] 1237 	mov	a,r7
      0005FD F2               [24] 1238 	movx	@r0,a
      0005FE 08               [12] 1239 	inc	r0
      0005FF EE               [12] 1240 	mov	a,r6
      000600 F2               [24] 1241 	movx	@r0,a
      000601 08               [12] 1242 	inc	r0
      000602 ED               [12] 1243 	mov	a,r5
      000603 F2               [24] 1244 	movx	@r0,a
      000604 08               [12] 1245 	inc	r0
      000605 EC               [12] 1246 	mov	a,r4
      000606 F2               [24] 1247 	movx	@r0,a
      000607 D0 00            [24] 1248 	pop	ar0
      000609 8C 82            [24] 1249 	mov	dpl,r4
      00060B 8D 83            [24] 1250 	mov	dph,r5
      00060D 8E F0            [24] 1251 	mov	b,r6
      00060F EF               [12] 1252 	mov	a,r7
      000610 12r00r00         [24] 1253 	lcall	___fsadd
      000613 A8 82            [24] 1254 	mov	r0,dpl
      000615 A9 83            [24] 1255 	mov	r1,dph
      000617 AA F0            [24] 1256 	mov	r2,b
      000619 FB               [12] 1257 	mov	r3,a
      00061A C0 00            [24] 1258 	push	ar0
      00061C A8*00            [24] 1259 	mov	r0,_spx
      00061E 18               [12] 1260 	dec	r0
      00061F E2               [24] 1261 	movx	a,@r0
      000620 FC               [12] 1262 	mov	r4,a
      000621 18               [12] 1263 	dec	r0
      000622 E2               [24] 1264 	movx	a,@r0
      000623 FD               [12] 1265 	mov	r5,a
      000624 18               [12] 1266 	dec	r0
      000625 E2               [24] 1267 	movx	a,@r0
      000626 FE               [12] 1268 	mov	r6,a
      000627 18               [12] 1269 	dec	r0
      000628 E2               [24] 1270 	movx	a,@r0
      000629 FF               [12] 1271 	mov	r7,a
      00062A 88*00            [24] 1272 	mov	_spx,r0
      00062C D0 00            [24] 1273 	pop	ar0
      00062E 90r00r00         [24] 1274 	mov	dptr,#___fsadd_PARM_2
      000631 EC               [12] 1275 	mov	a,r4
      000632 F0               [24] 1276 	movx	@dptr,a
      000633 ED               [12] 1277 	mov	a,r5
      000634 A3               [24] 1278 	inc	dptr
      000635 F0               [24] 1279 	movx	@dptr,a
      000636 EE               [12] 1280 	mov	a,r6
      000637 A3               [24] 1281 	inc	dptr
      000638 F0               [24] 1282 	movx	@dptr,a
      000639 EF               [12] 1283 	mov	a,r7
      00063A A3               [24] 1284 	inc	dptr
      00063B F0               [24] 1285 	movx	@dptr,a
      00063C 88 82            [24] 1286 	mov	dpl,r0
      00063E 89 83            [24] 1287 	mov	dph,r1
      000640 8A F0            [24] 1288 	mov	b,r2
      000642 EB               [12] 1289 	mov	a,r3
      000643 12r00r00         [24] 1290 	lcall	___fsadd
      000646 AC 82            [24] 1291 	mov	r4,dpl
      000648 AD 83            [24] 1292 	mov	r5,dph
      00064A AE F0            [24] 1293 	mov	r6,b
      00064C FF               [12] 1294 	mov	r7,a
      00064D 90r00r0D         [24] 1295 	mov	dptr,#_asincosf_r_1_26
      000650 EC               [12] 1296 	mov	a,r4
      000651 F0               [24] 1297 	movx	@dptr,a
      000652 ED               [12] 1298 	mov	a,r5
      000653 A3               [24] 1299 	inc	dptr
      000654 F0               [24] 1300 	movx	@dptr,a
      000655 EE               [12] 1301 	mov	a,r6
      000656 A3               [24] 1302 	inc	dptr
      000657 F0               [24] 1303 	movx	@dptr,a
      000658 EF               [12] 1304 	mov	a,r7
      000659 A3               [24] 1305 	inc	dptr
      00065A F0               [24] 1306 	movx	@dptr,a
                                   1307 ;	asincosf.c:93: if (x < 0.0)
      00065B 90r00r01         [24] 1308 	mov	dptr,#_asincosf_x_1_25
      00065E E0               [24] 1309 	movx	a,@dptr
      00065F FC               [12] 1310 	mov	r4,a
      000660 A3               [24] 1311 	inc	dptr
      000661 E0               [24] 1312 	movx	a,@dptr
      000662 FD               [12] 1313 	mov	r5,a
      000663 A3               [24] 1314 	inc	dptr
      000664 E0               [24] 1315 	movx	a,@dptr
      000665 FE               [12] 1316 	mov	r6,a
      000666 A3               [24] 1317 	inc	dptr
      000667 E0               [24] 1318 	movx	a,@dptr
      000668 FF               [12] 1319 	mov	r7,a
      000669 90r00r00         [24] 1320 	mov	dptr,#___fslt_PARM_2
      00066C E4               [12] 1321 	clr	a
      00066D F0               [24] 1322 	movx	@dptr,a
      00066E A3               [24] 1323 	inc	dptr
      00066F F0               [24] 1324 	movx	@dptr,a
      000670 A3               [24] 1325 	inc	dptr
      000671 F0               [24] 1326 	movx	@dptr,a
      000672 A3               [24] 1327 	inc	dptr
      000673 F0               [24] 1328 	movx	@dptr,a
      000674 8C 82            [24] 1329 	mov	dpl,r4
      000676 8D 83            [24] 1330 	mov	dph,r5
      000678 8E F0            [24] 1331 	mov	b,r6
      00067A EF               [12] 1332 	mov	a,r7
      00067B 12r00r00         [24] 1333 	lcall	___fslt
      00067E E5 82            [12] 1334 	mov	a,dpl
      000680 60 1E            [24] 1335 	jz	00116$
                                   1336 ;	asincosf.c:94: r = -r;
      000682 90r00r0D         [24] 1337 	mov	dptr,#_asincosf_r_1_26
      000685 E0               [24] 1338 	movx	a,@dptr
      000686 FC               [12] 1339 	mov	r4,a
      000687 A3               [24] 1340 	inc	dptr
      000688 E0               [24] 1341 	movx	a,@dptr
      000689 FD               [12] 1342 	mov	r5,a
      00068A A3               [24] 1343 	inc	dptr
      00068B E0               [24] 1344 	movx	a,@dptr
      00068C FE               [12] 1345 	mov	r6,a
      00068D A3               [24] 1346 	inc	dptr
      00068E E0               [24] 1347 	movx	a,@dptr
      00068F FF               [12] 1348 	mov	r7,a
      000690 90r00r0D         [24] 1349 	mov	dptr,#_asincosf_r_1_26
      000693 EC               [12] 1350 	mov	a,r4
      000694 F0               [24] 1351 	movx	@dptr,a
      000695 ED               [12] 1352 	mov	a,r5
      000696 A3               [24] 1353 	inc	dptr
      000697 F0               [24] 1354 	movx	@dptr,a
      000698 EE               [12] 1355 	mov	a,r6
      000699 A3               [24] 1356 	inc	dptr
      00069A F0               [24] 1357 	movx	@dptr,a
      00069B EF               [12] 1358 	mov	a,r7
      00069C B2 E7            [12] 1359 	cpl	acc.7
      00069E A3               [24] 1360 	inc	dptr
      00069F F0               [24] 1361 	movx	@dptr,a
      0006A0                       1362 00116$:
                                   1363 ;	asincosf.c:96: return r;
      0006A0 90r00r0D         [24] 1364 	mov	dptr,#_asincosf_r_1_26
      0006A3 E0               [24] 1365 	movx	a,@dptr
      0006A4 FC               [12] 1366 	mov	r4,a
      0006A5 A3               [24] 1367 	inc	dptr
      0006A6 E0               [24] 1368 	movx	a,@dptr
      0006A7 FD               [12] 1369 	mov	r5,a
      0006A8 A3               [24] 1370 	inc	dptr
      0006A9 E0               [24] 1371 	movx	a,@dptr
      0006AA FE               [12] 1372 	mov	r6,a
      0006AB A3               [24] 1373 	inc	dptr
      0006AC E0               [24] 1374 	movx	a,@dptr
      0006AD 8C 82            [24] 1375 	mov	dpl,r4
      0006AF 8D 83            [24] 1376 	mov	dph,r5
      0006B1 8E F0            [24] 1377 	mov	b,r6
      0006B3 22               [24] 1378 	ret
                                   1379 	.area CSEG    (CODE)
                                   1380 	.area CONST   (CODE)
      000000                       1381 _asincosf_a_1_26:
      000000 00 00 00 00           1382 	.byte #0x00,#0x00,#0x00,#0x00	;  0.000000e+00
      000004 DB 0F 49 3F           1383 	.byte #0xdb,#0x0f,#0x49,#0x3f	;  7.853982e-01
      000008                       1384 _asincosf_b_1_26:
      000008 DB 0F C9 3F           1385 	.byte #0xdb,#0x0f,#0xc9,#0x3f	;  1.570796e+00
      00000C DB 0F 49 3F           1386 	.byte #0xdb,#0x0f,#0x49,#0x3f	;  7.853982e-01
                                   1387 	.area XINIT   (CODE)
                                   1388 	.area CABS    (ABS,CODE)
