                                      1 ;--------------------------------------------------------
                                      2 ; File Created by SDCC : free open source ANSI-C Compiler
                                      3 ; Version 3.6.3 #9771 (MSVC)
                                      4 ;--------------------------------------------------------
                                      5 	.module atol
                                      6 	.optsdcc -mmcs51 --model-large --xstack
                                      7 	
                                      8 ;--------------------------------------------------------
                                      9 ; Public variables in this module
                                     10 ;--------------------------------------------------------
                                     11 	.globl _aligned_alloc_PARM_2
                                     12 	.globl _atol
                                     13 ;--------------------------------------------------------
                                     14 ; special function registers
                                     15 ;--------------------------------------------------------
                                     16 	.area RSEG    (ABS,DATA)
      000000                         17 	.org 0x0000
                                     18 ;--------------------------------------------------------
                                     19 ; special function bits
                                     20 ;--------------------------------------------------------
                                     21 	.area RSEG    (ABS,DATA)
      000000                         22 	.org 0x0000
                                     23 ;--------------------------------------------------------
                                     24 ; overlayable register banks
                                     25 ;--------------------------------------------------------
                                     26 	.area REG_BANK_0	(REL,OVR,DATA)
      000000                         27 	.ds 8
                                     28 ;--------------------------------------------------------
                                     29 ; internal ram data
                                     30 ;--------------------------------------------------------
                                     31 	.area DSEG    (DATA)
      000000                         32 _atol_sloc1_1_0:
      000000                         33 	.ds 4
                                     34 ;--------------------------------------------------------
                                     35 ; overlayable items in internal ram 
                                     36 ;--------------------------------------------------------
                                     37 ;--------------------------------------------------------
                                     38 ; indirectly addressable internal ram data
                                     39 ;--------------------------------------------------------
                                     40 	.area ISEG    (DATA)
                                     41 ;--------------------------------------------------------
                                     42 ; absolute internal ram data
                                     43 ;--------------------------------------------------------
                                     44 	.area IABS    (ABS,DATA)
                                     45 	.area IABS    (ABS,DATA)
                                     46 ;--------------------------------------------------------
                                     47 ; bit data
                                     48 ;--------------------------------------------------------
                                     49 	.area BSEG    (BIT)
      000000                         50 _atol_sloc0_1_0:
      000000                         51 	.ds 1
                                     52 ;--------------------------------------------------------
                                     53 ; paged external ram data
                                     54 ;--------------------------------------------------------
                                     55 	.area PSEG    (PAG,XDATA)
                                     56 ;--------------------------------------------------------
                                     57 ; external ram data
                                     58 ;--------------------------------------------------------
                                     59 	.area XSEG    (XDATA)
      000000                         60 _aligned_alloc_PARM_2:
      000000                         61 	.ds 2
      000002                         62 _atol_nptr_1_41:
      000002                         63 	.ds 3
      000005                         64 _atol_ret_1_42:
      000005                         65 	.ds 4
      000009                         66 _atol_neg_1_42:
      000009                         67 	.ds 1
                                     68 ;--------------------------------------------------------
                                     69 ; absolute external ram data
                                     70 ;--------------------------------------------------------
                                     71 	.area XABS    (ABS,XDATA)
                                     72 ;--------------------------------------------------------
                                     73 ; external initialized ram data
                                     74 ;--------------------------------------------------------
                                     75 	.area XISEG   (XDATA)
                                     76 	.area HOME    (CODE)
                                     77 	.area GSINIT0 (CODE)
                                     78 	.area GSINIT1 (CODE)
                                     79 	.area GSINIT2 (CODE)
                                     80 	.area GSINIT3 (CODE)
                                     81 	.area GSINIT4 (CODE)
                                     82 	.area GSINIT5 (CODE)
                                     83 	.area GSINIT  (CODE)
                                     84 	.area GSFINAL (CODE)
                                     85 	.area CSEG    (CODE)
                                     86 ;--------------------------------------------------------
                                     87 ; global & static initialisations
                                     88 ;--------------------------------------------------------
                                     89 	.area HOME    (CODE)
                                     90 	.area GSINIT  (CODE)
                                     91 	.area GSFINAL (CODE)
                                     92 	.area GSINIT  (CODE)
                                     93 ;--------------------------------------------------------
                                     94 ; Home
                                     95 ;--------------------------------------------------------
                                     96 	.area HOME    (CODE)
                                     97 	.area HOME    (CODE)
                                     98 ;--------------------------------------------------------
                                     99 ; code
                                    100 ;--------------------------------------------------------
                                    101 	.area CSEG    (CODE)
                                    102 ;------------------------------------------------------------
                                    103 ;Allocation info for local variables in function 'atol'
                                    104 ;------------------------------------------------------------
                                    105 ;sloc1                     Allocated with name '_atol_sloc1_1_0'
                                    106 ;nptr                      Allocated with name '_atol_nptr_1_41'
                                    107 ;__00010004                Allocated with name '_atol___00010004_4_48'
                                    108 ;__00010001                Allocated with name '_atol___00010001_4_45'
                                    109 ;ret                       Allocated with name '_atol_ret_1_42'
                                    110 ;neg                       Allocated with name '_atol_neg_1_42'
                                    111 ;__00020002                Allocated with name '_atol___00020002_3_44'
                                    112 ;c                         Allocated with name '_atol_c_3_44'
                                    113 ;__00020005                Allocated with name '_atol___00020005_3_47'
                                    114 ;c                         Allocated with name '_atol_c_3_47'
                                    115 ;------------------------------------------------------------
                                    116 ;	atol.c:34: long int atol(const char *nptr)
                                    117 ;	-----------------------------------------
                                    118 ;	 function atol
                                    119 ;	-----------------------------------------
      000000                        120 _atol:
                           000007   121 	ar7 = 0x07
                           000006   122 	ar6 = 0x06
                           000005   123 	ar5 = 0x05
                           000004   124 	ar4 = 0x04
                           000003   125 	ar3 = 0x03
                           000002   126 	ar2 = 0x02
                           000001   127 	ar1 = 0x01
                           000000   128 	ar0 = 0x00
      000000 AF F0            [24]  129 	mov	r7,b
      000002 AE 83            [24]  130 	mov	r6,dph
      000004 E5 82            [12]  131 	mov	a,dpl
      000006 90r00r02         [24]  132 	mov	dptr,#_atol_nptr_1_41
      000009 F0               [24]  133 	movx	@dptr,a
      00000A EE               [12]  134 	mov	a,r6
      00000B A3               [24]  135 	inc	dptr
      00000C F0               [24]  136 	movx	@dptr,a
      00000D EF               [12]  137 	mov	a,r7
      00000E A3               [24]  138 	inc	dptr
      00000F F0               [24]  139 	movx	@dptr,a
                                    140 ;	atol.c:36: long int ret = 0;
      000010 90r00r05         [24]  141 	mov	dptr,#_atol_ret_1_42
      000013 E4               [12]  142 	clr	a
      000014 F0               [24]  143 	movx	@dptr,a
      000015 A3               [24]  144 	inc	dptr
      000016 F0               [24]  145 	movx	@dptr,a
      000017 A3               [24]  146 	inc	dptr
      000018 F0               [24]  147 	movx	@dptr,a
      000019 A3               [24]  148 	inc	dptr
      00001A F0               [24]  149 	movx	@dptr,a
                                    150 ;	atol.c:39: while (isblank (*nptr))
      00001B 90r00r02         [24]  151 	mov	dptr,#_atol_nptr_1_41
      00001E E0               [24]  152 	movx	a,@dptr
      00001F FD               [12]  153 	mov	r5,a
      000020 A3               [24]  154 	inc	dptr
      000021 E0               [24]  155 	movx	a,@dptr
      000022 FE               [12]  156 	mov	r6,a
      000023 A3               [24]  157 	inc	dptr
      000024 E0               [24]  158 	movx	a,@dptr
      000025 FF               [12]  159 	mov	r7,a
      000026                        160 00101$:
      000026 8D 82            [24]  161 	mov	dpl,r5
      000028 8E 83            [24]  162 	mov	dph,r6
      00002A 8F F0            [24]  163 	mov	b,r7
      00002C 12r00r00         [24]  164 	lcall	__gptrget
      00002F FC               [12]  165 	mov	r4,a
      000030 7B 00            [12]  166 	mov	r3,#0x00
                                    167 ;	C:/arc/Arduino_IDE/sdcc-src-20160923-9771/sdcc/bin_vc/../include/ctype.h:53: return ((unsigned char)c == ' ' || (unsigned char)c == '\t');
      000032 BC 20 02         [24]  168 	cjne	r4,#0x20,00147$
      000035 80 03            [24]  169 	sjmp	00115$
      000037                        170 00147$:
      000037 BC 09 12         [24]  171 	cjne	r4,#0x09,00131$
      00003A                        172 00115$:
                                    173 ;	atol.c:40: nptr++;
      00003A 0D               [12]  174 	inc	r5
      00003B BD 00 01         [24]  175 	cjne	r5,#0x00,00150$
      00003E 0E               [12]  176 	inc	r6
      00003F                        177 00150$:
      00003F 90r00r02         [24]  178 	mov	dptr,#_atol_nptr_1_41
      000042 ED               [12]  179 	mov	a,r5
      000043 F0               [24]  180 	movx	@dptr,a
      000044 EE               [12]  181 	mov	a,r6
      000045 A3               [24]  182 	inc	dptr
      000046 F0               [24]  183 	movx	@dptr,a
      000047 EF               [12]  184 	mov	a,r7
      000048 A3               [24]  185 	inc	dptr
      000049 F0               [24]  186 	movx	@dptr,a
      00004A 80 DA            [24]  187 	sjmp	00101$
      00004C                        188 00131$:
      00004C 90r00r02         [24]  189 	mov	dptr,#_atol_nptr_1_41
      00004F ED               [12]  190 	mov	a,r5
      000050 F0               [24]  191 	movx	@dptr,a
      000051 EE               [12]  192 	mov	a,r6
      000052 A3               [24]  193 	inc	dptr
      000053 F0               [24]  194 	movx	@dptr,a
      000054 EF               [12]  195 	mov	a,r7
      000055 A3               [24]  196 	inc	dptr
      000056 F0               [24]  197 	movx	@dptr,a
                                    198 ;	atol.c:42: neg = (*nptr == '-');
      000057 8D 82            [24]  199 	mov	dpl,r5
      000059 8E 83            [24]  200 	mov	dph,r6
      00005B 8F F0            [24]  201 	mov	b,r7
      00005D 12r00r00         [24]  202 	lcall	__gptrget
      000060 FC               [12]  203 	mov	r4,a
      000061 90r00r09         [24]  204 	mov	dptr,#_atol_neg_1_42
      000064 E4               [12]  205 	clr	a
      000065 BC 2D 01         [24]  206 	cjne	r4,#0x2d,00151$
      000068 04               [12]  207 	inc	a
      000069                        208 00151$:
      000069 F0               [24]  209 	movx	@dptr,a
                                    210 ;	atol.c:44: if (*nptr == '-' || *nptr == '+')
      00006A BC 2D 02         [24]  211 	cjne	r4,#0x2d,00153$
      00006D 80 03            [24]  212 	sjmp	00104$
      00006F                        213 00153$:
      00006F BC 2B 0E         [24]  214 	cjne	r4,#0x2b,00129$
      000072                        215 00104$:
                                    216 ;	atol.c:45: nptr++;
      000072 90r00r02         [24]  217 	mov	dptr,#_atol_nptr_1_41
      000075 74 01            [12]  218 	mov	a,#0x01
      000077 2D               [12]  219 	add	a,r5
      000078 F0               [24]  220 	movx	@dptr,a
      000079 E4               [12]  221 	clr	a
      00007A 3E               [12]  222 	addc	a,r6
      00007B A3               [24]  223 	inc	dptr
      00007C F0               [24]  224 	movx	@dptr,a
      00007D EF               [12]  225 	mov	a,r7
      00007E A3               [24]  226 	inc	dptr
      00007F F0               [24]  227 	movx	@dptr,a
                                    228 ;	atol.c:47: while (isdigit (*nptr))
      000080                        229 00129$:
      000080 90r00r02         [24]  230 	mov	dptr,#_atol_nptr_1_41
      000083 E0               [24]  231 	movx	a,@dptr
      000084 FD               [12]  232 	mov	r5,a
      000085 A3               [24]  233 	inc	dptr
      000086 E0               [24]  234 	movx	a,@dptr
      000087 FE               [12]  235 	mov	r6,a
      000088 A3               [24]  236 	inc	dptr
      000089 E0               [24]  237 	movx	a,@dptr
      00008A FF               [12]  238 	mov	r7,a
      00008B                        239 00107$:
      00008B 8D 82            [24]  240 	mov	dpl,r5
      00008D 8E 83            [24]  241 	mov	dph,r6
      00008F 8F F0            [24]  242 	mov	b,r7
      000091 12r00r00         [24]  243 	lcall	__gptrget
      000094 FC               [12]  244 	mov	r4,a
      000095 7B 00            [12]  245 	mov	r3,#0x00
                                    246 ;	C:/arc/Arduino_IDE/sdcc-src-20160923-9771/sdcc/bin_vc/../include/ctype.h:62: return ((unsigned char)c >= '0' && (unsigned char)c <= '9');
      000097 BC 30 00         [24]  247 	cjne	r4,#0x30,00156$
      00009A                        248 00156$:
      00009A 92*00            [24]  249 	mov	_atol_sloc0_1_0,c
      00009C 50 03            [24]  250 	jnc	00157$
      00009E 02r01r3D         [24]  251 	ljmp	00132$
      0000A1                        252 00157$:
      0000A1 EC               [12]  253 	mov	a,r4
      0000A2 24 C6            [12]  254 	add	a,#0xff - 0x39
      0000A4 92*00            [24]  255 	mov	_atol_sloc0_1_0,c
      0000A6 50 03            [24]  256 	jnc	00158$
      0000A8 02r01r3D         [24]  257 	ljmp	00132$
      0000AB                        258 00158$:
                                    259 ;	atol.c:48: ret = ret * 10 + (*(nptr++) - '0');
      0000AB 90r00r05         [24]  260 	mov	dptr,#_atol_ret_1_42
      0000AE E0               [24]  261 	movx	a,@dptr
      0000AF F9               [12]  262 	mov	r1,a
      0000B0 A3               [24]  263 	inc	dptr
      0000B1 E0               [24]  264 	movx	a,@dptr
      0000B2 FA               [12]  265 	mov	r2,a
      0000B3 A3               [24]  266 	inc	dptr
      0000B4 E0               [24]  267 	movx	a,@dptr
      0000B5 FB               [12]  268 	mov	r3,a
      0000B6 A3               [24]  269 	inc	dptr
      0000B7 E0               [24]  270 	movx	a,@dptr
      0000B8 FC               [12]  271 	mov	r4,a
      0000B9 90r00r00         [24]  272 	mov	dptr,#__mullong_PARM_2
      0000BC E9               [12]  273 	mov	a,r1
      0000BD F0               [24]  274 	movx	@dptr,a
      0000BE EA               [12]  275 	mov	a,r2
      0000BF A3               [24]  276 	inc	dptr
      0000C0 F0               [24]  277 	movx	@dptr,a
      0000C1 EB               [12]  278 	mov	a,r3
      0000C2 A3               [24]  279 	inc	dptr
      0000C3 F0               [24]  280 	movx	@dptr,a
      0000C4 EC               [12]  281 	mov	a,r4
      0000C5 A3               [24]  282 	inc	dptr
      0000C6 F0               [24]  283 	movx	@dptr,a
      0000C7 C0 00            [24]  284 	push	ar0
      0000C9 E5*00            [12]  285 	mov	a,_spx
      0000CB F8               [12]  286 	mov	r0,a
      0000CC 24 03            [12]  287 	add	a,#0x03
      0000CE F5*00            [12]  288 	mov	_spx,a
      0000D0 EF               [12]  289 	mov	a,r7
      0000D1 F2               [24]  290 	movx	@r0,a
      0000D2 08               [12]  291 	inc	r0
      0000D3 EE               [12]  292 	mov	a,r6
      0000D4 F2               [24]  293 	movx	@r0,a
      0000D5 08               [12]  294 	inc	r0
      0000D6 ED               [12]  295 	mov	a,r5
      0000D7 F2               [24]  296 	movx	@r0,a
      0000D8 D0 00            [24]  297 	pop	ar0
      0000DA 90 00 0A         [24]  298 	mov	dptr,#(0x0a&0x00ff)
      0000DD E4               [12]  299 	clr	a
      0000DE F5 F0            [12]  300 	mov	b,a
      0000E0 12r00r00         [24]  301 	lcall	__mullong
      0000E3 85 82*00         [24]  302 	mov	_atol_sloc1_1_0,dpl
      0000E6 85 83*01         [24]  303 	mov	(_atol_sloc1_1_0 + 1),dph
      0000E9 85 F0*02         [24]  304 	mov	(_atol_sloc1_1_0 + 2),b
      0000EC F5*03            [12]  305 	mov	(_atol_sloc1_1_0 + 3),a
      0000EE A8*00            [24]  306 	mov	r0,_spx
      0000F0 18               [12]  307 	dec	r0
      0000F1 E2               [24]  308 	movx	a,@r0
      0000F2 FD               [12]  309 	mov	r5,a
      0000F3 18               [12]  310 	dec	r0
      0000F4 E2               [24]  311 	movx	a,@r0
      0000F5 FE               [12]  312 	mov	r6,a
      0000F6 18               [12]  313 	dec	r0
      0000F7 E2               [24]  314 	movx	a,@r0
      0000F8 FF               [12]  315 	mov	r7,a
      0000F9 88*00            [24]  316 	mov	_spx,r0
      0000FB 8D 82            [24]  317 	mov	dpl,r5
      0000FD 8E 83            [24]  318 	mov	dph,r6
      0000FF 8F F0            [24]  319 	mov	b,r7
      000101 12r00r00         [24]  320 	lcall	__gptrget
      000104 F8               [12]  321 	mov	r0,a
      000105 A3               [24]  322 	inc	dptr
      000106 AD 82            [24]  323 	mov	r5,dpl
      000108 AE 83            [24]  324 	mov	r6,dph
      00010A 90r00r02         [24]  325 	mov	dptr,#_atol_nptr_1_41
      00010D ED               [12]  326 	mov	a,r5
      00010E F0               [24]  327 	movx	@dptr,a
      00010F EE               [12]  328 	mov	a,r6
      000110 A3               [24]  329 	inc	dptr
      000111 F0               [24]  330 	movx	@dptr,a
      000112 EF               [12]  331 	mov	a,r7
      000113 A3               [24]  332 	inc	dptr
      000114 F0               [24]  333 	movx	@dptr,a
      000115 7C 00            [12]  334 	mov	r4,#0x00
      000117 E8               [12]  335 	mov	a,r0
      000118 24 D0            [12]  336 	add	a,#0xd0
      00011A F8               [12]  337 	mov	r0,a
      00011B EC               [12]  338 	mov	a,r4
      00011C 34 FF            [12]  339 	addc	a,#0xff
      00011E FC               [12]  340 	mov	r4,a
      00011F 33               [12]  341 	rlc	a
      000120 95 E0            [12]  342 	subb	a,acc
      000122 FB               [12]  343 	mov	r3,a
      000123 FA               [12]  344 	mov	r2,a
      000124 90r00r05         [24]  345 	mov	dptr,#_atol_ret_1_42
      000127 E8               [12]  346 	mov	a,r0
      000128 25*00            [12]  347 	add	a,_atol_sloc1_1_0
      00012A F0               [24]  348 	movx	@dptr,a
      00012B EC               [12]  349 	mov	a,r4
      00012C 35*01            [12]  350 	addc	a,(_atol_sloc1_1_0 + 1)
      00012E A3               [24]  351 	inc	dptr
      00012F F0               [24]  352 	movx	@dptr,a
      000130 EB               [12]  353 	mov	a,r3
      000131 35*02            [12]  354 	addc	a,(_atol_sloc1_1_0 + 2)
      000133 A3               [24]  355 	inc	dptr
      000134 F0               [24]  356 	movx	@dptr,a
      000135 EA               [12]  357 	mov	a,r2
      000136 35*03            [12]  358 	addc	a,(_atol_sloc1_1_0 + 3)
      000138 A3               [24]  359 	inc	dptr
      000139 F0               [24]  360 	movx	@dptr,a
      00013A 02r00r8B         [24]  361 	ljmp	00107$
      00013D                        362 00132$:
      00013D 90r00r02         [24]  363 	mov	dptr,#_atol_nptr_1_41
      000140 ED               [12]  364 	mov	a,r5
      000141 F0               [24]  365 	movx	@dptr,a
      000142 EE               [12]  366 	mov	a,r6
      000143 A3               [24]  367 	inc	dptr
      000144 F0               [24]  368 	movx	@dptr,a
      000145 EF               [12]  369 	mov	a,r7
      000146 A3               [24]  370 	inc	dptr
      000147 F0               [24]  371 	movx	@dptr,a
                                    372 ;	atol.c:50: return (neg ? -ret : ret); // Since -LONG_MIN is LONG_MIN in sdcc, the result value always turns out ok.
      000148 90r00r09         [24]  373 	mov	dptr,#_atol_neg_1_42
      00014B E0               [24]  374 	movx	a,@dptr
      00014C 60 1D            [24]  375 	jz	00120$
      00014E 90r00r05         [24]  376 	mov	dptr,#_atol_ret_1_42
      000151 E0               [24]  377 	movx	a,@dptr
      000152 FC               [12]  378 	mov	r4,a
      000153 A3               [24]  379 	inc	dptr
      000154 E0               [24]  380 	movx	a,@dptr
      000155 FD               [12]  381 	mov	r5,a
      000156 A3               [24]  382 	inc	dptr
      000157 E0               [24]  383 	movx	a,@dptr
      000158 FE               [12]  384 	mov	r6,a
      000159 A3               [24]  385 	inc	dptr
      00015A E0               [24]  386 	movx	a,@dptr
      00015B FF               [12]  387 	mov	r7,a
      00015C C3               [12]  388 	clr	c
      00015D E4               [12]  389 	clr	a
      00015E 9C               [12]  390 	subb	a,r4
      00015F FC               [12]  391 	mov	r4,a
      000160 E4               [12]  392 	clr	a
      000161 9D               [12]  393 	subb	a,r5
      000162 FD               [12]  394 	mov	r5,a
      000163 E4               [12]  395 	clr	a
      000164 9E               [12]  396 	subb	a,r6
      000165 FE               [12]  397 	mov	r6,a
      000166 E4               [12]  398 	clr	a
      000167 9F               [12]  399 	subb	a,r7
      000168 FF               [12]  400 	mov	r7,a
      000169 80 0E            [24]  401 	sjmp	00121$
      00016B                        402 00120$:
      00016B 90r00r05         [24]  403 	mov	dptr,#_atol_ret_1_42
      00016E E0               [24]  404 	movx	a,@dptr
      00016F FC               [12]  405 	mov	r4,a
      000170 A3               [24]  406 	inc	dptr
      000171 E0               [24]  407 	movx	a,@dptr
      000172 FD               [12]  408 	mov	r5,a
      000173 A3               [24]  409 	inc	dptr
      000174 E0               [24]  410 	movx	a,@dptr
      000175 FE               [12]  411 	mov	r6,a
      000176 A3               [24]  412 	inc	dptr
      000177 E0               [24]  413 	movx	a,@dptr
      000178 FF               [12]  414 	mov	r7,a
      000179                        415 00121$:
      000179 8C 82            [24]  416 	mov	dpl,r4
      00017B 8D 83            [24]  417 	mov	dph,r5
      00017D 8E F0            [24]  418 	mov	b,r6
      00017F EF               [12]  419 	mov	a,r7
      000180 22               [24]  420 	ret
                                    421 	.area CSEG    (CODE)
                                    422 	.area CONST   (CODE)
                                    423 	.area XINIT   (CODE)
                                    424 	.area CABS    (ABS,CODE)
