                                      1 ;--------------------------------------------------------
                                      2 ; File Created by SDCC : free open source ANSI-C Compiler
                                      3 ; Version 3.6.3 #9771 (MSVC)
                                      4 ;--------------------------------------------------------
                                      5 	.module islower
                                      6 	.optsdcc -mmcs51 --model-large --xstack
                                      7 	
                                      8 ;--------------------------------------------------------
                                      9 ; Public variables in this module
                                     10 ;--------------------------------------------------------
                                     11 	.globl _islower
                                     12 ;--------------------------------------------------------
                                     13 ; special function registers
                                     14 ;--------------------------------------------------------
                                     15 	.area RSEG    (ABS,DATA)
      000000                         16 	.org 0x0000
                                     17 ;--------------------------------------------------------
                                     18 ; special function bits
                                     19 ;--------------------------------------------------------
                                     20 	.area RSEG    (ABS,DATA)
      000000                         21 	.org 0x0000
                                     22 ;--------------------------------------------------------
                                     23 ; overlayable register banks
                                     24 ;--------------------------------------------------------
                                     25 	.area REG_BANK_0	(REL,OVR,DATA)
      000000                         26 	.ds 8
                                     27 ;--------------------------------------------------------
                                     28 ; internal ram data
                                     29 ;--------------------------------------------------------
                                     30 	.area DSEG    (DATA)
                                     31 ;--------------------------------------------------------
                                     32 ; overlayable items in internal ram 
                                     33 ;--------------------------------------------------------
                                     34 ;--------------------------------------------------------
                                     35 ; indirectly addressable internal ram data
                                     36 ;--------------------------------------------------------
                                     37 	.area ISEG    (DATA)
                                     38 ;--------------------------------------------------------
                                     39 ; absolute internal ram data
                                     40 ;--------------------------------------------------------
                                     41 	.area IABS    (ABS,DATA)
                                     42 	.area IABS    (ABS,DATA)
                                     43 ;--------------------------------------------------------
                                     44 ; bit data
                                     45 ;--------------------------------------------------------
                                     46 	.area BSEG    (BIT)
      000000                         47 _islower_sloc0_1_0:
      000000                         48 	.ds 1
                                     49 ;--------------------------------------------------------
                                     50 ; paged external ram data
                                     51 ;--------------------------------------------------------
                                     52 	.area PSEG    (PAG,XDATA)
                                     53 ;--------------------------------------------------------
                                     54 ; external ram data
                                     55 ;--------------------------------------------------------
                                     56 	.area XSEG    (XDATA)
      000000                         57 _islower_c_1_28:
      000000                         58 	.ds 2
                                     59 ;--------------------------------------------------------
                                     60 ; absolute external ram data
                                     61 ;--------------------------------------------------------
                                     62 	.area XABS    (ABS,XDATA)
                                     63 ;--------------------------------------------------------
                                     64 ; external initialized ram data
                                     65 ;--------------------------------------------------------
                                     66 	.area XISEG   (XDATA)
                                     67 	.area HOME    (CODE)
                                     68 	.area GSINIT0 (CODE)
                                     69 	.area GSINIT1 (CODE)
                                     70 	.area GSINIT2 (CODE)
                                     71 	.area GSINIT3 (CODE)
                                     72 	.area GSINIT4 (CODE)
                                     73 	.area GSINIT5 (CODE)
                                     74 	.area GSINIT  (CODE)
                                     75 	.area GSFINAL (CODE)
                                     76 	.area CSEG    (CODE)
                                     77 ;--------------------------------------------------------
                                     78 ; global & static initialisations
                                     79 ;--------------------------------------------------------
                                     80 	.area HOME    (CODE)
                                     81 	.area GSINIT  (CODE)
                                     82 	.area GSFINAL (CODE)
                                     83 	.area GSINIT  (CODE)
                                     84 ;--------------------------------------------------------
                                     85 ; Home
                                     86 ;--------------------------------------------------------
                                     87 	.area HOME    (CODE)
                                     88 	.area HOME    (CODE)
                                     89 ;--------------------------------------------------------
                                     90 ; code
                                     91 ;--------------------------------------------------------
                                     92 	.area CSEG    (CODE)
                                     93 ;------------------------------------------------------------
                                     94 ;Allocation info for local variables in function 'islower'
                                     95 ;------------------------------------------------------------
                                     96 ;c                         Allocated with name '_islower_c_1_28'
                                     97 ;------------------------------------------------------------
                                     98 ;	C:/arc/Arduino_IDE/sdcc-src-20160923-9771/sdcc/bin_vc/../include/ctype.h:69: inline int islower (int c)
                                     99 ;	-----------------------------------------
                                    100 ;	 function islower
                                    101 ;	-----------------------------------------
      000000                        102 _islower:
                           000007   103 	ar7 = 0x07
                           000006   104 	ar6 = 0x06
                           000005   105 	ar5 = 0x05
                           000004   106 	ar4 = 0x04
                           000003   107 	ar3 = 0x03
                           000002   108 	ar2 = 0x02
                           000001   109 	ar1 = 0x01
                           000000   110 	ar0 = 0x00
      000000 AF 83            [24]  111 	mov	r7,dph
      000002 E5 82            [12]  112 	mov	a,dpl
      000004 90r00r00         [24]  113 	mov	dptr,#_islower_c_1_28
      000007 F0               [24]  114 	movx	@dptr,a
      000008 EF               [12]  115 	mov	a,r7
      000009 A3               [24]  116 	inc	dptr
      00000A F0               [24]  117 	movx	@dptr,a
                                    118 ;	C:/arc/Arduino_IDE/sdcc-src-20160923-9771/sdcc/bin_vc/../include/ctype.h:71: return ((unsigned char)c >= 'a' && (unsigned char)c <= 'z');
      00000B 90r00r00         [24]  119 	mov	dptr,#_islower_c_1_28
      00000E E0               [24]  120 	movx	a,@dptr
      00000F FE               [12]  121 	mov	r6,a
      000010 A3               [24]  122 	inc	dptr
      000011 E0               [24]  123 	movx	a,@dptr
      000012 FF               [12]  124 	mov	r7,a
      000013 BE 61 00         [24]  125 	cjne	r6,#0x61,00109$
      000016                        126 00109$:
      000016 92*00            [24]  127 	mov	_islower_sloc0_1_0,c
      000018 40 07            [24]  128 	jc	00103$
      00001A EE               [12]  129 	mov	a,r6
      00001B 24 85            [12]  130 	add	a,#0xff - 0x7a
      00001D 92*00            [24]  131 	mov	_islower_sloc0_1_0,c
      00001F 50 04            [24]  132 	jnc	00104$
      000021                        133 00103$:
      000021 C2*00            [12]  134 	clr	_islower_sloc0_1_0
      000023 80 02            [24]  135 	sjmp	00105$
      000025                        136 00104$:
      000025 D2*00            [12]  137 	setb	_islower_sloc0_1_0
      000027                        138 00105$:
      000027 A2*00            [12]  139 	mov	c,_islower_sloc0_1_0
      000029 E4               [12]  140 	clr	a
      00002A 33               [12]  141 	rlc	a
      00002B FE               [12]  142 	mov	r6,a
      00002C 7F 00            [12]  143 	mov	r7,#0x00
      00002E 8E 82            [24]  144 	mov	dpl,r6
      000030 8F 83            [24]  145 	mov	dph,r7
      000032 22               [24]  146 	ret
                                    147 	.area CSEG    (CODE)
                                    148 	.area CONST   (CODE)
                                    149 	.area XINIT   (CODE)
                                    150 	.area CABS    (ABS,CODE)
