                                      1 ;--------------------------------------------------------
                                      2 ; File Created by SDCC : free open source ANSI-C Compiler
                                      3 ; Version 3.6.3 #9771 (MSVC)
                                      4 ;--------------------------------------------------------
                                      5 	.module ispunct
                                      6 	.optsdcc -mmcs51 --model-large --xstack
                                      7 	
                                      8 ;--------------------------------------------------------
                                      9 ; Public variables in this module
                                     10 ;--------------------------------------------------------
                                     11 	.globl _isalnum
                                     12 	.globl _isspace
                                     13 	.globl _isprint
                                     14 	.globl _ispunct
                                     15 ;--------------------------------------------------------
                                     16 ; special function registers
                                     17 ;--------------------------------------------------------
                                     18 	.area RSEG    (ABS,DATA)
      000000                         19 	.org 0x0000
                                     20 ;--------------------------------------------------------
                                     21 ; special function bits
                                     22 ;--------------------------------------------------------
                                     23 	.area RSEG    (ABS,DATA)
      000000                         24 	.org 0x0000
                                     25 ;--------------------------------------------------------
                                     26 ; overlayable register banks
                                     27 ;--------------------------------------------------------
                                     28 	.area REG_BANK_0	(REL,OVR,DATA)
      000000                         29 	.ds 8
                                     30 ;--------------------------------------------------------
                                     31 ; internal ram data
                                     32 ;--------------------------------------------------------
                                     33 	.area DSEG    (DATA)
                                     34 ;--------------------------------------------------------
                                     35 ; overlayable items in internal ram 
                                     36 ;--------------------------------------------------------
                                     37 ;--------------------------------------------------------
                                     38 ; indirectly addressable internal ram data
                                     39 ;--------------------------------------------------------
                                     40 	.area ISEG    (DATA)
                                     41 ;--------------------------------------------------------
                                     42 ; absolute internal ram data
                                     43 ;--------------------------------------------------------
                                     44 	.area IABS    (ABS,DATA)
                                     45 	.area IABS    (ABS,DATA)
                                     46 ;--------------------------------------------------------
                                     47 ; bit data
                                     48 ;--------------------------------------------------------
                                     49 	.area BSEG    (BIT)
      000000                         50 _ispunct_sloc0_1_0:
      000000                         51 	.ds 1
                                     52 ;--------------------------------------------------------
                                     53 ; paged external ram data
                                     54 ;--------------------------------------------------------
                                     55 	.area PSEG    (PAG,XDATA)
                                     56 ;--------------------------------------------------------
                                     57 ; external ram data
                                     58 ;--------------------------------------------------------
                                     59 	.area XSEG    (XDATA)
      000000                         60 _ispunct_c_1_21:
      000000                         61 	.ds 2
                                     62 ;--------------------------------------------------------
                                     63 ; absolute external ram data
                                     64 ;--------------------------------------------------------
                                     65 	.area XABS    (ABS,XDATA)
                                     66 ;--------------------------------------------------------
                                     67 ; external initialized ram data
                                     68 ;--------------------------------------------------------
                                     69 	.area XISEG   (XDATA)
                                     70 	.area HOME    (CODE)
                                     71 	.area GSINIT0 (CODE)
                                     72 	.area GSINIT1 (CODE)
                                     73 	.area GSINIT2 (CODE)
                                     74 	.area GSINIT3 (CODE)
                                     75 	.area GSINIT4 (CODE)
                                     76 	.area GSINIT5 (CODE)
                                     77 	.area GSINIT  (CODE)
                                     78 	.area GSFINAL (CODE)
                                     79 	.area CSEG    (CODE)
                                     80 ;--------------------------------------------------------
                                     81 ; global & static initialisations
                                     82 ;--------------------------------------------------------
                                     83 	.area HOME    (CODE)
                                     84 	.area GSINIT  (CODE)
                                     85 	.area GSFINAL (CODE)
                                     86 	.area GSINIT  (CODE)
                                     87 ;--------------------------------------------------------
                                     88 ; Home
                                     89 ;--------------------------------------------------------
                                     90 	.area HOME    (CODE)
                                     91 	.area HOME    (CODE)
                                     92 ;--------------------------------------------------------
                                     93 ; code
                                     94 ;--------------------------------------------------------
                                     95 	.area CSEG    (CODE)
                                     96 ;------------------------------------------------------------
                                     97 ;Allocation info for local variables in function 'ispunct'
                                     98 ;------------------------------------------------------------
                                     99 ;c                         Allocated with name '_ispunct_c_1_21'
                                    100 ;------------------------------------------------------------
                                    101 ;	ispunct.c:33: int ispunct (int c)
                                    102 ;	-----------------------------------------
                                    103 ;	 function ispunct
                                    104 ;	-----------------------------------------
      000000                        105 _ispunct:
                           000007   106 	ar7 = 0x07
                           000006   107 	ar6 = 0x06
                           000005   108 	ar5 = 0x05
                           000004   109 	ar4 = 0x04
                           000003   110 	ar3 = 0x03
                           000002   111 	ar2 = 0x02
                           000001   112 	ar1 = 0x01
                           000000   113 	ar0 = 0x00
      000000 AF 83            [24]  114 	mov	r7,dph
      000002 E5 82            [12]  115 	mov	a,dpl
      000004 90r00r00         [24]  116 	mov	dptr,#_ispunct_c_1_21
      000007 F0               [24]  117 	movx	@dptr,a
      000008 EF               [12]  118 	mov	a,r7
      000009 A3               [24]  119 	inc	dptr
      00000A F0               [24]  120 	movx	@dptr,a
                                    121 ;	ispunct.c:35: return (isprint (c) && !isspace (c) && !isalnum (c));
      00000B 90r00r00         [24]  122 	mov	dptr,#_ispunct_c_1_21
      00000E E0               [24]  123 	movx	a,@dptr
      00000F FE               [12]  124 	mov	r6,a
      000010 A3               [24]  125 	inc	dptr
      000011 E0               [24]  126 	movx	a,@dptr
      000012 FF               [12]  127 	mov	r7,a
      000013 C0 00            [24]  128 	push	ar0
      000015 A8*00            [24]  129 	mov	r0,_spx
      000017 05*00            [12]  130 	inc	_spx
      000019 05*00            [12]  131 	inc	_spx
      00001B EF               [12]  132 	mov	a,r7
      00001C F2               [24]  133 	movx	@r0,a
      00001D 08               [12]  134 	inc	r0
      00001E EE               [12]  135 	mov	a,r6
      00001F F2               [24]  136 	movx	@r0,a
      000020 D0 00            [24]  137 	pop	ar0
      000022 8E 82            [24]  138 	mov	dpl,r6
      000024 8F 83            [24]  139 	mov	dph,r7
      000026 12r00r00         [24]  140 	lcall	_isprint
      000029 E5 82            [12]  141 	mov	a,dpl
      00002B 85 83 F0         [24]  142 	mov	b,dph
      00002E C0 E0            [24]  143 	push	acc
      000030 A8*00            [24]  144 	mov	r0,_spx
      000032 18               [12]  145 	dec	r0
      000033 E2               [24]  146 	movx	a,@r0
      000034 FE               [12]  147 	mov	r6,a
      000035 18               [12]  148 	dec	r0
      000036 E2               [24]  149 	movx	a,@r0
      000037 FF               [12]  150 	mov	r7,a
      000038 88*00            [24]  151 	mov	_spx,r0
      00003A D0 E0            [24]  152 	pop	acc
      00003C 45 F0            [12]  153 	orl	a,b
      00003E 60 37            [24]  154 	jz	00103$
      000040 C0 00            [24]  155 	push	ar0
      000042 A8*00            [24]  156 	mov	r0,_spx
      000044 05*00            [12]  157 	inc	_spx
      000046 05*00            [12]  158 	inc	_spx
      000048 EF               [12]  159 	mov	a,r7
      000049 F2               [24]  160 	movx	@r0,a
      00004A 08               [12]  161 	inc	r0
      00004B EE               [12]  162 	mov	a,r6
      00004C F2               [24]  163 	movx	@r0,a
      00004D D0 00            [24]  164 	pop	ar0
      00004F 8E 82            [24]  165 	mov	dpl,r6
      000051 8F 83            [24]  166 	mov	dph,r7
      000053 12r00r00         [24]  167 	lcall	_isspace
      000056 AC 82            [24]  168 	mov	r4,dpl
      000058 AD 83            [24]  169 	mov	r5,dph
      00005A A8*00            [24]  170 	mov	r0,_spx
      00005C 18               [12]  171 	dec	r0
      00005D E2               [24]  172 	movx	a,@r0
      00005E FE               [12]  173 	mov	r6,a
      00005F 18               [12]  174 	dec	r0
      000060 E2               [24]  175 	movx	a,@r0
      000061 FF               [12]  176 	mov	r7,a
      000062 88*00            [24]  177 	mov	_spx,r0
      000064 EC               [12]  178 	mov	a,r4
      000065 4D               [12]  179 	orl	a,r5
      000066 70 0F            [24]  180 	jnz	00103$
      000068 8E 82            [24]  181 	mov	dpl,r6
      00006A 8F 83            [24]  182 	mov	dph,r7
      00006C 12r00r00         [24]  183 	lcall	_isalnum
      00006F AE 82            [24]  184 	mov	r6,dpl
      000071 AF 83            [24]  185 	mov	r7,dph
      000073 EE               [12]  186 	mov	a,r6
      000074 4F               [12]  187 	orl	a,r7
      000075 60 04            [24]  188 	jz	00104$
      000077                        189 00103$:
      000077 C2*00            [12]  190 	clr	_ispunct_sloc0_1_0
      000079 80 02            [24]  191 	sjmp	00105$
      00007B                        192 00104$:
      00007B D2*00            [12]  193 	setb	_ispunct_sloc0_1_0
      00007D                        194 00105$:
      00007D A2*00            [12]  195 	mov	c,_ispunct_sloc0_1_0
      00007F E4               [12]  196 	clr	a
      000080 33               [12]  197 	rlc	a
      000081 FE               [12]  198 	mov	r6,a
      000082 7F 00            [12]  199 	mov	r7,#0x00
      000084 8E 82            [24]  200 	mov	dpl,r6
      000086 8F 83            [24]  201 	mov	dph,r7
      000088 22               [24]  202 	ret
                                    203 	.area CSEG    (CODE)
                                    204 	.area CONST   (CODE)
                                    205 	.area XINIT   (CODE)
                                    206 	.area CABS    (ABS,CODE)
