                                      1 ;--------------------------------------------------------
                                      2 ; File Created by SDCC : free open source ANSI-C Compiler
                                      3 ; Version 3.6.3 #9771 (MSVC)
                                      4 ;--------------------------------------------------------
                                      5 	.module isspace
                                      6 	.optsdcc -mmcs51 --model-large --xstack
                                      7 	
                                      8 ;--------------------------------------------------------
                                      9 ; Public variables in this module
                                     10 ;--------------------------------------------------------
                                     11 	.globl _isspace
                                     12 ;--------------------------------------------------------
                                     13 ; special function registers
                                     14 ;--------------------------------------------------------
                                     15 	.area RSEG    (ABS,DATA)
      000000                         16 	.org 0x0000
                                     17 ;--------------------------------------------------------
                                     18 ; special function bits
                                     19 ;--------------------------------------------------------
                                     20 	.area RSEG    (ABS,DATA)
      000000                         21 	.org 0x0000
                                     22 ;--------------------------------------------------------
                                     23 ; overlayable register banks
                                     24 ;--------------------------------------------------------
                                     25 	.area REG_BANK_0	(REL,OVR,DATA)
      000000                         26 	.ds 8
                                     27 ;--------------------------------------------------------
                                     28 ; internal ram data
                                     29 ;--------------------------------------------------------
                                     30 	.area DSEG    (DATA)
                                     31 ;--------------------------------------------------------
                                     32 ; overlayable items in internal ram 
                                     33 ;--------------------------------------------------------
                                     34 ;--------------------------------------------------------
                                     35 ; indirectly addressable internal ram data
                                     36 ;--------------------------------------------------------
                                     37 	.area ISEG    (DATA)
                                     38 ;--------------------------------------------------------
                                     39 ; absolute internal ram data
                                     40 ;--------------------------------------------------------
                                     41 	.area IABS    (ABS,DATA)
                                     42 	.area IABS    (ABS,DATA)
                                     43 ;--------------------------------------------------------
                                     44 ; bit data
                                     45 ;--------------------------------------------------------
                                     46 	.area BSEG    (BIT)
      000000                         47 _isspace_sloc0_1_0:
      000000                         48 	.ds 1
                                     49 ;--------------------------------------------------------
                                     50 ; paged external ram data
                                     51 ;--------------------------------------------------------
                                     52 	.area PSEG    (PAG,XDATA)
                                     53 ;--------------------------------------------------------
                                     54 ; external ram data
                                     55 ;--------------------------------------------------------
                                     56 	.area XSEG    (XDATA)
      000000                         57 _isspace_c_1_21:
      000000                         58 	.ds 2
                                     59 ;--------------------------------------------------------
                                     60 ; absolute external ram data
                                     61 ;--------------------------------------------------------
                                     62 	.area XABS    (ABS,XDATA)
                                     63 ;--------------------------------------------------------
                                     64 ; external initialized ram data
                                     65 ;--------------------------------------------------------
                                     66 	.area XISEG   (XDATA)
                                     67 	.area HOME    (CODE)
                                     68 	.area GSINIT0 (CODE)
                                     69 	.area GSINIT1 (CODE)
                                     70 	.area GSINIT2 (CODE)
                                     71 	.area GSINIT3 (CODE)
                                     72 	.area GSINIT4 (CODE)
                                     73 	.area GSINIT5 (CODE)
                                     74 	.area GSINIT  (CODE)
                                     75 	.area GSFINAL (CODE)
                                     76 	.area CSEG    (CODE)
                                     77 ;--------------------------------------------------------
                                     78 ; global & static initialisations
                                     79 ;--------------------------------------------------------
                                     80 	.area HOME    (CODE)
                                     81 	.area GSINIT  (CODE)
                                     82 	.area GSFINAL (CODE)
                                     83 	.area GSINIT  (CODE)
                                     84 ;--------------------------------------------------------
                                     85 ; Home
                                     86 ;--------------------------------------------------------
                                     87 	.area HOME    (CODE)
                                     88 	.area HOME    (CODE)
                                     89 ;--------------------------------------------------------
                                     90 ; code
                                     91 ;--------------------------------------------------------
                                     92 	.area CSEG    (CODE)
                                     93 ;------------------------------------------------------------
                                     94 ;Allocation info for local variables in function 'isspace'
                                     95 ;------------------------------------------------------------
                                     96 ;c                         Allocated with name '_isspace_c_1_21'
                                     97 ;------------------------------------------------------------
                                     98 ;	isspace.c:37: int isspace (int c)
                                     99 ;	-----------------------------------------
                                    100 ;	 function isspace
                                    101 ;	-----------------------------------------
      000000                        102 _isspace:
                           000007   103 	ar7 = 0x07
                           000006   104 	ar6 = 0x06
                           000005   105 	ar5 = 0x05
                           000004   106 	ar4 = 0x04
                           000003   107 	ar3 = 0x03
                           000002   108 	ar2 = 0x02
                           000001   109 	ar1 = 0x01
                           000000   110 	ar0 = 0x00
      000000 AF 83            [24]  111 	mov	r7,dph
      000002 E5 82            [12]  112 	mov	a,dpl
      000004 90r00r00         [24]  113 	mov	dptr,#_isspace_c_1_21
      000007 F0               [24]  114 	movx	@dptr,a
      000008 EF               [12]  115 	mov	a,r7
      000009 A3               [24]  116 	inc	dptr
      00000A F0               [24]  117 	movx	@dptr,a
                                    118 ;	isspace.c:39: return (c == ' ' || c == '\f' || c == '\n' || c == '\r' || c == '\t' || c == '\v');
      00000B 90r00r00         [24]  119 	mov	dptr,#_isspace_c_1_21
      00000E E0               [24]  120 	movx	a,@dptr
      00000F FE               [12]  121 	mov	r6,a
      000010 A3               [24]  122 	inc	dptr
      000011 E0               [24]  123 	movx	a,@dptr
      000012 FF               [12]  124 	mov	r7,a
      000013 BE 20 05         [24]  125 	cjne	r6,#0x20,00136$
      000016 BF 00 02         [24]  126 	cjne	r7,#0x00,00136$
      000019 80 2C            [24]  127 	sjmp	00104$
      00001B                        128 00136$:
      00001B BE 0C 05         [24]  129 	cjne	r6,#0x0c,00137$
      00001E BF 00 02         [24]  130 	cjne	r7,#0x00,00137$
      000021 80 24            [24]  131 	sjmp	00104$
      000023                        132 00137$:
      000023 BE 0A 05         [24]  133 	cjne	r6,#0x0a,00138$
      000026 BF 00 02         [24]  134 	cjne	r7,#0x00,00138$
      000029 80 1C            [24]  135 	sjmp	00104$
      00002B                        136 00138$:
      00002B BE 0D 05         [24]  137 	cjne	r6,#0x0d,00139$
      00002E BF 00 02         [24]  138 	cjne	r7,#0x00,00139$
      000031 80 14            [24]  139 	sjmp	00104$
      000033                        140 00139$:
      000033 BE 09 05         [24]  141 	cjne	r6,#0x09,00140$
      000036 BF 00 02         [24]  142 	cjne	r7,#0x00,00140$
      000039 80 0C            [24]  143 	sjmp	00104$
      00003B                        144 00140$:
      00003B BE 0B 05         [24]  145 	cjne	r6,#0x0b,00141$
      00003E BF 00 02         [24]  146 	cjne	r7,#0x00,00141$
      000041 80 04            [24]  147 	sjmp	00104$
      000043                        148 00141$:
      000043 C2*00            [12]  149 	clr	_isspace_sloc0_1_0
      000045 80 02            [24]  150 	sjmp	00105$
      000047                        151 00104$:
      000047 D2*00            [12]  152 	setb	_isspace_sloc0_1_0
      000049                        153 00105$:
      000049 A2*00            [12]  154 	mov	c,_isspace_sloc0_1_0
      00004B E4               [12]  155 	clr	a
      00004C 33               [12]  156 	rlc	a
      00004D FE               [12]  157 	mov	r6,a
      00004E 7F 00            [12]  158 	mov	r7,#0x00
      000050 8E 82            [24]  159 	mov	dpl,r6
      000052 8F 83            [24]  160 	mov	dph,r7
      000054 22               [24]  161 	ret
                                    162 	.area CSEG    (CODE)
                                    163 	.area CONST   (CODE)
                                    164 	.area XINIT   (CODE)
                                    165 	.area CABS    (ABS,CODE)
