                                      1 ;--------------------------------------------------------
                                      2 ; File Created by SDCC : free open source ANSI-C Compiler
                                      3 ; Version 3.6.3 #9771 (MSVC)
                                      4 ;--------------------------------------------------------
                                      5 	.module modff
                                      6 	.optsdcc -mmcs51 --model-large --xstack
                                      7 	
                                      8 ;--------------------------------------------------------
                                      9 ; Public variables in this module
                                     10 ;--------------------------------------------------------
                                     11 	.globl _modff_PARM_2
                                     12 	.globl _modff
                                     13 ;--------------------------------------------------------
                                     14 ; special function registers
                                     15 ;--------------------------------------------------------
                                     16 	.area RSEG    (ABS,DATA)
      000000                         17 	.org 0x0000
                                     18 ;--------------------------------------------------------
                                     19 ; special function bits
                                     20 ;--------------------------------------------------------
                                     21 	.area RSEG    (ABS,DATA)
      000000                         22 	.org 0x0000
                                     23 ;--------------------------------------------------------
                                     24 ; overlayable register banks
                                     25 ;--------------------------------------------------------
                                     26 	.area REG_BANK_0	(REL,OVR,DATA)
      000000                         27 	.ds 8
                                     28 ;--------------------------------------------------------
                                     29 ; internal ram data
                                     30 ;--------------------------------------------------------
                                     31 	.area DSEG    (DATA)
      000000                         32 _modff_sloc0_1_0:
      000000                         33 	.ds 3
                                     34 ;--------------------------------------------------------
                                     35 ; overlayable items in internal ram 
                                     36 ;--------------------------------------------------------
                                     37 ;--------------------------------------------------------
                                     38 ; indirectly addressable internal ram data
                                     39 ;--------------------------------------------------------
                                     40 	.area ISEG    (DATA)
                                     41 ;--------------------------------------------------------
                                     42 ; absolute internal ram data
                                     43 ;--------------------------------------------------------
                                     44 	.area IABS    (ABS,DATA)
                                     45 	.area IABS    (ABS,DATA)
                                     46 ;--------------------------------------------------------
                                     47 ; bit data
                                     48 ;--------------------------------------------------------
                                     49 	.area BSEG    (BIT)
                                     50 ;--------------------------------------------------------
                                     51 ; paged external ram data
                                     52 ;--------------------------------------------------------
                                     53 	.area PSEG    (PAG,XDATA)
                                     54 ;--------------------------------------------------------
                                     55 ; external ram data
                                     56 ;--------------------------------------------------------
                                     57 	.area XSEG    (XDATA)
      000000                         58 _modff_PARM_2:
      000000                         59 	.ds 3
      000003                         60 _modff_x_1_25:
      000003                         61 	.ds 4
                                     62 ;--------------------------------------------------------
                                     63 ; absolute external ram data
                                     64 ;--------------------------------------------------------
                                     65 	.area XABS    (ABS,XDATA)
                                     66 ;--------------------------------------------------------
                                     67 ; external initialized ram data
                                     68 ;--------------------------------------------------------
                                     69 	.area XISEG   (XDATA)
                                     70 	.area HOME    (CODE)
                                     71 	.area GSINIT0 (CODE)
                                     72 	.area GSINIT1 (CODE)
                                     73 	.area GSINIT2 (CODE)
                                     74 	.area GSINIT3 (CODE)
                                     75 	.area GSINIT4 (CODE)
                                     76 	.area GSINIT5 (CODE)
                                     77 	.area GSINIT  (CODE)
                                     78 	.area GSFINAL (CODE)
                                     79 	.area CSEG    (CODE)
                                     80 ;--------------------------------------------------------
                                     81 ; global & static initialisations
                                     82 ;--------------------------------------------------------
                                     83 	.area HOME    (CODE)
                                     84 	.area GSINIT  (CODE)
                                     85 	.area GSFINAL (CODE)
                                     86 	.area GSINIT  (CODE)
                                     87 ;--------------------------------------------------------
                                     88 ; Home
                                     89 ;--------------------------------------------------------
                                     90 	.area HOME    (CODE)
                                     91 	.area HOME    (CODE)
                                     92 ;--------------------------------------------------------
                                     93 ; code
                                     94 ;--------------------------------------------------------
                                     95 	.area CSEG    (CODE)
                                     96 ;------------------------------------------------------------
                                     97 ;Allocation info for local variables in function 'modff'
                                     98 ;------------------------------------------------------------
                                     99 ;sloc0                     Allocated with name '_modff_sloc0_1_0'
                                    100 ;y                         Allocated with name '_modff_PARM_2'
                                    101 ;x                         Allocated with name '_modff_x_1_25'
                                    102 ;------------------------------------------------------------
                                    103 ;	modff.c:33: float modff(float x, float * y)
                                    104 ;	-----------------------------------------
                                    105 ;	 function modff
                                    106 ;	-----------------------------------------
      000000                        107 _modff:
                           000007   108 	ar7 = 0x07
                           000006   109 	ar6 = 0x06
                           000005   110 	ar5 = 0x05
                           000004   111 	ar4 = 0x04
                           000003   112 	ar3 = 0x03
                           000002   113 	ar2 = 0x02
                           000001   114 	ar1 = 0x01
                           000000   115 	ar0 = 0x00
      000000 AF 82            [24]  116 	mov	r7,dpl
      000002 AE 83            [24]  117 	mov	r6,dph
      000004 AD F0            [24]  118 	mov	r5,b
      000006 FC               [12]  119 	mov	r4,a
      000007 90r00r03         [24]  120 	mov	dptr,#_modff_x_1_25
      00000A EF               [12]  121 	mov	a,r7
      00000B F0               [24]  122 	movx	@dptr,a
      00000C EE               [12]  123 	mov	a,r6
      00000D A3               [24]  124 	inc	dptr
      00000E F0               [24]  125 	movx	@dptr,a
      00000F ED               [12]  126 	mov	a,r5
      000010 A3               [24]  127 	inc	dptr
      000011 F0               [24]  128 	movx	@dptr,a
      000012 EC               [12]  129 	mov	a,r4
      000013 A3               [24]  130 	inc	dptr
      000014 F0               [24]  131 	movx	@dptr,a
                                    132 ;	modff.c:35: *y=(long)x;
      000015 90r00r00         [24]  133 	mov	dptr,#_modff_PARM_2
      000018 E0               [24]  134 	movx	a,@dptr
      000019 F5*00            [12]  135 	mov	_modff_sloc0_1_0,a
      00001B A3               [24]  136 	inc	dptr
      00001C E0               [24]  137 	movx	a,@dptr
      00001D F5*01            [12]  138 	mov	(_modff_sloc0_1_0 + 1),a
      00001F A3               [24]  139 	inc	dptr
      000020 E0               [24]  140 	movx	a,@dptr
      000021 F5*02            [12]  141 	mov	(_modff_sloc0_1_0 + 2),a
      000023 90r00r03         [24]  142 	mov	dptr,#_modff_x_1_25
      000026 E0               [24]  143 	movx	a,@dptr
      000027 F9               [12]  144 	mov	r1,a
      000028 A3               [24]  145 	inc	dptr
      000029 E0               [24]  146 	movx	a,@dptr
      00002A FA               [12]  147 	mov	r2,a
      00002B A3               [24]  148 	inc	dptr
      00002C E0               [24]  149 	movx	a,@dptr
      00002D FB               [12]  150 	mov	r3,a
      00002E A3               [24]  151 	inc	dptr
      00002F E0               [24]  152 	movx	a,@dptr
      000030 FC               [12]  153 	mov	r4,a
      000031 C0 00            [24]  154 	push	ar0
      000033 E5*00            [12]  155 	mov	a,_spx
      000035 F8               [12]  156 	mov	r0,a
      000036 24 04            [12]  157 	add	a,#0x04
      000038 F5*00            [12]  158 	mov	_spx,a
      00003A EC               [12]  159 	mov	a,r4
      00003B F2               [24]  160 	movx	@r0,a
      00003C 08               [12]  161 	inc	r0
      00003D EB               [12]  162 	mov	a,r3
      00003E F2               [24]  163 	movx	@r0,a
      00003F 08               [12]  164 	inc	r0
      000040 EA               [12]  165 	mov	a,r2
      000041 F2               [24]  166 	movx	@r0,a
      000042 08               [12]  167 	inc	r0
      000043 E9               [12]  168 	mov	a,r1
      000044 F2               [24]  169 	movx	@r0,a
      000045 D0 00            [24]  170 	pop	ar0
      000047 89 82            [24]  171 	mov	dpl,r1
      000049 8A 83            [24]  172 	mov	dph,r2
      00004B 8B F0            [24]  173 	mov	b,r3
      00004D EC               [12]  174 	mov	a,r4
      00004E 12r00r00         [24]  175 	lcall	___fs2slong
      000051 A8 82            [24]  176 	mov	r0,dpl
      000053 AD 83            [24]  177 	mov	r5,dph
      000055 AE F0            [24]  178 	mov	r6,b
      000057 FF               [12]  179 	mov	r7,a
      000058 C0 00            [24]  180 	push	ar0
      00005A A8*00            [24]  181 	mov	r0,_spx
      00005C 18               [12]  182 	dec	r0
      00005D E2               [24]  183 	movx	a,@r0
      00005E F9               [12]  184 	mov	r1,a
      00005F 18               [12]  185 	dec	r0
      000060 E2               [24]  186 	movx	a,@r0
      000061 FA               [12]  187 	mov	r2,a
      000062 18               [12]  188 	dec	r0
      000063 E2               [24]  189 	movx	a,@r0
      000064 FB               [12]  190 	mov	r3,a
      000065 18               [12]  191 	dec	r0
      000066 E2               [24]  192 	movx	a,@r0
      000067 FC               [12]  193 	mov	r4,a
      000068 88*00            [24]  194 	mov	_spx,r0
      00006A E5*00            [12]  195 	mov	a,_spx
      00006C F8               [12]  196 	mov	r0,a
      00006D 24 04            [12]  197 	add	a,#0x04
      00006F F5*00            [12]  198 	mov	_spx,a
      000071 EC               [12]  199 	mov	a,r4
      000072 F2               [24]  200 	movx	@r0,a
      000073 08               [12]  201 	inc	r0
      000074 EB               [12]  202 	mov	a,r3
      000075 F2               [24]  203 	movx	@r0,a
      000076 08               [12]  204 	inc	r0
      000077 EA               [12]  205 	mov	a,r2
      000078 F2               [24]  206 	movx	@r0,a
      000079 08               [12]  207 	inc	r0
      00007A E9               [12]  208 	mov	a,r1
      00007B F2               [24]  209 	movx	@r0,a
      00007C D0 00            [24]  210 	pop	ar0
      00007E 88 82            [24]  211 	mov	dpl,r0
      000080 8D 83            [24]  212 	mov	dph,r5
      000082 8E F0            [24]  213 	mov	b,r6
      000084 EF               [12]  214 	mov	a,r7
      000085 12r00r00         [24]  215 	lcall	___slong2fs
      000088 AD 82            [24]  216 	mov	r5,dpl
      00008A AE 83            [24]  217 	mov	r6,dph
      00008C A8 F0            [24]  218 	mov	r0,b
      00008E FF               [12]  219 	mov	r7,a
      00008F C0 00            [24]  220 	push	ar0
      000091 A8*00            [24]  221 	mov	r0,_spx
      000093 18               [12]  222 	dec	r0
      000094 E2               [24]  223 	movx	a,@r0
      000095 F9               [12]  224 	mov	r1,a
      000096 18               [12]  225 	dec	r0
      000097 E2               [24]  226 	movx	a,@r0
      000098 FA               [12]  227 	mov	r2,a
      000099 18               [12]  228 	dec	r0
      00009A E2               [24]  229 	movx	a,@r0
      00009B FB               [12]  230 	mov	r3,a
      00009C 18               [12]  231 	dec	r0
      00009D E2               [24]  232 	movx	a,@r0
      00009E FC               [12]  233 	mov	r4,a
      00009F 88*00            [24]  234 	mov	_spx,r0
      0000A1 D0 00            [24]  235 	pop	ar0
      0000A3 85*00 82         [24]  236 	mov	dpl,_modff_sloc0_1_0
      0000A6 85*01 83         [24]  237 	mov	dph,(_modff_sloc0_1_0 + 1)
      0000A9 85*02 F0         [24]  238 	mov	b,(_modff_sloc0_1_0 + 2)
      0000AC ED               [12]  239 	mov	a,r5
      0000AD 12r00r00         [24]  240 	lcall	__gptrput
      0000B0 A3               [24]  241 	inc	dptr
      0000B1 EE               [12]  242 	mov	a,r6
      0000B2 12r00r00         [24]  243 	lcall	__gptrput
      0000B5 A3               [24]  244 	inc	dptr
      0000B6 E8               [12]  245 	mov	a,r0
      0000B7 12r00r00         [24]  246 	lcall	__gptrput
      0000BA A3               [24]  247 	inc	dptr
      0000BB EF               [12]  248 	mov	a,r7
      0000BC 12r00r00         [24]  249 	lcall	__gptrput
                                    250 ;	modff.c:36: return (x-*y);
      0000BF 90r00r00         [24]  251 	mov	dptr,#___fssub_PARM_2
      0000C2 ED               [12]  252 	mov	a,r5
      0000C3 F0               [24]  253 	movx	@dptr,a
      0000C4 EE               [12]  254 	mov	a,r6
      0000C5 A3               [24]  255 	inc	dptr
      0000C6 F0               [24]  256 	movx	@dptr,a
      0000C7 E8               [12]  257 	mov	a,r0
      0000C8 A3               [24]  258 	inc	dptr
      0000C9 F0               [24]  259 	movx	@dptr,a
      0000CA EF               [12]  260 	mov	a,r7
      0000CB A3               [24]  261 	inc	dptr
      0000CC F0               [24]  262 	movx	@dptr,a
      0000CD 89 82            [24]  263 	mov	dpl,r1
      0000CF 8A 83            [24]  264 	mov	dph,r2
      0000D1 8B F0            [24]  265 	mov	b,r3
      0000D3 EC               [12]  266 	mov	a,r4
      0000D4 02r00r00         [24]  267 	ljmp	___fssub
                                    268 	.area CSEG    (CODE)
                                    269 	.area CONST   (CODE)
                                    270 	.area XINIT   (CODE)
                                    271 	.area CABS    (ABS,CODE)
