                                      1 ;--------------------------------------------------------
                                      2 ; File Created by SDCC : free open source ANSI-C Compiler
                                      3 ; Version 3.6.3 #9771 (MSVC)
                                      4 ;--------------------------------------------------------
                                      5 	.module printf_fast
                                      6 	.optsdcc -mmcs51 --model-large --xstack
                                      7 	
                                      8 ;--------------------------------------------------------
                                      9 ; Public variables in this module
                                     10 ;--------------------------------------------------------
                                     11 ;--------------------------------------------------------
                                     12 ; special function registers
                                     13 ;--------------------------------------------------------
                                     14 	.area RSEG    (ABS,DATA)
      000000                         15 	.org 0x0000
                                     16 ;--------------------------------------------------------
                                     17 ; special function bits
                                     18 ;--------------------------------------------------------
                                     19 	.area RSEG    (ABS,DATA)
      000000                         20 	.org 0x0000
                                     21 ;--------------------------------------------------------
                                     22 ; overlayable register banks
                                     23 ;--------------------------------------------------------
                                     24 	.area REG_BANK_0	(REL,OVR,DATA)
      000000                         25 	.ds 8
                                     26 ;--------------------------------------------------------
                                     27 ; internal ram data
                                     28 ;--------------------------------------------------------
                                     29 	.area DSEG    (DATA)
      000000                         30 _field_width:
      000000                         31 	.ds 1
                                     32 ;--------------------------------------------------------
                                     33 ; overlayable items in internal ram 
                                     34 ;--------------------------------------------------------
                                     35 ;--------------------------------------------------------
                                     36 ; indirectly addressable internal ram data
                                     37 ;--------------------------------------------------------
                                     38 	.area ISEG    (DATA)
                                     39 ;--------------------------------------------------------
                                     40 ; absolute internal ram data
                                     41 ;--------------------------------------------------------
                                     42 	.area IABS    (ABS,DATA)
                                     43 	.area IABS    (ABS,DATA)
                                     44 ;--------------------------------------------------------
                                     45 ; bit data
                                     46 ;--------------------------------------------------------
                                     47 	.area BSEG    (BIT)
      000000                         48 _long_flag:
      000000                         49 	.ds 1
      000001                         50 _short_flag:
      000001                         51 	.ds 1
      000002                         52 _print_zero_flag:
      000002                         53 	.ds 1
      000003                         54 _negative_flag:
      000003                         55 	.ds 1
      000004                         56 _field_width_flag:
      000004                         57 	.ds 1
      000005                         58 _leading_zero_flag:
      000005                         59 	.ds 1
                                     60 ;--------------------------------------------------------
                                     61 ; paged external ram data
                                     62 ;--------------------------------------------------------
                                     63 	.area PSEG    (PAG,XDATA)
                                     64 ;--------------------------------------------------------
                                     65 ; external ram data
                                     66 ;--------------------------------------------------------
                                     67 	.area XSEG    (XDATA)
                                     68 ;--------------------------------------------------------
                                     69 ; absolute external ram data
                                     70 ;--------------------------------------------------------
                                     71 	.area XABS    (ABS,XDATA)
                                     72 ;--------------------------------------------------------
                                     73 ; external initialized ram data
                                     74 ;--------------------------------------------------------
                                     75 	.area XISEG   (XDATA)
                                     76 	.area HOME    (CODE)
                                     77 	.area GSINIT0 (CODE)
                                     78 	.area GSINIT1 (CODE)
                                     79 	.area GSINIT2 (CODE)
                                     80 	.area GSINIT3 (CODE)
                                     81 	.area GSINIT4 (CODE)
                                     82 	.area GSINIT5 (CODE)
                                     83 	.area GSINIT  (CODE)
                                     84 	.area GSFINAL (CODE)
                                     85 	.area CSEG    (CODE)
                                     86 ;--------------------------------------------------------
                                     87 ; global & static initialisations
                                     88 ;--------------------------------------------------------
                                     89 	.area HOME    (CODE)
                                     90 	.area GSINIT  (CODE)
                                     91 	.area GSFINAL (CODE)
                                     92 	.area GSINIT  (CODE)
                                     93 ;--------------------------------------------------------
                                     94 ; Home
                                     95 ;--------------------------------------------------------
                                     96 	.area HOME    (CODE)
                                     97 	.area HOME    (CODE)
                                     98 ;--------------------------------------------------------
                                     99 ; code
                                    100 ;--------------------------------------------------------
                                    101 	.area CSEG    (CODE)
                                    102 	.area CSEG    (CODE)
                                    103 	.area CONST   (CODE)
                                    104 	.area XINIT   (CODE)
                                    105 	.area CABS    (ABS,CODE)
