                                      1 ;--------------------------------------------------------
                                      2 ; File Created by SDCC : free open source ANSI-C Compiler
                                      3 ; Version 3.6.3 #9771 (MSVC)
                                      4 ;--------------------------------------------------------
                                      5 	.module puts
                                      6 	.optsdcc -mmcs51 --model-large --xstack
                                      7 	
                                      8 ;--------------------------------------------------------
                                      9 ; Public variables in this module
                                     10 ;--------------------------------------------------------
                                     11 	.globl _putchar
                                     12 	.globl _puts
                                     13 ;--------------------------------------------------------
                                     14 ; special function registers
                                     15 ;--------------------------------------------------------
                                     16 	.area RSEG    (ABS,DATA)
      000000                         17 	.org 0x0000
                                     18 ;--------------------------------------------------------
                                     19 ; special function bits
                                     20 ;--------------------------------------------------------
                                     21 	.area RSEG    (ABS,DATA)
      000000                         22 	.org 0x0000
                                     23 ;--------------------------------------------------------
                                     24 ; overlayable register banks
                                     25 ;--------------------------------------------------------
                                     26 	.area REG_BANK_0	(REL,OVR,DATA)
      000000                         27 	.ds 8
                                     28 ;--------------------------------------------------------
                                     29 ; internal ram data
                                     30 ;--------------------------------------------------------
                                     31 	.area DSEG    (DATA)
                                     32 ;--------------------------------------------------------
                                     33 ; overlayable items in internal ram 
                                     34 ;--------------------------------------------------------
                                     35 ;--------------------------------------------------------
                                     36 ; indirectly addressable internal ram data
                                     37 ;--------------------------------------------------------
                                     38 	.area ISEG    (DATA)
                                     39 ;--------------------------------------------------------
                                     40 ; absolute internal ram data
                                     41 ;--------------------------------------------------------
                                     42 	.area IABS    (ABS,DATA)
                                     43 	.area IABS    (ABS,DATA)
                                     44 ;--------------------------------------------------------
                                     45 ; bit data
                                     46 ;--------------------------------------------------------
                                     47 	.area BSEG    (BIT)
                                     48 ;--------------------------------------------------------
                                     49 ; paged external ram data
                                     50 ;--------------------------------------------------------
                                     51 	.area PSEG    (PAG,XDATA)
                                     52 ;--------------------------------------------------------
                                     53 ; external ram data
                                     54 ;--------------------------------------------------------
                                     55 	.area XSEG    (XDATA)
      000000                         56 _puts_s_1_11:
      000000                         57 	.ds 3
                                     58 ;--------------------------------------------------------
                                     59 ; absolute external ram data
                                     60 ;--------------------------------------------------------
                                     61 	.area XABS    (ABS,XDATA)
                                     62 ;--------------------------------------------------------
                                     63 ; external initialized ram data
                                     64 ;--------------------------------------------------------
                                     65 	.area XISEG   (XDATA)
                                     66 	.area HOME    (CODE)
                                     67 	.area GSINIT0 (CODE)
                                     68 	.area GSINIT1 (CODE)
                                     69 	.area GSINIT2 (CODE)
                                     70 	.area GSINIT3 (CODE)
                                     71 	.area GSINIT4 (CODE)
                                     72 	.area GSINIT5 (CODE)
                                     73 	.area GSINIT  (CODE)
                                     74 	.area GSFINAL (CODE)
                                     75 	.area CSEG    (CODE)
                                     76 ;--------------------------------------------------------
                                     77 ; global & static initialisations
                                     78 ;--------------------------------------------------------
                                     79 	.area HOME    (CODE)
                                     80 	.area GSINIT  (CODE)
                                     81 	.area GSFINAL (CODE)
                                     82 	.area GSINIT  (CODE)
                                     83 ;--------------------------------------------------------
                                     84 ; Home
                                     85 ;--------------------------------------------------------
                                     86 	.area HOME    (CODE)
                                     87 	.area HOME    (CODE)
                                     88 ;--------------------------------------------------------
                                     89 ; code
                                     90 ;--------------------------------------------------------
                                     91 	.area CSEG    (CODE)
                                     92 ;------------------------------------------------------------
                                     93 ;Allocation info for local variables in function 'puts'
                                     94 ;------------------------------------------------------------
                                     95 ;s                         Allocated with name '_puts_s_1_11'
                                     96 ;------------------------------------------------------------
                                     97 ;	puts.c:31: int puts (const char *s)
                                     98 ;	-----------------------------------------
                                     99 ;	 function puts
                                    100 ;	-----------------------------------------
      000000                        101 _puts:
                           000007   102 	ar7 = 0x07
                           000006   103 	ar6 = 0x06
                           000005   104 	ar5 = 0x05
                           000004   105 	ar4 = 0x04
                           000003   106 	ar3 = 0x03
                           000002   107 	ar2 = 0x02
                           000001   108 	ar1 = 0x01
                           000000   109 	ar0 = 0x00
      000000 AF F0            [24]  110 	mov	r7,b
      000002 AE 83            [24]  111 	mov	r6,dph
      000004 E5 82            [12]  112 	mov	a,dpl
      000006 90r00r00         [24]  113 	mov	dptr,#_puts_s_1_11
      000009 F0               [24]  114 	movx	@dptr,a
      00000A EE               [12]  115 	mov	a,r6
      00000B A3               [24]  116 	inc	dptr
      00000C F0               [24]  117 	movx	@dptr,a
      00000D EF               [12]  118 	mov	a,r7
      00000E A3               [24]  119 	inc	dptr
      00000F F0               [24]  120 	movx	@dptr,a
                                    121 ;	puts.c:33: while (*s)
      000010 90r00r00         [24]  122 	mov	dptr,#_puts_s_1_11
      000013 E0               [24]  123 	movx	a,@dptr
      000014 FD               [12]  124 	mov	r5,a
      000015 A3               [24]  125 	inc	dptr
      000016 E0               [24]  126 	movx	a,@dptr
      000017 FE               [12]  127 	mov	r6,a
      000018 A3               [24]  128 	inc	dptr
      000019 E0               [24]  129 	movx	a,@dptr
      00001A FF               [12]  130 	mov	r7,a
      00001B                        131 00103$:
      00001B 8D 82            [24]  132 	mov	dpl,r5
      00001D 8E 83            [24]  133 	mov	dph,r6
      00001F 8F F0            [24]  134 	mov	b,r7
      000021 12r00r00         [24]  135 	lcall	__gptrget
      000024 FC               [12]  136 	mov	r4,a
      000025 60 47            [24]  137 	jz	00105$
                                    138 ;	puts.c:34: if (putchar(*s++) == EOF)
      000027 0D               [12]  139 	inc	r5
      000028 BD 00 01         [24]  140 	cjne	r5,#0x00,00118$
      00002B 0E               [12]  141 	inc	r6
      00002C                        142 00118$:
      00002C 90r00r00         [24]  143 	mov	dptr,#_puts_s_1_11
      00002F ED               [12]  144 	mov	a,r5
      000030 F0               [24]  145 	movx	@dptr,a
      000031 EE               [12]  146 	mov	a,r6
      000032 A3               [24]  147 	inc	dptr
      000033 F0               [24]  148 	movx	@dptr,a
      000034 EF               [12]  149 	mov	a,r7
      000035 A3               [24]  150 	inc	dptr
      000036 F0               [24]  151 	movx	@dptr,a
      000037 7B 00            [12]  152 	mov	r3,#0x00
      000039 C0 00            [24]  153 	push	ar0
      00003B E5*00            [12]  154 	mov	a,_spx
      00003D F8               [12]  155 	mov	r0,a
      00003E 24 03            [12]  156 	add	a,#0x03
      000040 F5*00            [12]  157 	mov	_spx,a
      000042 EF               [12]  158 	mov	a,r7
      000043 F2               [24]  159 	movx	@r0,a
      000044 08               [12]  160 	inc	r0
      000045 EE               [12]  161 	mov	a,r6
      000046 F2               [24]  162 	movx	@r0,a
      000047 08               [12]  163 	inc	r0
      000048 ED               [12]  164 	mov	a,r5
      000049 F2               [24]  165 	movx	@r0,a
      00004A D0 00            [24]  166 	pop	ar0
      00004C 8C 82            [24]  167 	mov	dpl,r4
      00004E 8B 83            [24]  168 	mov	dph,r3
      000050 12r00r00         [24]  169 	lcall	_putchar
      000053 AB 82            [24]  170 	mov	r3,dpl
      000055 AC 83            [24]  171 	mov	r4,dph
      000057 A8*00            [24]  172 	mov	r0,_spx
      000059 18               [12]  173 	dec	r0
      00005A E2               [24]  174 	movx	a,@r0
      00005B FD               [12]  175 	mov	r5,a
      00005C 18               [12]  176 	dec	r0
      00005D E2               [24]  177 	movx	a,@r0
      00005E FE               [12]  178 	mov	r6,a
      00005F 18               [12]  179 	dec	r0
      000060 E2               [24]  180 	movx	a,@r0
      000061 FF               [12]  181 	mov	r7,a
      000062 88*00            [24]  182 	mov	_spx,r0
      000064 BB FF B4         [24]  183 	cjne	r3,#0xff,00103$
      000067 BC FF B1         [24]  184 	cjne	r4,#0xff,00103$
                                    185 ;	puts.c:35: return EOF;
      00006A 90 FF FF         [24]  186 	mov	dptr,#0xffff
      00006D 22               [24]  187 	ret
      00006E                        188 00105$:
                                    189 ;	puts.c:36: return putchar('\n');
      00006E 90 00 0A         [24]  190 	mov	dptr,#0x000a
      000071 02r00r00         [24]  191 	ljmp	_putchar
                                    192 	.area CSEG    (CODE)
                                    193 	.area CONST   (CODE)
                                    194 	.area XINIT   (CODE)
                                    195 	.area CABS    (ABS,CODE)
