                                      1 ;--------------------------------------------------------
                                      2 ; File Created by SDCC : free open source ANSI-C Compiler
                                      3 ; Version 3.6.3 #9771 (MSVC)
                                      4 ;--------------------------------------------------------
                                      5 	.module rand
                                      6 	.optsdcc -mmcs51 --model-large --xstack
                                      7 	
                                      8 ;--------------------------------------------------------
                                      9 ; Public variables in this module
                                     10 ;--------------------------------------------------------
                                     11 	.globl _aligned_alloc_PARM_2
                                     12 	.globl _rand
                                     13 	.globl _srand
                                     14 ;--------------------------------------------------------
                                     15 ; special function registers
                                     16 ;--------------------------------------------------------
                                     17 	.area RSEG    (ABS,DATA)
      000000                         18 	.org 0x0000
                                     19 ;--------------------------------------------------------
                                     20 ; special function bits
                                     21 ;--------------------------------------------------------
                                     22 	.area RSEG    (ABS,DATA)
      000000                         23 	.org 0x0000
                                     24 ;--------------------------------------------------------
                                     25 ; overlayable register banks
                                     26 ;--------------------------------------------------------
                                     27 	.area REG_BANK_0	(REL,OVR,DATA)
      000000                         28 	.ds 8
                                     29 ;--------------------------------------------------------
                                     30 ; internal ram data
                                     31 ;--------------------------------------------------------
                                     32 	.area DSEG    (DATA)
                                     33 ;--------------------------------------------------------
                                     34 ; overlayable items in internal ram 
                                     35 ;--------------------------------------------------------
                                     36 ;--------------------------------------------------------
                                     37 ; indirectly addressable internal ram data
                                     38 ;--------------------------------------------------------
                                     39 	.area ISEG    (DATA)
                                     40 ;--------------------------------------------------------
                                     41 ; absolute internal ram data
                                     42 ;--------------------------------------------------------
                                     43 	.area IABS    (ABS,DATA)
                                     44 	.area IABS    (ABS,DATA)
                                     45 ;--------------------------------------------------------
                                     46 ; bit data
                                     47 ;--------------------------------------------------------
                                     48 	.area BSEG    (BIT)
                                     49 ;--------------------------------------------------------
                                     50 ; paged external ram data
                                     51 ;--------------------------------------------------------
                                     52 	.area PSEG    (PAG,XDATA)
                                     53 ;--------------------------------------------------------
                                     54 ; external ram data
                                     55 ;--------------------------------------------------------
                                     56 	.area XSEG    (XDATA)
      000000                         57 _aligned_alloc_PARM_2:
      000000                         58 	.ds 2
      000002                         59 _srand_seed_1_23:
      000002                         60 	.ds 2
                                     61 ;--------------------------------------------------------
                                     62 ; absolute external ram data
                                     63 ;--------------------------------------------------------
                                     64 	.area XABS    (ABS,XDATA)
                                     65 ;--------------------------------------------------------
                                     66 ; external initialized ram data
                                     67 ;--------------------------------------------------------
                                     68 	.area XISEG   (XDATA)
      000000                         69 _next:
      000000                         70 	.ds 4
                                     71 	.area HOME    (CODE)
                                     72 	.area GSINIT0 (CODE)
                                     73 	.area GSINIT1 (CODE)
                                     74 	.area GSINIT2 (CODE)
                                     75 	.area GSINIT3 (CODE)
                                     76 	.area GSINIT4 (CODE)
                                     77 	.area GSINIT5 (CODE)
                                     78 	.area GSINIT  (CODE)
                                     79 	.area GSFINAL (CODE)
                                     80 	.area CSEG    (CODE)
                                     81 ;--------------------------------------------------------
                                     82 ; global & static initialisations
                                     83 ;--------------------------------------------------------
                                     84 	.area HOME    (CODE)
                                     85 	.area GSINIT  (CODE)
                                     86 	.area GSFINAL (CODE)
                                     87 	.area GSINIT  (CODE)
                                     88 ;--------------------------------------------------------
                                     89 ; Home
                                     90 ;--------------------------------------------------------
                                     91 	.area HOME    (CODE)
                                     92 	.area HOME    (CODE)
                                     93 ;--------------------------------------------------------
                                     94 ; code
                                     95 ;--------------------------------------------------------
                                     96 	.area CSEG    (CODE)
                                     97 ;------------------------------------------------------------
                                     98 ;Allocation info for local variables in function 'rand'
                                     99 ;------------------------------------------------------------
                                    100 ;	rand.c:33: int rand(void)
                                    101 ;	-----------------------------------------
                                    102 ;	 function rand
                                    103 ;	-----------------------------------------
      000000                        104 _rand:
                           000007   105 	ar7 = 0x07
                           000006   106 	ar6 = 0x06
                           000005   107 	ar5 = 0x05
                           000004   108 	ar4 = 0x04
                           000003   109 	ar3 = 0x03
                           000002   110 	ar2 = 0x02
                           000001   111 	ar1 = 0x01
                           000000   112 	ar0 = 0x00
                                    113 ;	rand.c:35: next = next * 1103515245UL + 12345;
      000000 90r00r00         [24]  114 	mov	dptr,#_next
      000003 E0               [24]  115 	movx	a,@dptr
      000004 FC               [12]  116 	mov	r4,a
      000005 A3               [24]  117 	inc	dptr
      000006 E0               [24]  118 	movx	a,@dptr
      000007 FD               [12]  119 	mov	r5,a
      000008 A3               [24]  120 	inc	dptr
      000009 E0               [24]  121 	movx	a,@dptr
      00000A FE               [12]  122 	mov	r6,a
      00000B A3               [24]  123 	inc	dptr
      00000C E0               [24]  124 	movx	a,@dptr
      00000D FF               [12]  125 	mov	r7,a
      00000E 90r00r00         [24]  126 	mov	dptr,#__mullong_PARM_2
      000011 EC               [12]  127 	mov	a,r4
      000012 F0               [24]  128 	movx	@dptr,a
      000013 ED               [12]  129 	mov	a,r5
      000014 A3               [24]  130 	inc	dptr
      000015 F0               [24]  131 	movx	@dptr,a
      000016 EE               [12]  132 	mov	a,r6
      000017 A3               [24]  133 	inc	dptr
      000018 F0               [24]  134 	movx	@dptr,a
      000019 EF               [12]  135 	mov	a,r7
      00001A A3               [24]  136 	inc	dptr
      00001B F0               [24]  137 	movx	@dptr,a
      00001C 90 4E 6D         [24]  138 	mov	dptr,#0x4e6d
      00001F 75 F0 C6         [24]  139 	mov	b,#0xc6
      000022 74 41            [12]  140 	mov	a,#0x41
      000024 12r00r00         [24]  141 	lcall	__mullong
      000027 AC 82            [24]  142 	mov	r4,dpl
      000029 AD 83            [24]  143 	mov	r5,dph
      00002B AE F0            [24]  144 	mov	r6,b
      00002D FF               [12]  145 	mov	r7,a
      00002E 90r00r00         [24]  146 	mov	dptr,#_next
      000031 74 39            [12]  147 	mov	a,#0x39
      000033 2C               [12]  148 	add	a,r4
      000034 F0               [24]  149 	movx	@dptr,a
      000035 74 30            [12]  150 	mov	a,#0x30
      000037 3D               [12]  151 	addc	a,r5
      000038 A3               [24]  152 	inc	dptr
      000039 F0               [24]  153 	movx	@dptr,a
      00003A E4               [12]  154 	clr	a
      00003B 3E               [12]  155 	addc	a,r6
      00003C A3               [24]  156 	inc	dptr
      00003D F0               [24]  157 	movx	@dptr,a
      00003E E4               [12]  158 	clr	a
      00003F 3F               [12]  159 	addc	a,r7
      000040 A3               [24]  160 	inc	dptr
      000041 F0               [24]  161 	movx	@dptr,a
                                    162 ;	rand.c:36: return (unsigned int)(next/65536) % (RAND_MAX + 1U);
      000042 90r00r00         [24]  163 	mov	dptr,#_next
      000045 E0               [24]  164 	movx	a,@dptr
      000046 A3               [24]  165 	inc	dptr
      000047 E0               [24]  166 	movx	a,@dptr
      000048 A3               [24]  167 	inc	dptr
      000049 E0               [24]  168 	movx	a,@dptr
      00004A FE               [12]  169 	mov	r6,a
      00004B A3               [24]  170 	inc	dptr
      00004C E0               [24]  171 	movx	a,@dptr
      00004D FF               [12]  172 	mov	r7,a
      00004E 8E 04            [24]  173 	mov	ar4,r6
      000050 8F 05            [24]  174 	mov	ar5,r7
      000052 53 05 7F         [24]  175 	anl	ar5,#0x7f
      000055 8C 82            [24]  176 	mov	dpl,r4
      000057 8D 83            [24]  177 	mov	dph,r5
      000059 22               [24]  178 	ret
                                    179 ;------------------------------------------------------------
                                    180 ;Allocation info for local variables in function 'srand'
                                    181 ;------------------------------------------------------------
                                    182 ;seed                      Allocated with name '_srand_seed_1_23'
                                    183 ;------------------------------------------------------------
                                    184 ;	rand.c:39: void srand(unsigned int seed)
                                    185 ;	-----------------------------------------
                                    186 ;	 function srand
                                    187 ;	-----------------------------------------
      00005A                        188 _srand:
      00005A AF 83            [24]  189 	mov	r7,dph
      00005C E5 82            [12]  190 	mov	a,dpl
      00005E 90r00r02         [24]  191 	mov	dptr,#_srand_seed_1_23
      000061 F0               [24]  192 	movx	@dptr,a
      000062 EF               [12]  193 	mov	a,r7
      000063 A3               [24]  194 	inc	dptr
      000064 F0               [24]  195 	movx	@dptr,a
                                    196 ;	rand.c:41: next = seed;
      000065 90r00r02         [24]  197 	mov	dptr,#_srand_seed_1_23
      000068 E0               [24]  198 	movx	a,@dptr
      000069 FE               [12]  199 	mov	r6,a
      00006A A3               [24]  200 	inc	dptr
      00006B E0               [24]  201 	movx	a,@dptr
      00006C FF               [12]  202 	mov	r7,a
      00006D 90r00r00         [24]  203 	mov	dptr,#_next
      000070 EE               [12]  204 	mov	a,r6
      000071 F0               [24]  205 	movx	@dptr,a
      000072 EF               [12]  206 	mov	a,r7
      000073 A3               [24]  207 	inc	dptr
      000074 F0               [24]  208 	movx	@dptr,a
      000075 E4               [12]  209 	clr	a
      000076 A3               [24]  210 	inc	dptr
      000077 F0               [24]  211 	movx	@dptr,a
      000078 A3               [24]  212 	inc	dptr
      000079 F0               [24]  213 	movx	@dptr,a
      00007A 22               [24]  214 	ret
                                    215 	.area CSEG    (CODE)
                                    216 	.area CONST   (CODE)
                                    217 	.area XINIT   (CODE)
      000000                        218 __xinit__next:
      000000 01 00 00 00            219 	.byte #0x01,#0x00,#0x00,#0x00	; 1
                                    220 	.area CABS    (ABS,CODE)
