                                      1 ;--------------------------------------------------------
                                      2 ; File Created by SDCC : free open source ANSI-C Compiler
                                      3 ; Version 3.6.3 #9771 (MSVC)
                                      4 ;--------------------------------------------------------
                                      5 	.module sinf
                                      6 	.optsdcc -mmcs51 --model-large --xstack
                                      7 	
                                      8 ;--------------------------------------------------------
                                      9 ; Public variables in this module
                                     10 ;--------------------------------------------------------
                                     11 	.globl _sincosf
                                     12 	.globl _sinf
                                     13 ;--------------------------------------------------------
                                     14 ; special function registers
                                     15 ;--------------------------------------------------------
                                     16 	.area RSEG    (ABS,DATA)
      000000                         17 	.org 0x0000
                                     18 ;--------------------------------------------------------
                                     19 ; special function bits
                                     20 ;--------------------------------------------------------
                                     21 	.area RSEG    (ABS,DATA)
      000000                         22 	.org 0x0000
                                     23 ;--------------------------------------------------------
                                     24 ; overlayable register banks
                                     25 ;--------------------------------------------------------
                                     26 	.area REG_BANK_0	(REL,OVR,DATA)
      000000                         27 	.ds 8
                                     28 ;--------------------------------------------------------
                                     29 ; internal ram data
                                     30 ;--------------------------------------------------------
                                     31 	.area DSEG    (DATA)
                                     32 ;--------------------------------------------------------
                                     33 ; overlayable items in internal ram 
                                     34 ;--------------------------------------------------------
                                     35 ;--------------------------------------------------------
                                     36 ; indirectly addressable internal ram data
                                     37 ;--------------------------------------------------------
                                     38 	.area ISEG    (DATA)
                                     39 ;--------------------------------------------------------
                                     40 ; absolute internal ram data
                                     41 ;--------------------------------------------------------
                                     42 	.area IABS    (ABS,DATA)
                                     43 	.area IABS    (ABS,DATA)
                                     44 ;--------------------------------------------------------
                                     45 ; bit data
                                     46 ;--------------------------------------------------------
                                     47 	.area BSEG    (BIT)
                                     48 ;--------------------------------------------------------
                                     49 ; paged external ram data
                                     50 ;--------------------------------------------------------
                                     51 	.area PSEG    (PAG,XDATA)
                                     52 ;--------------------------------------------------------
                                     53 ; external ram data
                                     54 ;--------------------------------------------------------
                                     55 	.area XSEG    (XDATA)
                                     56 ;--------------------------------------------------------
                                     57 ; absolute external ram data
                                     58 ;--------------------------------------------------------
                                     59 	.area XABS    (ABS,XDATA)
                                     60 ;--------------------------------------------------------
                                     61 ; external initialized ram data
                                     62 ;--------------------------------------------------------
                                     63 	.area XISEG   (XDATA)
                                     64 	.area HOME    (CODE)
                                     65 	.area GSINIT0 (CODE)
                                     66 	.area GSINIT1 (CODE)
                                     67 	.area GSINIT2 (CODE)
                                     68 	.area GSINIT3 (CODE)
                                     69 	.area GSINIT4 (CODE)
                                     70 	.area GSINIT5 (CODE)
                                     71 	.area GSINIT  (CODE)
                                     72 	.area GSFINAL (CODE)
                                     73 	.area CSEG    (CODE)
                                     74 ;--------------------------------------------------------
                                     75 ; global & static initialisations
                                     76 ;--------------------------------------------------------
                                     77 	.area HOME    (CODE)
                                     78 	.area GSINIT  (CODE)
                                     79 	.area GSFINAL (CODE)
                                     80 	.area GSINIT  (CODE)
                                     81 ;--------------------------------------------------------
                                     82 ; Home
                                     83 ;--------------------------------------------------------
                                     84 	.area HOME    (CODE)
                                     85 	.area HOME    (CODE)
                                     86 ;--------------------------------------------------------
                                     87 ; code
                                     88 ;--------------------------------------------------------
                                     89 	.area CSEG    (CODE)
                                     90 ;------------------------------------------------------------
                                     91 ;Allocation info for local variables in function 'sinf'
                                     92 ;------------------------------------------------------------
                                     93 ;x                         Allocated to stack - _bpx +0
                                     94 ;------------------------------------------------------------
                                     95 ;	sinf.c:36: float sinf(float x) _FLOAT_FUNC_REENTRANT
                                     96 ;	-----------------------------------------
                                     97 ;	 function sinf
                                     98 ;	-----------------------------------------
      000000                         99 _sinf:
                           000007   100 	ar7 = 0x07
                           000006   101 	ar6 = 0x06
                           000005   102 	ar5 = 0x05
                           000004   103 	ar4 = 0x04
                           000003   104 	ar3 = 0x03
                           000002   105 	ar2 = 0x02
                           000001   106 	ar1 = 0x01
                           000000   107 	ar0 = 0x00
      000000 A8*00            [24]  108 	mov	r0,_spx
      000002 05*00            [12]  109 	inc	_spx
      000004 C5*00            [12]  110 	xch	a,_bpx
      000006 F2               [24]  111 	movx	@r0,a
      000007 08               [12]  112 	inc	r0
      000008 E8               [12]  113 	mov	a,r0
      000009 C5*00            [12]  114 	xch	a,_bpx
      00000B 05*00            [12]  115 	inc	_spx
      00000D 05*00            [12]  116 	inc	_spx
      00000F 05*00            [12]  117 	inc	_spx
      000011 05*00            [12]  118 	inc	_spx
      000013 AF 82            [24]  119 	mov	r7,dpl
      000015 AE 83            [24]  120 	mov	r6,dph
      000017 AD F0            [24]  121 	mov	r5,b
      000019 FC               [12]  122 	mov	r4,a
      00001A A8*00            [24]  123 	mov	r0,_bpx
      00001C EF               [12]  124 	mov	a,r7
      00001D F2               [24]  125 	movx	@r0,a
      00001E 08               [12]  126 	inc	r0
      00001F EE               [12]  127 	mov	a,r6
      000020 F2               [24]  128 	movx	@r0,a
      000021 08               [12]  129 	inc	r0
      000022 ED               [12]  130 	mov	a,r5
      000023 F2               [24]  131 	movx	@r0,a
      000024 08               [12]  132 	inc	r0
      000025 EC               [12]  133 	mov	a,r4
      000026 F2               [24]  134 	movx	@r0,a
                                    135 ;	sinf.c:38: if (x==0.0) return 0.0;
      000027 A8*00            [24]  136 	mov	r0,_bpx
      000029 E2               [24]  137 	movx	a,@r0
      00002A FC               [12]  138 	mov	r4,a
      00002B 08               [12]  139 	inc	r0
      00002C E2               [24]  140 	movx	a,@r0
      00002D FD               [12]  141 	mov	r5,a
      00002E 08               [12]  142 	inc	r0
      00002F E2               [24]  143 	movx	a,@r0
      000030 FE               [12]  144 	mov	r6,a
      000031 08               [12]  145 	inc	r0
      000032 E2               [24]  146 	movx	a,@r0
      000033 FF               [12]  147 	mov	r7,a
      000034 A8*00            [24]  148 	mov	r0,_bpx
      000036 E2               [24]  149 	movx	a,@r0
      000037 F5 F0            [12]  150 	mov	b,a
      000039 08               [12]  151 	inc	r0
      00003A E2               [24]  152 	movx	a,@r0
      00003B 42 F0            [12]  153 	orl	b,a
      00003D 08               [12]  154 	inc	r0
      00003E E2               [24]  155 	movx	a,@r0
      00003F 42 F0            [12]  156 	orl	b,a
      000041 08               [12]  157 	inc	r0
      000042 E2               [24]  158 	movx	a,@r0
      000043 54 7F            [12]  159 	anl	a,#0x7F
      000045 45 F0            [12]  160 	orl	a,b
      000047 70 08            [24]  161 	jnz	00102$
      000049 90 00 00         [24]  162 	mov	dptr,#(0x00&0x00ff)
      00004C E4               [12]  163 	clr	a
      00004D F5 F0            [12]  164 	mov	b,a
      00004F 80 16            [24]  165 	sjmp	00103$
      000051                        166 00102$:
                                    167 ;	sinf.c:39: return sincosf(x, 0);
      000051 90r00r00         [24]  168 	mov	dptr,#_sincosf_PARM_2
      000054 E4               [12]  169 	clr	a
      000055 F0               [24]  170 	movx	@dptr,a
      000056 8C 82            [24]  171 	mov	dpl,r4
      000058 8D 83            [24]  172 	mov	dph,r5
      00005A 8E F0            [24]  173 	mov	b,r6
      00005C EF               [12]  174 	mov	a,r7
      00005D 12r00r00         [24]  175 	lcall	_sincosf
      000060 AC 82            [24]  176 	mov	r4,dpl
      000062 AD 83            [24]  177 	mov	r5,dph
      000064 AE F0            [24]  178 	mov	r6,b
      000066 FF               [12]  179 	mov	r7,a
      000067                        180 00103$:
      000067 C5*00            [12]  181 	xch	a,_bpx
      000069 F8               [12]  182 	mov	r0,a
      00006A 18               [12]  183 	dec	r0
      00006B E2               [24]  184 	movx	a,@r0
      00006C C5*00            [12]  185 	xch	a,_bpx
      00006E 88*00            [24]  186 	mov	_spx,r0
      000070 22               [24]  187 	ret
                                    188 	.area CSEG    (CODE)
                                    189 	.area CONST   (CODE)
                                    190 	.area XINIT   (CODE)
                                    191 	.area CABS    (ABS,CODE)
