                                      1 ;--------------------------------------------------------
                                      2 ; File Created by SDCC : free open source ANSI-C Compiler
                                      3 ; Version 3.6.3 #9771 (MSVC)
                                      4 ;--------------------------------------------------------
                                      5 	.module tancotf
                                      6 	.optsdcc -mmcs51 --model-large --xstack
                                      7 	
                                      8 ;--------------------------------------------------------
                                      9 ; Public variables in this module
                                     10 ;--------------------------------------------------------
                                     11 	.globl _tancotf
                                     12 	.globl _fabsf
                                     13 	.globl _tancotf_PARM_2
                                     14 ;--------------------------------------------------------
                                     15 ; special function registers
                                     16 ;--------------------------------------------------------
                                     17 	.area RSEG    (ABS,DATA)
      000000                         18 	.org 0x0000
                                     19 ;--------------------------------------------------------
                                     20 ; special function bits
                                     21 ;--------------------------------------------------------
                                     22 	.area RSEG    (ABS,DATA)
      000000                         23 	.org 0x0000
                                     24 ;--------------------------------------------------------
                                     25 ; overlayable register banks
                                     26 ;--------------------------------------------------------
                                     27 	.area REG_BANK_0	(REL,OVR,DATA)
      000000                         28 	.ds 8
                                     29 ;--------------------------------------------------------
                                     30 ; internal ram data
                                     31 ;--------------------------------------------------------
                                     32 	.area DSEG    (DATA)
      000000                         33 _tancotf_sloc0_1_0:
      000000                         34 	.ds 2
      000002                         35 _tancotf_sloc1_1_0:
      000002                         36 	.ds 4
      000006                         37 _tancotf_sloc2_1_0:
      000006                         38 	.ds 4
                                     39 ;--------------------------------------------------------
                                     40 ; overlayable items in internal ram 
                                     41 ;--------------------------------------------------------
                                     42 ;--------------------------------------------------------
                                     43 ; indirectly addressable internal ram data
                                     44 ;--------------------------------------------------------
                                     45 	.area ISEG    (DATA)
                                     46 ;--------------------------------------------------------
                                     47 ; absolute internal ram data
                                     48 ;--------------------------------------------------------
                                     49 	.area IABS    (ABS,DATA)
                                     50 	.area IABS    (ABS,DATA)
                                     51 ;--------------------------------------------------------
                                     52 ; bit data
                                     53 ;--------------------------------------------------------
                                     54 	.area BSEG    (BIT)
                                     55 ;--------------------------------------------------------
                                     56 ; paged external ram data
                                     57 ;--------------------------------------------------------
                                     58 	.area PSEG    (PAG,XDATA)
                                     59 ;--------------------------------------------------------
                                     60 ; external ram data
                                     61 ;--------------------------------------------------------
                                     62 	.area XSEG    (XDATA)
      000000                         63 _tancotf_PARM_2:
      000000                         64 	.ds 1
      000001                         65 _tancotf_x_1_25:
      000001                         66 	.ds 4
      000005                         67 _tancotf_xnum_1_26:
      000005                         68 	.ds 4
      000009                         69 _tancotf_xden_1_26:
      000009                         70 	.ds 4
                                     71 ;--------------------------------------------------------
                                     72 ; absolute external ram data
                                     73 ;--------------------------------------------------------
                                     74 	.area XABS    (ABS,XDATA)
                                     75 ;--------------------------------------------------------
                                     76 ; external initialized ram data
                                     77 ;--------------------------------------------------------
                                     78 	.area XISEG   (XDATA)
                                     79 	.area HOME    (CODE)
                                     80 	.area GSINIT0 (CODE)
                                     81 	.area GSINIT1 (CODE)
                                     82 	.area GSINIT2 (CODE)
                                     83 	.area GSINIT3 (CODE)
                                     84 	.area GSINIT4 (CODE)
                                     85 	.area GSINIT5 (CODE)
                                     86 	.area GSINIT  (CODE)
                                     87 	.area GSFINAL (CODE)
                                     88 	.area CSEG    (CODE)
                                     89 ;--------------------------------------------------------
                                     90 ; global & static initialisations
                                     91 ;--------------------------------------------------------
                                     92 	.area HOME    (CODE)
                                     93 	.area GSINIT  (CODE)
                                     94 	.area GSFINAL (CODE)
                                     95 	.area GSINIT  (CODE)
                                     96 ;--------------------------------------------------------
                                     97 ; Home
                                     98 ;--------------------------------------------------------
                                     99 	.area HOME    (CODE)
                                    100 	.area HOME    (CODE)
                                    101 ;--------------------------------------------------------
                                    102 ; code
                                    103 ;--------------------------------------------------------
                                    104 	.area CSEG    (CODE)
                                    105 ;------------------------------------------------------------
                                    106 ;Allocation info for local variables in function 'tancotf'
                                    107 ;------------------------------------------------------------
                                    108 ;sloc0                     Allocated with name '_tancotf_sloc0_1_0'
                                    109 ;sloc1                     Allocated with name '_tancotf_sloc1_1_0'
                                    110 ;sloc2                     Allocated with name '_tancotf_sloc2_1_0'
                                    111 ;iscotan                   Allocated with name '_tancotf_PARM_2'
                                    112 ;x                         Allocated with name '_tancotf_x_1_25'
                                    113 ;f                         Allocated with name '_tancotf_f_1_26'
                                    114 ;g                         Allocated with name '_tancotf_g_1_26'
                                    115 ;xn                        Allocated with name '_tancotf_xn_1_26'
                                    116 ;xnum                      Allocated with name '_tancotf_xnum_1_26'
                                    117 ;xden                      Allocated with name '_tancotf_xden_1_26'
                                    118 ;n                         Allocated with name '_tancotf_n_1_26'
                                    119 ;------------------------------------------------------------
                                    120 ;	tancotf.c:53: float tancotf(float x, bool iscotan)
                                    121 ;	-----------------------------------------
                                    122 ;	 function tancotf
                                    123 ;	-----------------------------------------
      000000                        124 _tancotf:
                           000007   125 	ar7 = 0x07
                           000006   126 	ar6 = 0x06
                           000005   127 	ar5 = 0x05
                           000004   128 	ar4 = 0x04
                           000003   129 	ar3 = 0x03
                           000002   130 	ar2 = 0x02
                           000001   131 	ar1 = 0x01
                           000000   132 	ar0 = 0x00
      000000 AF 82            [24]  133 	mov	r7,dpl
      000002 AE 83            [24]  134 	mov	r6,dph
      000004 AD F0            [24]  135 	mov	r5,b
      000006 FC               [12]  136 	mov	r4,a
      000007 90r00r01         [24]  137 	mov	dptr,#_tancotf_x_1_25
      00000A EF               [12]  138 	mov	a,r7
      00000B F0               [24]  139 	movx	@dptr,a
      00000C EE               [12]  140 	mov	a,r6
      00000D A3               [24]  141 	inc	dptr
      00000E F0               [24]  142 	movx	@dptr,a
      00000F ED               [12]  143 	mov	a,r5
      000010 A3               [24]  144 	inc	dptr
      000011 F0               [24]  145 	movx	@dptr,a
      000012 EC               [12]  146 	mov	a,r4
      000013 A3               [24]  147 	inc	dptr
      000014 F0               [24]  148 	movx	@dptr,a
                                    149 ;	tancotf.c:58: if (fabsf(x) > YMAX)
      000015 90r00r01         [24]  150 	mov	dptr,#_tancotf_x_1_25
      000018 E0               [24]  151 	movx	a,@dptr
      000019 FC               [12]  152 	mov	r4,a
      00001A A3               [24]  153 	inc	dptr
      00001B E0               [24]  154 	movx	a,@dptr
      00001C FD               [12]  155 	mov	r5,a
      00001D A3               [24]  156 	inc	dptr
      00001E E0               [24]  157 	movx	a,@dptr
      00001F FE               [12]  158 	mov	r6,a
      000020 A3               [24]  159 	inc	dptr
      000021 E0               [24]  160 	movx	a,@dptr
      000022 FF               [12]  161 	mov	r7,a
      000023 C0 00            [24]  162 	push	ar0
      000025 E5*00            [12]  163 	mov	a,_spx
      000027 F8               [12]  164 	mov	r0,a
      000028 24 04            [12]  165 	add	a,#0x04
      00002A F5*00            [12]  166 	mov	_spx,a
      00002C EF               [12]  167 	mov	a,r7
      00002D F2               [24]  168 	movx	@r0,a
      00002E 08               [12]  169 	inc	r0
      00002F EE               [12]  170 	mov	a,r6
      000030 F2               [24]  171 	movx	@r0,a
      000031 08               [12]  172 	inc	r0
      000032 ED               [12]  173 	mov	a,r5
      000033 F2               [24]  174 	movx	@r0,a
      000034 08               [12]  175 	inc	r0
      000035 EC               [12]  176 	mov	a,r4
      000036 F2               [24]  177 	movx	@r0,a
      000037 D0 00            [24]  178 	pop	ar0
      000039 8C 82            [24]  179 	mov	dpl,r4
      00003B 8D 83            [24]  180 	mov	dph,r5
      00003D 8E F0            [24]  181 	mov	b,r6
      00003F EF               [12]  182 	mov	a,r7
      000040 12r00r00         [24]  183 	lcall	_fabsf
      000043 A8 82            [24]  184 	mov	r0,dpl
      000045 A9 83            [24]  185 	mov	r1,dph
      000047 AA F0            [24]  186 	mov	r2,b
      000049 FB               [12]  187 	mov	r3,a
      00004A C0 00            [24]  188 	push	ar0
      00004C A8*00            [24]  189 	mov	r0,_spx
      00004E 18               [12]  190 	dec	r0
      00004F E2               [24]  191 	movx	a,@r0
      000050 FC               [12]  192 	mov	r4,a
      000051 18               [12]  193 	dec	r0
      000052 E2               [24]  194 	movx	a,@r0
      000053 FD               [12]  195 	mov	r5,a
      000054 18               [12]  196 	dec	r0
      000055 E2               [24]  197 	movx	a,@r0
      000056 FE               [12]  198 	mov	r6,a
      000057 18               [12]  199 	dec	r0
      000058 E2               [24]  200 	movx	a,@r0
      000059 FF               [12]  201 	mov	r7,a
      00005A 88*00            [24]  202 	mov	_spx,r0
      00005C 90r00r00         [24]  203 	mov	dptr,#___fsgt_PARM_2
      00005F E4               [12]  204 	clr	a
      000060 F0               [24]  205 	movx	@dptr,a
      000061 74 08            [12]  206 	mov	a,#0x08
      000063 A3               [24]  207 	inc	dptr
      000064 F0               [24]  208 	movx	@dptr,a
      000065 74 C9            [12]  209 	mov	a,#0xc9
      000067 A3               [24]  210 	inc	dptr
      000068 F0               [24]  211 	movx	@dptr,a
      000069 74 45            [12]  212 	mov	a,#0x45
      00006B A3               [24]  213 	inc	dptr
      00006C F0               [24]  214 	movx	@dptr,a
      00006D E5*00            [12]  215 	mov	a,_spx
      00006F F8               [12]  216 	mov	r0,a
      000070 24 04            [12]  217 	add	a,#0x04
      000072 F5*00            [12]  218 	mov	_spx,a
      000074 EF               [12]  219 	mov	a,r7
      000075 F2               [24]  220 	movx	@r0,a
      000076 08               [12]  221 	inc	r0
      000077 EE               [12]  222 	mov	a,r6
      000078 F2               [24]  223 	movx	@r0,a
      000079 08               [12]  224 	inc	r0
      00007A ED               [12]  225 	mov	a,r5
      00007B F2               [24]  226 	movx	@r0,a
      00007C 08               [12]  227 	inc	r0
      00007D EC               [12]  228 	mov	a,r4
      00007E F2               [24]  229 	movx	@r0,a
      00007F D0 00            [24]  230 	pop	ar0
      000081 88 82            [24]  231 	mov	dpl,r0
      000083 89 83            [24]  232 	mov	dph,r1
      000085 8A F0            [24]  233 	mov	b,r2
      000087 EB               [12]  234 	mov	a,r3
      000088 12r00r00         [24]  235 	lcall	___fsgt
      00008B E5 82            [12]  236 	mov	a,dpl
      00008D C0 E0            [24]  237 	push	acc
      00008F A8*00            [24]  238 	mov	r0,_spx
      000091 18               [12]  239 	dec	r0
      000092 E2               [24]  240 	movx	a,@r0
      000093 FC               [12]  241 	mov	r4,a
      000094 18               [12]  242 	dec	r0
      000095 E2               [24]  243 	movx	a,@r0
      000096 FD               [12]  244 	mov	r5,a
      000097 18               [12]  245 	dec	r0
      000098 E2               [24]  246 	movx	a,@r0
      000099 FE               [12]  247 	mov	r6,a
      00009A 18               [12]  248 	dec	r0
      00009B E2               [24]  249 	movx	a,@r0
      00009C FF               [12]  250 	mov	r7,a
      00009D 88*00            [24]  251 	mov	_spx,r0
      00009F D0 E0            [24]  252 	pop	acc
      0000A1 60 10            [24]  253 	jz	00102$
                                    254 ;	tancotf.c:60: errno = ERANGE;
      0000A3 90r00r00         [24]  255 	mov	dptr,#_errno
      0000A6 74 22            [12]  256 	mov	a,#0x22
      0000A8 F0               [24]  257 	movx	@dptr,a
      0000A9 E4               [12]  258 	clr	a
      0000AA A3               [24]  259 	inc	dptr
      0000AB F0               [24]  260 	movx	@dptr,a
                                    261 ;	tancotf.c:61: return 0.0;
      0000AC 90 00 00         [24]  262 	mov	dptr,#(0x00&0x00ff)
      0000AF E4               [12]  263 	clr	a
      0000B0 F5 F0            [12]  264 	mov	b,a
      0000B2 22               [24]  265 	ret
      0000B3                        266 00102$:
                                    267 ;	tancotf.c:65: n=(x*TWO_O_PI+(x>0.0?0.5:-0.5)); /*works for +-x*/
      0000B3 90r00r00         [24]  268 	mov	dptr,#___fsmul_PARM_2
      0000B6 EC               [12]  269 	mov	a,r4
      0000B7 F0               [24]  270 	movx	@dptr,a
      0000B8 ED               [12]  271 	mov	a,r5
      0000B9 A3               [24]  272 	inc	dptr
      0000BA F0               [24]  273 	movx	@dptr,a
      0000BB EE               [12]  274 	mov	a,r6
      0000BC A3               [24]  275 	inc	dptr
      0000BD F0               [24]  276 	movx	@dptr,a
      0000BE EF               [12]  277 	mov	a,r7
      0000BF A3               [24]  278 	inc	dptr
      0000C0 F0               [24]  279 	movx	@dptr,a
      0000C1 C0 00            [24]  280 	push	ar0
      0000C3 E5*00            [12]  281 	mov	a,_spx
      0000C5 F8               [12]  282 	mov	r0,a
      0000C6 24 04            [12]  283 	add	a,#0x04
      0000C8 F5*00            [12]  284 	mov	_spx,a
      0000CA EF               [12]  285 	mov	a,r7
      0000CB F2               [24]  286 	movx	@r0,a
      0000CC 08               [12]  287 	inc	r0
      0000CD EE               [12]  288 	mov	a,r6
      0000CE F2               [24]  289 	movx	@r0,a
      0000CF 08               [12]  290 	inc	r0
      0000D0 ED               [12]  291 	mov	a,r5
      0000D1 F2               [24]  292 	movx	@r0,a
      0000D2 08               [12]  293 	inc	r0
      0000D3 EC               [12]  294 	mov	a,r4
      0000D4 F2               [24]  295 	movx	@r0,a
      0000D5 D0 00            [24]  296 	pop	ar0
      0000D7 90 F9 83         [24]  297 	mov	dptr,#0xf983
      0000DA 75 F0 22         [24]  298 	mov	b,#0x22
      0000DD 74 3F            [12]  299 	mov	a,#0x3f
      0000DF 12r00r00         [24]  300 	lcall	___fsmul
      0000E2 A8 82            [24]  301 	mov	r0,dpl
      0000E4 A9 83            [24]  302 	mov	r1,dph
      0000E6 AA F0            [24]  303 	mov	r2,b
      0000E8 FB               [12]  304 	mov	r3,a
      0000E9 C0 00            [24]  305 	push	ar0
      0000EB A8*00            [24]  306 	mov	r0,_spx
      0000ED 18               [12]  307 	dec	r0
      0000EE E2               [24]  308 	movx	a,@r0
      0000EF FC               [12]  309 	mov	r4,a
      0000F0 18               [12]  310 	dec	r0
      0000F1 E2               [24]  311 	movx	a,@r0
      0000F2 FD               [12]  312 	mov	r5,a
      0000F3 18               [12]  313 	dec	r0
      0000F4 E2               [24]  314 	movx	a,@r0
      0000F5 FE               [12]  315 	mov	r6,a
      0000F6 18               [12]  316 	dec	r0
      0000F7 E2               [24]  317 	movx	a,@r0
      0000F8 FF               [12]  318 	mov	r7,a
      0000F9 88*00            [24]  319 	mov	_spx,r0
      0000FB 90r00r00         [24]  320 	mov	dptr,#___fsgt_PARM_2
      0000FE E4               [12]  321 	clr	a
      0000FF F0               [24]  322 	movx	@dptr,a
      000100 A3               [24]  323 	inc	dptr
      000101 F0               [24]  324 	movx	@dptr,a
      000102 A3               [24]  325 	inc	dptr
      000103 F0               [24]  326 	movx	@dptr,a
      000104 A3               [24]  327 	inc	dptr
      000105 F0               [24]  328 	movx	@dptr,a
      000106 E5*00            [12]  329 	mov	a,_spx
      000108 F8               [12]  330 	mov	r0,a
      000109 24 04            [12]  331 	add	a,#0x04
      00010B F5*00            [12]  332 	mov	_spx,a
      00010D EB               [12]  333 	mov	a,r3
      00010E F2               [24]  334 	movx	@r0,a
      00010F 08               [12]  335 	inc	r0
      000110 EA               [12]  336 	mov	a,r2
      000111 F2               [24]  337 	movx	@r0,a
      000112 08               [12]  338 	inc	r0
      000113 E9               [12]  339 	mov	a,r1
      000114 F2               [24]  340 	movx	@r0,a
      000115 08               [12]  341 	inc	r0
      000116 D0 E0            [24]  342 	pop	acc
      000118 C0 E0            [24]  343 	push	acc
      00011A F2               [24]  344 	movx	@r0,a
      00011B D0 00            [24]  345 	pop	ar0
      00011D 8C 82            [24]  346 	mov	dpl,r4
      00011F 8D 83            [24]  347 	mov	dph,r5
      000121 8E F0            [24]  348 	mov	b,r6
      000123 EF               [12]  349 	mov	a,r7
      000124 12r00r00         [24]  350 	lcall	___fsgt
      000127 E5 82            [12]  351 	mov	a,dpl
      000129 C0 E0            [24]  352 	push	acc
      00012B A8*00            [24]  353 	mov	r0,_spx
      00012D 18               [12]  354 	dec	r0
      00012E E2               [24]  355 	movx	a,@r0
      00012F C0 E0            [24]  356 	push	acc
      000131 18               [12]  357 	dec	r0
      000132 E2               [24]  358 	movx	a,@r0
      000133 F9               [12]  359 	mov	r1,a
      000134 18               [12]  360 	dec	r0
      000135 E2               [24]  361 	movx	a,@r0
      000136 FA               [12]  362 	mov	r2,a
      000137 18               [12]  363 	dec	r0
      000138 E2               [24]  364 	movx	a,@r0
      000139 FB               [12]  365 	mov	r3,a
      00013A 88*00            [24]  366 	mov	_spx,r0
      00013C D0 00            [24]  367 	pop	ar0
      00013E D0 E0            [24]  368 	pop	acc
      000140 60 0A            [24]  369 	jz	00117$
      000142 7C 00            [12]  370 	mov	r4,#0x00
      000144 7D 00            [12]  371 	mov	r5,#0x00
      000146 7E 00            [12]  372 	mov	r6,#0x00
      000148 7F 3F            [12]  373 	mov	r7,#0x3f
      00014A 80 08            [24]  374 	sjmp	00118$
      00014C                        375 00117$:
      00014C 7C 00            [12]  376 	mov	r4,#0x00
      00014E 7D 00            [12]  377 	mov	r5,#0x00
      000150 7E 00            [12]  378 	mov	r6,#0x00
      000152 7F BF            [12]  379 	mov	r7,#0xbf
      000154                        380 00118$:
      000154 90r00r00         [24]  381 	mov	dptr,#___fsadd_PARM_2
      000157 EC               [12]  382 	mov	a,r4
      000158 F0               [24]  383 	movx	@dptr,a
      000159 ED               [12]  384 	mov	a,r5
      00015A A3               [24]  385 	inc	dptr
      00015B F0               [24]  386 	movx	@dptr,a
      00015C EE               [12]  387 	mov	a,r6
      00015D A3               [24]  388 	inc	dptr
      00015E F0               [24]  389 	movx	@dptr,a
      00015F EF               [12]  390 	mov	a,r7
      000160 A3               [24]  391 	inc	dptr
      000161 F0               [24]  392 	movx	@dptr,a
      000162 88 82            [24]  393 	mov	dpl,r0
      000164 89 83            [24]  394 	mov	dph,r1
      000166 8A F0            [24]  395 	mov	b,r2
      000168 EB               [12]  396 	mov	a,r3
      000169 12r00r00         [24]  397 	lcall	___fsadd
      00016C 12r00r00         [24]  398 	lcall	___fs2sint
                                    399 ;	tancotf.c:66: xn=n;
      00016F 85 82*00         [24]  400 	mov	_tancotf_sloc0_1_0,dpl
      000172 85 83*01         [24]  401 	mov  (_tancotf_sloc0_1_0 + 1),dph
      000175 12r00r00         [24]  402 	lcall	___sint2fs
      000178 AA 82            [24]  403 	mov	r2,dpl
      00017A AB 83            [24]  404 	mov	r3,dph
      00017C AC F0            [24]  405 	mov	r4,b
      00017E FD               [12]  406 	mov	r5,a
                                    407 ;	tancotf.c:68: xnum=(int)x;
      00017F 90r00r01         [24]  408 	mov	dptr,#_tancotf_x_1_25
      000182 E0               [24]  409 	movx	a,@dptr
      000183 F5*02            [12]  410 	mov	_tancotf_sloc1_1_0,a
      000185 A3               [24]  411 	inc	dptr
      000186 E0               [24]  412 	movx	a,@dptr
      000187 F5*03            [12]  413 	mov	(_tancotf_sloc1_1_0 + 1),a
      000189 A3               [24]  414 	inc	dptr
      00018A E0               [24]  415 	movx	a,@dptr
      00018B F5*04            [12]  416 	mov	(_tancotf_sloc1_1_0 + 2),a
      00018D A3               [24]  417 	inc	dptr
      00018E E0               [24]  418 	movx	a,@dptr
      00018F F5*05            [12]  419 	mov	(_tancotf_sloc1_1_0 + 3),a
      000191 C0 00            [24]  420 	push	ar0
      000193 E5*00            [12]  421 	mov	a,_spx
      000195 F8               [12]  422 	mov	r0,a
      000196 24 04            [12]  423 	add	a,#0x04
      000198 F5*00            [12]  424 	mov	_spx,a
      00019A ED               [12]  425 	mov	a,r5
      00019B F2               [24]  426 	movx	@r0,a
      00019C 08               [12]  427 	inc	r0
      00019D EC               [12]  428 	mov	a,r4
      00019E F2               [24]  429 	movx	@r0,a
      00019F 08               [12]  430 	inc	r0
      0001A0 EB               [12]  431 	mov	a,r3
      0001A1 F2               [24]  432 	movx	@r0,a
      0001A2 08               [12]  433 	inc	r0
      0001A3 EA               [12]  434 	mov	a,r2
      0001A4 F2               [24]  435 	movx	@r0,a
      0001A5 D0 00            [24]  436 	pop	ar0
      0001A7 85*02 82         [24]  437 	mov	dpl,_tancotf_sloc1_1_0
      0001AA 85*03 83         [24]  438 	mov	dph,(_tancotf_sloc1_1_0 + 1)
      0001AD 85*04 F0         [24]  439 	mov	b,(_tancotf_sloc1_1_0 + 2)
      0001B0 E5*05            [12]  440 	mov	a,(_tancotf_sloc1_1_0 + 3)
      0001B2 12r00r00         [24]  441 	lcall	___fs2sint
      0001B5 AE 82            [24]  442 	mov	r6,dpl
      0001B7 AF 83            [24]  443 	mov	r7,dph
      0001B9 A8*00            [24]  444 	mov	r0,_spx
      0001BB 18               [12]  445 	dec	r0
      0001BC E2               [24]  446 	movx	a,@r0
      0001BD FA               [12]  447 	mov	r2,a
      0001BE 18               [12]  448 	dec	r0
      0001BF E2               [24]  449 	movx	a,@r0
      0001C0 FB               [12]  450 	mov	r3,a
      0001C1 18               [12]  451 	dec	r0
      0001C2 E2               [24]  452 	movx	a,@r0
      0001C3 FC               [12]  453 	mov	r4,a
      0001C4 18               [12]  454 	dec	r0
      0001C5 E2               [24]  455 	movx	a,@r0
      0001C6 FD               [12]  456 	mov	r5,a
      0001C7 88*00            [24]  457 	mov	_spx,r0
      0001C9 C0 00            [24]  458 	push	ar0
      0001CB E5*00            [12]  459 	mov	a,_spx
      0001CD F8               [12]  460 	mov	r0,a
      0001CE 24 04            [12]  461 	add	a,#0x04
      0001D0 F5*00            [12]  462 	mov	_spx,a
      0001D2 ED               [12]  463 	mov	a,r5
      0001D3 F2               [24]  464 	movx	@r0,a
      0001D4 08               [12]  465 	inc	r0
      0001D5 EC               [12]  466 	mov	a,r4
      0001D6 F2               [24]  467 	movx	@r0,a
      0001D7 08               [12]  468 	inc	r0
      0001D8 EB               [12]  469 	mov	a,r3
      0001D9 F2               [24]  470 	movx	@r0,a
      0001DA 08               [12]  471 	inc	r0
      0001DB EA               [12]  472 	mov	a,r2
      0001DC F2               [24]  473 	movx	@r0,a
      0001DD D0 00            [24]  474 	pop	ar0
      0001DF 8E 82            [24]  475 	mov	dpl,r6
      0001E1 8F 83            [24]  476 	mov	dph,r7
      0001E3 12r00r00         [24]  477 	lcall	___sint2fs
      0001E6 85 82*06         [24]  478 	mov	_tancotf_sloc2_1_0,dpl
      0001E9 85 83*07         [24]  479 	mov	(_tancotf_sloc2_1_0 + 1),dph
      0001EC 85 F0*08         [24]  480 	mov	(_tancotf_sloc2_1_0 + 2),b
      0001EF F5*09            [12]  481 	mov	(_tancotf_sloc2_1_0 + 3),a
      0001F1 A8*00            [24]  482 	mov	r0,_spx
      0001F3 18               [12]  483 	dec	r0
      0001F4 E2               [24]  484 	movx	a,@r0
      0001F5 FA               [12]  485 	mov	r2,a
      0001F6 18               [12]  486 	dec	r0
      0001F7 E2               [24]  487 	movx	a,@r0
      0001F8 FB               [12]  488 	mov	r3,a
      0001F9 18               [12]  489 	dec	r0
      0001FA E2               [24]  490 	movx	a,@r0
      0001FB FC               [12]  491 	mov	r4,a
      0001FC 18               [12]  492 	dec	r0
      0001FD E2               [24]  493 	movx	a,@r0
      0001FE FD               [12]  494 	mov	r5,a
      0001FF 88*00            [24]  495 	mov	_spx,r0
                                    496 ;	tancotf.c:69: xden=x-xnum;
      000201 90r00r00         [24]  497 	mov	dptr,#___fssub_PARM_2
      000204 E5*06            [12]  498 	mov	a,_tancotf_sloc2_1_0
      000206 F0               [24]  499 	movx	@dptr,a
      000207 E5*07            [12]  500 	mov	a,(_tancotf_sloc2_1_0 + 1)
      000209 A3               [24]  501 	inc	dptr
      00020A F0               [24]  502 	movx	@dptr,a
      00020B E5*08            [12]  503 	mov	a,(_tancotf_sloc2_1_0 + 2)
      00020D A3               [24]  504 	inc	dptr
      00020E F0               [24]  505 	movx	@dptr,a
      00020F E5*09            [12]  506 	mov	a,(_tancotf_sloc2_1_0 + 3)
      000211 A3               [24]  507 	inc	dptr
      000212 F0               [24]  508 	movx	@dptr,a
                                    509 ;	tancotf.c:70: f=((xnum-xn*C1)+xden)-xn*C2;
      000213 C0 00            [24]  510 	push	ar0
      000215 E5*00            [12]  511 	mov	a,_spx
      000217 F8               [12]  512 	mov	r0,a
      000218 24 04            [12]  513 	add	a,#0x04
      00021A F5*00            [12]  514 	mov	_spx,a
      00021C ED               [12]  515 	mov	a,r5
      00021D F2               [24]  516 	movx	@r0,a
      00021E 08               [12]  517 	inc	r0
      00021F EC               [12]  518 	mov	a,r4
      000220 F2               [24]  519 	movx	@r0,a
      000221 08               [12]  520 	inc	r0
      000222 EB               [12]  521 	mov	a,r3
      000223 F2               [24]  522 	movx	@r0,a
      000224 08               [12]  523 	inc	r0
      000225 EA               [12]  524 	mov	a,r2
      000226 F2               [24]  525 	movx	@r0,a
      000227 D0 00            [24]  526 	pop	ar0
      000229 85*02 82         [24]  527 	mov	dpl,_tancotf_sloc1_1_0
      00022C 85*03 83         [24]  528 	mov	dph,(_tancotf_sloc1_1_0 + 1)
      00022F 85*04 F0         [24]  529 	mov	b,(_tancotf_sloc1_1_0 + 2)
      000232 E5*05            [12]  530 	mov	a,(_tancotf_sloc1_1_0 + 3)
      000234 12r00r00         [24]  531 	lcall	___fssub
      000237 85 82*02         [24]  532 	mov	_tancotf_sloc1_1_0,dpl
      00023A 85 83*03         [24]  533 	mov	(_tancotf_sloc1_1_0 + 1),dph
      00023D 85 F0*04         [24]  534 	mov	(_tancotf_sloc1_1_0 + 2),b
      000240 F5*05            [12]  535 	mov	(_tancotf_sloc1_1_0 + 3),a
      000242 A8*00            [24]  536 	mov	r0,_spx
      000244 18               [12]  537 	dec	r0
      000245 E2               [24]  538 	movx	a,@r0
      000246 FA               [12]  539 	mov	r2,a
      000247 18               [12]  540 	dec	r0
      000248 E2               [24]  541 	movx	a,@r0
      000249 FB               [12]  542 	mov	r3,a
      00024A 18               [12]  543 	dec	r0
      00024B E2               [24]  544 	movx	a,@r0
      00024C FC               [12]  545 	mov	r4,a
      00024D 18               [12]  546 	dec	r0
      00024E E2               [24]  547 	movx	a,@r0
      00024F FD               [12]  548 	mov	r5,a
      000250 88*00            [24]  549 	mov	_spx,r0
      000252 90r00r00         [24]  550 	mov	dptr,#___fsmul_PARM_2
      000255 EA               [12]  551 	mov	a,r2
      000256 F0               [24]  552 	movx	@dptr,a
      000257 EB               [12]  553 	mov	a,r3
      000258 A3               [24]  554 	inc	dptr
      000259 F0               [24]  555 	movx	@dptr,a
      00025A EC               [12]  556 	mov	a,r4
      00025B A3               [24]  557 	inc	dptr
      00025C F0               [24]  558 	movx	@dptr,a
      00025D ED               [12]  559 	mov	a,r5
      00025E A3               [24]  560 	inc	dptr
      00025F F0               [24]  561 	movx	@dptr,a
      000260 C0 00            [24]  562 	push	ar0
      000262 E5*00            [12]  563 	mov	a,_spx
      000264 F8               [12]  564 	mov	r0,a
      000265 24 04            [12]  565 	add	a,#0x04
      000267 F5*00            [12]  566 	mov	_spx,a
      000269 ED               [12]  567 	mov	a,r5
      00026A F2               [24]  568 	movx	@r0,a
      00026B 08               [12]  569 	inc	r0
      00026C EC               [12]  570 	mov	a,r4
      00026D F2               [24]  571 	movx	@r0,a
      00026E 08               [12]  572 	inc	r0
      00026F EB               [12]  573 	mov	a,r3
      000270 F2               [24]  574 	movx	@r0,a
      000271 08               [12]  575 	inc	r0
      000272 EA               [12]  576 	mov	a,r2
      000273 F2               [24]  577 	movx	@r0,a
      000274 D0 00            [24]  578 	pop	ar0
      000276 90 00 00         [24]  579 	mov	dptr,#0x0000
      000279 75 F0 C9         [24]  580 	mov	b,#0xc9
      00027C 74 3F            [12]  581 	mov	a,#0x3f
      00027E 12r00r00         [24]  582 	lcall	___fsmul
      000281 A8 82            [24]  583 	mov	r0,dpl
      000283 A9 83            [24]  584 	mov	r1,dph
      000285 AE F0            [24]  585 	mov	r6,b
      000287 FF               [12]  586 	mov	r7,a
      000288 C0 00            [24]  587 	push	ar0
      00028A A8*00            [24]  588 	mov	r0,_spx
      00028C 18               [12]  589 	dec	r0
      00028D E2               [24]  590 	movx	a,@r0
      00028E FA               [12]  591 	mov	r2,a
      00028F 18               [12]  592 	dec	r0
      000290 E2               [24]  593 	movx	a,@r0
      000291 FB               [12]  594 	mov	r3,a
      000292 18               [12]  595 	dec	r0
      000293 E2               [24]  596 	movx	a,@r0
      000294 FC               [12]  597 	mov	r4,a
      000295 18               [12]  598 	dec	r0
      000296 E2               [24]  599 	movx	a,@r0
      000297 FD               [12]  600 	mov	r5,a
      000298 88*00            [24]  601 	mov	_spx,r0
      00029A D0 00            [24]  602 	pop	ar0
      00029C 90r00r00         [24]  603 	mov	dptr,#___fssub_PARM_2
      00029F E8               [12]  604 	mov	a,r0
      0002A0 F0               [24]  605 	movx	@dptr,a
      0002A1 E9               [12]  606 	mov	a,r1
      0002A2 A3               [24]  607 	inc	dptr
      0002A3 F0               [24]  608 	movx	@dptr,a
      0002A4 EE               [12]  609 	mov	a,r6
      0002A5 A3               [24]  610 	inc	dptr
      0002A6 F0               [24]  611 	movx	@dptr,a
      0002A7 EF               [12]  612 	mov	a,r7
      0002A8 A3               [24]  613 	inc	dptr
      0002A9 F0               [24]  614 	movx	@dptr,a
      0002AA C0 00            [24]  615 	push	ar0
      0002AC E5*00            [12]  616 	mov	a,_spx
      0002AE F8               [12]  617 	mov	r0,a
      0002AF 24 04            [12]  618 	add	a,#0x04
      0002B1 F5*00            [12]  619 	mov	_spx,a
      0002B3 ED               [12]  620 	mov	a,r5
      0002B4 F2               [24]  621 	movx	@r0,a
      0002B5 08               [12]  622 	inc	r0
      0002B6 EC               [12]  623 	mov	a,r4
      0002B7 F2               [24]  624 	movx	@r0,a
      0002B8 08               [12]  625 	inc	r0
      0002B9 EB               [12]  626 	mov	a,r3
      0002BA F2               [24]  627 	movx	@r0,a
      0002BB 08               [12]  628 	inc	r0
      0002BC EA               [12]  629 	mov	a,r2
      0002BD F2               [24]  630 	movx	@r0,a
      0002BE D0 00            [24]  631 	pop	ar0
      0002C0 85*06 82         [24]  632 	mov	dpl,_tancotf_sloc2_1_0
      0002C3 85*07 83         [24]  633 	mov	dph,(_tancotf_sloc2_1_0 + 1)
      0002C6 85*08 F0         [24]  634 	mov	b,(_tancotf_sloc2_1_0 + 2)
      0002C9 E5*09            [12]  635 	mov	a,(_tancotf_sloc2_1_0 + 3)
      0002CB 12r00r00         [24]  636 	lcall	___fssub
      0002CE A8 82            [24]  637 	mov	r0,dpl
      0002D0 A9 83            [24]  638 	mov	r1,dph
      0002D2 AE F0            [24]  639 	mov	r6,b
      0002D4 FF               [12]  640 	mov	r7,a
      0002D5 C0 00            [24]  641 	push	ar0
      0002D7 A8*00            [24]  642 	mov	r0,_spx
      0002D9 18               [12]  643 	dec	r0
      0002DA E2               [24]  644 	movx	a,@r0
      0002DB FA               [12]  645 	mov	r2,a
      0002DC 18               [12]  646 	dec	r0
      0002DD E2               [24]  647 	movx	a,@r0
      0002DE FB               [12]  648 	mov	r3,a
      0002DF 18               [12]  649 	dec	r0
      0002E0 E2               [24]  650 	movx	a,@r0
      0002E1 FC               [12]  651 	mov	r4,a
      0002E2 18               [12]  652 	dec	r0
      0002E3 E2               [24]  653 	movx	a,@r0
      0002E4 FD               [12]  654 	mov	r5,a
      0002E5 88*00            [24]  655 	mov	_spx,r0
      0002E7 90r00r00         [24]  656 	mov	dptr,#___fsadd_PARM_2
      0002EA E5*02            [12]  657 	mov	a,_tancotf_sloc1_1_0
      0002EC F0               [24]  658 	movx	@dptr,a
      0002ED E5*03            [12]  659 	mov	a,(_tancotf_sloc1_1_0 + 1)
      0002EF A3               [24]  660 	inc	dptr
      0002F0 F0               [24]  661 	movx	@dptr,a
      0002F1 E5*04            [12]  662 	mov	a,(_tancotf_sloc1_1_0 + 2)
      0002F3 A3               [24]  663 	inc	dptr
      0002F4 F0               [24]  664 	movx	@dptr,a
      0002F5 E5*05            [12]  665 	mov	a,(_tancotf_sloc1_1_0 + 3)
      0002F7 A3               [24]  666 	inc	dptr
      0002F8 F0               [24]  667 	movx	@dptr,a
      0002F9 E5*00            [12]  668 	mov	a,_spx
      0002FB F8               [12]  669 	mov	r0,a
      0002FC 24 04            [12]  670 	add	a,#0x04
      0002FE F5*00            [12]  671 	mov	_spx,a
      000300 ED               [12]  672 	mov	a,r5
      000301 F2               [24]  673 	movx	@r0,a
      000302 08               [12]  674 	inc	r0
      000303 EC               [12]  675 	mov	a,r4
      000304 F2               [24]  676 	movx	@r0,a
      000305 08               [12]  677 	inc	r0
      000306 EB               [12]  678 	mov	a,r3
      000307 F2               [24]  679 	movx	@r0,a
      000308 08               [12]  680 	inc	r0
      000309 EA               [12]  681 	mov	a,r2
      00030A F2               [24]  682 	movx	@r0,a
      00030B D0 00            [24]  683 	pop	ar0
      00030D 88 82            [24]  684 	mov	dpl,r0
      00030F 89 83            [24]  685 	mov	dph,r1
      000311 8E F0            [24]  686 	mov	b,r6
      000313 EF               [12]  687 	mov	a,r7
      000314 12r00r00         [24]  688 	lcall	___fsadd
      000317 A8 82            [24]  689 	mov	r0,dpl
      000319 A9 83            [24]  690 	mov	r1,dph
      00031B AE F0            [24]  691 	mov	r6,b
      00031D FF               [12]  692 	mov	r7,a
      00031E C0 00            [24]  693 	push	ar0
      000320 A8*00            [24]  694 	mov	r0,_spx
      000322 18               [12]  695 	dec	r0
      000323 E2               [24]  696 	movx	a,@r0
      000324 FA               [12]  697 	mov	r2,a
      000325 18               [12]  698 	dec	r0
      000326 E2               [24]  699 	movx	a,@r0
      000327 FB               [12]  700 	mov	r3,a
      000328 18               [12]  701 	dec	r0
      000329 E2               [24]  702 	movx	a,@r0
      00032A FC               [12]  703 	mov	r4,a
      00032B 18               [12]  704 	dec	r0
      00032C E2               [24]  705 	movx	a,@r0
      00032D FD               [12]  706 	mov	r5,a
      00032E 88*00            [24]  707 	mov	_spx,r0
      000330 90r00r00         [24]  708 	mov	dptr,#___fsmul_PARM_2
      000333 EA               [12]  709 	mov	a,r2
      000334 F0               [24]  710 	movx	@dptr,a
      000335 EB               [12]  711 	mov	a,r3
      000336 A3               [24]  712 	inc	dptr
      000337 F0               [24]  713 	movx	@dptr,a
      000338 EC               [12]  714 	mov	a,r4
      000339 A3               [24]  715 	inc	dptr
      00033A F0               [24]  716 	movx	@dptr,a
      00033B ED               [12]  717 	mov	a,r5
      00033C A3               [24]  718 	inc	dptr
      00033D F0               [24]  719 	movx	@dptr,a
      00033E E5*00            [12]  720 	mov	a,_spx
      000340 F8               [12]  721 	mov	r0,a
      000341 24 04            [12]  722 	add	a,#0x04
      000343 F5*00            [12]  723 	mov	_spx,a
      000345 EF               [12]  724 	mov	a,r7
      000346 F2               [24]  725 	movx	@r0,a
      000347 08               [12]  726 	inc	r0
      000348 EE               [12]  727 	mov	a,r6
      000349 F2               [24]  728 	movx	@r0,a
      00034A 08               [12]  729 	inc	r0
      00034B E9               [12]  730 	mov	a,r1
      00034C F2               [24]  731 	movx	@r0,a
      00034D 08               [12]  732 	inc	r0
      00034E D0 E0            [24]  733 	pop	acc
      000350 C0 E0            [24]  734 	push	acc
      000352 F2               [24]  735 	movx	@r0,a
      000353 D0 00            [24]  736 	pop	ar0
      000355 90 AA 22         [24]  737 	mov	dptr,#0xaa22
      000358 75 F0 FD         [24]  738 	mov	b,#0xfd
      00035B 74 39            [12]  739 	mov	a,#0x39
      00035D 12r00r00         [24]  740 	lcall	___fsmul
      000360 AA 82            [24]  741 	mov	r2,dpl
      000362 AB 83            [24]  742 	mov	r3,dph
      000364 AC F0            [24]  743 	mov	r4,b
      000366 FD               [12]  744 	mov	r5,a
      000367 A8*00            [24]  745 	mov	r0,_spx
      000369 18               [12]  746 	dec	r0
      00036A E2               [24]  747 	movx	a,@r0
      00036B C0 E0            [24]  748 	push	acc
      00036D 18               [12]  749 	dec	r0
      00036E E2               [24]  750 	movx	a,@r0
      00036F F9               [12]  751 	mov	r1,a
      000370 18               [12]  752 	dec	r0
      000371 E2               [24]  753 	movx	a,@r0
      000372 FE               [12]  754 	mov	r6,a
      000373 18               [12]  755 	dec	r0
      000374 E2               [24]  756 	movx	a,@r0
      000375 FF               [12]  757 	mov	r7,a
      000376 88*00            [24]  758 	mov	_spx,r0
      000378 D0 00            [24]  759 	pop	ar0
      00037A 90r00r00         [24]  760 	mov	dptr,#___fssub_PARM_2
      00037D EA               [12]  761 	mov	a,r2
      00037E F0               [24]  762 	movx	@dptr,a
      00037F EB               [12]  763 	mov	a,r3
      000380 A3               [24]  764 	inc	dptr
      000381 F0               [24]  765 	movx	@dptr,a
      000382 EC               [12]  766 	mov	a,r4
      000383 A3               [24]  767 	inc	dptr
      000384 F0               [24]  768 	movx	@dptr,a
      000385 ED               [12]  769 	mov	a,r5
      000386 A3               [24]  770 	inc	dptr
      000387 F0               [24]  771 	movx	@dptr,a
                                    772 ;	tancotf.c:72: if (fabsf(f) < EPS)
      000388 88 82            [24]  773 	mov	dpl,r0
      00038A 89 83            [24]  774 	mov	dph,r1
      00038C 8E F0            [24]  775 	mov	b,r6
      00038E EF               [12]  776 	mov	a,r7
      00038F 12r00r00         [24]  777 	lcall	___fssub
      000392 AC 82            [24]  778 	mov	r4,dpl
      000394 AD 83            [24]  779 	mov	r5,dph
      000396 AE F0            [24]  780 	mov	r6,b
      000398 FF               [12]  781 	mov	r7,a
      000399 C0 00            [24]  782 	push	ar0
      00039B E5*00            [12]  783 	mov	a,_spx
      00039D F8               [12]  784 	mov	r0,a
      00039E 24 04            [12]  785 	add	a,#0x04
      0003A0 F5*00            [12]  786 	mov	_spx,a
      0003A2 EF               [12]  787 	mov	a,r7
      0003A3 F2               [24]  788 	movx	@r0,a
      0003A4 08               [12]  789 	inc	r0
      0003A5 EE               [12]  790 	mov	a,r6
      0003A6 F2               [24]  791 	movx	@r0,a
      0003A7 08               [12]  792 	inc	r0
      0003A8 ED               [12]  793 	mov	a,r5
      0003A9 F2               [24]  794 	movx	@r0,a
      0003AA 08               [12]  795 	inc	r0
      0003AB EC               [12]  796 	mov	a,r4
      0003AC F2               [24]  797 	movx	@r0,a
      0003AD D0 00            [24]  798 	pop	ar0
      0003AF 8C 82            [24]  799 	mov	dpl,r4
      0003B1 8D 83            [24]  800 	mov	dph,r5
      0003B3 8E F0            [24]  801 	mov	b,r6
      0003B5 EF               [12]  802 	mov	a,r7
      0003B6 12r00r00         [24]  803 	lcall	_fabsf
      0003B9 A8 82            [24]  804 	mov	r0,dpl
      0003BB A9 83            [24]  805 	mov	r1,dph
      0003BD AA F0            [24]  806 	mov	r2,b
      0003BF FB               [12]  807 	mov	r3,a
      0003C0 C0 00            [24]  808 	push	ar0
      0003C2 A8*00            [24]  809 	mov	r0,_spx
      0003C4 18               [12]  810 	dec	r0
      0003C5 E2               [24]  811 	movx	a,@r0
      0003C6 FC               [12]  812 	mov	r4,a
      0003C7 18               [12]  813 	dec	r0
      0003C8 E2               [24]  814 	movx	a,@r0
      0003C9 FD               [12]  815 	mov	r5,a
      0003CA 18               [12]  816 	dec	r0
      0003CB E2               [24]  817 	movx	a,@r0
      0003CC FE               [12]  818 	mov	r6,a
      0003CD 18               [12]  819 	dec	r0
      0003CE E2               [24]  820 	movx	a,@r0
      0003CF FF               [12]  821 	mov	r7,a
      0003D0 88*00            [24]  822 	mov	_spx,r0
      0003D2 90r00r00         [24]  823 	mov	dptr,#___fslt_PARM_2
      0003D5 E4               [12]  824 	clr	a
      0003D6 F0               [24]  825 	movx	@dptr,a
      0003D7 A3               [24]  826 	inc	dptr
      0003D8 F0               [24]  827 	movx	@dptr,a
      0003D9 74 80            [12]  828 	mov	a,#0x80
      0003DB A3               [24]  829 	inc	dptr
      0003DC F0               [24]  830 	movx	@dptr,a
      0003DD 74 39            [12]  831 	mov	a,#0x39
      0003DF A3               [24]  832 	inc	dptr
      0003E0 F0               [24]  833 	movx	@dptr,a
      0003E1 E5*00            [12]  834 	mov	a,_spx
      0003E3 F8               [12]  835 	mov	r0,a
      0003E4 24 04            [12]  836 	add	a,#0x04
      0003E6 F5*00            [12]  837 	mov	_spx,a
      0003E8 EF               [12]  838 	mov	a,r7
      0003E9 F2               [24]  839 	movx	@r0,a
      0003EA 08               [12]  840 	inc	r0
      0003EB EE               [12]  841 	mov	a,r6
      0003EC F2               [24]  842 	movx	@r0,a
      0003ED 08               [12]  843 	inc	r0
      0003EE ED               [12]  844 	mov	a,r5
      0003EF F2               [24]  845 	movx	@r0,a
      0003F0 08               [12]  846 	inc	r0
      0003F1 EC               [12]  847 	mov	a,r4
      0003F2 F2               [24]  848 	movx	@r0,a
      0003F3 D0 00            [24]  849 	pop	ar0
      0003F5 88 82            [24]  850 	mov	dpl,r0
      0003F7 89 83            [24]  851 	mov	dph,r1
      0003F9 8A F0            [24]  852 	mov	b,r2
      0003FB EB               [12]  853 	mov	a,r3
      0003FC 12r00r00         [24]  854 	lcall	___fslt
      0003FF E5 82            [12]  855 	mov	a,dpl
      000401 C0 E0            [24]  856 	push	acc
      000403 A8*00            [24]  857 	mov	r0,_spx
      000405 18               [12]  858 	dec	r0
      000406 E2               [24]  859 	movx	a,@r0
      000407 FC               [12]  860 	mov	r4,a
      000408 18               [12]  861 	dec	r0
      000409 E2               [24]  862 	movx	a,@r0
      00040A FD               [12]  863 	mov	r5,a
      00040B 18               [12]  864 	dec	r0
      00040C E2               [24]  865 	movx	a,@r0
      00040D FE               [12]  866 	mov	r6,a
      00040E 18               [12]  867 	dec	r0
      00040F E2               [24]  868 	movx	a,@r0
      000410 FF               [12]  869 	mov	r7,a
      000411 88*00            [24]  870 	mov	_spx,r0
      000413 D0 E0            [24]  871 	pop	acc
      000415 60 20            [24]  872 	jz	00104$
                                    873 ;	tancotf.c:74: xnum = f;
      000417 90r00r05         [24]  874 	mov	dptr,#_tancotf_xnum_1_26
      00041A EC               [12]  875 	mov	a,r4
      00041B F0               [24]  876 	movx	@dptr,a
      00041C ED               [12]  877 	mov	a,r5
      00041D A3               [24]  878 	inc	dptr
      00041E F0               [24]  879 	movx	@dptr,a
      00041F EE               [12]  880 	mov	a,r6
      000420 A3               [24]  881 	inc	dptr
      000421 F0               [24]  882 	movx	@dptr,a
      000422 EF               [12]  883 	mov	a,r7
      000423 A3               [24]  884 	inc	dptr
      000424 F0               [24]  885 	movx	@dptr,a
                                    886 ;	tancotf.c:75: xden = 1.0;
      000425 90r00r09         [24]  887 	mov	dptr,#_tancotf_xden_1_26
      000428 E4               [12]  888 	clr	a
      000429 F0               [24]  889 	movx	@dptr,a
      00042A A3               [24]  890 	inc	dptr
      00042B F0               [24]  891 	movx	@dptr,a
      00042C 74 80            [12]  892 	mov	a,#0x80
      00042E A3               [24]  893 	inc	dptr
      00042F F0               [24]  894 	movx	@dptr,a
      000430 74 3F            [12]  895 	mov	a,#0x3f
      000432 A3               [24]  896 	inc	dptr
      000433 F0               [24]  897 	movx	@dptr,a
      000434 02r05rD7         [24]  898 	ljmp	00105$
      000437                        899 00104$:
                                    900 ;	tancotf.c:79: g = f*f;
      000437 90r00r00         [24]  901 	mov	dptr,#___fsmul_PARM_2
      00043A EC               [12]  902 	mov	a,r4
      00043B F0               [24]  903 	movx	@dptr,a
      00043C ED               [12]  904 	mov	a,r5
      00043D A3               [24]  905 	inc	dptr
      00043E F0               [24]  906 	movx	@dptr,a
      00043F EE               [12]  907 	mov	a,r6
      000440 A3               [24]  908 	inc	dptr
      000441 F0               [24]  909 	movx	@dptr,a
      000442 EF               [12]  910 	mov	a,r7
      000443 A3               [24]  911 	inc	dptr
      000444 F0               [24]  912 	movx	@dptr,a
                                    913 ;	tancotf.c:80: xnum = P(f,g);
      000445 C0 00            [24]  914 	push	ar0
      000447 E5*00            [12]  915 	mov	a,_spx
      000449 F8               [12]  916 	mov	r0,a
      00044A 24 04            [12]  917 	add	a,#0x04
      00044C F5*00            [12]  918 	mov	_spx,a
      00044E EF               [12]  919 	mov	a,r7
      00044F F2               [24]  920 	movx	@r0,a
      000450 08               [12]  921 	inc	r0
      000451 EE               [12]  922 	mov	a,r6
      000452 F2               [24]  923 	movx	@r0,a
      000453 08               [12]  924 	inc	r0
      000454 ED               [12]  925 	mov	a,r5
      000455 F2               [24]  926 	movx	@r0,a
      000456 08               [12]  927 	inc	r0
      000457 EC               [12]  928 	mov	a,r4
      000458 F2               [24]  929 	movx	@r0,a
      000459 D0 00            [24]  930 	pop	ar0
      00045B 8C 82            [24]  931 	mov	dpl,r4
      00045D 8D 83            [24]  932 	mov	dph,r5
      00045F 8E F0            [24]  933 	mov	b,r6
      000461 EF               [12]  934 	mov	a,r7
      000462 12r00r00         [24]  935 	lcall	___fsmul
      000465 85 82*06         [24]  936 	mov	_tancotf_sloc2_1_0,dpl
      000468 85 83*07         [24]  937 	mov	(_tancotf_sloc2_1_0 + 1),dph
      00046B 85 F0*08         [24]  938 	mov	(_tancotf_sloc2_1_0 + 2),b
      00046E F5*09            [12]  939 	mov	(_tancotf_sloc2_1_0 + 3),a
      000470 A8*00            [24]  940 	mov	r0,_spx
      000472 18               [12]  941 	dec	r0
      000473 E2               [24]  942 	movx	a,@r0
      000474 FC               [12]  943 	mov	r4,a
      000475 18               [12]  944 	dec	r0
      000476 E2               [24]  945 	movx	a,@r0
      000477 FD               [12]  946 	mov	r5,a
      000478 18               [12]  947 	dec	r0
      000479 E2               [24]  948 	movx	a,@r0
      00047A FE               [12]  949 	mov	r6,a
      00047B 18               [12]  950 	dec	r0
      00047C E2               [24]  951 	movx	a,@r0
      00047D FF               [12]  952 	mov	r7,a
      00047E 88*00            [24]  953 	mov	_spx,r0
      000480 90r00r00         [24]  954 	mov	dptr,#___fsmul_PARM_2
      000483 E5*06            [12]  955 	mov	a,_tancotf_sloc2_1_0
      000485 F0               [24]  956 	movx	@dptr,a
      000486 E5*07            [12]  957 	mov	a,(_tancotf_sloc2_1_0 + 1)
      000488 A3               [24]  958 	inc	dptr
      000489 F0               [24]  959 	movx	@dptr,a
      00048A E5*08            [12]  960 	mov	a,(_tancotf_sloc2_1_0 + 2)
      00048C A3               [24]  961 	inc	dptr
      00048D F0               [24]  962 	movx	@dptr,a
      00048E E5*09            [12]  963 	mov	a,(_tancotf_sloc2_1_0 + 3)
      000490 A3               [24]  964 	inc	dptr
      000491 F0               [24]  965 	movx	@dptr,a
      000492 C0 00            [24]  966 	push	ar0
      000494 E5*00            [12]  967 	mov	a,_spx
      000496 F8               [12]  968 	mov	r0,a
      000497 24 04            [12]  969 	add	a,#0x04
      000499 F5*00            [12]  970 	mov	_spx,a
      00049B EF               [12]  971 	mov	a,r7
      00049C F2               [24]  972 	movx	@r0,a
      00049D 08               [12]  973 	inc	r0
      00049E EE               [12]  974 	mov	a,r6
      00049F F2               [24]  975 	movx	@r0,a
      0004A0 08               [12]  976 	inc	r0
      0004A1 ED               [12]  977 	mov	a,r5
      0004A2 F2               [24]  978 	movx	@r0,a
      0004A3 08               [12]  979 	inc	r0
      0004A4 EC               [12]  980 	mov	a,r4
      0004A5 F2               [24]  981 	movx	@r0,a
      0004A6 D0 00            [24]  982 	pop	ar0
      0004A8 90 33 B8         [24]  983 	mov	dptr,#0x33b8
      0004AB 75 F0 C4         [24]  984 	mov	b,#0xc4
      0004AE 74 BD            [12]  985 	mov	a,#0xbd
      0004B0 12r00r00         [24]  986 	lcall	___fsmul
      0004B3 A8 82            [24]  987 	mov	r0,dpl
      0004B5 A9 83            [24]  988 	mov	r1,dph
      0004B7 AA F0            [24]  989 	mov	r2,b
      0004B9 FB               [12]  990 	mov	r3,a
      0004BA C0 00            [24]  991 	push	ar0
      0004BC A8*00            [24]  992 	mov	r0,_spx
      0004BE 18               [12]  993 	dec	r0
      0004BF E2               [24]  994 	movx	a,@r0
      0004C0 FC               [12]  995 	mov	r4,a
      0004C1 18               [12]  996 	dec	r0
      0004C2 E2               [24]  997 	movx	a,@r0
      0004C3 FD               [12]  998 	mov	r5,a
      0004C4 18               [12]  999 	dec	r0
      0004C5 E2               [24] 1000 	movx	a,@r0
      0004C6 FE               [12] 1001 	mov	r6,a
      0004C7 18               [12] 1002 	dec	r0
      0004C8 E2               [24] 1003 	movx	a,@r0
      0004C9 FF               [12] 1004 	mov	r7,a
      0004CA 88*00            [24] 1005 	mov	_spx,r0
      0004CC 90r00r00         [24] 1006 	mov	dptr,#___fsmul_PARM_2
      0004CF EC               [12] 1007 	mov	a,r4
      0004D0 F0               [24] 1008 	movx	@dptr,a
      0004D1 ED               [12] 1009 	mov	a,r5
      0004D2 A3               [24] 1010 	inc	dptr
      0004D3 F0               [24] 1011 	movx	@dptr,a
      0004D4 EE               [12] 1012 	mov	a,r6
      0004D5 A3               [24] 1013 	inc	dptr
      0004D6 F0               [24] 1014 	movx	@dptr,a
      0004D7 EF               [12] 1015 	mov	a,r7
      0004D8 A3               [24] 1016 	inc	dptr
      0004D9 F0               [24] 1017 	movx	@dptr,a
      0004DA E5*00            [12] 1018 	mov	a,_spx
      0004DC F8               [12] 1019 	mov	r0,a
      0004DD 24 04            [12] 1020 	add	a,#0x04
      0004DF F5*00            [12] 1021 	mov	_spx,a
      0004E1 EF               [12] 1022 	mov	a,r7
      0004E2 F2               [24] 1023 	movx	@r0,a
      0004E3 08               [12] 1024 	inc	r0
      0004E4 EE               [12] 1025 	mov	a,r6
      0004E5 F2               [24] 1026 	movx	@r0,a
      0004E6 08               [12] 1027 	inc	r0
      0004E7 ED               [12] 1028 	mov	a,r5
      0004E8 F2               [24] 1029 	movx	@r0,a
      0004E9 08               [12] 1030 	inc	r0
      0004EA EC               [12] 1031 	mov	a,r4
      0004EB F2               [24] 1032 	movx	@r0,a
      0004EC D0 00            [24] 1033 	pop	ar0
      0004EE 88 82            [24] 1034 	mov	dpl,r0
      0004F0 89 83            [24] 1035 	mov	dph,r1
      0004F2 8A F0            [24] 1036 	mov	b,r2
      0004F4 EB               [12] 1037 	mov	a,r3
      0004F5 12r00r00         [24] 1038 	lcall	___fsmul
      0004F8 A8 82            [24] 1039 	mov	r0,dpl
      0004FA A9 83            [24] 1040 	mov	r1,dph
      0004FC AA F0            [24] 1041 	mov	r2,b
      0004FE FB               [12] 1042 	mov	r3,a
      0004FF C0 00            [24] 1043 	push	ar0
      000501 A8*00            [24] 1044 	mov	r0,_spx
      000503 18               [12] 1045 	dec	r0
      000504 E2               [24] 1046 	movx	a,@r0
      000505 FC               [12] 1047 	mov	r4,a
      000506 18               [12] 1048 	dec	r0
      000507 E2               [24] 1049 	movx	a,@r0
      000508 FD               [12] 1050 	mov	r5,a
      000509 18               [12] 1051 	dec	r0
      00050A E2               [24] 1052 	movx	a,@r0
      00050B FE               [12] 1053 	mov	r6,a
      00050C 18               [12] 1054 	dec	r0
      00050D E2               [24] 1055 	movx	a,@r0
      00050E FF               [12] 1056 	mov	r7,a
      00050F 88*00            [24] 1057 	mov	_spx,r0
      000511 D0 00            [24] 1058 	pop	ar0
      000513 90r00r00         [24] 1059 	mov	dptr,#___fsadd_PARM_2
      000516 EC               [12] 1060 	mov	a,r4
      000517 F0               [24] 1061 	movx	@dptr,a
      000518 ED               [12] 1062 	mov	a,r5
      000519 A3               [24] 1063 	inc	dptr
      00051A F0               [24] 1064 	movx	@dptr,a
      00051B EE               [12] 1065 	mov	a,r6
      00051C A3               [24] 1066 	inc	dptr
      00051D F0               [24] 1067 	movx	@dptr,a
      00051E EF               [12] 1068 	mov	a,r7
      00051F A3               [24] 1069 	inc	dptr
      000520 F0               [24] 1070 	movx	@dptr,a
      000521 88 82            [24] 1071 	mov	dpl,r0
      000523 89 83            [24] 1072 	mov	dph,r1
      000525 8A F0            [24] 1073 	mov	b,r2
      000527 EB               [12] 1074 	mov	a,r3
      000528 12r00r00         [24] 1075 	lcall	___fsadd
      00052B AC 82            [24] 1076 	mov	r4,dpl
      00052D AD 83            [24] 1077 	mov	r5,dph
      00052F AE F0            [24] 1078 	mov	r6,b
      000531 FF               [12] 1079 	mov	r7,a
      000532 90r00r05         [24] 1080 	mov	dptr,#_tancotf_xnum_1_26
      000535 EC               [12] 1081 	mov	a,r4
      000536 F0               [24] 1082 	movx	@dptr,a
      000537 ED               [12] 1083 	mov	a,r5
      000538 A3               [24] 1084 	inc	dptr
      000539 F0               [24] 1085 	movx	@dptr,a
      00053A EE               [12] 1086 	mov	a,r6
      00053B A3               [24] 1087 	inc	dptr
      00053C F0               [24] 1088 	movx	@dptr,a
      00053D EF               [12] 1089 	mov	a,r7
      00053E A3               [24] 1090 	inc	dptr
      00053F F0               [24] 1091 	movx	@dptr,a
                                   1092 ;	tancotf.c:81: xden = Q(g);
      000540 90r00r00         [24] 1093 	mov	dptr,#___fsmul_PARM_2
      000543 E5*06            [12] 1094 	mov	a,_tancotf_sloc2_1_0
      000545 F0               [24] 1095 	movx	@dptr,a
      000546 E5*07            [12] 1096 	mov	a,(_tancotf_sloc2_1_0 + 1)
      000548 A3               [24] 1097 	inc	dptr
      000549 F0               [24] 1098 	movx	@dptr,a
      00054A E5*08            [12] 1099 	mov	a,(_tancotf_sloc2_1_0 + 2)
      00054C A3               [24] 1100 	inc	dptr
      00054D F0               [24] 1101 	movx	@dptr,a
      00054E E5*09            [12] 1102 	mov	a,(_tancotf_sloc2_1_0 + 3)
      000550 A3               [24] 1103 	inc	dptr
      000551 F0               [24] 1104 	movx	@dptr,a
      000552 90 33 75         [24] 1105 	mov	dptr,#0x3375
      000555 75 F0 1F         [24] 1106 	mov	b,#0x1f
      000558 74 3C            [12] 1107 	mov	a,#0x3c
      00055A 12r00r00         [24] 1108 	lcall	___fsmul
      00055D AC 82            [24] 1109 	mov	r4,dpl
      00055F AD 83            [24] 1110 	mov	r5,dph
      000561 AE F0            [24] 1111 	mov	r6,b
      000563 FF               [12] 1112 	mov	r7,a
      000564 90r00r00         [24] 1113 	mov	dptr,#___fsadd_PARM_2
      000567 74 AF            [12] 1114 	mov	a,#0xaf
      000569 F0               [24] 1115 	movx	@dptr,a
      00056A 74 B7            [12] 1116 	mov	a,#0xb7
      00056C A3               [24] 1117 	inc	dptr
      00056D F0               [24] 1118 	movx	@dptr,a
      00056E 03               [12] 1119 	rr	a
      00056F A3               [24] 1120 	inc	dptr
      000570 F0               [24] 1121 	movx	@dptr,a
      000571 74 BE            [12] 1122 	mov	a,#0xbe
      000573 A3               [24] 1123 	inc	dptr
      000574 F0               [24] 1124 	movx	@dptr,a
      000575 8C 82            [24] 1125 	mov	dpl,r4
      000577 8D 83            [24] 1126 	mov	dph,r5
      000579 8E F0            [24] 1127 	mov	b,r6
      00057B EF               [12] 1128 	mov	a,r7
      00057C 12r00r00         [24] 1129 	lcall	___fsadd
      00057F AC 82            [24] 1130 	mov	r4,dpl
      000581 AD 83            [24] 1131 	mov	r5,dph
      000583 AE F0            [24] 1132 	mov	r6,b
      000585 FF               [12] 1133 	mov	r7,a
      000586 90r00r00         [24] 1134 	mov	dptr,#___fsmul_PARM_2
      000589 E5*06            [12] 1135 	mov	a,_tancotf_sloc2_1_0
      00058B F0               [24] 1136 	movx	@dptr,a
      00058C E5*07            [12] 1137 	mov	a,(_tancotf_sloc2_1_0 + 1)
      00058E A3               [24] 1138 	inc	dptr
      00058F F0               [24] 1139 	movx	@dptr,a
      000590 E5*08            [12] 1140 	mov	a,(_tancotf_sloc2_1_0 + 2)
      000592 A3               [24] 1141 	inc	dptr
      000593 F0               [24] 1142 	movx	@dptr,a
      000594 E5*09            [12] 1143 	mov	a,(_tancotf_sloc2_1_0 + 3)
      000596 A3               [24] 1144 	inc	dptr
      000597 F0               [24] 1145 	movx	@dptr,a
      000598 8C 82            [24] 1146 	mov	dpl,r4
      00059A 8D 83            [24] 1147 	mov	dph,r5
      00059C 8E F0            [24] 1148 	mov	b,r6
      00059E EF               [12] 1149 	mov	a,r7
      00059F 12r00r00         [24] 1150 	lcall	___fsmul
      0005A2 AC 82            [24] 1151 	mov	r4,dpl
      0005A4 AD 83            [24] 1152 	mov	r5,dph
      0005A6 AE F0            [24] 1153 	mov	r6,b
      0005A8 FF               [12] 1154 	mov	r7,a
      0005A9 90r00r00         [24] 1155 	mov	dptr,#___fsadd_PARM_2
      0005AC E4               [12] 1156 	clr	a
      0005AD F0               [24] 1157 	movx	@dptr,a
      0005AE A3               [24] 1158 	inc	dptr
      0005AF F0               [24] 1159 	movx	@dptr,a
      0005B0 74 80            [12] 1160 	mov	a,#0x80
      0005B2 A3               [24] 1161 	inc	dptr
      0005B3 F0               [24] 1162 	movx	@dptr,a
      0005B4 74 3F            [12] 1163 	mov	a,#0x3f
      0005B6 A3               [24] 1164 	inc	dptr
      0005B7 F0               [24] 1165 	movx	@dptr,a
      0005B8 8C 82            [24] 1166 	mov	dpl,r4
      0005BA 8D 83            [24] 1167 	mov	dph,r5
      0005BC 8E F0            [24] 1168 	mov	b,r6
      0005BE EF               [12] 1169 	mov	a,r7
      0005BF 12r00r00         [24] 1170 	lcall	___fsadd
      0005C2 AC 82            [24] 1171 	mov	r4,dpl
      0005C4 AD 83            [24] 1172 	mov	r5,dph
      0005C6 AE F0            [24] 1173 	mov	r6,b
      0005C8 FF               [12] 1174 	mov	r7,a
      0005C9 90r00r09         [24] 1175 	mov	dptr,#_tancotf_xden_1_26
      0005CC EC               [12] 1176 	mov	a,r4
      0005CD F0               [24] 1177 	movx	@dptr,a
      0005CE ED               [12] 1178 	mov	a,r5
      0005CF A3               [24] 1179 	inc	dptr
      0005D0 F0               [24] 1180 	movx	@dptr,a
      0005D1 EE               [12] 1181 	mov	a,r6
      0005D2 A3               [24] 1182 	inc	dptr
      0005D3 F0               [24] 1183 	movx	@dptr,a
      0005D4 EF               [12] 1184 	mov	a,r7
      0005D5 A3               [24] 1185 	inc	dptr
      0005D6 F0               [24] 1186 	movx	@dptr,a
      0005D7                       1187 00105$:
                                   1188 ;	tancotf.c:84: if(n&1)
      0005D7 E5*00            [12] 1189 	mov	a,_tancotf_sloc0_1_0
      0005D9 30 E0 72         [24] 1190 	jnb	acc.0,00113$
                                   1191 ;	tancotf.c:87: if(iscotan) return (-xnum/xden);
      0005DC 90r00r00         [24] 1192 	mov	dptr,#_tancotf_PARM_2
      0005DF E0               [24] 1193 	movx	a,@dptr
      0005E0 60 36            [24] 1194 	jz	00107$
      0005E2 90r00r05         [24] 1195 	mov	dptr,#_tancotf_xnum_1_26
      0005E5 E0               [24] 1196 	movx	a,@dptr
      0005E6 FC               [12] 1197 	mov	r4,a
      0005E7 A3               [24] 1198 	inc	dptr
      0005E8 E0               [24] 1199 	movx	a,@dptr
      0005E9 FD               [12] 1200 	mov	r5,a
      0005EA A3               [24] 1201 	inc	dptr
      0005EB E0               [24] 1202 	movx	a,@dptr
      0005EC FE               [12] 1203 	mov	r6,a
      0005ED A3               [24] 1204 	inc	dptr
      0005EE E0               [24] 1205 	movx	a,@dptr
      0005EF B2 E7            [12] 1206 	cpl	acc.7
      0005F1 FF               [12] 1207 	mov	r7,a
      0005F2 90r00r09         [24] 1208 	mov	dptr,#_tancotf_xden_1_26
      0005F5 E0               [24] 1209 	movx	a,@dptr
      0005F6 F8               [12] 1210 	mov	r0,a
      0005F7 A3               [24] 1211 	inc	dptr
      0005F8 E0               [24] 1212 	movx	a,@dptr
      0005F9 F9               [12] 1213 	mov	r1,a
      0005FA A3               [24] 1214 	inc	dptr
      0005FB E0               [24] 1215 	movx	a,@dptr
      0005FC FA               [12] 1216 	mov	r2,a
      0005FD A3               [24] 1217 	inc	dptr
      0005FE E0               [24] 1218 	movx	a,@dptr
      0005FF FB               [12] 1219 	mov	r3,a
      000600 90r00r00         [24] 1220 	mov	dptr,#___fsdiv_PARM_2
      000603 E8               [12] 1221 	mov	a,r0
      000604 F0               [24] 1222 	movx	@dptr,a
      000605 E9               [12] 1223 	mov	a,r1
      000606 A3               [24] 1224 	inc	dptr
      000607 F0               [24] 1225 	movx	@dptr,a
      000608 EA               [12] 1226 	mov	a,r2
      000609 A3               [24] 1227 	inc	dptr
      00060A F0               [24] 1228 	movx	@dptr,a
      00060B EB               [12] 1229 	mov	a,r3
      00060C A3               [24] 1230 	inc	dptr
      00060D F0               [24] 1231 	movx	@dptr,a
      00060E 8C 82            [24] 1232 	mov	dpl,r4
      000610 8D 83            [24] 1233 	mov	dph,r5
      000612 8E F0            [24] 1234 	mov	b,r6
      000614 EF               [12] 1235 	mov	a,r7
      000615 02r00r00         [24] 1236 	ljmp	___fsdiv
      000618                       1237 00107$:
                                   1238 ;	tancotf.c:88: else return (-xden/xnum);
      000618 90r00r09         [24] 1239 	mov	dptr,#_tancotf_xden_1_26
      00061B E0               [24] 1240 	movx	a,@dptr
      00061C FC               [12] 1241 	mov	r4,a
      00061D A3               [24] 1242 	inc	dptr
      00061E E0               [24] 1243 	movx	a,@dptr
      00061F FD               [12] 1244 	mov	r5,a
      000620 A3               [24] 1245 	inc	dptr
      000621 E0               [24] 1246 	movx	a,@dptr
      000622 FE               [12] 1247 	mov	r6,a
      000623 A3               [24] 1248 	inc	dptr
      000624 E0               [24] 1249 	movx	a,@dptr
      000625 B2 E7            [12] 1250 	cpl	acc.7
      000627 FF               [12] 1251 	mov	r7,a
      000628 90r00r05         [24] 1252 	mov	dptr,#_tancotf_xnum_1_26
      00062B E0               [24] 1253 	movx	a,@dptr
      00062C F8               [12] 1254 	mov	r0,a
      00062D A3               [24] 1255 	inc	dptr
      00062E E0               [24] 1256 	movx	a,@dptr
      00062F F9               [12] 1257 	mov	r1,a
      000630 A3               [24] 1258 	inc	dptr
      000631 E0               [24] 1259 	movx	a,@dptr
      000632 FA               [12] 1260 	mov	r2,a
      000633 A3               [24] 1261 	inc	dptr
      000634 E0               [24] 1262 	movx	a,@dptr
      000635 FB               [12] 1263 	mov	r3,a
      000636 90r00r00         [24] 1264 	mov	dptr,#___fsdiv_PARM_2
      000639 E8               [12] 1265 	mov	a,r0
      00063A F0               [24] 1266 	movx	@dptr,a
      00063B E9               [12] 1267 	mov	a,r1
      00063C A3               [24] 1268 	inc	dptr
      00063D F0               [24] 1269 	movx	@dptr,a
      00063E EA               [12] 1270 	mov	a,r2
      00063F A3               [24] 1271 	inc	dptr
      000640 F0               [24] 1272 	movx	@dptr,a
      000641 EB               [12] 1273 	mov	a,r3
      000642 A3               [24] 1274 	inc	dptr
      000643 F0               [24] 1275 	movx	@dptr,a
      000644 8C 82            [24] 1276 	mov	dpl,r4
      000646 8D 83            [24] 1277 	mov	dph,r5
      000648 8E F0            [24] 1278 	mov	b,r6
      00064A EF               [12] 1279 	mov	a,r7
      00064B 02r00r00         [24] 1280 	ljmp	___fsdiv
      00064E                       1281 00113$:
                                   1282 ;	tancotf.c:92: if(iscotan) return (xden/xnum);
      00064E 90r00r00         [24] 1283 	mov	dptr,#_tancotf_PARM_2
      000651 E0               [24] 1284 	movx	a,@dptr
      000652 60 34            [24] 1285 	jz	00110$
      000654 90r00r05         [24] 1286 	mov	dptr,#_tancotf_xnum_1_26
      000657 E0               [24] 1287 	movx	a,@dptr
      000658 FC               [12] 1288 	mov	r4,a
      000659 A3               [24] 1289 	inc	dptr
      00065A E0               [24] 1290 	movx	a,@dptr
      00065B FD               [12] 1291 	mov	r5,a
      00065C A3               [24] 1292 	inc	dptr
      00065D E0               [24] 1293 	movx	a,@dptr
      00065E FE               [12] 1294 	mov	r6,a
      00065F A3               [24] 1295 	inc	dptr
      000660 E0               [24] 1296 	movx	a,@dptr
      000661 FF               [12] 1297 	mov	r7,a
      000662 90r00r09         [24] 1298 	mov	dptr,#_tancotf_xden_1_26
      000665 E0               [24] 1299 	movx	a,@dptr
      000666 F8               [12] 1300 	mov	r0,a
      000667 A3               [24] 1301 	inc	dptr
      000668 E0               [24] 1302 	movx	a,@dptr
      000669 F9               [12] 1303 	mov	r1,a
      00066A A3               [24] 1304 	inc	dptr
      00066B E0               [24] 1305 	movx	a,@dptr
      00066C FA               [12] 1306 	mov	r2,a
      00066D A3               [24] 1307 	inc	dptr
      00066E E0               [24] 1308 	movx	a,@dptr
      00066F FB               [12] 1309 	mov	r3,a
      000670 90r00r00         [24] 1310 	mov	dptr,#___fsdiv_PARM_2
      000673 EC               [12] 1311 	mov	a,r4
      000674 F0               [24] 1312 	movx	@dptr,a
      000675 ED               [12] 1313 	mov	a,r5
      000676 A3               [24] 1314 	inc	dptr
      000677 F0               [24] 1315 	movx	@dptr,a
      000678 EE               [12] 1316 	mov	a,r6
      000679 A3               [24] 1317 	inc	dptr
      00067A F0               [24] 1318 	movx	@dptr,a
      00067B EF               [12] 1319 	mov	a,r7
      00067C A3               [24] 1320 	inc	dptr
      00067D F0               [24] 1321 	movx	@dptr,a
      00067E 88 82            [24] 1322 	mov	dpl,r0
      000680 89 83            [24] 1323 	mov	dph,r1
      000682 8A F0            [24] 1324 	mov	b,r2
      000684 EB               [12] 1325 	mov	a,r3
      000685 02r00r00         [24] 1326 	ljmp	___fsdiv
      000688                       1327 00110$:
                                   1328 ;	tancotf.c:93: else return (xnum/xden);
      000688 90r00r09         [24] 1329 	mov	dptr,#_tancotf_xden_1_26
      00068B E0               [24] 1330 	movx	a,@dptr
      00068C FC               [12] 1331 	mov	r4,a
      00068D A3               [24] 1332 	inc	dptr
      00068E E0               [24] 1333 	movx	a,@dptr
      00068F FD               [12] 1334 	mov	r5,a
      000690 A3               [24] 1335 	inc	dptr
      000691 E0               [24] 1336 	movx	a,@dptr
      000692 FE               [12] 1337 	mov	r6,a
      000693 A3               [24] 1338 	inc	dptr
      000694 E0               [24] 1339 	movx	a,@dptr
      000695 FF               [12] 1340 	mov	r7,a
      000696 90r00r05         [24] 1341 	mov	dptr,#_tancotf_xnum_1_26
      000699 E0               [24] 1342 	movx	a,@dptr
      00069A F8               [12] 1343 	mov	r0,a
      00069B A3               [24] 1344 	inc	dptr
      00069C E0               [24] 1345 	movx	a,@dptr
      00069D F9               [12] 1346 	mov	r1,a
      00069E A3               [24] 1347 	inc	dptr
      00069F E0               [24] 1348 	movx	a,@dptr
      0006A0 FA               [12] 1349 	mov	r2,a
      0006A1 A3               [24] 1350 	inc	dptr
      0006A2 E0               [24] 1351 	movx	a,@dptr
      0006A3 FB               [12] 1352 	mov	r3,a
      0006A4 90r00r00         [24] 1353 	mov	dptr,#___fsdiv_PARM_2
      0006A7 EC               [12] 1354 	mov	a,r4
      0006A8 F0               [24] 1355 	movx	@dptr,a
      0006A9 ED               [12] 1356 	mov	a,r5
      0006AA A3               [24] 1357 	inc	dptr
      0006AB F0               [24] 1358 	movx	@dptr,a
      0006AC EE               [12] 1359 	mov	a,r6
      0006AD A3               [24] 1360 	inc	dptr
      0006AE F0               [24] 1361 	movx	@dptr,a
      0006AF EF               [12] 1362 	mov	a,r7
      0006B0 A3               [24] 1363 	inc	dptr
      0006B1 F0               [24] 1364 	movx	@dptr,a
      0006B2 88 82            [24] 1365 	mov	dpl,r0
      0006B4 89 83            [24] 1366 	mov	dph,r1
      0006B6 8A F0            [24] 1367 	mov	b,r2
      0006B8 EB               [12] 1368 	mov	a,r3
      0006B9 02r00r00         [24] 1369 	ljmp	___fsdiv
                                   1370 	.area CSEG    (CODE)
                                   1371 	.area CONST   (CODE)
                                   1372 	.area XINIT   (CODE)
                                   1373 	.area CABS    (ABS,CODE)
