                                      1 ;--------------------------------------------------------
                                      2 ; File Created by SDCC : free open source ANSI-C Compiler
                                      3 ; Version 3.6.3 #9771 (MSVC)
                                      4 ;--------------------------------------------------------
                                      5 	.module tanf
                                      6 	.optsdcc -mmcs51 --model-large --xstack
                                      7 	
                                      8 ;--------------------------------------------------------
                                      9 ; Public variables in this module
                                     10 ;--------------------------------------------------------
                                     11 	.globl _tancotf
                                     12 	.globl _tanf
                                     13 ;--------------------------------------------------------
                                     14 ; special function registers
                                     15 ;--------------------------------------------------------
                                     16 	.area RSEG    (ABS,DATA)
      000000                         17 	.org 0x0000
                                     18 ;--------------------------------------------------------
                                     19 ; special function bits
                                     20 ;--------------------------------------------------------
                                     21 	.area RSEG    (ABS,DATA)
      000000                         22 	.org 0x0000
                                     23 ;--------------------------------------------------------
                                     24 ; overlayable register banks
                                     25 ;--------------------------------------------------------
                                     26 	.area REG_BANK_0	(REL,OVR,DATA)
      000000                         27 	.ds 8
                                     28 ;--------------------------------------------------------
                                     29 ; internal ram data
                                     30 ;--------------------------------------------------------
                                     31 	.area DSEG    (DATA)
                                     32 ;--------------------------------------------------------
                                     33 ; overlayable items in internal ram 
                                     34 ;--------------------------------------------------------
                                     35 ;--------------------------------------------------------
                                     36 ; indirectly addressable internal ram data
                                     37 ;--------------------------------------------------------
                                     38 	.area ISEG    (DATA)
                                     39 ;--------------------------------------------------------
                                     40 ; absolute internal ram data
                                     41 ;--------------------------------------------------------
                                     42 	.area IABS    (ABS,DATA)
                                     43 	.area IABS    (ABS,DATA)
                                     44 ;--------------------------------------------------------
                                     45 ; bit data
                                     46 ;--------------------------------------------------------
                                     47 	.area BSEG    (BIT)
                                     48 ;--------------------------------------------------------
                                     49 ; paged external ram data
                                     50 ;--------------------------------------------------------
                                     51 	.area PSEG    (PAG,XDATA)
                                     52 ;--------------------------------------------------------
                                     53 ; external ram data
                                     54 ;--------------------------------------------------------
                                     55 	.area XSEG    (XDATA)
                                     56 ;--------------------------------------------------------
                                     57 ; absolute external ram data
                                     58 ;--------------------------------------------------------
                                     59 	.area XABS    (ABS,XDATA)
                                     60 ;--------------------------------------------------------
                                     61 ; external initialized ram data
                                     62 ;--------------------------------------------------------
                                     63 	.area XISEG   (XDATA)
                                     64 	.area HOME    (CODE)
                                     65 	.area GSINIT0 (CODE)
                                     66 	.area GSINIT1 (CODE)
                                     67 	.area GSINIT2 (CODE)
                                     68 	.area GSINIT3 (CODE)
                                     69 	.area GSINIT4 (CODE)
                                     70 	.area GSINIT5 (CODE)
                                     71 	.area GSINIT  (CODE)
                                     72 	.area GSFINAL (CODE)
                                     73 	.area CSEG    (CODE)
                                     74 ;--------------------------------------------------------
                                     75 ; global & static initialisations
                                     76 ;--------------------------------------------------------
                                     77 	.area HOME    (CODE)
                                     78 	.area GSINIT  (CODE)
                                     79 	.area GSFINAL (CODE)
                                     80 	.area GSINIT  (CODE)
                                     81 ;--------------------------------------------------------
                                     82 ; Home
                                     83 ;--------------------------------------------------------
                                     84 	.area HOME    (CODE)
                                     85 	.area HOME    (CODE)
                                     86 ;--------------------------------------------------------
                                     87 ; code
                                     88 ;--------------------------------------------------------
                                     89 	.area CSEG    (CODE)
                                     90 ;------------------------------------------------------------
                                     91 ;Allocation info for local variables in function 'tanf'
                                     92 ;------------------------------------------------------------
                                     93 ;x                         Allocated to stack - _bpx +0
                                     94 ;------------------------------------------------------------
                                     95 ;	tanf.c:36: float tanf(float x) _FLOAT_FUNC_REENTRANT
                                     96 ;	-----------------------------------------
                                     97 ;	 function tanf
                                     98 ;	-----------------------------------------
      000000                         99 _tanf:
                           000007   100 	ar7 = 0x07
                           000006   101 	ar6 = 0x06
                           000005   102 	ar5 = 0x05
                           000004   103 	ar4 = 0x04
                           000003   104 	ar3 = 0x03
                           000002   105 	ar2 = 0x02
                           000001   106 	ar1 = 0x01
                           000000   107 	ar0 = 0x00
      000000 A8*00            [24]  108 	mov	r0,_spx
      000002 05*00            [12]  109 	inc	_spx
      000004 C5*00            [12]  110 	xch	a,_bpx
      000006 F2               [24]  111 	movx	@r0,a
      000007 08               [12]  112 	inc	r0
      000008 E8               [12]  113 	mov	a,r0
      000009 C5*00            [12]  114 	xch	a,_bpx
      00000B 05*00            [12]  115 	inc	_spx
      00000D 05*00            [12]  116 	inc	_spx
      00000F 05*00            [12]  117 	inc	_spx
      000011 05*00            [12]  118 	inc	_spx
      000013 AF 82            [24]  119 	mov	r7,dpl
      000015 AE 83            [24]  120 	mov	r6,dph
      000017 AD F0            [24]  121 	mov	r5,b
      000019 FC               [12]  122 	mov	r4,a
      00001A A8*00            [24]  123 	mov	r0,_bpx
      00001C EF               [12]  124 	mov	a,r7
      00001D F2               [24]  125 	movx	@r0,a
      00001E 08               [12]  126 	inc	r0
      00001F EE               [12]  127 	mov	a,r6
      000020 F2               [24]  128 	movx	@r0,a
      000021 08               [12]  129 	inc	r0
      000022 ED               [12]  130 	mov	a,r5
      000023 F2               [24]  131 	movx	@r0,a
      000024 08               [12]  132 	inc	r0
      000025 EC               [12]  133 	mov	a,r4
      000026 F2               [24]  134 	movx	@r0,a
                                    135 ;	tanf.c:38: return tancotf(x, 0);
      000027 A8*00            [24]  136 	mov	r0,_bpx
      000029 E2               [24]  137 	movx	a,@r0
      00002A FC               [12]  138 	mov	r4,a
      00002B 08               [12]  139 	inc	r0
      00002C E2               [24]  140 	movx	a,@r0
      00002D FD               [12]  141 	mov	r5,a
      00002E 08               [12]  142 	inc	r0
      00002F E2               [24]  143 	movx	a,@r0
      000030 FE               [12]  144 	mov	r6,a
      000031 08               [12]  145 	inc	r0
      000032 E2               [24]  146 	movx	a,@r0
      000033 FF               [12]  147 	mov	r7,a
      000034 90r00r00         [24]  148 	mov	dptr,#_tancotf_PARM_2
      000037 E4               [12]  149 	clr	a
      000038 F0               [24]  150 	movx	@dptr,a
      000039 8C 82            [24]  151 	mov	dpl,r4
      00003B 8D 83            [24]  152 	mov	dph,r5
      00003D 8E F0            [24]  153 	mov	b,r6
      00003F EF               [12]  154 	mov	a,r7
      000040 12r00r00         [24]  155 	lcall	_tancotf
      000043 C5*00            [12]  156 	xch	a,_bpx
      000045 F8               [12]  157 	mov	r0,a
      000046 18               [12]  158 	dec	r0
      000047 E2               [24]  159 	movx	a,@r0
      000048 C5*00            [12]  160 	xch	a,_bpx
      00004A 88*00            [24]  161 	mov	_spx,r0
      00004C 22               [24]  162 	ret
                                    163 	.area CSEG    (CODE)
                                    164 	.area CONST   (CODE)
                                    165 	.area XINIT   (CODE)
                                    166 	.area CABS    (ABS,CODE)
