c:\temp\sdcc-src-20160923-9771\sdcc\debugger\mcs51\debug\vc140.pdb
c:\temp\sdcc-src-20160923-9771\sdcc\debugger\mcs51\debug\vc140.idb
c:\temp\sdcc-src-20160923-9771\sdcc\debugger\mcs51\debug\break.obj
c:\temp\sdcc-src-20160923-9771\sdcc\debugger\mcs51\debug\cmd.obj
c:\temp\sdcc-src-20160923-9771\sdcc\debugger\mcs51\debug\newalloc.obj
c:\temp\sdcc-src-20160923-9771\sdcc\debugger\mcs51\debug\sdccerr.obj
c:\temp\sdcc-src-20160923-9771\sdcc\debugger\mcs51\debug\sdcchasht.obj
c:\temp\sdcc-src-20160923-9771\sdcc\debugger\mcs51\debug\sdccset.obj
c:\temp\sdcc-src-20160923-9771\sdcc\debugger\mcs51\debug\sdcdb.obj
c:\temp\sdcc-src-20160923-9771\sdcc\debugger\mcs51\debug\simi.obj
c:\temp\sdcc-src-20160923-9771\sdcc\debugger\mcs51\debug\symtab.obj
c:\temp\sdcc-src-20160923-9771\sdcc\bin_vc\sdcdb.ilk
c:\temp\sdcc-src-20160923-9771\sdcc\bin_vc\sdcdb.exe
c:\temp\sdcc-src-20160923-9771\sdcc\bin_vc\sdcdb.pdb
c:\temp\sdcc-src-20160923-9771\sdcc\debugger\mcs51\..\..\bin_vc\sdcdb.exe
c:\temp\sdcc-src-20160923-9771\sdcc\debugger\mcs51\debug\sdcdb.tlog\cl.command.1.tlog
c:\temp\sdcc-src-20160923-9771\sdcc\debugger\mcs51\debug\sdcdb.tlog\cl.read.1.tlog
c:\temp\sdcc-src-20160923-9771\sdcc\debugger\mcs51\debug\sdcdb.tlog\cl.write.1.tlog
c:\temp\sdcc-src-20160923-9771\sdcc\debugger\mcs51\debug\sdcdb.tlog\link.command.1.tlog
c:\temp\sdcc-src-20160923-9771\sdcc\debugger\mcs51\debug\sdcdb.tlog\link.read.1.tlog
c:\temp\sdcc-src-20160923-9771\sdcc\debugger\mcs51\debug\sdcdb.tlog\link.write.1.tlog
