c:\temp\sdcc-src-20160923-9771\sdcc\support\cpp\debug\sdcpp.bsc
c:\temp\sdcc-src-20160923-9771\sdcc\support\cpp\debug\vc140.pdb
c:\temp\sdcc-src-20160923-9771\sdcc\support\cpp\debug\vc140.idb
c:\temp\sdcc-src-20160923-9771\sdcc\support\cpp\debug\dirent.sbr
c:\temp\sdcc-src-20160923-9771\sdcc\support\cpp\debug\traditional.sbr
c:\temp\sdcc-src-20160923-9771\sdcc\support\cpp\debug\symtab.sbr
c:\temp\sdcc-src-20160923-9771\sdcc\support\cpp\debug\mkdeps.sbr
c:\temp\sdcc-src-20160923-9771\sdcc\support\cpp\debug\macro.sbr
c:\temp\sdcc-src-20160923-9771\sdcc\support\cpp\debug\line-map.sbr
c:\temp\sdcc-src-20160923-9771\sdcc\support\cpp\debug\lex.sbr
c:\temp\sdcc-src-20160923-9771\sdcc\support\cpp\debug\init.sbr
c:\temp\sdcc-src-20160923-9771\sdcc\support\cpp\debug\identifiers.sbr
c:\temp\sdcc-src-20160923-9771\sdcc\support\cpp\debug\files.sbr
c:\temp\sdcc-src-20160923-9771\sdcc\support\cpp\debug\expr.sbr
c:\temp\sdcc-src-20160923-9771\sdcc\support\cpp\debug\errors.sbr
c:\temp\sdcc-src-20160923-9771\sdcc\support\cpp\debug\directives.sbr
c:\temp\sdcc-src-20160923-9771\sdcc\support\cpp\debug\charset.sbr
c:\temp\sdcc-src-20160923-9771\sdcc\support\cpp\debug\version.sbr
c:\temp\sdcc-src-20160923-9771\sdcc\support\cpp\debug\sdcpp.sbr
c:\temp\sdcc-src-20160923-9771\sdcc\support\cpp\debug\sdcpp-opts.sbr
c:\temp\sdcc-src-20160923-9771\sdcc\support\cpp\debug\sdcpp-diagnostic.sbr
c:\temp\sdcc-src-20160923-9771\sdcc\support\cpp\debug\prefix.sbr
c:\temp\sdcc-src-20160923-9771\sdcc\support\cpp\debug\opts.sbr
c:\temp\sdcc-src-20160923-9771\sdcc\support\cpp\debug\opts.obj
c:\temp\sdcc-src-20160923-9771\sdcc\support\cpp\debug\prefix.obj
c:\temp\sdcc-src-20160923-9771\sdcc\support\cpp\debug\sdcpp-diagnostic.obj
c:\temp\sdcc-src-20160923-9771\sdcc\support\cpp\debug\sdcpp-opts.obj
c:\temp\sdcc-src-20160923-9771\sdcc\support\cpp\debug\sdcpp.obj
c:\temp\sdcc-src-20160923-9771\sdcc\support\cpp\debug\version.obj
c:\temp\sdcc-src-20160923-9771\sdcc\support\cpp\debug\charset.obj
c:\temp\sdcc-src-20160923-9771\sdcc\support\cpp\debug\directives.obj
c:\temp\sdcc-src-20160923-9771\sdcc\support\cpp\debug\errors.obj
c:\temp\sdcc-src-20160923-9771\sdcc\support\cpp\debug\expr.obj
c:\temp\sdcc-src-20160923-9771\sdcc\support\cpp\debug\files.obj
c:\temp\sdcc-src-20160923-9771\sdcc\support\cpp\debug\identifiers.obj
c:\temp\sdcc-src-20160923-9771\sdcc\support\cpp\debug\init.obj
c:\temp\sdcc-src-20160923-9771\sdcc\support\cpp\debug\lex.obj
c:\temp\sdcc-src-20160923-9771\sdcc\support\cpp\debug\line-map.obj
c:\temp\sdcc-src-20160923-9771\sdcc\support\cpp\debug\macro.obj
c:\temp\sdcc-src-20160923-9771\sdcc\support\cpp\debug\mkdeps.obj
c:\temp\sdcc-src-20160923-9771\sdcc\support\cpp\debug\symtab.obj
c:\temp\sdcc-src-20160923-9771\sdcc\support\cpp\debug\traditional.obj
c:\temp\sdcc-src-20160923-9771\sdcc\support\cpp\debug\dirent.obj
c:\temp\sdcc-src-20160923-9771\sdcc\support\cpp\debug\opts-common.sbr
c:\temp\sdcc-src-20160923-9771\sdcc\support\cpp\debug\options.sbr
c:\temp\sdcc-src-20160923-9771\sdcc\support\cpp\debug\cppdefault.sbr
c:\temp\sdcc-src-20160923-9771\sdcc\support\cpp\debug\c-ppoutput.sbr
c:\temp\sdcc-src-20160923-9771\sdcc\support\cpp\debug\c-incpath.sbr
c:\temp\sdcc-src-20160923-9771\sdcc\support\cpp\debug\xstrerror.sbr
c:\temp\sdcc-src-20160923-9771\sdcc\support\cpp\debug\xstrdup.sbr
c:\temp\sdcc-src-20160923-9771\sdcc\support\cpp\debug\xmemdup.sbr
c:\temp\sdcc-src-20160923-9771\sdcc\support\cpp\debug\xmalloc.sbr
c:\temp\sdcc-src-20160923-9771\sdcc\support\cpp\debug\xexit.sbr
c:\temp\sdcc-src-20160923-9771\sdcc\support\cpp\debug\vasprintf.sbr
c:\temp\sdcc-src-20160923-9771\sdcc\support\cpp\debug\safe-ctype.sbr
c:\temp\sdcc-src-20160923-9771\sdcc\support\cpp\debug\obstack.sbr
c:\temp\sdcc-src-20160923-9771\sdcc\support\cpp\debug\md5.sbr
c:\temp\sdcc-src-20160923-9771\sdcc\support\cpp\debug\lbasename.sbr
c:\temp\sdcc-src-20160923-9771\sdcc\support\cpp\debug\hex.sbr
c:\temp\sdcc-src-20160923-9771\sdcc\support\cpp\debug\hashtab.sbr
c:\temp\sdcc-src-20160923-9771\sdcc\support\cpp\debug\getpwd.sbr
c:\temp\sdcc-src-20160923-9771\sdcc\support\cpp\debug\fopen_unlocked.sbr
c:\temp\sdcc-src-20160923-9771\sdcc\support\cpp\debug\concat.sbr
c:\temp\sdcc-src-20160923-9771\sdcc\support\cpp\debug\concat.obj
c:\temp\sdcc-src-20160923-9771\sdcc\support\cpp\debug\fopen_unlocked.obj
c:\temp\sdcc-src-20160923-9771\sdcc\support\cpp\debug\getpwd.obj
c:\temp\sdcc-src-20160923-9771\sdcc\support\cpp\debug\hashtab.obj
c:\temp\sdcc-src-20160923-9771\sdcc\support\cpp\debug\hex.obj
c:\temp\sdcc-src-20160923-9771\sdcc\support\cpp\debug\lbasename.obj
c:\temp\sdcc-src-20160923-9771\sdcc\support\cpp\debug\md5.obj
c:\temp\sdcc-src-20160923-9771\sdcc\support\cpp\debug\obstack.obj
c:\temp\sdcc-src-20160923-9771\sdcc\support\cpp\debug\safe-ctype.obj
c:\temp\sdcc-src-20160923-9771\sdcc\support\cpp\debug\vasprintf.obj
c:\temp\sdcc-src-20160923-9771\sdcc\support\cpp\debug\xexit.obj
c:\temp\sdcc-src-20160923-9771\sdcc\support\cpp\debug\xmalloc.obj
c:\temp\sdcc-src-20160923-9771\sdcc\support\cpp\debug\xmemdup.obj
c:\temp\sdcc-src-20160923-9771\sdcc\support\cpp\debug\xstrdup.obj
c:\temp\sdcc-src-20160923-9771\sdcc\support\cpp\debug\xstrerror.obj
c:\temp\sdcc-src-20160923-9771\sdcc\support\cpp\debug\c-incpath.obj
c:\temp\sdcc-src-20160923-9771\sdcc\support\cpp\debug\c-ppoutput.obj
c:\temp\sdcc-src-20160923-9771\sdcc\support\cpp\debug\cppdefault.obj
c:\temp\sdcc-src-20160923-9771\sdcc\support\cpp\debug\options.obj
c:\temp\sdcc-src-20160923-9771\sdcc\support\cpp\debug\opts-common.obj
c:\temp\sdcc-src-20160923-9771\sdcc\support\cpp\debug\alloca.sbr
c:\temp\sdcc-src-20160923-9771\sdcc\support\cpp\debug\alloca.obj
c:\temp\sdcc-src-20160923-9771\sdcc\support\cpp\auto-host.h
c:\temp\sdcc-src-20160923-9771\sdcc\support\cpp\options.c
c:\temp\sdcc-src-20160923-9771\sdcc\support\cpp\options.h
c:\temp\sdcc-src-20160923-9771\sdcc\bin_vc\sdcpp.ilk
c:\temp\sdcc-src-20160923-9771\sdcc\bin_vc\sdcpp.exe
c:\temp\sdcc-src-20160923-9771\sdcc\support\cpp\debug\sdcpp.pdb
c:\temp\sdcc-src-20160923-9771\sdcc\support\cpp\..\..\bin_vc\sdcpp.exe
c:\temp\sdcc-src-20160923-9771\sdcc\support\cpp\debug\sdcpp.tlog\bscmake.command.1.tlog
c:\temp\sdcc-src-20160923-9771\sdcc\support\cpp\debug\sdcpp.tlog\bscmake.read.1.tlog
c:\temp\sdcc-src-20160923-9771\sdcc\support\cpp\debug\sdcpp.tlog\bscmake.write.1.tlog
c:\temp\sdcc-src-20160923-9771\sdcc\support\cpp\debug\sdcpp.tlog\cl.command.1.tlog
c:\temp\sdcc-src-20160923-9771\sdcc\support\cpp\debug\sdcpp.tlog\cl.read.1.tlog
c:\temp\sdcc-src-20160923-9771\sdcc\support\cpp\debug\sdcpp.tlog\cl.write.1.tlog
c:\temp\sdcc-src-20160923-9771\sdcc\support\cpp\debug\sdcpp.tlog\custombuild.command.1.tlog
c:\temp\sdcc-src-20160923-9771\sdcc\support\cpp\debug\sdcpp.tlog\custombuild.read.1.tlog
c:\temp\sdcc-src-20160923-9771\sdcc\support\cpp\debug\sdcpp.tlog\custombuild.write.1.tlog
c:\temp\sdcc-src-20160923-9771\sdcc\support\cpp\debug\sdcpp.tlog\link.command.1.tlog
c:\temp\sdcc-src-20160923-9771\sdcc\support\cpp\debug\sdcpp.tlog\link.read.1.tlog
c:\temp\sdcc-src-20160923-9771\sdcc\support\cpp\debug\sdcpp.tlog\link.write.1.tlog
