This file contains any messages produced by compilers while
running configure, to aid debugging if configure makes a mistake.

It was created by configure, which was
generated by GNU Autoconf 2.69.  Invocation command line was

  $ ./configure 

## --------- ##
## Platform. ##
## --------- ##

hostname = xsdfgrtvc3
uname -m = x86_64
uname -r = 2.4.1(0.293/5/3)
uname -s = CYGWIN_NT-10.0
uname -v = 2016-01-24 11:26

/usr/bin/uname -p = unknown
/bin/uname -X     = unknown

/bin/arch              = x86_64
/usr/bin/arch -k       = unknown
/usr/convex/getsysinfo = unknown
/usr/bin/hostinfo      = unknown
/bin/machine           = unknown
/usr/bin/oslevel       = unknown
/bin/universe          = unknown

PATH: /cygdrive/c/boost_1_58_0
PATH: /usr/local/bin
PATH: /usr/bin
PATH: /cygdrive/c/ProgramData/Oracle/Java/javapath
PATH: /cygdrive/c/Program Files/Common Files/Microsoft Shared/Windows Live
PATH: /cygdrive/c/Program Files (x86)/Common Files/Microsoft Shared/Windows Live
PATH: /cygdrive/c/Program Files (x86)/Intel/iCLS Client
PATH: /cygdrive/c/Program Files/Intel/iCLS Client
PATH: /cygdrive/c/WINDOWS/system32
PATH: /cygdrive/c/WINDOWS
PATH: /cygdrive/c/WINDOWS/System32/Wbem
PATH: /cygdrive/c/WINDOWS/System32/WindowsPowerShell/v1.0
PATH: /cygdrive/c/Program Files (x86)/Intel/OpenCL SDK/2.0/bin/x86
PATH: /cygdrive/c/Program Files (x86)/Intel/OpenCL SDK/2.0/bin/x64
PATH: /cygdrive/c/Program Files/Intel/Intel(R) Management Engine Components/DAL
PATH: /cygdrive/c/Program Files/Intel/Intel(R) Management Engine Components/IPT
PATH: /cygdrive/c/Program Files (x86)/Intel/Intel(R) Management Engine Components/DAL
PATH: /cygdrive/c/Program Files (x86)/Intel/Intel(R) Management Engine Components/IPT
PATH: /cygdrive/c/Program Files/Common Files/Lenovo
PATH: /cygdrive/c/Program Files (x86)/Common Files/Ulead Systems/MPEG
PATH: /cygdrive/c/Program Files (x86)/Windows Live/Shared
PATH: /cygdrive/c/SWTOOLS/ReadyApps
PATH: /cygdrive/c/Program Files (x86)/Common Files/Lenovo
PATH: /cygdrive/c/Program Files/Microsoft SQL Server/110/Tools/Binn
PATH: /cygdrive/c/Program Files (x86)/UltraEdit
PATH: /cygdrive/c/Program Files (x86)/GNU/GnuPG/pub
PATH: /cygdrive/c/Program Files/MATLAB/R2012b/runtime/win64
PATH: /cygdrive/c/Program Files/MATLAB/R2012b/bin
PATH: /cygdrive/c/Go/bin
PATH: /cygdrive/c/Program Files/doxygen/bin
PATH: /cygdrive/c/Program Files (x86)/QuickTime/QTSystem
PATH: /cygdrive/c/Program Files (x86)/Common Files/Intuit/QBPOSSDKRuntime
PATH: /cygdrive/c/Program Files/TortoiseSVN/bin
PATH: /cygdrive/c/Program Files (x86)/Windows Kits/10/Windows Performance Toolkit
PATH: /cygdrive/c/WINDOWS/system32/config/systemprofile/.dnx/bin
PATH: /cygdrive/c/Program Files/Microsoft DNX/Dnvm
PATH: /cygdrive/c/Program Files/Microsoft SQL Server/130/Tools/Binn
PATH: /cygdrive/c/Program Files/TortoiseGit/bin
PATH: /cygdrive/c/Users/lenovo/AppData/Local/Programs/Python/Python35/Scripts
PATH: /cygdrive/c/Users/lenovo/AppData/Local/Programs/Python/Python35
PATH: /cygdrive/c/boost_1_58_0
PATH: /cygdrive/c/OrCAD/OrCAD_16.6_Lite/OpenAccess/bin/win32/opt
PATH: /cygdrive/c/OrCAD/OrCAD_16.6_Lite/tools/pcb/bin
PATH: /cygdrive/c/OrCAD/OrCAD_16.6_Lite/tools/fet/bin
PATH: /cygdrive/c/OrCAD/OrCAD_16.6_Lite/tools/Capture
PATH: /cygdrive/c/OrCAD/OrCAD_16.6_Lite/tools/PSpice
PATH: /cygdrive/c/OrCAD/OrCAD_16.6_Lite/tools/specctra/bin
PATH: /cygdrive/c/OrCAD/OrCAD_16.6_Lite/tools/bin
PATH: /cygdrive/c/temp/go/bin
PATH: /cygdrive/c/sim/modeltech64_10.1d/win64
PATH: /cygdrive/c/altera/13.0sp1/modelsim_ase/win32aloem
PATH: /cygdrive/c/altera/13.1/modelsim_ase/win32aloem
PATH: /cygdrive/c/altera/15.0/modelsim_ase/win32aloem
PATH: /cygdrive/c/altera_lite/15.1/modelsim_ase/win32aloem
PATH: /cygdrive/c/altera_lite/16.0/modelsim_ase/win32aloem
PATH: /cygdrive/c/Program Files/SDCC/bin
PATH: /cygdrive/c/GnuWin32/bin
PATH: /cygdrive/c/intelFPGA_lite/16.1/modelsim_ase/win32aloem
PATH: /usr/lib/lapack


## ----------- ##
## Core tests. ##
## ----------- ##

configure:2657: checking build system type
configure:2671: result: x86_64-unknown-cygwin
configure:2691: checking host system type
configure:2704: result: x86_64-unknown-cygwin
configure:2732: checking for gawk
configure:2748: found /usr/bin/gawk
configure:2759: result: gawk
configure:2771: checking version of the package
configure:2775: result: 3.6.3
configure:2882: checking for gcc
configure:2898: found /usr/bin/gcc
configure:2909: result: gcc
configure:3138: checking for C compiler version
configure:3147: gcc --version >&5
gcc (GCC) 4.9.3
Copyright (C) 2015 Free Software Foundation, Inc.
This is free software; see the source for copying conditions.  There is NO
warranty; not even for MERCHANTABILITY or FITNESS FOR A PARTICULAR PURPOSE.

configure:3158: $? = 0
configure:3147: gcc -v >&5
Using built-in specs.
COLLECT_GCC=gcc
COLLECT_LTO_WRAPPER=/usr/lib/gcc/x86_64-pc-cygwin/4.9.3/lto-wrapper.exe
Target: x86_64-pc-cygwin
Configured with: /cygdrive/i/szsz/tmpp/gcc/gcc-4.9.3-1.x86_64/src/gcc-4.9.3/configure --srcdir=/cygdrive/i/szsz/tmpp/gcc/gcc-4.9.3-1.x86_64/src/gcc-4.9.3 --prefix=/usr --exec-prefix=/usr --localstatedir=/var --sysconfdir=/etc --docdir=/usr/share/doc/gcc --htmldir=/usr/share/doc/gcc/html -C --build=x86_64-pc-cygwin --host=x86_64-pc-cygwin --target=x86_64-pc-cygwin --without-libiconv-prefix --without-libintl-prefix --libexecdir=/usr/lib --enable-shared --enable-shared-libgcc --enable-static --enable-version-specific-runtime-libs --enable-bootstrap --enable-__cxa_atexit --with-dwarf2 --with-tune=generic --enable-languages=ada,c,c++,fortran,lto,objc,obj-c++ --enable-graphite --enable-threads=posix --enable-libatomic --enable-libgomp --disable-libitm --enable-libquadmath --enable-libquadmath-support --enable-libssp --enable-libada --enable-libgcj-sublibs --disable-java-awt --disable-symvers --with-ecj-jar=/usr/share/java/ecj.jar --with-gnu-ld --with-gnu-as --with-cloog-include=/usr/include/cloog-isl --without-libiconv-prefix --without-libintl-prefix --with-system-zlib --enable-linker-build-id
Thread model: posix
gcc version 4.9.3 (GCC) 
configure:3158: $? = 0
configure:3147: gcc -V >&5
gcc: error: unrecognized command line option '-V'
gcc: fatal error: no input files
compilation terminated.
configure:3158: $? = 1
configure:3147: gcc -qversion >&5
gcc: error: unrecognized command line option '-qversion'
gcc: fatal error: no input files
compilation terminated.
configure:3158: $? = 1
configure:3178: checking whether the C compiler works
configure:3200: gcc    conftest.c  >&5
configure:3204: $? = 0
configure:3252: result: yes
configure:3255: checking for C compiler default output file name
configure:3257: result: a.exe
configure:3263: checking for suffix of executables
configure:3270: gcc -o conftest.exe    conftest.c  >&5
configure:3274: $? = 0
configure:3296: result: .exe
configure:3318: checking whether we are cross compiling
configure:3326: gcc -o conftest.exe    conftest.c  >&5
configure:3330: $? = 0
configure:3337: ./conftest.exe
configure:3341: $? = 0
configure:3356: result: no
configure:3361: checking for suffix of object files
configure:3383: gcc -c   conftest.c >&5
configure:3387: $? = 0
configure:3408: result: o
configure:3412: checking whether we are using the GNU C compiler
configure:3431: gcc -c   conftest.c >&5
configure:3431: $? = 0
configure:3440: result: yes
configure:3449: checking whether gcc accepts -g
configure:3469: gcc -c -g  conftest.c >&5
configure:3469: $? = 0
configure:3510: result: yes
configure:3527: checking for gcc option to accept ISO C89
configure:3590: gcc  -c -g -O2  conftest.c >&5
configure:3590: $? = 0
configure:3603: result: none needed
configure:3628: checking how to run the C preprocessor
configure:3659: gcc -E  conftest.c
configure:3659: $? = 0
configure:3673: gcc -E  conftest.c
conftest.c:13:28: fatal error: ac_nonexistent.h: No such file or directory
 #include <ac_nonexistent.h>
                            ^
compilation terminated.
configure:3673: $? = 1
configure: failed program was:
| /* confdefs.h */
| #define PACKAGE_NAME ""
| #define PACKAGE_TARNAME ""
| #define PACKAGE_VERSION ""
| #define PACKAGE_STRING ""
| #define PACKAGE_BUGREPORT ""
| #define PACKAGE_URL ""
| #define SDCC_VERSION_LO 6
| #define SDCC_VERSION_HI 3
| #define SDCC_VERSION_P 3
| #define SDCC_VERSION_STR "3.6.3"
| /* end confdefs.h.  */
| #include <ac_nonexistent.h>
configure:3698: result: gcc -E
configure:3718: gcc -E  conftest.c
configure:3718: $? = 0
configure:3732: gcc -E  conftest.c
conftest.c:13:28: fatal error: ac_nonexistent.h: No such file or directory
 #include <ac_nonexistent.h>
                            ^
compilation terminated.
configure:3732: $? = 1
configure: failed program was:
| /* confdefs.h */
| #define PACKAGE_NAME ""
| #define PACKAGE_TARNAME ""
| #define PACKAGE_VERSION ""
| #define PACKAGE_STRING ""
| #define PACKAGE_BUGREPORT ""
| #define PACKAGE_URL ""
| #define SDCC_VERSION_LO 6
| #define SDCC_VERSION_HI 3
| #define SDCC_VERSION_P 3
| #define SDCC_VERSION_STR "3.6.3"
| /* end confdefs.h.  */
| #include <ac_nonexistent.h>
configure:3818: checking for g++
configure:3834: found /usr/bin/g++
configure:3845: result: g++
configure:3872: checking for C++ compiler version
configure:3881: g++ --version >&5
g++ (GCC) 4.9.3
Copyright (C) 2015 Free Software Foundation, Inc.
This is free software; see the source for copying conditions.  There is NO
warranty; not even for MERCHANTABILITY or FITNESS FOR A PARTICULAR PURPOSE.

configure:3892: $? = 0
configure:3881: g++ -v >&5
Using built-in specs.
COLLECT_GCC=g++
COLLECT_LTO_WRAPPER=/usr/lib/gcc/x86_64-pc-cygwin/4.9.3/lto-wrapper.exe
Target: x86_64-pc-cygwin
Configured with: /cygdrive/i/szsz/tmpp/gcc/gcc-4.9.3-1.x86_64/src/gcc-4.9.3/configure --srcdir=/cygdrive/i/szsz/tmpp/gcc/gcc-4.9.3-1.x86_64/src/gcc-4.9.3 --prefix=/usr --exec-prefix=/usr --localstatedir=/var --sysconfdir=/etc --docdir=/usr/share/doc/gcc --htmldir=/usr/share/doc/gcc/html -C --build=x86_64-pc-cygwin --host=x86_64-pc-cygwin --target=x86_64-pc-cygwin --without-libiconv-prefix --without-libintl-prefix --libexecdir=/usr/lib --enable-shared --enable-shared-libgcc --enable-static --enable-version-specific-runtime-libs --enable-bootstrap --enable-__cxa_atexit --with-dwarf2 --with-tune=generic --enable-languages=ada,c,c++,fortran,lto,objc,obj-c++ --enable-graphite --enable-threads=posix --enable-libatomic --enable-libgomp --disable-libitm --enable-libquadmath --enable-libquadmath-support --enable-libssp --enable-libada --enable-libgcj-sublibs --disable-java-awt --disable-symvers --with-ecj-jar=/usr/share/java/ecj.jar --with-gnu-ld --with-gnu-as --with-cloog-include=/usr/include/cloog-isl --without-libiconv-prefix --without-libintl-prefix --with-system-zlib --enable-linker-build-id
Thread model: posix
gcc version 4.9.3 (GCC) 
configure:3892: $? = 0
configure:3881: g++ -V >&5
g++: error: unrecognized command line option '-V'
g++: fatal error: no input files
compilation terminated.
configure:3892: $? = 1
configure:3881: g++ -qversion >&5
g++: error: unrecognized command line option '-qversion'
g++: fatal error: no input files
compilation terminated.
configure:3892: $? = 1
configure:3896: checking whether we are using the GNU C++ compiler
configure:3915: g++ -c   conftest.cpp >&5
configure:3915: $? = 0
configure:3924: result: yes
configure:3933: checking whether g++ accepts -g
configure:3953: g++ -c -g  conftest.cpp >&5
configure:3953: $? = 0
configure:3994: result: yes
configure:4031: checking for a BSD-compatible install
configure:4099: result: /usr/bin/install -c
configure:4153: checking for ranlib
configure:4169: found /usr/bin/ranlib
configure:4180: result: ranlib
configure:4204: checking for autoconf
configure:4220: found /usr/bin/autoconf
configure:4232: result: autoconf
configure:4242: checking for strip
configure:4258: found /usr/bin/strip
configure:4270: result: strip
configure:4280: checking for as
configure:4296: found /usr/bin/as
configure:4308: result: as
configure:4318: checking for cp
configure:4334: found /usr/bin/cp
configure:4346: result: cp
configure:4356: checking for ar
configure:4372: found /usr/bin/ar
configure:4384: result: ar
configure:4394: checking for gm4
configure:4422: result: m4
configure:4435: checking for flex
configure:4451: found /usr/bin/flex
configure:4462: result: flex
configure:4479: checking for bison
configure:4495: found /usr/bin/bison
configure:4506: result: bison -y
configure:4523: checking for python2
configure:4539: found /usr/bin/python2
configure:4550: result: python2
configure:4583: checking for grep that handles long lines and -e
configure:4641: result: /usr/bin/grep
configure:4646: checking for egrep
configure:4708: result: /usr/bin/grep -E
configure:4713: checking for ANSI C header files
configure:4733: gcc -c -g -O2  conftest.c >&5
configure:4733: $? = 0
configure:4806: gcc -o conftest.exe -g -O2   conftest.c  >&5
configure:4806: $? = 0
configure:4806: ./conftest.exe
configure:4806: $? = 0
configure:4817: result: yes
configure:4830: checking for sys/types.h
configure:4830: gcc -c -g -O2  conftest.c >&5
configure:4830: $? = 0
configure:4830: result: yes
configure:4830: checking for sys/stat.h
configure:4830: gcc -c -g -O2  conftest.c >&5
configure:4830: $? = 0
configure:4830: result: yes
configure:4830: checking for stdlib.h
configure:4830: gcc -c -g -O2  conftest.c >&5
configure:4830: $? = 0
configure:4830: result: yes
configure:4830: checking for string.h
configure:4830: gcc -c -g -O2  conftest.c >&5
configure:4830: $? = 0
configure:4830: result: yes
configure:4830: checking for memory.h
configure:4830: gcc -c -g -O2  conftest.c >&5
configure:4830: $? = 0
configure:4830: result: yes
configure:4830: checking for strings.h
configure:4830: gcc -c -g -O2  conftest.c >&5
configure:4830: $? = 0
configure:4830: result: yes
configure:4830: checking for inttypes.h
configure:4830: gcc -c -g -O2  conftest.c >&5
configure:4830: $? = 0
configure:4830: result: yes
configure:4830: checking for stdint.h
configure:4830: gcc -c -g -O2  conftest.c >&5
configure:4830: $? = 0
configure:4830: result: yes
configure:4830: checking for unistd.h
configure:4830: gcc -c -g -O2  conftest.c >&5
configure:4830: $? = 0
configure:4830: result: yes
configure:4845: checking endian.h usability
configure:4845: gcc -c -g -O2  conftest.c >&5
configure:4845: $? = 0
configure:4845: result: yes
configure:4845: checking endian.h presence
configure:4845: gcc -E  conftest.c
configure:4845: $? = 0
configure:4845: result: yes
configure:4845: checking for endian.h
configure:4845: result: yes
configure:4845: checking sys/endian.h usability
configure:4845: gcc -c -g -O2  conftest.c >&5
conftest.c:57:24: fatal error: sys/endian.h: No such file or directory
 #include <sys/endian.h>
                        ^
compilation terminated.
configure:4845: $? = 1
configure: failed program was:
| /* confdefs.h */
| #define PACKAGE_NAME ""
| #define PACKAGE_TARNAME ""
| #define PACKAGE_VERSION ""
| #define PACKAGE_STRING ""
| #define PACKAGE_BUGREPORT ""
| #define PACKAGE_URL ""
| #define SDCC_VERSION_LO 6
| #define SDCC_VERSION_HI 3
| #define SDCC_VERSION_P 3
| #define SDCC_VERSION_STR "3.6.3"
| #define STDC_HEADERS 1
| #define HAVE_SYS_TYPES_H 1
| #define HAVE_SYS_STAT_H 1
| #define HAVE_STDLIB_H 1
| #define HAVE_STRING_H 1
| #define HAVE_MEMORY_H 1
| #define HAVE_STRINGS_H 1
| #define HAVE_INTTYPES_H 1
| #define HAVE_STDINT_H 1
| #define HAVE_UNISTD_H 1
| #define HAVE_ENDIAN_H 1
| /* end confdefs.h.  */
| #include <stdio.h>
| #ifdef HAVE_SYS_TYPES_H
| # include <sys/types.h>
| #endif
| #ifdef HAVE_SYS_STAT_H
| # include <sys/stat.h>
| #endif
| #ifdef STDC_HEADERS
| # include <stdlib.h>
| # include <stddef.h>
| #else
| # ifdef HAVE_STDLIB_H
| #  include <stdlib.h>
| # endif
| #endif
| #ifdef HAVE_STRING_H
| # if !defined STDC_HEADERS && defined HAVE_MEMORY_H
| #  include <memory.h>
| # endif
| # include <string.h>
| #endif
| #ifdef HAVE_STRINGS_H
| # include <strings.h>
| #endif
| #ifdef HAVE_INTTYPES_H
| # include <inttypes.h>
| #endif
| #ifdef HAVE_STDINT_H
| # include <stdint.h>
| #endif
| #ifdef HAVE_UNISTD_H
| # include <unistd.h>
| #endif
| #include <sys/endian.h>
configure:4845: result: no
configure:4845: checking sys/endian.h presence
configure:4845: gcc -E  conftest.c
conftest.c:24:24: fatal error: sys/endian.h: No such file or directory
 #include <sys/endian.h>
                        ^
compilation terminated.
configure:4845: $? = 1
configure: failed program was:
| /* confdefs.h */
| #define PACKAGE_NAME ""
| #define PACKAGE_TARNAME ""
| #define PACKAGE_VERSION ""
| #define PACKAGE_STRING ""
| #define PACKAGE_BUGREPORT ""
| #define PACKAGE_URL ""
| #define SDCC_VERSION_LO 6
| #define SDCC_VERSION_HI 3
| #define SDCC_VERSION_P 3
| #define SDCC_VERSION_STR "3.6.3"
| #define STDC_HEADERS 1
| #define HAVE_SYS_TYPES_H 1
| #define HAVE_SYS_STAT_H 1
| #define HAVE_STDLIB_H 1
| #define HAVE_STRING_H 1
| #define HAVE_MEMORY_H 1
| #define HAVE_STRINGS_H 1
| #define HAVE_INTTYPES_H 1
| #define HAVE_STDINT_H 1
| #define HAVE_UNISTD_H 1
| #define HAVE_ENDIAN_H 1
| /* end confdefs.h.  */
| #include <sys/endian.h>
configure:4845: result: no
configure:4845: checking for sys/endian.h
configure:4845: result: no
configure:4845: checking machine/endian.h usability
configure:4845: gcc -c -g -O2  conftest.c >&5
configure:4845: $? = 0
configure:4845: result: yes
configure:4845: checking machine/endian.h presence
configure:4845: gcc -E  conftest.c
configure:4845: $? = 0
configure:4845: result: yes
configure:4845: checking for machine/endian.h
configure:4845: result: yes
configure:4845: checking sys/isa_defs.h usability
configure:4845: gcc -c -g -O2  conftest.c >&5
conftest.c:58:26: fatal error: sys/isa_defs.h: No such file or directory
 #include <sys/isa_defs.h>
                          ^
compilation terminated.
configure:4845: $? = 1
configure: failed program was:
| /* confdefs.h */
| #define PACKAGE_NAME ""
| #define PACKAGE_TARNAME ""
| #define PACKAGE_VERSION ""
| #define PACKAGE_STRING ""
| #define PACKAGE_BUGREPORT ""
| #define PACKAGE_URL ""
| #define SDCC_VERSION_LO 6
| #define SDCC_VERSION_HI 3
| #define SDCC_VERSION_P 3
| #define SDCC_VERSION_STR "3.6.3"
| #define STDC_HEADERS 1
| #define HAVE_SYS_TYPES_H 1
| #define HAVE_SYS_STAT_H 1
| #define HAVE_STDLIB_H 1
| #define HAVE_STRING_H 1
| #define HAVE_MEMORY_H 1
| #define HAVE_STRINGS_H 1
| #define HAVE_INTTYPES_H 1
| #define HAVE_STDINT_H 1
| #define HAVE_UNISTD_H 1
| #define HAVE_ENDIAN_H 1
| #define HAVE_MACHINE_ENDIAN_H 1
| /* end confdefs.h.  */
| #include <stdio.h>
| #ifdef HAVE_SYS_TYPES_H
| # include <sys/types.h>
| #endif
| #ifdef HAVE_SYS_STAT_H
| # include <sys/stat.h>
| #endif
| #ifdef STDC_HEADERS
| # include <stdlib.h>
| # include <stddef.h>
| #else
| # ifdef HAVE_STDLIB_H
| #  include <stdlib.h>
| # endif
| #endif
| #ifdef HAVE_STRING_H
| # if !defined STDC_HEADERS && defined HAVE_MEMORY_H
| #  include <memory.h>
| # endif
| # include <string.h>
| #endif
| #ifdef HAVE_STRINGS_H
| # include <strings.h>
| #endif
| #ifdef HAVE_INTTYPES_H
| # include <inttypes.h>
| #endif
| #ifdef HAVE_STDINT_H
| # include <stdint.h>
| #endif
| #ifdef HAVE_UNISTD_H
| # include <unistd.h>
| #endif
| #include <sys/isa_defs.h>
configure:4845: result: no
configure:4845: checking sys/isa_defs.h presence
configure:4845: gcc -E  conftest.c
conftest.c:25:26: fatal error: sys/isa_defs.h: No such file or directory
 #include <sys/isa_defs.h>
                          ^
compilation terminated.
configure:4845: $? = 1
configure: failed program was:
| /* confdefs.h */
| #define PACKAGE_NAME ""
| #define PACKAGE_TARNAME ""
| #define PACKAGE_VERSION ""
| #define PACKAGE_STRING ""
| #define PACKAGE_BUGREPORT ""
| #define PACKAGE_URL ""
| #define SDCC_VERSION_LO 6
| #define SDCC_VERSION_HI 3
| #define SDCC_VERSION_P 3
| #define SDCC_VERSION_STR "3.6.3"
| #define STDC_HEADERS 1
| #define HAVE_SYS_TYPES_H 1
| #define HAVE_SYS_STAT_H 1
| #define HAVE_STDLIB_H 1
| #define HAVE_STRING_H 1
| #define HAVE_MEMORY_H 1
| #define HAVE_STRINGS_H 1
| #define HAVE_INTTYPES_H 1
| #define HAVE_STDINT_H 1
| #define HAVE_UNISTD_H 1
| #define HAVE_ENDIAN_H 1
| #define HAVE_MACHINE_ENDIAN_H 1
| /* end confdefs.h.  */
| #include <sys/isa_defs.h>
configure:4845: result: no
configure:4845: checking for sys/isa_defs.h
configure:4845: result: no
configure:4845: checking stdalign.h usability
configure:4845: gcc -c -g -O2  conftest.c >&5
configure:4845: $? = 0
configure:4845: result: yes
configure:4845: checking stdalign.h presence
configure:4845: gcc -E  conftest.c
configure:4845: $? = 0
configure:4845: result: yes
configure:4845: checking for stdalign.h
configure:4845: result: yes
configure:4867: checking how to run the C++ preprocessor
configure:4894: g++ -E  conftest.cpp
configure:4894: $? = 0
configure:4908: g++ -E  conftest.cpp
conftest.cpp:26:28: fatal error: ac_nonexistent.h: No such file or directory
 #include <ac_nonexistent.h>
                            ^
compilation terminated.
configure:4908: $? = 1
configure: failed program was:
| /* confdefs.h */
| #define PACKAGE_NAME ""
| #define PACKAGE_TARNAME ""
| #define PACKAGE_VERSION ""
| #define PACKAGE_STRING ""
| #define PACKAGE_BUGREPORT ""
| #define PACKAGE_URL ""
| #define SDCC_VERSION_LO 6
| #define SDCC_VERSION_HI 3
| #define SDCC_VERSION_P 3
| #define SDCC_VERSION_STR "3.6.3"
| #define STDC_HEADERS 1
| #define HAVE_SYS_TYPES_H 1
| #define HAVE_SYS_STAT_H 1
| #define HAVE_STDLIB_H 1
| #define HAVE_STRING_H 1
| #define HAVE_MEMORY_H 1
| #define HAVE_STRINGS_H 1
| #define HAVE_INTTYPES_H 1
| #define HAVE_STDINT_H 1
| #define HAVE_UNISTD_H 1
| #define HAVE_ENDIAN_H 1
| #define HAVE_MACHINE_ENDIAN_H 1
| #define HAVE_STDALIGN_H 1
| /* end confdefs.h.  */
| #include <ac_nonexistent.h>
configure:4933: result: g++ -E
configure:4953: g++ -E  conftest.cpp
configure:4953: $? = 0
configure:4967: g++ -E  conftest.cpp
conftest.cpp:26:28: fatal error: ac_nonexistent.h: No such file or directory
 #include <ac_nonexistent.h>
                            ^
compilation terminated.
configure:4967: $? = 1
configure: failed program was:
| /* confdefs.h */
| #define PACKAGE_NAME ""
| #define PACKAGE_TARNAME ""
| #define PACKAGE_VERSION ""
| #define PACKAGE_STRING ""
| #define PACKAGE_BUGREPORT ""
| #define PACKAGE_URL ""
| #define SDCC_VERSION_LO 6
| #define SDCC_VERSION_HI 3
| #define SDCC_VERSION_P 3
| #define SDCC_VERSION_STR "3.6.3"
| #define STDC_HEADERS 1
| #define HAVE_SYS_TYPES_H 1
| #define HAVE_SYS_STAT_H 1
| #define HAVE_STDLIB_H 1
| #define HAVE_STRING_H 1
| #define HAVE_MEMORY_H 1
| #define HAVE_STRINGS_H 1
| #define HAVE_INTTYPES_H 1
| #define HAVE_STDINT_H 1
| #define HAVE_UNISTD_H 1
| #define HAVE_ENDIAN_H 1
| #define HAVE_MACHINE_ENDIAN_H 1
| #define HAVE_STDALIGN_H 1
| /* end confdefs.h.  */
| #include <ac_nonexistent.h>
configure:4999: checking stx/btree_set.h usability
configure:4999: g++ -c -g -O2  conftest.cpp >&5
conftest.cpp:59:27: fatal error: stx/btree_set.h: No such file or directory
 #include <stx/btree_set.h>
                           ^
compilation terminated.
configure:4999: $? = 1
configure: failed program was:
| /* confdefs.h */
| #define PACKAGE_NAME ""
| #define PACKAGE_TARNAME ""
| #define PACKAGE_VERSION ""
| #define PACKAGE_STRING ""
| #define PACKAGE_BUGREPORT ""
| #define PACKAGE_URL ""
| #define SDCC_VERSION_LO 6
| #define SDCC_VERSION_HI 3
| #define SDCC_VERSION_P 3
| #define SDCC_VERSION_STR "3.6.3"
| #define STDC_HEADERS 1
| #define HAVE_SYS_TYPES_H 1
| #define HAVE_SYS_STAT_H 1
| #define HAVE_STDLIB_H 1
| #define HAVE_STRING_H 1
| #define HAVE_MEMORY_H 1
| #define HAVE_STRINGS_H 1
| #define HAVE_INTTYPES_H 1
| #define HAVE_STDINT_H 1
| #define HAVE_UNISTD_H 1
| #define HAVE_ENDIAN_H 1
| #define HAVE_MACHINE_ENDIAN_H 1
| #define HAVE_STDALIGN_H 1
| /* end confdefs.h.  */
| #include <stdio.h>
| #ifdef HAVE_SYS_TYPES_H
| # include <sys/types.h>
| #endif
| #ifdef HAVE_SYS_STAT_H
| # include <sys/stat.h>
| #endif
| #ifdef STDC_HEADERS
| # include <stdlib.h>
| # include <stddef.h>
| #else
| # ifdef HAVE_STDLIB_H
| #  include <stdlib.h>
| # endif
| #endif
| #ifdef HAVE_STRING_H
| # if !defined STDC_HEADERS && defined HAVE_MEMORY_H
| #  include <memory.h>
| # endif
| # include <string.h>
| #endif
| #ifdef HAVE_STRINGS_H
| # include <strings.h>
| #endif
| #ifdef HAVE_INTTYPES_H
| # include <inttypes.h>
| #endif
| #ifdef HAVE_STDINT_H
| # include <stdint.h>
| #endif
| #ifdef HAVE_UNISTD_H
| # include <unistd.h>
| #endif
| #include <stx/btree_set.h>
configure:4999: result: no
configure:4999: checking stx/btree_set.h presence
configure:4999: g++ -E  conftest.cpp
conftest.cpp:26:27: fatal error: stx/btree_set.h: No such file or directory
 #include <stx/btree_set.h>
                           ^
compilation terminated.
configure:4999: $? = 1
configure: failed program was:
| /* confdefs.h */
| #define PACKAGE_NAME ""
| #define PACKAGE_TARNAME ""
| #define PACKAGE_VERSION ""
| #define PACKAGE_STRING ""
| #define PACKAGE_BUGREPORT ""
| #define PACKAGE_URL ""
| #define SDCC_VERSION_LO 6
| #define SDCC_VERSION_HI 3
| #define SDCC_VERSION_P 3
| #define SDCC_VERSION_STR "3.6.3"
| #define STDC_HEADERS 1
| #define HAVE_SYS_TYPES_H 1
| #define HAVE_SYS_STAT_H 1
| #define HAVE_STDLIB_H 1
| #define HAVE_STRING_H 1
| #define HAVE_MEMORY_H 1
| #define HAVE_STRINGS_H 1
| #define HAVE_INTTYPES_H 1
| #define HAVE_STDINT_H 1
| #define HAVE_UNISTD_H 1
| #define HAVE_ENDIAN_H 1
| #define HAVE_MACHINE_ENDIAN_H 1
| #define HAVE_STDALIGN_H 1
| /* end confdefs.h.  */
| #include <stx/btree_set.h>
configure:4999: result: no
configure:4999: checking for stx/btree_set.h
configure:4999: result: no
configure:5006: WARNING: STX library missing, using STL instead.
configure:4999: checking stx/btree_map.h usability
configure:4999: g++ -c -g -O2  conftest.cpp >&5
conftest.cpp:59:27: fatal error: stx/btree_map.h: No such file or directory
 #include <stx/btree_map.h>
                           ^
compilation terminated.
configure:4999: $? = 1
configure: failed program was:
| /* confdefs.h */
| #define PACKAGE_NAME ""
| #define PACKAGE_TARNAME ""
| #define PACKAGE_VERSION ""
| #define PACKAGE_STRING ""
| #define PACKAGE_BUGREPORT ""
| #define PACKAGE_URL ""
| #define SDCC_VERSION_LO 6
| #define SDCC_VERSION_HI 3
| #define SDCC_VERSION_P 3
| #define SDCC_VERSION_STR "3.6.3"
| #define STDC_HEADERS 1
| #define HAVE_SYS_TYPES_H 1
| #define HAVE_SYS_STAT_H 1
| #define HAVE_STDLIB_H 1
| #define HAVE_STRING_H 1
| #define HAVE_MEMORY_H 1
| #define HAVE_STRINGS_H 1
| #define HAVE_INTTYPES_H 1
| #define HAVE_STDINT_H 1
| #define HAVE_UNISTD_H 1
| #define HAVE_ENDIAN_H 1
| #define HAVE_MACHINE_ENDIAN_H 1
| #define HAVE_STDALIGN_H 1
| /* end confdefs.h.  */
| #include <stdio.h>
| #ifdef HAVE_SYS_TYPES_H
| # include <sys/types.h>
| #endif
| #ifdef HAVE_SYS_STAT_H
| # include <sys/stat.h>
| #endif
| #ifdef STDC_HEADERS
| # include <stdlib.h>
| # include <stddef.h>
| #else
| # ifdef HAVE_STDLIB_H
| #  include <stdlib.h>
| # endif
| #endif
| #ifdef HAVE_STRING_H
| # if !defined STDC_HEADERS && defined HAVE_MEMORY_H
| #  include <memory.h>
| # endif
| # include <string.h>
| #endif
| #ifdef HAVE_STRINGS_H
| # include <strings.h>
| #endif
| #ifdef HAVE_INTTYPES_H
| # include <inttypes.h>
| #endif
| #ifdef HAVE_STDINT_H
| # include <stdint.h>
| #endif
| #ifdef HAVE_UNISTD_H
| # include <unistd.h>
| #endif
| #include <stx/btree_map.h>
configure:4999: result: no
configure:4999: checking stx/btree_map.h presence
configure:4999: g++ -E  conftest.cpp
conftest.cpp:26:27: fatal error: stx/btree_map.h: No such file or directory
 #include <stx/btree_map.h>
                           ^
compilation terminated.
configure:4999: $? = 1
configure: failed program was:
| /* confdefs.h */
| #define PACKAGE_NAME ""
| #define PACKAGE_TARNAME ""
| #define PACKAGE_VERSION ""
| #define PACKAGE_STRING ""
| #define PACKAGE_BUGREPORT ""
| #define PACKAGE_URL ""
| #define SDCC_VERSION_LO 6
| #define SDCC_VERSION_HI 3
| #define SDCC_VERSION_P 3
| #define SDCC_VERSION_STR "3.6.3"
| #define STDC_HEADERS 1
| #define HAVE_SYS_TYPES_H 1
| #define HAVE_SYS_STAT_H 1
| #define HAVE_STDLIB_H 1
| #define HAVE_STRING_H 1
| #define HAVE_MEMORY_H 1
| #define HAVE_STRINGS_H 1
| #define HAVE_INTTYPES_H 1
| #define HAVE_STDINT_H 1
| #define HAVE_UNISTD_H 1
| #define HAVE_ENDIAN_H 1
| #define HAVE_MACHINE_ENDIAN_H 1
| #define HAVE_STDALIGN_H 1
| /* end confdefs.h.  */
| #include <stx/btree_map.h>
configure:4999: result: no
configure:4999: checking for stx/btree_map.h
configure:4999: result: no
configure:5006: WARNING: STX library missing, using STL instead.
configure:5014: checking boost/graph/adjacency_list.hpp usability
configure:5014: g++ -c -g -O2  conftest.cpp >&5
conftest.cpp:59:42: fatal error: boost/graph/adjacency_list.hpp: No such file or directory
 #include <boost/graph/adjacency_list.hpp>
                                          ^
compilation terminated.
configure:5014: $? = 1
configure: failed program was:
| /* confdefs.h */
| #define PACKAGE_NAME ""
| #define PACKAGE_TARNAME ""
| #define PACKAGE_VERSION ""
| #define PACKAGE_STRING ""
| #define PACKAGE_BUGREPORT ""
| #define PACKAGE_URL ""
| #define SDCC_VERSION_LO 6
| #define SDCC_VERSION_HI 3
| #define SDCC_VERSION_P 3
| #define SDCC_VERSION_STR "3.6.3"
| #define STDC_HEADERS 1
| #define HAVE_SYS_TYPES_H 1
| #define HAVE_SYS_STAT_H 1
| #define HAVE_STDLIB_H 1
| #define HAVE_STRING_H 1
| #define HAVE_MEMORY_H 1
| #define HAVE_STRINGS_H 1
| #define HAVE_INTTYPES_H 1
| #define HAVE_STDINT_H 1
| #define HAVE_UNISTD_H 1
| #define HAVE_ENDIAN_H 1
| #define HAVE_MACHINE_ENDIAN_H 1
| #define HAVE_STDALIGN_H 1
| /* end confdefs.h.  */
| #include <stdio.h>
| #ifdef HAVE_SYS_TYPES_H
| # include <sys/types.h>
| #endif
| #ifdef HAVE_SYS_STAT_H
| # include <sys/stat.h>
| #endif
| #ifdef STDC_HEADERS
| # include <stdlib.h>
| # include <stddef.h>
| #else
| # ifdef HAVE_STDLIB_H
| #  include <stdlib.h>
| # endif
| #endif
| #ifdef HAVE_STRING_H
| # if !defined STDC_HEADERS && defined HAVE_MEMORY_H
| #  include <memory.h>
| # endif
| # include <string.h>
| #endif
| #ifdef HAVE_STRINGS_H
| # include <strings.h>
| #endif
| #ifdef HAVE_INTTYPES_H
| # include <inttypes.h>
| #endif
| #ifdef HAVE_STDINT_H
| # include <stdint.h>
| #endif
| #ifdef HAVE_UNISTD_H
| # include <unistd.h>
| #endif
| #include <boost/graph/adjacency_list.hpp>
configure:5014: result: no
configure:5014: checking boost/graph/adjacency_list.hpp presence
configure:5014: g++ -E  conftest.cpp
conftest.cpp:26:42: fatal error: boost/graph/adjacency_list.hpp: No such file or directory
 #include <boost/graph/adjacency_list.hpp>
                                          ^
compilation terminated.
configure:5014: $? = 1
configure: failed program was:
| /* confdefs.h */
| #define PACKAGE_NAME ""
| #define PACKAGE_TARNAME ""
| #define PACKAGE_VERSION ""
| #define PACKAGE_STRING ""
| #define PACKAGE_BUGREPORT ""
| #define PACKAGE_URL ""
| #define SDCC_VERSION_LO 6
| #define SDCC_VERSION_HI 3
| #define SDCC_VERSION_P 3
| #define SDCC_VERSION_STR "3.6.3"
| #define STDC_HEADERS 1
| #define HAVE_SYS_TYPES_H 1
| #define HAVE_SYS_STAT_H 1
| #define HAVE_STDLIB_H 1
| #define HAVE_STRING_H 1
| #define HAVE_MEMORY_H 1
| #define HAVE_STRINGS_H 1
| #define HAVE_INTTYPES_H 1
| #define HAVE_STDINT_H 1
| #define HAVE_UNISTD_H 1
| #define HAVE_ENDIAN_H 1
| #define HAVE_MACHINE_ENDIAN_H 1
| #define HAVE_STDALIGN_H 1
| /* end confdefs.h.  */
| #include <boost/graph/adjacency_list.hpp>
configure:5014: result: no
configure:5014: checking for boost/graph/adjacency_list.hpp
configure:5014: result: no
configure:5021: error: boost library not found (boost/graph/adjacency_list.hpp).

## ---------------- ##
## Cache variables. ##
## ---------------- ##

ac_cv_build=x86_64-unknown-cygwin
ac_cv_c_compiler_gnu=yes
ac_cv_cxx_compiler_gnu=yes
ac_cv_env_CCC_set=
ac_cv_env_CCC_value=
ac_cv_env_CC_set=
ac_cv_env_CC_value=
ac_cv_env_CFLAGS_set=
ac_cv_env_CFLAGS_value=
ac_cv_env_CPPFLAGS_set=
ac_cv_env_CPPFLAGS_value=
ac_cv_env_CPP_set=
ac_cv_env_CPP_value=
ac_cv_env_CXXCPP_set=
ac_cv_env_CXXCPP_value=
ac_cv_env_CXXFLAGS_set=
ac_cv_env_CXXFLAGS_value=
ac_cv_env_CXX_set=
ac_cv_env_CXX_value=
ac_cv_env_LDFLAGS_set=
ac_cv_env_LDFLAGS_value=
ac_cv_env_LIBS_set=
ac_cv_env_LIBS_value=
ac_cv_env_LIB_TYPE_set=
ac_cv_env_LIB_TYPE_value=
ac_cv_env_build_alias_set=
ac_cv_env_build_alias_value=
ac_cv_env_docdir_set=set
ac_cv_env_docdir_value='${datarootdir}/doc/${PACKAGE}'
ac_cv_env_host_alias_set=
ac_cv_env_host_alias_value=
ac_cv_env_inclib_dir_suffix_set=
ac_cv_env_inclib_dir_suffix_value=
ac_cv_env_include_dir_suffix_set=
ac_cv_env_include_dir_suffix_value=
ac_cv_env_lib_dir_suffix_set=
ac_cv_env_lib_dir_suffix_value=
ac_cv_env_non_free_inclib_dir_suffix_set=
ac_cv_env_non_free_inclib_dir_suffix_value=
ac_cv_env_non_free_include_dir_suffix_set=
ac_cv_env_non_free_include_dir_suffix_value=
ac_cv_env_non_free_lib_dir_suffix_set=
ac_cv_env_non_free_lib_dir_suffix_value=
ac_cv_env_sdccconf_h_dir_separator_set=
ac_cv_env_sdccconf_h_dir_separator_value=
ac_cv_env_target_alias_set=
ac_cv_env_target_alias_value=
ac_cv_exeext=.exe
ac_cv_header_boost_graph_adjacency_list_hpp=no
ac_cv_header_endian_h=yes
ac_cv_header_inttypes_h=yes
ac_cv_header_machine_endian_h=yes
ac_cv_header_memory_h=yes
ac_cv_header_stdalign_h=yes
ac_cv_header_stdc=yes
ac_cv_header_stdint_h=yes
ac_cv_header_stdlib_h=yes
ac_cv_header_string_h=yes
ac_cv_header_strings_h=yes
ac_cv_header_stx_btree_map_h=no
ac_cv_header_stx_btree_set_h=no
ac_cv_header_sys_endian_h=no
ac_cv_header_sys_isa_defs_h=no
ac_cv_header_sys_stat_h=yes
ac_cv_header_sys_types_h=yes
ac_cv_header_unistd_h=yes
ac_cv_host=x86_64-unknown-cygwin
ac_cv_objext=o
ac_cv_path_EGREP='/usr/bin/grep -E'
ac_cv_path_GREP=/usr/bin/grep
ac_cv_path_install='/usr/bin/install -c'
ac_cv_prog_AR=ar
ac_cv_prog_AS=as
ac_cv_prog_AUTOCONF=autoconf
ac_cv_prog_AWK=gawk
ac_cv_prog_CP=cp
ac_cv_prog_CPP='gcc -E'
ac_cv_prog_CXXCPP='g++ -E'
ac_cv_prog_LEX=flex
ac_cv_prog_M4=m4
ac_cv_prog_PYTHON=python2
ac_cv_prog_STRIP=strip
ac_cv_prog_YACC='bison -y'
ac_cv_prog_ac_ct_CC=gcc
ac_cv_prog_ac_ct_CXX=g++
ac_cv_prog_ac_ct_RANLIB=ranlib
ac_cv_prog_cc_c89=
ac_cv_prog_cc_g=yes
ac_cv_prog_cxx_g=yes
sdcc_cv_version=3.6.3
sdcc_cv_versionhi=3
sdcc_cv_versionlo=6
sdcc_cv_versionp=3

## ----------------- ##
## Output variables. ##
## ----------------- ##

AR='ar'
AS='as'
AUTOCONF='autoconf'
AWK='gawk'
C99_FLAG=''
CC='gcc'
CCACHE=''
CFLAGS='-g -O2'
CP='cp'
CPP='gcc -E'
CPPFLAGS=''
CXX='g++'
CXXCPP='g++ -E'
CXXFLAGS='-g -O2'
DEFS=''
DVIPDFM=''
ECHO_C=''
ECHO_N='-n'
ECHO_T=''
EGREP='/usr/bin/grep -E'
EXEEXT='.exe'
GREP='/usr/bin/grep'
INSTALL_DATA='${INSTALL} -m 644'
INSTALL_PROGRAM='${INSTALL}'
INSTALL_SCRIPT='${INSTALL}'
LATEX2HTML=''
LATEX=''
LDFLAGS=''
LEX='flex'
LIBOBJS=''
LIBS=''
LIB_TYPE=''
LTLIBOBJS=''
LYX=''
M4='m4'
MAKEDEP=''
MAKEINDEX=''
OBJEXT='o'
OPT_DISABLE_AVR=''
OPT_DISABLE_DEVICE_LIB=''
OPT_DISABLE_DS390=''
OPT_DISABLE_DS400=''
OPT_DISABLE_GBZ80=''
OPT_DISABLE_HC08=''
OPT_DISABLE_MCS51=''
OPT_DISABLE_NON_FREE=''
OPT_DISABLE_PACKIHX=''
OPT_DISABLE_PIC14=''
OPT_DISABLE_PIC16=''
OPT_DISABLE_R2K=''
OPT_DISABLE_R3KA=''
OPT_DISABLE_S08=''
OPT_DISABLE_SDBINUTILS=''
OPT_DISABLE_SDCDB=''
OPT_DISABLE_SDCPP=''
OPT_DISABLE_STM8=''
OPT_DISABLE_TLCS90=''
OPT_DISABLE_UCSIM=''
OPT_DISABLE_XA51=''
OPT_DISABLE_Z180=''
OPT_DISABLE_Z80=''
OPT_ENABLE_DOC=''
OPT_ENABLE_LIBGC=''
PACKAGE='sdcc'
PACKAGE_BUGREPORT=''
PACKAGE_NAME=''
PACKAGE_STRING=''
PACKAGE_TARNAME=''
PACKAGE_URL=''
PACKAGE_VERSION=''
PATH_SEPARATOR=':'
PDFLATEX=''
PYTHON='python2'
RANLIB='ranlib'
SHELL='/bin/sh'
STRIP='strip'
VERSION='3.6.3'
VERSIONHI='3'
VERSIONLO='6'
VERSIONP='3'
WALL_FLAG=''
YACC='bison -y'
ac_ct_CC='gcc'
ac_ct_CXX='g++'
bindir='${exec_prefix}/bin'
build='x86_64-unknown-cygwin'
build_alias=''
build_cpu='x86_64'
build_os='cygwin'
build_vendor='unknown'
datadir='${datarootdir}'
datarootdir='${prefix}/share'
docdir='${datarootdir}/doc/${PACKAGE}'
dvidir='${docdir}'
exec_prefix='NONE'
host='x86_64-unknown-cygwin'
host_alias=''
host_cpu='x86_64'
host_os='cygwin'
host_vendor='unknown'
htmldir='${docdir}'
inclib_dir_suffix=''
include_dir_suffix=''
includedir='${prefix}/include'
infodir='${datarootdir}/info'
lib_dir_suffix=''
libdir='${exec_prefix}/lib'
libexecdir='${exec_prefix}/libexec'
localedir='${datarootdir}/locale'
localstatedir='${prefix}/var'
mandir='${datarootdir}/man'
non_free_inclib_dir_suffix=''
non_free_include_dir_suffix=''
non_free_lib_dir_suffix=''
oldincludedir='/usr/include'
pdfdir='${docdir}'
prefix='NONE'
program_transform_name='s,x,x,'
psdir='${docdir}'
runstatedir='${localstatedir}/run'
sbindir='${exec_prefix}/sbin'
sdccconf_h_dir_separator=''
sharedstatedir='${prefix}/com'
subdirs=''
sysconfdir='${prefix}/etc'
target_alias=''

## ----------- ##
## confdefs.h. ##
## ----------- ##

/* confdefs.h */
#define PACKAGE_NAME ""
#define PACKAGE_TARNAME ""
#define PACKAGE_VERSION ""
#define PACKAGE_STRING ""
#define PACKAGE_BUGREPORT ""
#define PACKAGE_URL ""
#define SDCC_VERSION_LO 6
#define SDCC_VERSION_HI 3
#define SDCC_VERSION_P 3
#define SDCC_VERSION_STR "3.6.3"
#define STDC_HEADERS 1
#define HAVE_SYS_TYPES_H 1
#define HAVE_SYS_STAT_H 1
#define HAVE_STDLIB_H 1
#define HAVE_STRING_H 1
#define HAVE_MEMORY_H 1
#define HAVE_STRINGS_H 1
#define HAVE_INTTYPES_H 1
#define HAVE_STDINT_H 1
#define HAVE_UNISTD_H 1
#define HAVE_ENDIAN_H 1
#define HAVE_MACHINE_ENDIAN_H 1
#define HAVE_STDALIGN_H 1

configure: exit 1
